"../../../Engine/Content/Functions/Engine_MaterialFunctions01/Opacity/CameraDepthFade.uasset" 0
"../../../Engine/Content/EngineMaterials/T_Default_Material_Grid_M.uasset" 1
"../../../Engine/Content/EngineMaterials/T_Default_Material_Grid_N.uasset" 2
"../../../Engine/Content/EngineMaterials/DefaultMaterial.uasset" 3
"../../../Engine/Content/BasicShapes/Cone.uasset" 4
"../../../Engine/Content/EngineMaterials/WorldGridMaterial.uasset" 5
"../../../Engine/Content/BasicShapes/Cube.uasset" 6
"../../../Engine/Content/BasicShapes/Cylinder.uasset" 7
"../../../Engine/Content/BasicShapes/Sphere.uasset" 8
"../../../Engine/Content/EditorLandscapeResources/DataLayer.uasset" 9
"../../../Engine/Content/EditorMaterials/GizmoMaterial.uasset" 10
"../../../Engine/Content/EditorMaterials/MAT_Groups_Toggle.uasset" 11
"../../../Engine/Content/EditorMaterials/MAT_Groups_Visibility.uasset" 12
"../../../Engine/Content/EditorMaterials/PreviewShadowIndicator.uasset" 13
"../../../Engine/Content/EditorMaterials/PreviewShadowIndicatorMaterial.uasset" 14
"../../../Engine/Content/EditorMaterials/AssetViewer/EpicQuadPanorama_CC+EV1.uasset" 15
"../../../Engine/Content/EditorMaterials/MatineeGroups/MAT_ColorTrack.uasset" 16
"../../../Engine/Content/EditorMaterials/MatineeGroups/MAT_Groups_Anim.uasset" 17
"../../../Engine/Content/EditorMaterials/MatineeGroups/MAT_Groups_AudioMaster.uasset" 18
"../../../Engine/Content/EditorMaterials/MatineeGroups/MAT_Groups_Director.uasset" 19
"../../../Engine/Content/EditorMaterials/MatineeGroups/MAT_Groups_Event.uasset" 20
"../../../Engine/Content/EditorMaterials/MatineeGroups/MAT_Groups_Fade.uasset" 21
"../../../Engine/Content/EditorMaterials/MatineeGroups/MAT_Groups_Float.uasset" 22
"../../../Engine/Content/EditorMaterials/MatineeGroups/MAT_Groups_Move.uasset" 23
"../../../Engine/Content/EditorMaterials/MatineeGroups/MAT_Groups_Slomo.uasset" 24
"../../../Engine/Content/EditorMaterials/MatineeGroups/MAT_Groups_Sound.uasset" 25
"../../../Engine/Content/EditorMaterials/MatineeGroups/MAT_Groups_Vector.uasset" 26
"../../../Engine/Content/EditorMaterials/ParticleSystems/PSysThumbnail_NoImage.uasset" 27
"../../../Engine/Content/EditorMaterials/ParticleSystems/PSysThumbnail_OOD.uasset" 28
"../../../Engine/Content/EditorMaterials/Camera/CineMat.uasset" 29
"../../../Engine/Content/EditorMaterials/Camera/MI_CineMat_Rig.uasset" 30
"../../../Engine/Content/EditorMeshes/Camera/SM_CraneRig_Arm.uasset" 31
"../../../Engine/Content/EditorMeshes/Camera/SM_CraneRig_Base.uasset" 32
"../../../Engine/Content/EditorMeshes/Camera/SM_CraneRig_Body.uasset" 33
"../../../Engine/Content/EditorMeshes/Camera/SM_CraneRig_Mount.uasset" 34
"../../../Engine/Content/EditorMeshes/Camera/SM_RailRig_Mount.uasset" 35
"../../../Engine/Content/EditorMeshes/Camera/SM_RailRig_Track.uasset" 36
"../../../Engine/Content/EditorMeshes/ColorCalibrator/M_ChromeBall.uasset" 37
"../../../Engine/Content/EditorMeshes/ColorCalibrator/M_ClearCoat.uasset" 38
"../../../Engine/Content/EditorMeshes/ColorCalibrator/M_ClearCoatBlack.uasset" 39
"../../../Engine/Content/EditorMeshes/ColorCalibrator/T_ColorGrid.uasset" 40
"../../../Engine/Content/EditorMeshes/ColorCalibrator/M_ColorGrid.uasset" 41
"../../../Engine/Content/EditorMeshes/ColorCalibrator/M_GreyBall.uasset" 42
"../../../Engine/Content/EditorMeshes/ColorCalibrator/SM_ColorCalibrator.uasset" 43
"../../../Engine/Content/EditorResources/BSPVertex.uasset" 44
"../../../Engine/Content/EditorResources/EmptyActor.uasset" 45
"../../../Engine/Content/EditorResources/RGBTable16x1_AssetViewer.uasset" 46
"../../../Engine/Content/EditorResources/S_Actor.uasset" 47
"../../../Engine/Content/EditorResources/S_Trigger.uasset" 48
"../../../Engine/Content/EditorResources/SequenceRecorder/Countdown.uasset" 49
"../../../Engine/Content/EditorResources/SequenceRecorder/RecordingIndicator.uasset" 50
"../../../Engine/Content/EditorSounds/Notifications/CompileFailed.uasset" 51
"../../../Engine/Content/EditorSounds/Notifications/CompileFailed_Cue.uasset" 52
"../../../Engine/Content/EditorSounds/Notifications/CompileSuccess.uasset" 53
"../../../Engine/Content/EditorSounds/Notifications/CompileStart_Cue.uasset" 54
"../../../Engine/Content/EditorSounds/Notifications/CompileSuccess_Cue.uasset" 55
"../../../Engine/Content/EngineDamageTypes/DmgTypeBP_Environmental.uasset" 56
"../../../Engine/Content/EngineDebugMaterials/HeatmapGradient.uasset" 57
"../../../Engine/Content/EngineDebugMaterials/BoneWeightMaterial.uasset" 58
"../../../Engine/Content/EngineDebugMaterials/DebugMeshMaterial.uasset" 59
"../../../Engine/Content/EngineDebugMaterials/GeomMaterial.uasset" 60
"../../../Engine/Content/EngineFonts/Roboto.uasset" 61
"../../../Engine/Content/EngineFonts/RobotoTiny.uasset" 62
"../../../Engine/Content/EngineMaterials/DefaultBokeh.uasset" 63
"../../../Engine/Content/EngineMaterials/DefaultDiffuse.uasset" 64
"../../../Engine/Content/EngineMaterials/DefaultDeferredDecalMaterial.uasset" 65
"../../../Engine/Content/EngineMaterials/DefaultLightFunctionMaterial.uasset" 66
"../../../Engine/Content/EngineMaterials/DefaultPhysicalMaterial.uasset" 67
"../../../Engine/Content/Functions/Engine_MaterialFunctions02/Utility/BreakOutFloat2Components.uasset" 68
"../../../Engine/Content/EngineMaterials/DefaultPostProcessMaterial.uasset" 69
"../../../Engine/Content/EngineFonts/RobotoDistanceField.uasset" 70
"../../../Engine/Content/EngineMaterials/DefaultTextMaterialOpaque.uasset" 71
"../../../Engine/Content/EngineMaterials/DefaultWhiteGrid.uasset" 72
"../../../Engine/Content/EngineMaterials/EditorBrushMaterial.uasset" 73
"../../../Engine/Content/EngineMaterials/Good64x64TilingNoiseHighFreq.uasset" 74
"../../../Engine/Content/EngineMaterials/MiniFont.uasset" 75
"../../../Engine/Content/EngineMaterials/InvalidLightmapSettings.uasset" 76
"../../../Engine/Content/EngineMaterials/M_InvalidLightmapSettings.uasset" 77
"../../../Engine/Content/EngineMaterials/PhAT_JointLimitMaterial.uasset" 78
"../../../Engine/Content/EngineMaterials/PreintegratedSkinBRDF.uasset" 79
"../../../Engine/Content/EngineMaterials/RemoveSurfaceMaterial.uasset" 80
"../../../Engine/Content/EngineMaterials/WeightMapPlaceholderTexture.uasset" 81
"../../../Engine/Content/EngineResources/WhiteSquareTexture.uasset" 82
"../../../Engine/Content/EngineMaterials/Widget3DPassThrough.uasset" 83
"../../../Engine/Content/EngineMaterials/Widget3DPassThrough_Masked.uasset" 84
"../../../Engine/Content/EngineMaterials/Widget3DPassThrough_Opaque.uasset" 85
"../../../Engine/Content/EngineMaterials/Widget3DPassThrough_Masked_OneSided.uasset" 86
"../../../Engine/Content/EngineMaterials/Widget3DPassThrough_Opaque_OneSided.uasset" 87
"../../../Engine/Content/EngineMaterials/Widget3DPassThrough_Translucent.uasset" 88
"../../../Engine/Content/EngineMaterials/Widget3DPassThrough_Translucent_OneSided.uasset" 89
"../../../Engine/Content/EngineMeshes/Cube.uasset" 90
"../../../Engine/Content/EngineMeshes/Cylinder.uasset" 91
"../../../Engine/Content/EngineMeshes/Sphere.uasset" 92
"../../../Engine/Content/EngineResources/AICON-Green.uasset" 93
"../../../Engine/Content/EngineResources/AICON-Red.uasset" 94
"../../../Engine/Content/EngineResources/Black.uasset" 95
"../../../Engine/Content/EngineResources/DefaultTexture.uasset" 96
"../../../Engine/Content/EngineResources/DefaultTextureCube.uasset" 97
"../../../Engine/Content/EngineResources/GradientTexture0.uasset" 98
"../../../Engine/Content/EngineSounds/Master.uasset" 99
"../../../Engine/Content/EngineSounds/MasterSubmix.uasset" 100
"../../../Engine/Content/EngineTireTypes/DefaultTireType.uasset" 101
"../../../Engine/Content/Functions/Engine_MaterialFunctions01/Shading/ConvertFromDiffSpec.uasset" 102
"../../../Engine/Content/Functions/Engine_MaterialFunctions01/Shading/PowerToRoughness.uasset" 103
"../../../Engine/Content/Maps/Templates/Thumbnails/Default.uasset" 104
"../../../Engine/Content/Maps/Templates/Thumbnails/VR-Basic.uasset" 105
"../../../Engine/Content/MobileResources/T_MobileControls_texture.uasset" 106
"../../../Engine/Content/MobileResources/T_MobileMenu2.uasset" 107
"../../../Engine/Content/MobileResources/HUD/AnalogHat.uasset" 108
"../../../Engine/Content/MobileResources/HUD/VirtualJoystick_Background.uasset" 109
"../../../Engine/Content/MobileResources/HUD/VirtualJoystick_Thumb.uasset" 110
"../../../Engine/Content/MobileResources/HUD/DefaultVirtualJoysticks.uasset" 111
"../../../Engine/Content/MobileResources/HUD/LeftVirtualJoystickOnly.uasset" 112
"../../../Engine/Content/MobileResources/HUD/MobileHUDButton1_off.uasset" 113
"../../../Engine/Content/MobileResources/HUD/MobileHUDButton1_on.uasset" 114
"../../../Engine/Content/MobileResources/HUD/MobileHUDButton2_off.uasset" 115
"../../../Engine/Content/MobileResources/HUD/MobileHUDButton2_on.uasset" 116
"../../../Engine/Content/MobileResources/HUD/MobileHUDButton3.uasset" 117
"../../../Engine/Content/MobileResources/HUD/MobileHUDButtonFire.uasset" 118
"../../../Engine/Content/MobileResources/HUD/MobileHUDDirectionPad.uasset" 119
"../../../Engine/Content/MobileResources/HUD/MobileHUDDirectionPad2.uasset" 120
"../../../Engine/Content/MobileResources/HUD/MobileHUDDirectionPad3.uasset" 121
"../../../Engine/Content/MobileResources/HUD/MobileHUDDirectionStick.uasset" 122
"../../../Engine/Content/MobileResources/HUD/T_Castle_ThumbstickInner.uasset" 123
"../../../Engine/Content/MobileResources/HUD/T_Castle_ThumbstickOutter.uasset" 124
"../../../Engine/Content/Tutorial/ContentIntroCurve.uasset" 125
"../../../Engine/Content/Tutorial/Basics/TutorialAssets/icon_tab_Levels_40x.uasset" 126
"../../../Engine/Content/Tutorial/BlueprintTutorials/TutorialAssets/BlueprintInterface_64x.uasset" 127
"../../../Engine/Content/Tutorial/BlueprintTutorials/TutorialAssets/BlueprintMacroLibrary_64x.uasset" 128
"../../../Engine/Content/Tutorial/BlueprintTutorials/TutorialAssets/Blueprint_64x.uasset" 129
"../../../Engine/Content/Tutorial/BlueprintTutorials/TutorialAssets/Tutorial_BP_Interface.uasset" 130
"../../../Engine/Content/Tutorial/Foliage/TutorialAssets/Foliage.uasset" 131
"../../../Engine/Content/Tutorial/Landscape/TutorialAssets/Landscape.uasset" 132
"../../../Engine/Content/Tutorial/Paper2D/TutorialAssets/Paper2DFlipbook_TutorialIcon.uasset" 133
"../../../Engine/Content/Tutorial/Paper2D/TutorialAssets/Paper2DSprite_TutorialIcon.uasset" 134
"../../../Engine/Content/Tutorial/SubEditors/TutorialAssets/icon_Editor_Preferences_General_40x.uasset" 135
"../../../Engine/Content/Tutorial/SubEditors/TutorialAssets/icon_ShowSkeletalMeshes_40x.uasset" 136
"../../../Engine/Content/Tutorial/SubEditors/TutorialAssets/TutorialMaterial.uasset" 137
"../../../Engine/Content/Tutorial/SubEditors/TutorialAssets/T_SmokeSubUV_8X8.uasset" 138
"../../../Engine/Content/Tutorial/SubEditors/TutorialAssets/T_soft_smoke.uasset" 139
"../../../Engine/Content/Tutorial/SubEditors/TutorialAssets/M_smoke_subUV_blackbody.uasset" 140
"../../../Engine/Content/Tutorial/SubEditors/TutorialAssets/TutorialParticleSystem.uasset" 141
"../../../Engine/Content/EditorMeshes/EditorCube.uasset" 142
"../../../Engine/Content/Tutorial/SubEditors/TutorialAssets/Tutorial_DM.uasset" 143
"../../../Engine/Content/VREditor/Devices/Generic/GenericHMDMaterial.uasset" 144
"../../../Engine/Content/VREditor/Devices/Generic/GenericHMD.uasset" 145
"../../../Engine/Content/VREditor/FloatingText/LineMaterial.uasset" 146
"../../../Engine/Content/VREditor/FloatingText/JointSphere.uasset" 147
"../../../Engine/Content/VREditor/FloatingText/LineSegmentCylinder.uasset" 148
"../../../Engine/Content/VREditor/Fonts/VRText_RobotoLarge.uasset" 149
"../../../Engine/Content/VREditor/Fonts/VRTextMaterial.uasset" 150
"../../../Engine/Content/VREditor/Fonts/TranslucentVRTextMaterial.uasset" 151
"../../../Engine/Content/VREditor/LaserPointer/VR_LaserPower_01.uasset" 152
"../../../Engine/Content/VREditor/LaserPointer/LaserPointerMaterial.uasset" 153
"../../../Engine/Content/VREditor/LaserPointer/LaserPointerMaterialInst.uasset" 154
"../../../Engine/Content/VREditor/LaserPointer/TranslucentLaserPointerMaterialInst.uasset" 155
"../../../Engine/Content/VREditor/LaserPointer/LaserPointerMesh.uasset" 156
"../../../Engine/Content/VREditor/Sounds/VR_grab_Cue.uasset" 157
"../../../Engine/Content/VREditor/Sounds/VR_teleport_Cue.uasset" 158
"../../../Engine/Content/VREditor/TransformGizmo/TransformGizmoMaterial.uasset" 159
"../../../Engine/Content/VREditor/TransformGizmo/TranslucentTransformGizmoMaterial.uasset" 160
"../../../Engine/Content/VREditor/TransformGizmo/BoundingBoxCorner.uasset" 161
"../../../Engine/Content/VREditor/TransformGizmo/BoundingBoxEdge.uasset" 162
"../../../Engine/Content/VREditor/TransformGizmo/PlaneTranslationHandle.uasset" 163
"../../../Engine/Content/VREditor/TransformGizmo/RotationHandle.uasset" 164
"../../../Engine/Content/VREditor/TransformGizmo/RotationHandleFull.uasset" 165
"../../../Engine/Content/VREditor/TransformGizmo/StretchingHandle.uasset" 166
"../../../Engine/Content/VREditor/TransformGizmo/TranslateHandleLong.uasset" 167
"../../../Engine/Content/VREditor/TransformGizmo/TranslationHandle.uasset" 168
"../../../Engine/Content/VREditor/TransformGizmo/UniformScaleHandle.uasset" 169
"../../../Engine/Content/VREditor/UI/CloseButtonMesh.uasset" 170
"../../../Engine/Content/VREditor/UI/SelectionBarMesh.uasset" 171
"../../../Engine/Content/Functions/Engine_MaterialFunctions01/Gradient/RadialGradient.uasset" 172
"../../../Engine/Content/VREditor/WorldMovementGrid/SimpleGrid.uasset" 173
"../../../Engine/Content/VREditor/WorldMovementGrid/GridMaterial.uasset" 174
"../../../Engine/Content/Functions/Engine_MaterialFunctions01/Density/ExponentialDensity.uasset" 175
"../../../Engine/Content/VREditor/WorldMovementGrid/GridPostProcess.uasset" 176
"../../../Engine/Content/EditorLandscapeResources/FlattenHeightMat.uasset" 177
"../../../Engine/Content/VREditor/WorldMovementGrid/PlaneMesh.uasset" 178
"../../../Engine/Plugins/2D/Paper2D/Content/DefaultSpriteMaterial.uasset" 179
"../../../Engine/Plugins/2D/Paper2D/Content/TranslucentUnlitSpriteMaterial.uasset" 180
"../../../SpaceMilkman/Content/Textures/Mountain1IceBackground.uasset" 181
"../../../SpaceMilkman/Content/Sprites/BackgroundSprites/Mountain1IceBackground_Sprite.uasset" 182
"../../../SpaceMilkman/Content/Textures/Mountain2IceBackground.uasset" 183
"../../../SpaceMilkman/Content/Sprites/BackgroundSprites/Mountain2IceBackground_Sprite.uasset" 184
"../../../SpaceMilkman/Content/Textures/SkyIceBackground.uasset" 185
"../../../SpaceMilkman/Content/Sprites/BackgroundSprites/SkyIceBackground_Sprite.uasset" 186
"../../../SpaceMilkman/Content/Textures/2DBackgroundTile.uasset" 187
"../../../Engine/Plugins/2D/Paper2D/Content/DummySprite.uasset" 188
"../../../Engine/Plugins/2D/Paper2D/Content/DefaultPaperTerrainMaterial.uasset" 189
"../../../Engine/Plugins/2D/Paper2D/Content/MaskedUnlitSpriteMaterial.uasset" 190
"../../../Engine/Plugins/2D/Paper2D/Content/OpaqueUnlitSpriteMaterial.uasset" 191
"../../../Engine/Plugins/2D/Paper2D/Content/PlaceholderTextures/DummySpriteTexture.uasset" 192
"../../../Engine/Content/EditorBlueprintResources/StandardMacros.uasset" 193
"../../../SpaceMilkman/Content/Audio/Coin.uasset" 194
"../../../SpaceMilkman/Content/Textures/Collectible.uasset" 195
"../../../SpaceMilkman/Content/Sprites/CollectibleSprites/Collectible_Sprite.uasset" 196
"../../../SpaceMilkman/Content/Blueprints/Milk.uasset" 197
"../../../SpaceMilkman/Content/Audio/Jetpack.uasset" 198
"../../../SpaceMilkman/Content/Data/AnimationState.uasset" 199
"../../../SpaceMilkman/Content/Textures/2DCharacter_IdleAnimAtlas.uasset" 200
"../../../SpaceMilkman/Content/Sprites/IdleSprites/Idle_1.uasset" 201
"../../../SpaceMilkman/Content/Sprites/IdleSprites/Idle_2.uasset" 202
"../../../SpaceMilkman/Content/Sprites/IdleSprites/Idle_3.uasset" 203
"../../../SpaceMilkman/Content/Sprites/IdleSprites/Idle_4.uasset" 204
"../../../SpaceMilkman/Content/Sprites/IdleSprites/Idle_5.uasset" 205
"../../../SpaceMilkman/Content/Sprites/IdleSprites/Idle_6.uasset" 206
"../../../SpaceMilkman/Content/Sprites/IdleSprites/Idle_7.uasset" 207
"../../../SpaceMilkman/Content/Sprites/IdleSprites/Idle_8.uasset" 208
"../../../SpaceMilkman/Content/Flipbooks/IdleFlipbook.uasset" 209
"../../../SpaceMilkman/Content/Textures/CharacterJumping.uasset" 210
"../../../SpaceMilkman/Content/Sprites/JumpSprite/Jump_1.uasset" 211
"../../../SpaceMilkman/Content/Flipbooks/JumpFlipbook.uasset" 212
"../../../SpaceMilkman/Content/Textures/2DCharacter_RunAnimAtlas.uasset" 213
"../../../SpaceMilkman/Content/Sprites/RunSprites/Run_1.uasset" 214
"../../../SpaceMilkman/Content/Sprites/RunSprites/Run_10.uasset" 215
"../../../SpaceMilkman/Content/Sprites/RunSprites/Run_11.uasset" 216
"../../../SpaceMilkman/Content/Sprites/RunSprites/Run_12.uasset" 217
"../../../SpaceMilkman/Content/Sprites/RunSprites/Run_13.uasset" 218
"../../../SpaceMilkman/Content/Sprites/RunSprites/Run_14.uasset" 219
"../../../SpaceMilkman/Content/Sprites/RunSprites/Run_15.uasset" 220
"../../../SpaceMilkman/Content/Sprites/RunSprites/Run_16.uasset" 221
"../../../SpaceMilkman/Content/Sprites/RunSprites/Run_2.uasset" 222
"../../../SpaceMilkman/Content/Sprites/RunSprites/Run_3.uasset" 223
"../../../SpaceMilkman/Content/Sprites/RunSprites/Run_4.uasset" 224
"../../../SpaceMilkman/Content/Sprites/RunSprites/Run_5.uasset" 225
"../../../SpaceMilkman/Content/Sprites/RunSprites/Run_6.uasset" 226
"../../../SpaceMilkman/Content/Sprites/RunSprites/Run_7.uasset" 227
"../../../SpaceMilkman/Content/Sprites/RunSprites/Run_8.uasset" 228
"../../../SpaceMilkman/Content/Sprites/RunSprites/Run_9.uasset" 229
"../../../SpaceMilkman/Content/Flipbooks/RunFlipbook.uasset" 230
"../../../SpaceMilkman/Content/UMG/2DHUD.uasset" 231
"../../../SpaceMilkman/Content/UMG/PauseMenu.uasset" 232
"../../../SpaceMilkman/Content/Blueprints/MyCharacter.uasset" 233
"../../../SpaceMilkman/Content/Textures/2DBackgroundBlockAtlas.uasset" 234
"../../../SpaceMilkman/Content/Sprites/PlatformSprites/Platform.uasset" 235
"../../../SpaceMilkman/Content/Blueprints/2DLift.uasset" 236
"../../../SpaceMilkman/Content/Audio/Powerup.uasset" 237
"../../../SpaceMilkman/Content/Textures/doubleJump.uasset" 238
"../../../SpaceMilkman/Content/Sprites/CollectibleSprites/doubleJump_Sprite.uasset" 239
"../../../SpaceMilkman/Content/Blueprints/DoubleJump.uasset" 240
"../../../Engine/Content/EditorSounds/GamePreview/PossessPlayer.uasset" 241
"../../../SpaceMilkman/Content/Blueprints/fallBarrier.uasset" 242
"../../../SpaceMilkman/Content/Textures/PrototypeTexture.uasset" 243
"../../../SpaceMilkman/Content/Materials/LevelPrototype.uasset" 244
"../../../SpaceMilkman/Content/Sprites/PlatformSprites/PrototypingSprite.uasset" 245
"../../../SpaceMilkman/Content/Blueprints/IceFloor.uasset" 246
"../../../SpaceMilkman/Content/Textures/jetpack.uasset" 247
"../../../SpaceMilkman/Content/Sprites/CollectibleSprites/jetpack_Sprite.uasset" 248
"../../../SpaceMilkman/Content/Blueprints/Jetpack.uasset" 249
"../../../SpaceMilkman/Content/Textures/2DBackground.uasset" 250
"../../../SpaceMilkman/Content/Sprites/BackgroundSprites/2DBackground_Sprite.uasset" 251
"../../../SpaceMilkman/Content/Milk.umap" 252
"../../../SpaceMilkman/Content/Textures/Trap_1.uasset" 253
"../../../SpaceMilkman/Content/Sprites/PlatformSprites/Trap_1.uasset" 254
"../../../SpaceMilkman/Content/Blueprints/moving_trap.uasset" 255
"../../../SpaceMilkman/Content/moving_trap.umap" 256
"../../../SpaceMilkman/Content/My2DMap.umap" 257
"../../../SpaceMilkman/Content/parallex_effect.umap" 258
"../../../SpaceMilkman/Content/Blueprints/PaperGameMode.uasset" 259
"../../../SpaceMilkman/Content/Textures/space.uasset" 260
"../../../SpaceMilkman/Content/UMG/MainMenu.uasset" 261
"../../../SpaceMilkman/Content/Main.umap" 262
