Log file open, 02/18/17 14:37:07
LogInit:Display: Running engine for game: SpaceMilkman
LogPlatformFile: Not using cached read wrapper
LogInit:Display: RandInit(138625696) SRandInit(138625696).
LogTaskGraph: Started task graph with 5 named threads and 8 total threads with 1 sets of task threads.
LogStats: Stats thread started at 0.366008
LogPluginManager: Loaded Plugin Paper2D, From F:/Program Files (x86)/Epic Games/4.14/Engine/Plugins/2D/Paper2D/Paper2D.uplugin
LogPluginManager: Loaded Plugin LightPropagationVolume, From F:/Program Files (x86)/Epic Games/4.14/Engine/Plugins/Blendables/LightPropagationVolume/LightPropagationVolume.uplugin
LogPluginManager: Loaded Plugin BlankPlugin, From F:/Program Files (x86)/Epic Games/4.14/Engine/Plugins/Developer/BlankPlugin/BlankPlugin.uplugin
LogPluginManager: Loaded Plugin CodeLiteSourceCodeAccess, From F:/Program Files (x86)/Epic Games/4.14/Engine/Plugins/Developer/CodeLiteSourceCodeAccess/CodeLiteSourceCodeAccess.uplugin
LogPluginManager: Loaded Plugin GitSourceControl, From F:/Program Files (x86)/Epic Games/4.14/Engine/Plugins/Developer/GitSourceControl/GitSourceControl.uplugin
LogPluginManager: Loaded Plugin KDevelopSourceCodeAccess, From F:/Program Files (x86)/Epic Games/4.14/Engine/Plugins/Developer/KDevelopSourceCodeAccess/KDevelopSourceCodeAccess.uplugin
LogPluginManager: Loaded Plugin NullSourceCodeAccess, From F:/Program Files (x86)/Epic Games/4.14/Engine/Plugins/Developer/NullSourceCodeAccess/NullSourceCodeAccess.uplugin
LogPluginManager: Loaded Plugin OneSkyLocalizationService, From F:/Program Files (x86)/Epic Games/4.14/Engine/Plugins/Developer/OneSkyLocalizationService/OneSkyLocalizationService.uplugin
LogPluginManager: Loaded Plugin PerforceSourceControl, From F:/Program Files (x86)/Epic Games/4.14/Engine/Plugins/Developer/PerforceSourceControl/PerforceSourceControl.uplugin
LogPluginManager: Loaded Plugin SubversionSourceControl, From F:/Program Files (x86)/Epic Games/4.14/Engine/Plugins/Developer/SubversionSourceControl/SubversionSourceControl.uplugin
LogPluginManager: Loaded Plugin UObjectPlugin, From F:/Program Files (x86)/Epic Games/4.14/Engine/Plugins/Developer/UObjectPlugin/UObjectPlugin.uplugin
LogPluginManager: Loaded Plugin VisualStudioSourceCodeAccess, From F:/Program Files (x86)/Epic Games/4.14/Engine/Plugins/Developer/VisualStudioSourceCodeAccess/VisualStudioSourceCodeAccess.uplugin
LogPluginManager: Loaded Plugin XCodeSourceCodeAccess, From F:/Program Files (x86)/Epic Games/4.14/Engine/Plugins/Developer/XCodeSourceCodeAccess/XCodeSourceCodeAccess.uplugin
LogPluginManager: Loaded Plugin AudioCapture, From F:/Program Files (x86)/Epic Games/4.14/Engine/Plugins/Editor/AudioCapture/AudioCapture.uplugin
LogPluginManager: Loaded Plugin EpicSurvey, From F:/Program Files (x86)/Epic Games/4.14/Engine/Plugins/Editor/EpicSurvey/EpicSurvey.uplugin
LogPluginManager: Loaded Plugin MacGraphicsSwitching, From F:/Program Files (x86)/Epic Games/4.14/Engine/Plugins/Editor/MacGraphicsSwitching/MacGraphicsSwitching.uplugin
LogPluginManager: Loaded Plugin MobileLauncherProfileWizard, From F:/Program Files (x86)/Epic Games/4.14/Engine/Plugins/Editor/MobileLauncherProfileWizard/MobileLauncherProfileWizard.uplugin
LogPluginManager: Loaded Plugin PluginBrowser, From F:/Program Files (x86)/Epic Games/4.14/Engine/Plugins/Editor/PluginBrowser/PluginBrowser.uplugin
LogPluginManager: Loaded Plugin SpeedTreeImporter, From F:/Program Files (x86)/Epic Games/4.14/Engine/Plugins/Editor/SpeedTreeImporter/SpeedTreeImporter.uplugin
LogPluginManager: Loaded Plugin SuperSearchEditor, From F:/Program Files (x86)/Epic Games/4.14/Engine/Plugins/Editor/SuperSearchEditor/SuperSearchEditor.uplugin
LogPluginManager: Loaded Plugin AlembicImporter, From F:/Program Files (x86)/Epic Games/4.14/Engine/Plugins/Experimental/AlembicImporter/AlembicImporter.uplugin
LogPluginManager: Loaded Plugin BlueprintStats, From F:/Program Files (x86)/Epic Games/4.14/Engine/Plugins/Experimental/BlueprintStats/BlueprintStats.uplugin
LogPluginManager: Loaded Plugin CharacterAI, From F:/Program Files (x86)/Epic Games/4.14/Engine/Plugins/Experimental/CharacterAI/CharacterAI.uplugin
LogPluginManager: Loaded Plugin CodeEditor, From F:/Program Files (x86)/Epic Games/4.14/Engine/Plugins/Experimental/CodeEditor/CodeEditor.uplugin
LogPluginManager: Loaded Plugin CodeView, From F:/Program Files (x86)/Epic Games/4.14/Engine/Plugins/Experimental/CodeView/CodeView.uplugin
LogPluginManager: Loaded Plugin HTML5Networking, From F:/Program Files (x86)/Epic Games/4.14/Engine/Plugins/Experimental/HTML5Networking/HTML5Networking.uplugin
LogPluginManager: Loaded Plugin OSVR, From F:/Program Files (x86)/Epic Games/4.14/Engine/Plugins/Experimental/OSVR/OSVR.uplugin
LogPluginManager: Loaded Plugin Phya, From F:/Program Files (x86)/Epic Games/4.14/Engine/Plugins/Experimental/Phya/Phya.uplugin
LogPluginManager: Loaded Plugin SignificanceManager, From F:/Program Files (x86)/Epic Games/4.14/Engine/Plugins/Experimental/SignificanceManager/SignificanceManager.uplugin
LogPluginManager: Loaded Plugin SimpleHMD, From F:/Program Files (x86)/Epic Games/4.14/Engine/Plugins/Experimental/SimpleHMD/SimpleHMD.uplugin
LogPluginManager: Loaded Plugin StereoPanorama, From F:/Program Files (x86)/Epic Games/4.14/Engine/Plugins/Experimental/StereoPanorama/StereoPanorama.uplugin
LogPluginManager: Loaded Plugin StructBox, From F:/Program Files (x86)/Epic Games/4.14/Engine/Plugins/Experimental/StructBox/StructBox.uplugin
LogPluginManager: Loaded Plugin AndroidMedia, From F:/Program Files (x86)/Epic Games/4.14/Engine/Plugins/Media/AndroidMedia/AndroidMedia.uplugin
LogPluginManager: Loaded Plugin AvfMedia, From F:/Program Files (x86)/Epic Games/4.14/Engine/Plugins/Media/AvfMedia/AvfMedia.uplugin
LogPluginManager: Loaded Plugin MediaPlayerEditor, From F:/Program Files (x86)/Epic Games/4.14/Engine/Plugins/Media/MediaPlayerEditor/MediaPlayerEditor.uplugin
LogPluginManager: Loaded Plugin WmfMedia, From F:/Program Files (x86)/Epic Games/4.14/Engine/Plugins/Media/WmfMedia/WmfMedia.uplugin
LogPluginManager: Loaded Plugin MessagingDebugger, From F:/Program Files (x86)/Epic Games/4.14/Engine/Plugins/Messaging/MessagingDebugger/MessagingDebugger.uplugin
LogPluginManager: Loaded Plugin TcpMessaging, From F:/Program Files (x86)/Epic Games/4.14/Engine/Plugins/Messaging/TcpMessaging/TcpMessaging.uplugin
LogPluginManager: Loaded Plugin UdpMessaging, From F:/Program Files (x86)/Epic Games/4.14/Engine/Plugins/Messaging/UdpMessaging/UdpMessaging.uplugin
LogPluginManager: Loaded Plugin LevelSequenceEditor, From F:/Program Files (x86)/Epic Games/4.14/Engine/Plugins/MovieScene/LevelSequenceEditor/LevelSequenceEditor.uplugin
LogPluginManager: Loaded Plugin MatineeToLevelSequence, From F:/Program Files (x86)/Epic Games/4.14/Engine/Plugins/MovieScene/MatineeToLevelSequence/MatineeToLevelSequence.uplugin
LogPluginManager: Loaded Plugin NetcodeUnitTest, From F:/Program Files (x86)/Epic Games/4.14/Engine/Plugins/NetcodeUnitTest/NetcodeUnitTest/NetcodeUnitTest.uplugin
LogPluginManager: Loaded Plugin NUTUnrealEngine4, From F:/Program Files (x86)/Epic Games/4.14/Engine/Plugins/NetcodeUnitTest/NUTUnrealEngine4/NUTUnrealEngine4.uplugin
LogPluginManager: Loaded Plugin OnlineSubsystemGameCircle, From F:/Program Files (x86)/Epic Games/4.14/Engine/Plugins/Online/Android/OnlineSubsystemGameCircle/OnlineSubsystemGameCircle.uplugin
LogPluginManager: Loaded Plugin OnlineSubsystemGooglePlay, From F:/Program Files (x86)/Epic Games/4.14/Engine/Plugins/Online/Android/OnlineSubsystemGooglePlay/OnlineSubsystemGooglePlay.uplugin
LogPluginManager: Loaded Plugin OnlineSubsystemIOS, From F:/Program Files (x86)/Epic Games/4.14/Engine/Plugins/Online/IOS/OnlineSubsystemIOS/OnlineSubsystemIOS.uplugin
LogPluginManager: Loaded Plugin OnlineFramework, From F:/Program Files (x86)/Epic Games/4.14/Engine/Plugins/Online/OnlineFramework/OnlineFramework.uplugin
LogPluginManager: Loaded Plugin OnlineSubsystem, From F:/Program Files (x86)/Epic Games/4.14/Engine/Plugins/Online/OnlineSubsystem/OnlineSubsystem.uplugin
LogPluginManager: Loaded Plugin OnlineSubsystemAmazon, From F:/Program Files (x86)/Epic Games/4.14/Engine/Plugins/Online/OnlineSubsystemAmazon/OnlineSubsystemAmazon.uplugin
LogPluginManager: Loaded Plugin OnlineSubsystemFacebook, From F:/Program Files (x86)/Epic Games/4.14/Engine/Plugins/Online/OnlineSubsystemFacebook/OnlineSubsystemFacebook.uplugin
LogPluginManager: Loaded Plugin OnlineSubsystemNull, From F:/Program Files (x86)/Epic Games/4.14/Engine/Plugins/Online/OnlineSubsystemNull/OnlineSubsystemNull.uplugin
LogPluginManager: Loaded Plugin OnlineSubsystemOculus, From F:/Program Files (x86)/Epic Games/4.14/Engine/Plugins/Online/OnlineSubsystemOculus/OnlineSubsystemOculus.uplugin
LogPluginManager: Loaded Plugin OnlineSubsystemSteam, From F:/Program Files (x86)/Epic Games/4.14/Engine/Plugins/Online/OnlineSubsystemSteam/OnlineSubsystemSteam.uplugin
LogPluginManager: Loaded Plugin OnlineSubsystemUtils, From F:/Program Files (x86)/Epic Games/4.14/Engine/Plugins/Online/OnlineSubsystemUtils/OnlineSubsystemUtils.uplugin
LogPluginManager: Loaded Plugin IOSTapJoy, From F:/Program Files (x86)/Epic Games/4.14/Engine/Plugins/Runtime/Advertising/IOSTapJoy/IOSTapJoy.uplugin
LogPluginManager: Loaded Plugin AnalyticsBlueprintLibrary, From F:/Program Files (x86)/Epic Games/4.14/Engine/Plugins/Runtime/Analytics/AnalyticsBlueprintLibrary/AnalyticsBlueprintLibrary.uplugin
LogPluginManager: Loaded Plugin AnalyticsMulticast, From F:/Program Files (x86)/Epic Games/4.14/Engine/Plugins/Runtime/Analytics/AnalyticsMulticast/AnalyticsMulticast.uplugin
LogPluginManager: Loaded Plugin Apsalar, From F:/Program Files (x86)/Epic Games/4.14/Engine/Plugins/Runtime/Analytics/Apsalar/Apsalar.uplugin
LogPluginManager: Loaded Plugin FileLogging, From F:/Program Files (x86)/Epic Games/4.14/Engine/Plugins/Runtime/Analytics/FileLogging/FileLogging.uplugin
LogPluginManager: Loaded Plugin Flurry, From F:/Program Files (x86)/Epic Games/4.14/Engine/Plugins/Runtime/Analytics/Flurry/Flurry.uplugin
LogPluginManager: Loaded Plugin AndroidDeviceProfileSelector, From F:/Program Files (x86)/Epic Games/4.14/Engine/Plugins/Runtime/AndroidDeviceProfileSelector/AndroidDeviceProfileSelector.uplugin
LogPluginManager: Loaded Plugin AndroidMoviePlayer, From F:/Program Files (x86)/Epic Games/4.14/Engine/Plugins/Runtime/AndroidMoviePlayer/AndroidMoviePlayer.uplugin
LogPluginManager: Loaded Plugin AppleMoviePlayer, From F:/Program Files (x86)/Epic Games/4.14/Engine/Plugins/Runtime/AppleMoviePlayer/AppleMoviePlayer.uplugin
LogPluginManager: Loaded Plugin ArchVisCharacter, From F:/Program Files (x86)/Epic Games/4.14/Engine/Plugins/Runtime/ArchVisCharacter/ArchVisCharacter.uplugin
LogPluginManager: Loaded Plugin CableComponent, From F:/Program Files (x86)/Epic Games/4.14/Engine/Plugins/Runtime/CableComponent/CableComponent.uplugin
LogPluginManager: Loaded Plugin CustomMeshComponent, From F:/Program Files (x86)/Epic Games/4.14/Engine/Plugins/Runtime/CustomMeshComponent/CustomMeshComponent.uplugin
LogPluginManager: Loaded Plugin ExampleDeviceProfileSelector, From F:/Program Files (x86)/Epic Games/4.14/Engine/Plugins/Runtime/ExampleDeviceProfileSelector/ExampleDeviceProfileSelector.uplugin
LogPluginManager: Loaded Plugin GearVR, From F:/Program Files (x86)/Epic Games/4.14/Engine/Plugins/Runtime/GearVR/GearVR.uplugin
LogPluginManager: Loaded Plugin GoogleVRController, From F:/Program Files (x86)/Epic Games/4.14/Engine/Plugins/Runtime/GoogleVR/GoogleVRController/GoogleVRController.uplugin
LogPluginManager: Loaded Plugin GoogleVRHMD, From F:/Program Files (x86)/Epic Games/4.14/Engine/Plugins/Runtime/GoogleVR/GoogleVRHMD/GoogleVRHMD.uplugin
LogPluginManager: Loaded Plugin IOSDeviceProfileSelector, From F:/Program Files (x86)/Epic Games/4.14/Engine/Plugins/Runtime/IOSDeviceProfileSelector/IOSDeviceProfileSelector.uplugin
LogPluginManager: Loaded Plugin LeapMotion, From F:/Program Files (x86)/Epic Games/4.14/Engine/Plugins/Runtime/LeapMotion/LeapMotion.uplugin
LogPluginManager: Loaded Plugin LinuxDeviceProfileSelector, From F:/Program Files (x86)/Epic Games/4.14/Engine/Plugins/Runtime/LinuxDeviceProfileSelector/LinuxDeviceProfileSelector.uplugin
LogPluginManager: Loaded Plugin MIDIDevice, From F:/Program Files (x86)/Epic Games/4.14/Engine/Plugins/Runtime/MIDIDevice/MIDIDevice.uplugin
LogPluginManager: Loaded Plugin MobilePatchingUtils, From F:/Program Files (x86)/Epic Games/4.14/Engine/Plugins/Runtime/MobilePatchingUtils/MobilePatchingUtils.uplugin
LogPluginManager: Loaded Plugin Ansel, From F:/Program Files (x86)/Epic Games/4.14/Engine/Plugins/Runtime/Nvidia/Ansel/Ansel.uplugin
LogPluginManager: Loaded Plugin OculusAudio, From F:/Program Files (x86)/Epic Games/4.14/Engine/Plugins/Runtime/OculusAudio/OculusAudio.uplugin
LogPluginManager: Loaded Plugin OculusInput, From F:/Program Files (x86)/Epic Games/4.14/Engine/Plugins/Runtime/OculusInput/OculusInput.uplugin
LogPluginManager: Loaded Plugin OculusLibrary, From F:/Program Files (x86)/Epic Games/4.14/Engine/Plugins/Runtime/OculusLibrary/OculusLibrary.uplugin
LogPluginManager: Loaded Plugin OculusRift, From F:/Program Files (x86)/Epic Games/4.14/Engine/Plugins/Runtime/OculusRift/OculusRift.uplugin
LogPluginManager: Loaded Plugin Oodle, From F:/Program Files (x86)/Epic Games/4.14/Engine/Plugins/Runtime/PacketHandlers/CompressionComponents/Oodle/Oodle.uplugin
LogPluginManager: Loaded Plugin ProceduralMeshComponent, From F:/Program Files (x86)/Epic Games/4.14/Engine/Plugins/Runtime/ProceduralMeshComponent/ProceduralMeshComponent.uplugin
LogPluginManager: Loaded Plugin SoundMod, From F:/Program Files (x86)/Epic Games/4.14/Engine/Plugins/Runtime/SoundMod/SoundMod.uplugin
LogPluginManager: Loaded Plugin SoundVisualizations, From F:/Program Files (x86)/Epic Games/4.14/Engine/Plugins/Runtime/SoundVisualizations/SoundVisualizations.uplugin
LogPluginManager: Loaded Plugin SteamController, From F:/Program Files (x86)/Epic Games/4.14/Engine/Plugins/Runtime/Steam/SteamController/SteamController.uplugin
LogPluginManager: Loaded Plugin SteamVR, From F:/Program Files (x86)/Epic Games/4.14/Engine/Plugins/Runtime/Steam/SteamVR/SteamVR.uplugin
LogPluginManager: Loaded Plugin WebBrowserWidget, From F:/Program Files (x86)/Epic Games/4.14/Engine/Plugins/Runtime/WebBrowserWidget/WebBrowserWidget.uplugin
LogPluginManager: Loaded Plugin WindowsDeviceProfileSelector, From F:/Program Files (x86)/Epic Games/4.14/Engine/Plugins/Runtime/WindowsDeviceProfileSelector/WindowsDeviceProfileSelector.uplugin
LogPluginManager: Loaded Plugin WindowsMoviePlayer, From F:/Program Files (x86)/Epic Games/4.14/Engine/Plugins/Runtime/WindowsMoviePlayer/WindowsMoviePlayer.uplugin
LogPluginManager: Loaded Plugin ScriptPlugin, From F:/Program Files (x86)/Epic Games/4.14/Engine/Plugins/ScriptPlugin/ScriptPlugin.uplugin
LogPluginManager: Loaded Plugin SlateRemote, From F:/Program Files (x86)/Epic Games/4.14/Engine/Plugins/Slate/SlateRemote/SlateRemote.uplugin
LogPluginManager: Loaded Plugin EditorTests, From F:/Program Files (x86)/Epic Games/4.14/Engine/Plugins/Tests/EditorTests/EditorTests.uplugin
LogPluginManager: Loaded Plugin FbxAutomationTestBuilder, From F:/Program Files (x86)/Epic Games/4.14/Engine/Plugins/Tests/FbxAutomationTestBuilder/FbxAutomationTestBuilder.uplugin
LogPluginManager: Loaded Plugin FunctionalTestingEditor, From F:/Program Files (x86)/Epic Games/4.14/Engine/Plugins/Tests/FunctionalTestingEditor/FunctionalTestingEditor.uplugin
LogPluginManager: Loaded Plugin RuntimeTests, From F:/Program Files (x86)/Epic Games/4.14/Engine/Plugins/Tests/RuntimeTests/RuntimeTests.uplugin
LogPluginManager: Loaded Plugin ScreenshotTools, From F:/Program Files (x86)/Epic Games/4.14/Engine/Plugins/Tests/ScreenshotTools/ScreenshotTools.uplugin
LogInit: Using libcurl 7.47.1
LogInit:  - built for x86_64-pc-win32
LogInit:  - supports SSL with OpenSSL/1.0.2g
LogInit:  - supports HTTP deflate (compression) using libz 1.2.8
LogInit:  - other features:
LogInit:      CURL_VERSION_SSL
LogInit:      CURL_VERSION_LIBZ
LogInit:      CURL_VERSION_IPV6
LogInit:      CURL_VERSION_ASYNCHDNS
LogInit:      CURL_VERSION_LARGEFILE
LogInit:      CURL_VERSION_IDN
LogInit:  CurlRequestOptions (configurable via config and command line):
LogInit:  - bVerifyPeer = false  - Libcurl will NOT verify peer certificate
LogInit:  - bUseHttpProxy = false  - Libcurl will NOT use HTTP proxy
LogInit:  - bDontReuseConnections = false  - Libcurl will reuse connections
LogInit:  - CertBundlePath = nullptr  - Libcurl will use whatever was configured at build time.
LogInit: Build: ++UE4+Release-4.14-CL-3249277
LogInit: Engine Version: 4.14.3-3249277+++UE4+Release-4.14
LogInit: Compatible Engine Version: 4.14.0-3195953+++UE4+Release-4.14
LogInit: Net CL: 3195953
LogDevObjectVersion: Number of dev versions registered: 13
LogDevObjectVersion:   Dev-Blueprints (B0D832E4-1F89-4F0D-ACCF-7EB736FD4AA2): 7
LogDevObjectVersion:   Dev-Build (E1C64328-A22C-4D53-A36C-8E866417BD8C): 0
LogDevObjectVersion:   Dev-Core (375EC13C-06E4-48FB-B500-84F0262A717E): 1
LogDevObjectVersion:   Dev-Editor (E4B068ED-F494-42E9-A231-DA0B2E46BB41): 8
LogDevObjectVersion:   Dev-Framework (CFFC743F-43B0-4480-9391-14DF171D2073): 17
LogDevObjectVersion:   Dev-Mobile (B02B49B5-BB20-44E9-A304-32B752E40360): 0
LogDevObjectVersion:   Dev-Networking (A4E4105C-59A1-49B5-A7C5-40C4547EDFEE): 0
LogDevObjectVersion:   Dev-Online (39C831C9-5AE6-47DC-9A44-9C173E1C8E7C): 0
LogDevObjectVersion:   Dev-Physics (78F01B33-EBEA-4F98-B9B4-84EACCB95AA2): 0
LogDevObjectVersion:   Dev-Platform (6631380F-2D4D-43E0-8009-CF276956A95A): 0
LogDevObjectVersion:   Dev-Rendering (12F88B9F-8875-4AFC-A67C-D90C383ABD29): 12
LogDevObjectVersion:   Dev-Sequencer (7B5AE74C-D270-4C10-A958-57980B212A5A): 1
LogDevObjectVersion:   Dev-VR (D7296918-1DD6-4BDD-9DE2-64A83CC13884): 0
LogInit: Compiled (64-bit): Jan  6 2017 10:49:43
LogInit: Compiled with Visual C++: 19.00.23026.00
LogInit: Build Configuration: Development
LogInit: Branch Name: ++UE4+Release-4.14
LogInit: Command line:  
LogInit: Base directory: F:/Program Files (x86)/Epic Games/4.14/Engine/Binaries/Win64/
LogInit: Installed Engine Build: 1
LogInit: Presizing for max 8388607 objects, including 0 objects not considered by GC, pre-allocating 0 bytes for permanent pool.
LogInit: Object subsystem initialized
[2017.02.18-14.37.07:576][  0]LogInit: Selected Device Profile: [Windows]
[2017.02.18-14.37.07:576][  0]LogInit: Applying CVar settings loaded from the selected device profile: [Windows]
[2017.02.18-14.37.07:630][  0]LogInit: Computer: FRR-PC
[2017.02.18-14.37.07:630][  0]LogInit: User: Frr
[2017.02.18-14.37.07:630][  0]LogInit: CPU Page size=65536, Cores=4
[2017.02.18-14.37.07:630][  0]LogInit: High frequency timer resolution =3.429228 MHz
[2017.02.18-14.37.07:631][  0]LogMemory: Memory total: Physical=16.0GB (16GB approx)
[2017.02.18-14.37.07:631][  0]LogMemory: Platform Memory Stats for Windows
[2017.02.18-14.37.07:631][  0]LogMemory: Process Physical Memory: 265.95 MB used, 265.95 MB peak
[2017.02.18-14.37.07:631][  0]LogMemory: Process Virtual Memory: 265.71 MB used, 265.71 MB peak
[2017.02.18-14.37.07:631][  0]LogMemory: Physical Memory: 4624.79 MB used,  11726.35 MB free, 16351.14 MB total
[2017.02.18-14.37.07:631][  0]LogMemory: Virtual Memory: 664.37 MB used,  11726.35 MB free, 8388608.00 MB total
[2017.02.18-14.37.08:751][  0]LogTextLocalizationManager: No specific translations for ('en-GB') exist, so ('en') translations will be used.
[2017.02.18-14.37.10:266][  0]LogD3D11RHI: D3D11 adapters:
[2017.02.18-14.37.10:365][  0]LogD3D11RHI:    0. 'NVIDIA GeForce GTX 770' (Feature Level 11_0)
[2017.02.18-14.37.10:365][  0]LogD3D11RHI:       1989/0/7919 MB DedicatedVideo/DedicatedSystem/SharedSystem, Outputs:1, VendorId:0x10de
[2017.02.18-14.37.10:365][  0]LogD3D11RHI: Chosen D3D11 Adapter: 0
[2017.02.18-14.37.10:369][  0]LogD3D11RHI: Creating new Direct3DDevice
[2017.02.18-14.37.10:369][  0]LogD3D11RHI:     GPU DeviceId: 0x1184 (for the marketing name, search the web for "GPU Device Id")
[2017.02.18-14.37.10:369][  0]LogWindows: EnumDisplayDevices:
[2017.02.18-14.37.10:369][  0]LogWindows:    0. 'NVIDIA GeForce GTX 770' (P:1 D:1)
[2017.02.18-14.37.10:370][  0]LogWindows:    1. 'NVIDIA GeForce GTX 770' (P:0 D:0)
[2017.02.18-14.37.10:370][  0]LogWindows:    2. 'NVIDIA GeForce GTX 770' (P:0 D:0)
[2017.02.18-14.37.10:370][  0]LogWindows:    3. 'NVIDIA GeForce GTX 770' (P:0 D:0)
[2017.02.18-14.37.10:370][  0]LogWindows:    4. 'RDPDD Chained DD' (P:0 D:0)
[2017.02.18-14.37.10:370][  0]LogWindows:    5. 'RDP Encoder Mirror Driver' (P:0 D:0)
[2017.02.18-14.37.10:370][  0]LogWindows:    6. 'RDP Reflector Display Driver' (P:0 D:0)
[2017.02.18-14.37.10:370][  0]LogWindows: DebugString: GetVideoDriverDetailsInvalid PrimaryIsNotTheChoosenAdapter GetVideoDriverDetailsInvalid PrimaryIsNotTheChoosenAdapter GetVideoDriverDetailsInvalid PrimaryIsNotTheChoosenAdapter FoundDriverCount:4 
[2017.02.18-14.37.10:370][  0]LogD3D11RHI:     Adapter Name: NVIDIA GeForce GTX 770
[2017.02.18-14.37.10:370][  0]LogD3D11RHI:   Driver Version: 378.66 (internal:21.21.13.7866, unified:378.66)
[2017.02.18-14.37.10:370][  0]LogD3D11RHI:      Driver Date: 2-9-2017
[2017.02.18-14.37.10:370][  0]LogRHI: Texture pool is 1361 MB (70% of 1945 MB)
[2017.02.18-14.37.10:379][  0]LogD3D11RHI:Warning: Timestamp queries are currently disabled on this hardware due to instability. Realtime GPU stats will not be available. You can override this behaviour by setting r.NVIDIATimestampWorkaround to 0
[2017.02.18-14.37.10:379][  0]LogD3D11RHI: Async texture creation enabled
[2017.02.18-14.37.10:395][  0]LogD3D11RHI: GPU Timing Frequency: 1000.000000 (Debug: 2 2)
[2017.02.18-14.37.10:395][  0]LogShaderCompilers: Guid format shader working directory is 2 characters bigger than the processId version (C:/Users/Frr/Documents/GitHub/SpaceMilkman/Intermediate/Shaders/WorkingDirectory/6028/).
[2017.02.18-14.37.10:395][  0]LogShaderCompilers: Cleaned the shader compiler working directory 'C:/Users/Frr/AppData/Local/Temp/UnrealShaderWorkingDir/EC3E956644D202657608399780FF692E/'.
[2017.02.18-14.37.10:396][  0]LogShaderCompilers:Display: Using Local Shader Compiler.
[2017.02.18-14.37.13:716][  0]LogTemp:Display: Loaded TP AllDesktopTargetPlatform
[2017.02.18-14.37.13:772][  0]LogTemp:Display: Loaded TP MacClientTargetPlatform
[2017.02.18-14.37.13:827][  0]LogTemp:Display: Loaded TP MacNoEditorTargetPlatform
[2017.02.18-14.37.13:881][  0]LogTemp:Display: Loaded TP MacServerTargetPlatform
[2017.02.18-14.37.13:968][  0]LogTemp:Display: Loaded TP MacTargetPlatform
[2017.02.18-14.37.14:022][  0]LogTemp:Display: Loaded TP WindowsClientTargetPlatform
[2017.02.18-14.37.14:078][  0]LogTemp:Display: Loaded TP WindowsNoEditorTargetPlatform
[2017.02.18-14.37.14:132][  0]LogTemp:Display: Loaded TP WindowsServerTargetPlatform
[2017.02.18-14.37.14:178][  0]LogTemp:Display: Loaded TP WindowsTargetPlatform
[2017.02.18-14.37.14:256][  0]LogTemp:Display: Loaded TP AndroidTargetPlatform
[2017.02.18-14.37.14:311][  0]LogTemp:Display: Loaded TP Android_ASTCTargetPlatform
[2017.02.18-14.37.14:368][  0]LogTemp:Display: Loaded TP Android_ATCTargetPlatform
[2017.02.18-14.37.14:422][  0]LogTemp:Display: Loaded TP Android_DXTTargetPlatform
[2017.02.18-14.37.14:476][  0]LogTemp:Display: Loaded TP Android_ETC1TargetPlatform
[2017.02.18-14.37.14:529][  0]LogTemp:Display: Loaded TP Android_ETC2TargetPlatform
[2017.02.18-14.37.14:638][  0]LogTemp:Display: Loaded TP Android_MultiTargetPlatform
[2017.02.18-14.37.14:638][  0]LogTemp:Display: Loaded TP Android_PVRTCTargetPlatform
[2017.02.18-14.37.14:677][  0]LogTemp:Display: Loaded TP HTML5TargetPlatform
[2017.02.18-14.37.14:801][  0]LogTemp:Display: Loaded TP IOSTargetPlatform
[2017.02.18-14.37.14:836][  0]LogTemp:Display: Loaded TP TVOSTargetPlatform
[2017.02.18-14.37.14:890][  0]LogTemp:Display: Loaded TP LinuxClientTargetPlatform
[2017.02.18-14.37.14:943][  0]LogTemp:Display: Loaded TP LinuxNoEditorTargetPlatform
[2017.02.18-14.37.14:998][  0]LogTemp:Display: Loaded TP LinuxServerTargetPlatform
[2017.02.18-14.37.15:063][  0]LogTemp:Display: Loaded TP LinuxTargetPlatform
[2017.02.18-14.37.15:063][  0]LogTargetPlatformManager:Display: Building Assets For Windows
[2017.02.18-14.37.15:870][  0]LogDerivedDataCache:Display: Max Cache Size: 512 MB
[2017.02.18-14.37.16:118][  0]LogDerivedDataCache: Loaded boot cache 0.25s 50MB C:/Users/Frr/AppData/Local/UnrealEngine/4.14/DerivedDataCache/Boot.ddc.
[2017.02.18-14.37.16:118][  0]LogDerivedDataCache:Display: Loaded Boot cache: C:/Users/Frr/AppData/Local/UnrealEngine/4.14/DerivedDataCache/Boot.ddc
[2017.02.18-14.37.16:119][  0]LogDerivedDataCache: FDerivedDataBackendGraph:  Pak pak cache file C:/Users/Frr/Documents/GitHub/SpaceMilkman/DerivedDataCache/DDC.ddp not found, will not use a pak cache.
[2017.02.18-14.37.16:119][  0]LogDerivedDataCache: Unable to find inner node Pak for hierarchical cache Hierarchy.
[2017.02.18-14.37.16:119][  0]LogDerivedDataCache: FDerivedDataBackendGraph:  CompressedPak pak cache file C:/Users/Frr/Documents/GitHub/SpaceMilkman/DerivedDataCache/Compressed.ddp not found, will not use a pak cache.
[2017.02.18-14.37.16:119][  0]LogDerivedDataCache: Unable to find inner node CompressedPak for hierarchical cache Hierarchy.
[2017.02.18-14.37.16:221][  0]LogDerivedDataCache:Display: Pak cache opened for reading ../../../Engine/DerivedDataCache/Compressed.ddp.
[2017.02.18-14.37.16:233][  0]LogDerivedDataCache: Using Local data cache path C:/Users/Frr/AppData/Local/UnrealEngine/Common/DerivedDataCache: Writable
[2017.02.18-14.37.17:513][  0]LogInit: Selected Device Profile: [Windows]
[2017.02.18-14.37.17:537][  0]LogContentStreaming: Texture pool size is 0.00 MB
[2017.02.18-14.37.18:125][  0]LogMeshUtilities: Using QuadricMeshReduction for automatic static mesh reduction
[2017.02.18-14.37.18:253][  0]LogSimplygon: Simplygon DLL not present - disabling.
[2017.02.18-14.37.18:341][  0]LogMeshUtilities: Using SimplygonSwarm for distributed automatic mesh merging
[2017.02.18-14.37.18:341][  0]LogMeshUtilities: No automatic skeletal mesh reduction module available
[2017.02.18-14.37.18:341][  0]LogMeshUtilities: No automatic mesh merging module available
[2017.02.18-14.37.22:095][  0]LogNetVersion: GetLocalNetworkVersion: CL: 3195953, ProjectName: spacemilkman, ProjectVersion: , EngineNetworkVersion: 2, GameNetworkVersion: 0, NetworkChecksum: 1253371032
[2017.02.18-14.37.22:245][  0]LogAssetRegistry: FAssetRegistry took 0.0202 seconds to start up
[2017.02.18-14.37.22:338][  0]LogPackageLocalizationCache: Processed 3 localized package path(s) for 2 prioritized culture(s) in 0.054779 seconds
[2017.02.18-14.37.22:344][  0]LogUObjectArray: 31946 objects as part of root set at end of initial load.
[2017.02.18-14.37.22:344][  0]LogUObjectAllocator: 6935840 out of 0 bytes used by permanent object pool.
[2017.02.18-14.37.22:344][  0]LogUObjectArray: CloseDisregardForGC: 0/0 objects in disregard for GC pool
[2017.02.18-14.37.22:399][  0]LogInit: WinSock: version 1.1 (2.2), MaxSocks=32767, MaxUdp=65467
[2017.02.18-14.37.23:909][  0]LogSlate: Using Freetype 2.6.0
[2017.02.18-14.37.24:057][  0]LogSlate: SlateFontCache - WITH_FREETYPE: 1, WITH_HARFBUZZ: 1
[2017.02.18-14.37.24:057][  0]LogSlate: SlateFontCache - WITH_FREETYPE: 1, WITH_HARFBUZZ: 1
[2017.02.18-14.37.45:352][  0]LogTcpMessaging: Initializing TcpMessaging bridge
[2017.02.18-14.37.45:414][  0]LogUdpMessaging: Initializing bridge on interface 0.0.0.0:0 to multicast group 230.0.0.1:6666.
[2017.02.18-14.37.46:294][  0]LogMaterial: Uniform references updated for custom material expression Custom.
[2017.02.18-14.37.46:969][  0]SourceControl: Info Source control is disabled
[2017.02.18-14.37.46:970][  0]SourceControl: Info Source control is disabled
[2017.02.18-14.37.47:128][  0]SourceControl: Info Source control is disabled
[2017.02.18-14.37.47:206][  0]SourceControl: Info Source control is disabled
[2017.02.18-14.37.49:946][  0]LogEngine: Initializing Engine...
[2017.02.18-14.37.50:204][  0]LogHMD: Failed to initialize OpenVR with code 108
[2017.02.18-14.37.51:129][  0]LogAIModule: Creating AISystem for world Untitled
[2017.02.18-14.37.51:168][  0]LogInit: XAudio2 using 'Speakers (Realtek High Definition Audio)' : 2 channels at 48 kHz using 32 bits per sample (channel mask 0x3)
[2017.02.18-14.37.51:214][  0]LogInit: FAudioDevice initialized.
[2017.02.18-14.37.51:243][  0]LogDerivedDataCache: Saved boot cache 0.03s 50MB C:/Users/Frr/AppData/Local/UnrealEngine/4.14/DerivedDataCache/Boot.ddc.
[2017.02.18-14.37.51:247][  0]LogInit: Texture streaming: Enabled
[2017.02.18-14.37.52:211][  0]LogInit: Transaction tracking system initialized
[2017.02.18-14.37.52:557][  0]BlueprintLog: New page: Editor Load
[2017.02.18-14.37.53:719][  0]LocalizationService: Info Localization service is disabled
[2017.02.18-14.37.54:622][  0]LogConsoleResponse:Display: 
[2017.02.18-14.37.56:244][  0]LogCook:Display: Max memory allowance for cook 16384mb min free memory 0mb
[2017.02.18-14.37.56:244][  0]LogCook:Display: Mobile HDR setting 1
[2017.02.18-14.37.56:759][  0]LogFileCache: Scanning file cache for directory 'C:/Users/Frr/Documents/GitHub/SpaceMilkman/Content/' took 0.01s
[2017.02.18-14.37.59:180][  0]SourceControl: Info Source control is disabled
[2017.02.18-14.37.59:180][  0]Cmd: MAP LOAD FILE="C:/Users/Frr/Documents/GitHub/SpaceMilkman/Content/My2DMap.umap" TEMPLATE=0 SHOWPROGRESS=1 FEATURELEVEL=3
[2017.02.18-14.37.59:188][  0]LightingResults: New page: Lighting Build
[2017.02.18-14.37.59:222][  0]MapCheck: New page: Map Check
[2017.02.18-14.37.59:222][  0]LightingResults: New page: Lighting Build
[2017.02.18-14.38.00:184][  0]LogAIModule: Creating AISystem for world My2DMap
[2017.02.18-14.38.00:311][  0]LogEditorServer: Finished looking for orphan Actors (0.000 secs)
[2017.02.18-14.38.00:312][  0]Cmd: MAP CHECKDEP NOCLEARLOG
[2017.02.18-14.38.00:380][  0]MapCheck: Info Map check complete: 0 Error(s), 0 Warning(s), took 67.836ms to complete.
[2017.02.18-14.38.00:380][  0]LogFileHelpers: Loading map 'My2DMap' took 1.200
[2017.02.18-14.38.00:998][  0]LogCollectionManager: Loaded 0 collections in 0.002522 seconds
[2017.02.18-14.38.01:082][  0]LogFileCache: Scanning file cache for directory 'C:/Users/Frr/Documents/GitHub/SpaceMilkman/Saved/Collections/' took 0.01s
[2017.02.18-14.38.01:082][  0]LogFileCache: Scanning file cache for directory 'C:/Users/Frr/Documents/GitHub/SpaceMilkman/Content/Developers/Frr/Collections/' took 0.01s
[2017.02.18-14.38.01:082][  0]LogFileCache: Scanning file cache for directory 'C:/Users/Frr/Documents/GitHub/SpaceMilkman/Content/Collections/' took 0.01s
[2017.02.18-14.38.01:082][  0]LogCollectionManager: Rebuilt the GUID cache for 0 collections in 0.000004 seconds
[2017.02.18-14.38.01:094][  0]LogContentBrowser: Native class hierarchy populated in 0.0116 seconds. Added 2190 classes and 428 folders.
[2017.02.18-14.38.01:132][  0]LogStats: UGameplayTagsManager::ConstructGameplayTagTree: Construct from data asset -  0.000 s
[2017.02.18-14.38.01:132][  0]LogStats: UGameplayTagsManager::ConstructGameplayTagTree: GameplayTagTreeChangedEvent.Broadcast -  0.000 s
[2017.02.18-14.38.01:132][  0]LogContentBrowser: Native class hierarchy updated for 'GameplayTags' in 0.0005 seconds. Added 13 classes and 0 folders.
[2017.02.18-14.38.01:183][  0]LogContentBrowser: Native class hierarchy updated for 'WidgetCarousel' in 0.0004 seconds. Added 0 classes and 0 folders.
[2017.02.18-14.38.03:885][  0]LogContentBrowser: Native class hierarchy updated for 'AddContentDialog' in 0.0009 seconds. Added 0 classes and 0 folders.
[2017.02.18-14.38.03:963][  0]LogContentBrowser: Native class hierarchy updated for 'SceneOutliner' in 0.0005 seconds. Added 1 classes and 2 folders.
[2017.02.18-14.38.04:164][  0]LogCrashTracker: Crashtracker disabled due to settings.
[2017.02.18-14.38.04:170][  0]LogUObjectGlobals:Warning: Failed to find object 'Class None.'
[2017.02.18-14.38.04:242][  0]LogContentBrowser: Native class hierarchy updated for 'HierarchicalLODOutliner' in 0.0005 seconds. Added 1 classes and 2 folders.
[2017.02.18-14.38.04:242][  0]LogLoad: (Engine Initialization) Total time: 63.39 seconds
[2017.02.18-14.38.04:242][  0]LogLoad: (Engine Initialization) Total Blueprint compile time: 0.42 seconds
[2017.02.18-14.38.04:242][  0]LogExternalProfiler: Found external profiler: VSPerf
[2017.02.18-14.38.04:242][  0]LogExternalProfiler: Using external profiler: VSPerf
[2017.02.18-14.38.04:581][  0]LogOcInput: OculusInput pre-init called
[2017.02.18-14.38.04:608][  0]LogContentStreaming: Texture pool size now 1000 MB
[2017.02.18-14.38.05:180][  1]LogAssetRegistry: Asset discovery search completed in 42.9555 seconds
[2017.02.18-14.38.05:181][  1]LogCollectionManager: Rebuilt the object cache for 0 collections in 0.000001 seconds (found 0 objects)
[2017.02.18-14.38.05:181][  1]LogCollectionManager: Fixed up redirectors for 0 collections in 0.000022 seconds (updated 0 objects)
[2017.02.18-14.38.05:203][  2]LogRenderer: Reallocating scene render targets to support 704x400 NumSamples 1 (Frame:2).
[2017.02.18-14.41.52:266][184]LogContentBrowser: Native class hierarchy updated for 'BlueprintGraph' in 0.0009 seconds. Added 111 classes and 0 folders.
[2017.02.18-14.42.00:750][ 12]LogAIModule: Creating AISystem for world Milk
[2017.02.18-14.42.00:783][ 12]Cmd: MAP LOAD FILE="C:/Users/Frr/Documents/GitHub/SpaceMilkman/Content/Milk.umap" TEMPLATE=0 SHOWPROGRESS=1 FEATURELEVEL=3
[2017.02.18-14.42.00:784][ 12]LightingResults: New page: Lighting Build
[2017.02.18-14.42.00:784][ 12]LoadErrors: New page: Loading map: Milk.umap
[2017.02.18-14.42.00:785][ 12]MapCheck: New page: Map Check
[2017.02.18-14.42.00:785][ 12]LightingResults: New page: Lighting Build
[2017.02.18-14.42.00:854][ 12]LogEditorServer: Finished looking for orphan Actors (0.000 secs)
[2017.02.18-14.42.00:870][ 12]Cmd: MAP CHECKDEP NOCLEARLOG
[2017.02.18-14.42.00:917][ 12]MapCheck: Info Map check complete: 0 Error(s), 0 Warning(s), took 46.996ms to complete.
[2017.02.18-14.42.00:917][ 12]LogFileHelpers: Loading map 'Milk' took 0.135
[2017.02.18-14.42.14:397][599]BlueprintLog: New page: Compile MyCharacter
[2017.02.18-14.42.15:036][649]Cmd: OBJ SAVEPACKAGE PACKAGE="/Game/Blueprints/MyCharacter" FILE="C:/Users/Frr/Documents/GitHub/SpaceMilkman/Content/Blueprints/MyCharacter.uasset" SILENT=true
[2017.02.18-14.42.15:120][649]LogSavePackage: Save=64.00ms
[2017.02.18-14.42.15:120][649]LogSavePackage: Moving 'C:/Users/Frr/Documents/GitHub/SpaceMilkman/Saved/MyCharacterDE6D54E0485B10381AFDFDADF14C8790.tmp' to 'C:/Users/Frr/Documents/GitHub/SpaceMilkman/Content/Blueprints/MyCharacter.uasset'
[2017.02.18-14.42.15:122][649]LogSavePackage:Display: Finished SavePackage C:/Users/Frr/Documents/GitHub/SpaceMilkman/Content/Blueprints/MyCharacter.uasset
[2017.02.18-14.42.15:932][746]LogTemp: Repeting last play command: New Editor Window (PIE)
[2017.02.18-14.42.15:944][746]LogPlayLevel: PlayLevel: No blueprints needed recompiling
[2017.02.18-14.42.15:945][746]PIE: New page: PIE session: Milk (18 Feb 2017 14:42:15)
[2017.02.18-14.42.15:945][746]LogPlayLevel: Creating play world package: /Game/UEDPIE_0_Milk
[2017.02.18-14.42.15:947][746]LogPlayLevel: PIE: StaticDuplicateObject took: (0.002369s)
[2017.02.18-14.42.15:948][746]LogAIModule: Creating AISystem for world Milk
[2017.02.18-14.42.15:948][746]LogPlayLevel: PIE: World Init took: (0.000543s)
[2017.02.18-14.42.15:948][746]LogPlayLevel: PIE: Created PIE world by copying editor world from /Game/Milk.Milk to /Game/UEDPIE_0_Milk.Milk (0.003104s)
[2017.02.18-14.42.15:969][746]LogInit: XAudio2 using 'Speakers (Realtek High Definition Audio)' : 2 channels at 48 kHz using 32 bits per sample (channel mask 0x3)
[2017.02.18-14.42.15:978][746]LogInit: FAudioDevice initialized.
[2017.02.18-14.42.16:042][746]LogLoad: Game class is 'PaperGameMode_C'
[2017.02.18-14.42.16:057][746]LogWorld: Bringing World /Game/UEDPIE_0_Milk.Milk up for play (max tick rate 0) at 2017.02.18-14.42.16
[2017.02.18-14.42.16:072][746]LogWorld: Bringing up level for play took: 0.015831
[2017.02.18-14.42.16:106][746]LogContentBrowser: Native class hierarchy updated for 'MovieSceneCapture' in 0.0005 seconds. Added 11 classes and 0 folders.
[2017.02.18-14.42.16:112][746]PIE: Info Play in editor start time for /Game/UEDPIE_0_Milk -0.512
[2017.02.18-14.42.16:153][746]LogRenderer: Reallocating scene render targets to support 1292x756 NumSamples 1 (Frame:1688).
[2017.02.18-14.43.21:900][  9]LogNavigationPoint: PostEditMove Clear paths rebuilt
[2017.02.18-14.43.23:423][191]LogNavigationPoint: PostEditMove Clear paths rebuilt
[2017.02.18-14.43.24:940][372]LogNavigationPoint: PostEditMove Clear paths rebuilt
[2017.02.18-14.43.27:320][653]Cmd: OBJ SAVEPACKAGE PACKAGE="/Game/Milk" FILE="C:/Users/Frr/Documents/GitHub/SpaceMilkman/Content/Milk.umap" SILENT=true AUTOSAVING=false KEEPDIRTY=false
[2017.02.18-14.43.27:387][653]LogSavePackage: Save=32.65ms
[2017.02.18-14.43.27:387][653]LogSavePackage: Moving 'C:/Users/Frr/Documents/GitHub/SpaceMilkman/Saved/Milk1EF2006C4DEA83BE8E805589AE9C1912.tmp' to 'C:/Users/Frr/Documents/GitHub/SpaceMilkman/Content/Milk.umap'
[2017.02.18-14.43.27:388][653]LogSavePackage:Display: Finished SavePackage C:/Users/Frr/Documents/GitHub/SpaceMilkman/Content/Milk.umap
[2017.02.18-14.43.29:217][858]LogTemp: Repeting last play command: New Editor Window (PIE)
[2017.02.18-14.43.29:227][858]LogPlayLevel: PlayLevel: No blueprints needed recompiling
[2017.02.18-14.43.29:227][858]PIE: New page: PIE session: Milk (18 Feb 2017 14:43:29)
[2017.02.18-14.43.29:227][858]LogPlayLevel: Creating play world package: /Game/UEDPIE_0_Milk
[2017.02.18-14.43.29:230][858]LogPlayLevel: PIE: StaticDuplicateObject took: (0.002754s)
[2017.02.18-14.43.29:231][858]LogAIModule: Creating AISystem for world Milk
[2017.02.18-14.43.29:231][858]LogPlayLevel: PIE: World Init took: (0.000532s)
[2017.02.18-14.43.29:231][858]LogPlayLevel: PIE: Created PIE world by copying editor world from /Game/Milk.Milk to /Game/UEDPIE_0_Milk.Milk (0.003460s)
[2017.02.18-14.43.29:252][858]LogInit: XAudio2 using 'Speakers (Realtek High Definition Audio)' : 2 channels at 48 kHz using 32 bits per sample (channel mask 0x3)
[2017.02.18-14.43.29:260][858]LogInit: FAudioDevice initialized.
[2017.02.18-14.43.29:299][858]LogLoad: Game class is 'PaperGameMode_C'
[2017.02.18-14.43.29:304][858]LogWorld: Bringing World /Game/UEDPIE_0_Milk.Milk up for play (max tick rate 0) at 2017.02.18-14.43.29
[2017.02.18-14.43.29:304][858]LogWorld: Bringing up level for play took: 0.003763
[2017.02.18-14.43.29:313][858]PIE: Info Play in editor start time for /Game/UEDPIE_0_Milk 0.688
[2017.02.18-14.45.50:238][988]LogTemp: Repeting last play command: New Editor Window (PIE)
[2017.02.18-14.45.50:248][988]LogPlayLevel: PlayLevel: No blueprints needed recompiling
[2017.02.18-14.45.50:248][988]PIE: New page: PIE session: Milk (18 Feb 2017 14:45:50)
[2017.02.18-14.45.50:248][988]LogPlayLevel: Creating play world package: /Game/UEDPIE_0_Milk
[2017.02.18-14.45.50:251][988]LogPlayLevel: PIE: StaticDuplicateObject took: (0.003186s)
[2017.02.18-14.45.50:252][988]LogAIModule: Creating AISystem for world Milk
[2017.02.18-14.45.50:252][988]LogPlayLevel: PIE: World Init took: (0.000567s)
[2017.02.18-14.45.50:252][988]LogPlayLevel: PIE: Created PIE world by copying editor world from /Game/Milk.Milk to /Game/UEDPIE_0_Milk.Milk (0.003956s)
[2017.02.18-14.45.50:274][988]LogInit: XAudio2 using 'Speakers (Realtek High Definition Audio)' : 2 channels at 48 kHz using 32 bits per sample (channel mask 0x3)
[2017.02.18-14.45.50:282][988]LogInit: FAudioDevice initialized.
[2017.02.18-14.45.50:321][988]LogLoad: Game class is 'PaperGameMode_C'
[2017.02.18-14.45.50:324][988]LogWorld: Bringing World /Game/UEDPIE_0_Milk.Milk up for play (max tick rate 0) at 2017.02.18-14.45.50
[2017.02.18-14.45.50:324][988]LogWorld: Bringing up level for play took: 0.001844
[2017.02.18-14.45.50:330][988]PIE: Info Play in editor start time for /Game/UEDPIE_0_Milk -0.298
[2017.02.18-14.46.11:946][533]LogTemp: Repeting last play command: New Editor Window (PIE)
[2017.02.18-14.46.11:956][533]LogPlayLevel: PlayLevel: No blueprints needed recompiling
[2017.02.18-14.46.11:956][533]PIE: New page: PIE session: Milk (18 Feb 2017 14:46:11)
[2017.02.18-14.46.11:956][533]LogPlayLevel: Creating play world package: /Game/UEDPIE_0_Milk
[2017.02.18-14.46.11:959][533]LogPlayLevel: PIE: StaticDuplicateObject took: (0.002916s)
[2017.02.18-14.46.11:959][533]LogAIModule: Creating AISystem for world Milk
[2017.02.18-14.46.11:960][533]LogPlayLevel: PIE: World Init took: (0.000519s)
[2017.02.18-14.46.11:960][533]LogPlayLevel: PIE: Created PIE world by copying editor world from /Game/Milk.Milk to /Game/UEDPIE_0_Milk.Milk (0.003613s)
[2017.02.18-14.46.11:981][533]LogInit: XAudio2 using 'Speakers (Realtek High Definition Audio)' : 2 channels at 48 kHz using 32 bits per sample (channel mask 0x3)
[2017.02.18-14.46.11:989][533]LogInit: FAudioDevice initialized.
[2017.02.18-14.46.12:024][533]LogLoad: Game class is 'PaperGameMode_C'
[2017.02.18-14.46.12:027][533]LogWorld: Bringing World /Game/UEDPIE_0_Milk.Milk up for play (max tick rate 0) at 2017.02.18-14.46.12
[2017.02.18-14.46.12:027][533]LogWorld: Bringing up level for play took: 0.001843
[2017.02.18-14.46.12:032][533]PIE: Info Play in editor start time for /Game/UEDPIE_0_Milk -0.596
[2017.02.18-14.46.51:277][128]LogTemp: Repeting last play command: New Editor Window (PIE)
[2017.02.18-14.46.51:287][128]LogPlayLevel: PlayLevel: No blueprints needed recompiling
[2017.02.18-14.46.51:287][128]PIE: New page: PIE session: Milk (18 Feb 2017 14:46:51)
[2017.02.18-14.46.51:287][128]LogPlayLevel: Creating play world package: /Game/UEDPIE_0_Milk
[2017.02.18-14.46.51:290][128]LogPlayLevel: PIE: StaticDuplicateObject took: (0.002764s)
[2017.02.18-14.46.51:291][128]LogAIModule: Creating AISystem for world Milk
[2017.02.18-14.46.51:291][128]LogPlayLevel: PIE: World Init took: (0.000516s)
[2017.02.18-14.46.51:291][128]LogPlayLevel: PIE: Created PIE world by copying editor world from /Game/Milk.Milk to /Game/UEDPIE_0_Milk.Milk (0.003461s)
[2017.02.18-14.46.51:311][128]LogInit: XAudio2 using 'Speakers (Realtek High Definition Audio)' : 2 channels at 48 kHz using 32 bits per sample (channel mask 0x3)
[2017.02.18-14.46.51:319][128]LogInit: FAudioDevice initialized.
[2017.02.18-14.46.51:357][128]LogLoad: Game class is 'PaperGameMode_C'
[2017.02.18-14.46.51:360][128]LogWorld: Bringing World /Game/UEDPIE_0_Milk.Milk up for play (max tick rate 0) at 2017.02.18-14.46.51
[2017.02.18-14.46.51:360][128]LogWorld: Bringing up level for play took: 0.001863
[2017.02.18-14.46.51:365][128]PIE: Info Play in editor start time for /Game/UEDPIE_0_Milk 0.737
[2017.02.18-14.47.44:365][898]BlueprintLog: New page: Compile MyCharacter
[2017.02.18-14.47.46:245][ 88]LogTemp: Repeting last play command: New Editor Window (PIE)
[2017.02.18-14.47.46:255][ 88]LogPlayLevel: PlayLevel: No blueprints needed recompiling
[2017.02.18-14.47.46:255][ 88]PIE: New page: PIE session: Milk (18 Feb 2017 14:47:46)
[2017.02.18-14.47.46:255][ 88]LogPlayLevel: Creating play world package: /Game/UEDPIE_0_Milk
[2017.02.18-14.47.46:258][ 88]LogPlayLevel: PIE: StaticDuplicateObject took: (0.002797s)
[2017.02.18-14.47.46:258][ 88]LogAIModule: Creating AISystem for world Milk
[2017.02.18-14.47.46:258][ 88]LogPlayLevel: PIE: World Init took: (0.000510s)
[2017.02.18-14.47.46:258][ 88]LogPlayLevel: PIE: Created PIE world by copying editor world from /Game/Milk.Milk to /Game/UEDPIE_0_Milk.Milk (0.003487s)
[2017.02.18-14.47.46:280][ 88]LogInit: XAudio2 using 'Speakers (Realtek High Definition Audio)' : 2 channels at 48 kHz using 32 bits per sample (channel mask 0x3)
[2017.02.18-14.47.46:288][ 88]LogInit: FAudioDevice initialized.
[2017.02.18-14.47.46:320][ 88]LogLoad: Game class is 'PaperGameMode_C'
[2017.02.18-14.47.46:323][ 88]LogWorld: Bringing World /Game/UEDPIE_0_Milk.Milk up for play (max tick rate 0) at 2017.02.18-14.47.46
[2017.02.18-14.47.46:323][ 88]LogWorld: Bringing up level for play took: 0.001910
[2017.02.18-14.47.46:327][ 88]PIE: Info Play in editor start time for /Game/UEDPIE_0_Milk -0.303
[2017.02.18-14.47.51:728][717]BlueprintLog: New page: Compile MyCharacter
[2017.02.18-14.47.53:321][876]Cmd: OBJ SAVEPACKAGE PACKAGE="/Game/Blueprints/MyCharacter" FILE="C:/Users/Frr/Documents/GitHub/SpaceMilkman/Content/Blueprints/MyCharacter.uasset" SILENT=true
[2017.02.18-14.47.53:413][876]LogSavePackage: Save=61.49ms
[2017.02.18-14.47.53:413][876]LogSavePackage: Moving 'C:/Users/Frr/Documents/GitHub/SpaceMilkman/Saved/MyCharacter4BB6D3BD426C6BDFE5BC30B465575384.tmp' to 'C:/Users/Frr/Documents/GitHub/SpaceMilkman/Content/Blueprints/MyCharacter.uasset'
[2017.02.18-14.47.53:415][876]LogSavePackage:Display: Finished SavePackage C:/Users/Frr/Documents/GitHub/SpaceMilkman/Content/Blueprints/MyCharacter.uasset
[2017.02.18-14.47.54:979][ 62]LogTemp: Repeting last play command: New Editor Window (PIE)
[2017.02.18-14.47.54:989][ 62]LogPlayLevel: PlayLevel: No blueprints needed recompiling
[2017.02.18-14.47.54:989][ 62]PIE: New page: PIE session: Milk (18 Feb 2017 14:47:54)
[2017.02.18-14.47.54:989][ 62]LogPlayLevel: Creating play world package: /Game/UEDPIE_0_Milk
[2017.02.18-14.47.54:992][ 62]LogPlayLevel: PIE: StaticDuplicateObject took: (0.002741s)
[2017.02.18-14.47.54:992][ 62]LogAIModule: Creating AISystem for world Milk
[2017.02.18-14.47.54:992][ 62]LogPlayLevel: PIE: World Init took: (0.000525s)
[2017.02.18-14.47.54:992][ 62]LogPlayLevel: PIE: Created PIE world by copying editor world from /Game/Milk.Milk to /Game/UEDPIE_0_Milk.Milk (0.003444s)
[2017.02.18-14.47.55:013][ 62]LogInit: XAudio2 using 'Speakers (Realtek High Definition Audio)' : 2 channels at 48 kHz using 32 bits per sample (channel mask 0x3)
[2017.02.18-14.47.55:021][ 62]LogInit: FAudioDevice initialized.
[2017.02.18-14.47.55:056][ 62]LogLoad: Game class is 'PaperGameMode_C'
[2017.02.18-14.47.55:058][ 62]LogWorld: Bringing World /Game/UEDPIE_0_Milk.Milk up for play (max tick rate 0) at 2017.02.18-14.47.55
[2017.02.18-14.47.55:059][ 62]LogWorld: Bringing up level for play took: 0.001910
[2017.02.18-14.47.55:062][ 62]PIE: Info Play in editor start time for /Game/UEDPIE_0_Milk 0.432
[2017.02.18-14.48.00:708][722]BlueprintLog: New page: Compile MyCharacter
[2017.02.18-14.48.02:200][875]LogTemp: Repeting last play command: New Editor Window (PIE)
[2017.02.18-14.48.02:210][875]LogPlayLevel: PlayLevel: No blueprints needed recompiling
[2017.02.18-14.48.02:210][875]PIE: New page: PIE session: Milk (18 Feb 2017 14:48:02)
[2017.02.18-14.48.02:210][875]LogPlayLevel: Creating play world package: /Game/UEDPIE_0_Milk
[2017.02.18-14.48.02:213][875]LogPlayLevel: PIE: StaticDuplicateObject took: (0.002970s)
[2017.02.18-14.48.02:213][875]LogAIModule: Creating AISystem for world Milk
[2017.02.18-14.48.02:213][875]LogPlayLevel: PIE: World Init took: (0.000532s)
[2017.02.18-14.48.02:213][875]LogPlayLevel: PIE: Created PIE world by copying editor world from /Game/Milk.Milk to /Game/UEDPIE_0_Milk.Milk (0.003689s)
[2017.02.18-14.48.02:235][875]LogInit: XAudio2 using 'Speakers (Realtek High Definition Audio)' : 2 channels at 48 kHz using 32 bits per sample (channel mask 0x3)
[2017.02.18-14.48.02:243][875]LogInit: FAudioDevice initialized.
[2017.02.18-14.48.02:277][875]LogLoad: Game class is 'PaperGameMode_C'
[2017.02.18-14.48.02:280][875]LogWorld: Bringing World /Game/UEDPIE_0_Milk.Milk up for play (max tick rate 0) at 2017.02.18-14.48.02
[2017.02.18-14.48.02:280][875]LogWorld: Bringing up level for play took: 0.001876
[2017.02.18-14.48.02:284][875]PIE: Info Play in editor start time for /Game/UEDPIE_0_Milk -0.346
[2017.02.18-14.48.08:383][587]BlueprintLog: New page: Compile MyCharacter
[2017.02.18-14.48.09:858][726]LogTemp: Repeting last play command: New Editor Window (PIE)
[2017.02.18-14.48.09:868][726]LogPlayLevel: PlayLevel: No blueprints needed recompiling
[2017.02.18-14.48.09:868][726]PIE: New page: PIE session: Milk (18 Feb 2017 14:48:09)
[2017.02.18-14.48.09:868][726]LogPlayLevel: Creating play world package: /Game/UEDPIE_0_Milk
[2017.02.18-14.48.09:871][726]LogPlayLevel: PIE: StaticDuplicateObject took: (0.002827s)
[2017.02.18-14.48.09:872][726]LogAIModule: Creating AISystem for world Milk
[2017.02.18-14.48.09:872][726]LogPlayLevel: PIE: World Init took: (0.000531s)
[2017.02.18-14.48.09:872][726]LogPlayLevel: PIE: Created PIE world by copying editor world from /Game/Milk.Milk to /Game/UEDPIE_0_Milk.Milk (0.003544s)
[2017.02.18-14.48.09:893][726]LogInit: XAudio2 using 'Speakers (Realtek High Definition Audio)' : 2 channels at 48 kHz using 32 bits per sample (channel mask 0x3)
[2017.02.18-14.48.09:901][726]LogInit: FAudioDevice initialized.
[2017.02.18-14.48.09:934][726]LogLoad: Game class is 'PaperGameMode_C'
[2017.02.18-14.48.09:936][726]LogWorld: Bringing World /Game/UEDPIE_0_Milk.Milk up for play (max tick rate 0) at 2017.02.18-14.48.09
[2017.02.18-14.48.09:937][726]LogWorld: Bringing up level for play took: 0.001946
[2017.02.18-14.48.09:940][726]PIE: Info Play in editor start time for /Game/UEDPIE_0_Milk -0.691
[2017.02.18-14.48.16:430][489]BlueprintLog: New page: Compile MyCharacter
[2017.02.18-14.48.18:283][684]LogTemp: Repeting last play command: New Editor Window (PIE)
[2017.02.18-14.48.18:293][684]LogPlayLevel: PlayLevel: No blueprints needed recompiling
[2017.02.18-14.48.18:293][684]PIE: New page: PIE session: Milk (18 Feb 2017 14:48:18)
[2017.02.18-14.48.18:294][684]LogPlayLevel: Creating play world package: /Game/UEDPIE_0_Milk
[2017.02.18-14.48.18:296][684]LogPlayLevel: PIE: StaticDuplicateObject took: (0.002784s)
[2017.02.18-14.48.18:297][684]LogAIModule: Creating AISystem for world Milk
[2017.02.18-14.48.18:297][684]LogPlayLevel: PIE: World Init took: (0.000528s)
[2017.02.18-14.48.18:297][684]LogPlayLevel: PIE: Created PIE world by copying editor world from /Game/Milk.Milk to /Game/UEDPIE_0_Milk.Milk (0.003493s)
[2017.02.18-14.48.18:319][684]LogInit: XAudio2 using 'Speakers (Realtek High Definition Audio)' : 2 channels at 48 kHz using 32 bits per sample (channel mask 0x3)
[2017.02.18-14.48.18:328][684]LogInit: FAudioDevice initialized.
[2017.02.18-14.48.18:361][684]LogLoad: Game class is 'PaperGameMode_C'
[2017.02.18-14.48.18:364][684]LogWorld: Bringing World /Game/UEDPIE_0_Milk.Milk up for play (max tick rate 0) at 2017.02.18-14.48.18
[2017.02.18-14.48.18:365][684]LogWorld: Bringing up level for play took: 0.002032
[2017.02.18-14.48.18:368][684]PIE: Info Play in editor start time for /Game/UEDPIE_0_Milk -0.262
[2017.02.18-14.48.30:557][123]BlueprintLog: New page: Compile MyCharacter
[2017.02.18-14.48.31:571][218]Cmd: OBJ SAVEPACKAGE PACKAGE="/Game/Blueprints/MyCharacter" FILE="C:/Users/Frr/Documents/GitHub/SpaceMilkman/Content/Blueprints/MyCharacter.uasset" SILENT=true
[2017.02.18-14.48.31:645][218]LogSavePackage: Save=61.78ms
[2017.02.18-14.48.31:645][218]LogSavePackage: Moving 'C:/Users/Frr/Documents/GitHub/SpaceMilkman/Saved/MyCharacter355367304ED0EC1F7A0447A0A880C860.tmp' to 'C:/Users/Frr/Documents/GitHub/SpaceMilkman/Content/Blueprints/MyCharacter.uasset'
[2017.02.18-14.48.31:647][218]LogSavePackage:Display: Finished SavePackage C:/Users/Frr/Documents/GitHub/SpaceMilkman/Content/Blueprints/MyCharacter.uasset
[2017.02.18-14.48.49:725][345]LogTemp: Repeting last play command: New Editor Window (PIE)
[2017.02.18-14.48.49:735][345]LogPlayLevel: PlayLevel: No blueprints needed recompiling
[2017.02.18-14.48.49:735][345]PIE: New page: PIE session: Milk (18 Feb 2017 14:48:49)
[2017.02.18-14.48.49:735][345]LogPlayLevel: Creating play world package: /Game/UEDPIE_0_Milk
[2017.02.18-14.48.49:738][345]LogPlayLevel: PIE: StaticDuplicateObject took: (0.002829s)
[2017.02.18-14.48.49:738][345]LogAIModule: Creating AISystem for world Milk
[2017.02.18-14.48.49:739][345]LogPlayLevel: PIE: World Init took: (0.000511s)
[2017.02.18-14.48.49:739][345]LogPlayLevel: PIE: Created PIE world by copying editor world from /Game/Milk.Milk to /Game/UEDPIE_0_Milk.Milk (0.003519s)
[2017.02.18-14.48.49:760][345]LogInit: XAudio2 using 'Speakers (Realtek High Definition Audio)' : 2 channels at 48 kHz using 32 bits per sample (channel mask 0x3)
[2017.02.18-14.48.49:767][345]LogInit: FAudioDevice initialized.
[2017.02.18-14.48.49:803][345]LogLoad: Game class is 'PaperGameMode_C'
[2017.02.18-14.48.49:806][345]LogWorld: Bringing World /Game/UEDPIE_0_Milk.Milk up for play (max tick rate 0) at 2017.02.18-14.48.49
[2017.02.18-14.48.49:806][345]LogWorld: Bringing up level for play took: 0.001895
[2017.02.18-14.48.49:811][345]PIE: Info Play in editor start time for /Game/UEDPIE_0_Milk -0.82
[2017.02.18-14.48.54:021][832]Cmd: TRANSACTION UNDO
[2017.02.18-14.48.54:021][832]LogEditorTransaction: Undo Set actor scale
[2017.02.18-14.50.01:271][922]Cmd: OBJ SAVEPACKAGE PACKAGE="/Game/Milk" FILE="C:/Users/Frr/Documents/GitHub/SpaceMilkman/Content/Milk.umap" SILENT=true AUTOSAVING=false KEEPDIRTY=false
[2017.02.18-14.50.01:348][922]LogSavePackage: Save=31.30ms
[2017.02.18-14.50.01:348][922]LogSavePackage: Moving 'C:/Users/Frr/Documents/GitHub/SpaceMilkman/Saved/Milk6ED6DCFC40B6F2A6FA6E6287CC3505E0.tmp' to 'C:/Users/Frr/Documents/GitHub/SpaceMilkman/Content/Milk.umap'
[2017.02.18-14.50.01:350][922]LogSavePackage:Display: Finished SavePackage C:/Users/Frr/Documents/GitHub/SpaceMilkman/Content/Milk.umap
[2017.02.18-14.50.03:292][132]LogTemp: Repeting last play command: New Editor Window (PIE)
[2017.02.18-14.50.03:302][132]LogPlayLevel: PlayLevel: No blueprints needed recompiling
[2017.02.18-14.50.03:302][132]PIE: New page: PIE session: Milk (18 Feb 2017 14:50:03)
[2017.02.18-14.50.03:302][132]LogPlayLevel: Creating play world package: /Game/UEDPIE_0_Milk
[2017.02.18-14.50.03:305][132]LogPlayLevel: PIE: StaticDuplicateObject took: (0.002802s)
[2017.02.18-14.50.03:305][132]LogAIModule: Creating AISystem for world Milk
[2017.02.18-14.50.03:305][132]LogPlayLevel: PIE: World Init took: (0.000523s)
[2017.02.18-14.50.03:306][132]LogPlayLevel: PIE: Created PIE world by copying editor world from /Game/Milk.Milk to /Game/UEDPIE_0_Milk.Milk (0.003530s)
[2017.02.18-14.50.03:326][132]LogInit: XAudio2 using 'Speakers (Realtek High Definition Audio)' : 2 channels at 48 kHz using 32 bits per sample (channel mask 0x3)
[2017.02.18-14.50.03:334][132]LogInit: FAudioDevice initialized.
[2017.02.18-14.50.03:369][132]LogLoad: Game class is 'PaperGameMode_C'
[2017.02.18-14.50.03:371][132]LogWorld: Bringing World /Game/UEDPIE_0_Milk.Milk up for play (max tick rate 0) at 2017.02.18-14.50.03
[2017.02.18-14.50.03:372][132]LogWorld: Bringing up level for play took: 0.001885
[2017.02.18-14.50.03:377][132]PIE: Info Play in editor start time for /Game/UEDPIE_0_Milk 0.744
[2017.02.18-14.50.18:340][907]LogSlate:Warning: Prevented a slow task dialog from being summoned while a context menu was open
[2017.02.18-14.58.28:822][933]LogEditorViewport: Clicking Background
[2017.02.18-14.58.29:458][  9]Cmd: TRANSACTION UNDO
[2017.02.18-14.58.29:458][  9]LogEditorTransaction: Undo Clicking Background
[2017.02.18-15.01.44:403][309]Cmd: OBJ SAVEPACKAGE PACKAGE="/Game/Milk" FILE="C:/Users/Frr/Documents/GitHub/SpaceMilkman/Saved/Autosaves/Game/Milk_Auto1.umap" SILENT=true AUTOSAVING=true KEEPDIRTY=false
[2017.02.18-15.01.44:470][309]LogSavePackage: Save=33.47ms
[2017.02.18-15.01.44:470][309]LogSavePackage: Moving 'C:/Users/Frr/Documents/GitHub/SpaceMilkman/Saved/Milk_Auto1549D909943CD5BD41F9D5794500D6483.tmp' to 'C:/Users/Frr/Documents/GitHub/SpaceMilkman/Saved/Autosaves/Game/Milk_Auto1.umap'
[2017.02.18-15.01.44:471][309]LogSavePackage:Display: Finished SavePackage C:/Users/Frr/Documents/GitHub/SpaceMilkman/Saved/Autosaves/Game/Milk_Auto1.umap
[2017.02.18-15.01.44:473][309]LogFileHelpers: Editor autosave (incl. sublevels) for '/Game/Milk' took 0.083
[2017.02.18-15.01.44:473][309]LogFileHelpers: Editor autosave (incl. sublevels) for all levels took 0.083
[2017.02.18-15.01.44:475][309]OBJ SavePackage: Generating thumbnails for [0] asset(s) in package [/Game/Blueprints/CameraBP] ([1] browsable assets)...
[2017.02.18-15.01.44:475][309]OBJ SavePackage: Finished generating thumbnails for package [/Game/Blueprints/CameraBP]
[2017.02.18-15.01.44:475][309]Cmd: OBJ SAVEPACKAGE PACKAGE="/Game/Blueprints/CameraBP" FILE="C:/Users/Frr/Documents/GitHub/SpaceMilkman/Saved/Autosaves/Game/Blueprints/CameraBP_Auto1.uasset" SILENT=false AUTOSAVING=true
[2017.02.18-15.01.44:483][309]LogSavePackage: Save=7.63ms
[2017.02.18-15.01.44:483][309]LogSavePackage: Moving 'C:/Users/Frr/Documents/GitHub/SpaceMilkman/Saved/CameraBP_Auto18DB3383B45619DCE3B396497A6F48AEA.tmp' to 'C:/Users/Frr/Documents/GitHub/SpaceMilkman/Saved/Autosaves/Game/Blueprints/CameraBP_Auto1.uasset'
[2017.02.18-15.01.44:484][309]LogSavePackage:Display: Finished SavePackage C:/Users/Frr/Documents/GitHub/SpaceMilkman/Saved/Autosaves/Game/Blueprints/CameraBP_Auto1.uasset
[2017.02.18-15.01.44:484][309]LogFileHelpers: Auto-saving content packages took 0.010
[2017.02.18-15.03.06:380][ 85]LogObjectTools:Warning: ForceReplaceReferences replaced references for a transient object 'REINST_CameraBP_C_114' or package '/Engine/Transient'.
[2017.02.18-15.03.06:380][ 85]LogObjectTools:Warning: ForceReplaceReferences replaced references for a transient object 'REINST_SKEL_CameraBP_C_115' or package '/Engine/Transient'.
[2017.02.18-15.03.06:380][ 85]LogObjectTools:Warning: ForceReplaceReferences replaced references for a transient object 'DEADCLASS_CameraBP_C_1' or package '/Engine/Transient'.
[2017.02.18-15.03.06:380][ 85]LogObjectTools:Warning: ForceReplaceReferences replaced references for a transient object 'DEADCLASS_CameraBP_C_0' or package '/Engine/Transient'.
[2017.02.18-15.10.29:639][695]BlueprintLog: New page: Compile MyCharacter
[2017.02.18-15.10.31:423][883]LogTemp: Repeting last play command: New Editor Window (PIE)
[2017.02.18-15.10.31:434][883]LogPlayLevel: PlayLevel: No blueprints needed recompiling
[2017.02.18-15.10.31:434][883]PIE: New page: PIE session: Milk (18 Feb 2017 15:10:31)
[2017.02.18-15.10.31:434][883]LogPlayLevel: Creating play world package: /Game/UEDPIE_0_Milk
[2017.02.18-15.10.31:438][883]LogPlayLevel: PIE: StaticDuplicateObject took: (0.003225s)
[2017.02.18-15.10.31:438][883]LogAIModule: Creating AISystem for world Milk
[2017.02.18-15.10.31:438][883]LogPlayLevel: PIE: World Init took: (0.000556s)
[2017.02.18-15.10.31:438][883]LogPlayLevel: PIE: Created PIE world by copying editor world from /Game/Milk.Milk to /Game/UEDPIE_0_Milk.Milk (0.003976s)
[2017.02.18-15.10.31:461][883]LogInit: XAudio2 using 'Speakers (Realtek High Definition Audio)' : 2 channels at 48 kHz using 32 bits per sample (channel mask 0x3)
[2017.02.18-15.10.31:470][883]LogInit: FAudioDevice initialized.
[2017.02.18-15.10.31:504][883]LogLoad: Game class is 'PaperGameMode_C'
[2017.02.18-15.10.31:507][883]LogWorld: Bringing World /Game/UEDPIE_0_Milk.Milk up for play (max tick rate 0) at 2017.02.18-15.10.31
[2017.02.18-15.10.31:507][883]LogWorld: Bringing up level for play took: 0.001873
[2017.02.18-15.10.31:511][883]PIE: Info Play in editor start time for /Game/UEDPIE_0_Milk 0.852
[2017.02.18-15.10.37:464][579]LogEditorActor: Deleted Actor: CameraBlockingVolume
[2017.02.18-15.10.37:476][579]LogEditorActor: Deleted 1 Actors (0.013 secs)
[2017.02.18-15.11.28:928][920]Cmd: OBJ SAVEPACKAGE PACKAGE="/Game/Milk" FILE="C:/Users/Frr/Documents/GitHub/SpaceMilkman/Content/Milk.umap" SILENT=true AUTOSAVING=false KEEPDIRTY=false
[2017.02.18-15.11.29:001][920]LogSavePackage: Save=29.09ms
[2017.02.18-15.11.29:001][920]LogSavePackage: Moving 'C:/Users/Frr/Documents/GitHub/SpaceMilkman/Saved/Milk54BF45724BA9D1300E0C488419814CCA.tmp' to 'C:/Users/Frr/Documents/GitHub/SpaceMilkman/Content/Milk.umap'
[2017.02.18-15.11.29:002][920]LogSavePackage:Display: Finished SavePackage C:/Users/Frr/Documents/GitHub/SpaceMilkman/Content/Milk.umap
[2017.02.18-15.11.39:766][840]LogUProjectInfo: Found projects:
[2017.02.18-15.11.42:279][140]Cmd: CLOSE_SLATE_MAINFRAME
[2017.02.18-15.11.44:496][140]Cmd: OBJ SAVEPACKAGE PACKAGE="/Game/Blueprints/MyCharacter" FILE="C:/Users/Frr/Documents/GitHub/SpaceMilkman/Content/Blueprints/MyCharacter.uasset" SILENT=true
[2017.02.18-15.11.44:576][140]LogSavePackage: Save=63.42ms
[2017.02.18-15.11.44:576][140]LogSavePackage: Moving 'C:/Users/Frr/Documents/GitHub/SpaceMilkman/Saved/MyCharacterF636DB5449EA1E293774B79E677A5D93.tmp' to 'C:/Users/Frr/Documents/GitHub/SpaceMilkman/Content/Blueprints/MyCharacter.uasset'
[2017.02.18-15.11.44:578][140]LogSavePackage:Display: Finished SavePackage C:/Users/Frr/Documents/GitHub/SpaceMilkman/Content/Blueprints/MyCharacter.uasset
[2017.02.18-15.11.44:852][141]Cmd: QUIT_EDITOR
[2017.02.18-15.11.44:931][141]LogExit: Preparing to exit.
[2017.02.18-15.11.45:668][141]LogExit: Editor shut down
[2017.02.18-15.11.45:668][141]LogExit: Transaction tracking system shut down
[2017.02.18-15.11.45:813][141]LogObj: Freed 0b from 0 cluster array pools.
[2017.02.18-15.11.45:813][141]LogExit: Object subsystem successfully closed.
[2017.02.18-15.11.45:839][141]LogD3D11RHI: Shutdown
[2017.02.18-15.11.45:839][141]LogD3D11RHI: CleanupD3DDevice
[2017.02.18-15.11.45:887][141]LogD3D11RHI: ~FD3D11DynamicRHI
[2017.02.18-15.11.45:894][141]LogHttp:Display: Http module shutting down, but needs to wait on 1 outstanding Http requests:
[2017.02.18-15.11.45:894][141]LogHttp:Display: 	verb=[POST] url=[https://datarouter.ol.epicgames.com/datarouter/api/v1/public/data?SessionID=%7B808D8807-4E60-0414-531E-8796A704EE76%7D&AppID=UEEditor.Rocket.Release&AppVersion=4.14.3-3249277%2B%2B%2BUE4%2BRelease-4.14&UserID=7597a55b40c4b80579b6818b75e316b0%7C0a889d56fb784a13b4207d8153af110b%7C3bd33cd0-258e-4060-a0ea-4df990fc901c&AppEnvironment=datacollector-binary&UploadType=eteventstream] status=Processing
[2017.02.18-15.11.45:914][141]LogModuleManager: Shutting down and abandoning module MovieSceneCapture (244)
[2017.02.18-15.11.45:914][141]LogModuleManager: Shutting down and abandoning module BlueprintGraph (243)
[2017.02.18-15.11.45:914][141]LogModuleManager: Shutting down and abandoning module BlueprintProfiler (242)
[2017.02.18-15.11.45:914][141]LogModuleManager: Shutting down and abandoning module HierarchicalLODOutliner (241)
[2017.02.18-15.11.45:914][141]LogModuleManager: Shutting down and abandoning module CrashTracker (240)
[2017.02.18-15.11.45:914][141]LogModuleManager: Shutting down and abandoning module SceneOutliner (239)
[2017.02.18-15.11.45:914][141]LogModuleManager: Shutting down and abandoning module WidgetCarousel (238)
[2017.02.18-15.11.45:914][141]LogModuleManager: Shutting down and abandoning module AddContentDialog (237)
[2017.02.18-15.11.45:914][141]LogDirectoryWatcher: A directory notification for 'F:/Program Files (x86)/Epic Games/4.14/FeaturePacks/' was aborted.
[2017.02.18-15.11.45:915][141]LogModuleManager: Shutting down and abandoning module GameplayTags (236)
[2017.02.18-15.11.45:915][141]LogModuleManager: Shutting down and abandoning module EditorWidgets (235)
[2017.02.18-15.11.45:915][141]LogModuleManager: Shutting down and abandoning module CollectionManager (234)
[2017.02.18-15.11.45:915][141]LogDirectoryWatcher: A directory notification for 'C:/Users/Frr/Documents/GitHub/SpaceMilkman/Content/Collections/' was aborted.
[2017.02.18-15.11.45:915][141]LogDirectoryWatcher: A directory notification for 'C:/Users/Frr/Documents/GitHub/SpaceMilkman/Content/Developers/Frr/Collections/' was aborted.
[2017.02.18-15.11.45:915][141]LogDirectoryWatcher: A directory notification for 'C:/Users/Frr/Documents/GitHub/SpaceMilkman/Saved/Collections/' was aborted.
[2017.02.18-15.11.45:915][141]LogModuleManager: Shutting down and abandoning module StatsViewer (233)
[2017.02.18-15.11.45:915][141]LogModuleManager: Shutting down and abandoning module FoliageEdit (232)
[2017.02.18-15.11.45:915][141]LogModuleManager: Shutting down and abandoning module LandscapeEditor (231)
[2017.02.18-15.11.45:915][141]LogModuleManager: Shutting down and abandoning module SceneDepthPickerMode (230)
[2017.02.18-15.11.45:915][141]LogModuleManager: Shutting down and abandoning module ActorPickerMode (229)
[2017.02.18-15.11.45:915][141]LogModuleManager: Shutting down and abandoning module GeometryMode (228)
[2017.02.18-15.11.45:915][141]LogModuleManager: Shutting down and abandoning module TextureAlignMode (227)
[2017.02.18-15.11.45:915][141]LogModuleManager: Shutting down and abandoning module BspMode (226)
[2017.02.18-15.11.45:915][141]LogModuleManager: Shutting down and abandoning module HardwareSurvey (225)
[2017.02.18-15.11.45:915][141]LogModuleManager: Shutting down and abandoning module SequenceRecorderSections (224)
[2017.02.18-15.11.45:915][141]LogModuleManager: Shutting down and abandoning module AutomationWorker (223)
[2017.02.18-15.11.45:915][141]LogModuleManager: Shutting down and abandoning module MatineeToLevelSequence (222)
[2017.02.18-15.11.45:915][141]LogModuleManager: Shutting down and abandoning module PlacementMode (221)
[2017.02.18-15.11.45:915][141]LogModuleManager: Shutting down and abandoning module LevelSequenceEditor (220)
[2017.02.18-15.11.45:915][141]LogModuleManager: Shutting down and abandoning module WmfMediaFactory (219)
[2017.02.18-15.11.45:915][141]LogModuleManager: Shutting down and abandoning module WmfMediaEditor (218)
[2017.02.18-15.11.45:915][141]LogModuleManager: Shutting down and abandoning module AvfMediaFactory (217)
[2017.02.18-15.11.45:915][141]LogModuleManager: Shutting down and abandoning module AvfMediaEditor (216)
[2017.02.18-15.11.45:915][141]LogModuleManager: Shutting down and abandoning module Media (215)
[2017.02.18-15.11.45:915][141]LogModuleManager: Shutting down and abandoning module AndroidMediaFactory (214)
[2017.02.18-15.11.45:915][141]LogModuleManager: Shutting down and abandoning module AndroidMediaEditor (213)
[2017.02.18-15.11.45:915][141]LogModuleManager: Shutting down and abandoning module CharacterAI (212)
[2017.02.18-15.11.45:915][141]LogModuleManager: Shutting down and abandoning module SequenceRecorder (211)
[2017.02.18-15.11.45:915][141]LogModuleManager: Shutting down and abandoning module AudioCapture (210)
[2017.02.18-15.11.45:915][141]LogModuleManager: Shutting down and abandoning module SmartSnapping (209)
[2017.02.18-15.11.45:915][141]LogModuleManager: Shutting down and abandoning module SessionServices (208)
[2017.02.18-15.11.45:915][141]LogModuleManager: Shutting down and abandoning module ViewportSnapping (207)
[2017.02.18-15.11.45:915][141]LogModuleManager: Shutting down and abandoning module ViewportInteraction (206)
[2017.02.18-15.11.45:915][141]LogModuleManager: Shutting down and abandoning module LogVisualizer (205)
[2017.02.18-15.11.45:916][141]LogModuleManager: Shutting down and abandoning module GameProjectGeneration (204)
[2017.02.18-15.11.45:916][141]LogModuleManager: Shutting down and abandoning module IntroTutorials (203)
[2017.02.18-15.11.45:916][141]LogModuleManager: Shutting down and abandoning module EditorLiveStreaming (202)
[2017.02.18-15.11.45:916][141]LogModuleManager: Shutting down and abandoning module IOSPlatformEditor (201)
[2017.02.18-15.11.45:916][141]LogModuleManager: Shutting down and abandoning module HTML5PlatformEditor (200)
[2017.02.18-15.11.45:916][141]LogModuleManager: Shutting down and abandoning module AndroidDeviceDetection (199)
[2017.02.18-15.11.46:275][141]LogModuleManager: Shutting down and abandoning module AndroidPlatformEditor (198)
[2017.02.18-15.11.46:275][141]LogModuleManager: Shutting down and abandoning module IOSRuntimeSettings (197)
[2017.02.18-15.11.46:275][141]LogModuleManager: Shutting down and abandoning module AndroidRuntimeSettings (196)
[2017.02.18-15.11.46:275][141]LogModuleManager: Shutting down and abandoning module InputBindingEditor (195)
[2017.02.18-15.11.46:275][141]LogModuleManager: Shutting down and abandoning module NiagaraEditor (194)
[2017.02.18-15.11.46:275][141]LogModuleManager: Shutting down and abandoning module MergeActors (193)
[2017.02.18-15.11.46:275][141]LogModuleManager: Shutting down and abandoning module SizeMap (192)
[2017.02.18-15.11.46:275][141]LogModuleManager: Shutting down and abandoning module TreeMap (191)
[2017.02.18-15.11.46:275][141]LogModuleManager: Shutting down and abandoning module ReferenceViewer (190)
[2017.02.18-15.11.46:275][141]LogModuleManager: Shutting down and abandoning module LocalizationService (189)
[2017.02.18-15.11.46:275][141]LogModuleManager: Shutting down and abandoning module LocalizationDashboard (188)
[2017.02.18-15.11.46:275][141]LogModuleManager: Shutting down and abandoning module HardwareTargeting (187)
[2017.02.18-15.11.46:275][141]LogModuleManager: Shutting down and abandoning module DeviceProfileEditor (186)
[2017.02.18-15.11.46:275][141]LogModuleManager: Shutting down and abandoning module UndoHistory (185)
[2017.02.18-15.11.46:275][141]LogModuleManager: Shutting down and abandoning module UserFeedback (184)
[2017.02.18-15.11.46:275][141]LogModuleManager: Shutting down and abandoning module XmlParser (183)
[2017.02.18-15.11.46:275][141]LogModuleManager: Shutting down and abandoning module Blutility (182)
[2017.02.18-15.11.46:275][141]LogModuleManager: Shutting down and abandoning module ProjectTargetPlatformEditor (181)
[2017.02.18-15.11.46:276][141]LogModuleManager: Shutting down and abandoning module ProjectSettingsViewer (180)
[2017.02.18-15.11.46:276][141]LogModuleManager: Shutting down and abandoning module EditorSettingsViewer (179)
[2017.02.18-15.11.46:276][141]LogModuleManager: Shutting down and abandoning module SettingsEditor (178)
[2017.02.18-15.11.46:276][141]LogModuleManager: Shutting down and abandoning module ProjectLauncher (177)
[2017.02.18-15.11.46:276][141]LogModuleManager: Shutting down and abandoning module SessionFrontend (176)
[2017.02.18-15.11.46:276][141]LogModuleManager: Shutting down and abandoning module ProfilerClient (175)
[2017.02.18-15.11.46:276][141]LogModuleManager: Shutting down and abandoning module TargetDeviceServices (174)
[2017.02.18-15.11.46:276][141]LogModuleManager: Shutting down and abandoning module DeviceManager (173)
[2017.02.18-15.11.46:316][141]LogModuleManager: Shutting down and abandoning module AutomationController (172)
[2017.02.18-15.11.46:316][141]LogModuleManager: Shutting down and abandoning module AutomationWindow (171)
[2017.02.18-15.11.46:316][141]LogModuleManager: Shutting down and abandoning module Layers (170)
[2017.02.18-15.11.46:316][141]LogModuleManager: Shutting down and abandoning module ComponentVisualizers (169)
[2017.02.18-15.11.46:316][141]LogModuleManager: Shutting down and abandoning module DetailCustomizations (168)
[2017.02.18-15.11.46:316][141]LogModuleManager: Shutting down and abandoning module PackagesDialog (167)
[2017.02.18-15.11.46:316][141]LogModuleManager: Shutting down and abandoning module AnimGraph (166)
[2017.02.18-15.11.46:316][141]LogModuleManager: Shutting down and abandoning module Persona (165)
[2017.02.18-15.11.46:316][141]LogModuleManager: Shutting down and abandoning module Kismet (164)
[2017.02.18-15.11.46:321][141]LogModuleManager: Shutting down and abandoning module GraphEditor (163)
[2017.02.18-15.11.46:321][141]LogModuleManager: Shutting down and abandoning module ClassViewer (162)
[2017.02.18-15.11.46:323][141]LogModuleManager: Shutting down and abandoning module Toolbox (161)
[2017.02.18-15.11.46:323][141]LogModuleManager: Shutting down and abandoning module ModuleUI (160)
[2017.02.18-15.11.46:323][141]LogModuleManager: Shutting down and abandoning module MovieSceneTools (159)
[2017.02.18-15.11.46:323][141]LogModuleManager: Shutting down and abandoning module OutputLog (158)
[2017.02.18-15.11.46:323][141]LogModuleManager: Shutting down and abandoning module GammaUI (157)
[2017.02.18-15.11.46:323][141]LogModuleManager: Shutting down and abandoning module Documentation (156)
[2017.02.18-15.11.46:323][141]LogModuleManager: Shutting down and abandoning module Niagara (155)
[2017.02.18-15.11.46:323][141]LogModuleManager: Shutting down and abandoning module StreamingPauseRendering (154)
[2017.02.18-15.11.46:323][141]LogModuleManager: Shutting down and abandoning module AnalyticsET (153)
[2017.02.18-15.11.46:323][141]LogModuleManager: Shutting down and abandoning module PortalServices (152)
[2017.02.18-15.11.46:323][141]LogModuleManager: Shutting down and abandoning module PortalRpc (151)
[2017.02.18-15.11.46:323][141]LogModuleManager: Shutting down and abandoning module MessagingRpc (150)
[2017.02.18-15.11.46:323][141]LogModuleManager: Shutting down and abandoning module GameplayDebugger (149)
[2017.02.18-15.11.46:323][141]LogModuleManager: Shutting down and abandoning module AITestSuite (148)
[2017.02.18-15.11.46:323][141]LogModuleManager: Shutting down and abandoning module AIModule (147)
[2017.02.18-15.11.46:323][141]LogModuleManager: Shutting down and abandoning module ProfilerService (146)
[2017.02.18-15.11.46:451][141]LogModuleManager: Shutting down and abandoning module TaskGraph (145)
[2017.02.18-15.11.46:451][141]LogModuleManager: Shutting down and abandoning module SlateRemote (144)
[2017.02.18-15.11.46:451][141]LogModuleManager: Shutting down and abandoning module SteamVRController (143)
[2017.02.18-15.11.46:451][141]LogModuleManager: Shutting down and abandoning module SteamVR (142)
[2017.02.18-15.11.46:451][141]LogModuleManager: Shutting down and abandoning module ProceduralMeshComponentEditor (141)
[2017.02.18-15.11.46:451][141]LogModuleManager: Shutting down and abandoning module ProceduralMeshComponent (140)
[2017.02.18-15.11.46:451][141]LogModuleManager: Shutting down and abandoning module OculusLibrary (139)
[2017.02.18-15.11.46:451][141]LogModuleManager: Shutting down and abandoning module OculusInput (138)
[2017.02.18-15.11.46:451][141]LogModuleManager: Shutting down and abandoning module MobilePatchingUtils (137)
[2017.02.18-15.11.46:451][141]LogModuleManager: Shutting down and abandoning module CustomMeshComponent (136)
[2017.02.18-15.11.46:451][141]LogModuleManager: Shutting down and abandoning module CableComponent (135)
[2017.02.18-15.11.46:451][141]LogModuleManager: Shutting down and abandoning module ArchVisCharacter (134)
[2017.02.18-15.11.46:451][141]LogModuleManager: Shutting down and abandoning module MediaPlayerEditor (132)
[2017.02.18-15.11.46:451][141]LogModuleManager: Shutting down and abandoning module HTML5Networking (131)
[2017.02.18-15.11.46:451][141]LogModuleManager: Shutting down and abandoning module GeometryCacheEd (130)
[2017.02.18-15.11.46:451][141]LogModuleManager: Shutting down and abandoning module GeometryCache (129)
[2017.02.18-15.11.46:451][141]LogModuleManager: Shutting down and abandoning module AlembicLibrary (128)
[2017.02.18-15.11.46:451][141]LogModuleManager: Shutting down and abandoning module AlembicImporter (127)
[2017.02.18-15.11.46:451][141]LogModuleManager: Shutting down and abandoning module SuperSearch (126)
[2017.02.18-15.11.46:451][141]LogModuleManager: Shutting down and abandoning module SuperSearchEditor (125)
[2017.02.18-15.11.46:451][141]LogModuleManager: Shutting down and abandoning module SpeedTreeImporter (124)
[2017.02.18-15.11.46:451][141]LogModuleManager: Shutting down and abandoning module PluginBrowser (123)
[2017.02.18-15.11.46:452][141]LogModuleManager: Shutting down and abandoning module MobileLauncherProfileWizard (122)
[2017.02.18-15.11.46:452][141]LogModuleManager: Shutting down and abandoning module EpicSurvey (121)
[2017.02.18-15.11.46:452][141]LogModuleManager: Shutting down and abandoning module DesktopPlatform (120)
[2017.02.18-15.11.46:452][141]LogModuleManager: Shutting down and abandoning module VisualStudioSourceCodeAccess (119)
[2017.02.18-15.11.46:452][141]LogModuleManager: Shutting down and abandoning module UObjectPlugin (118)
[2017.02.18-15.11.46:452][141]LogModuleManager: Shutting down and abandoning module SubversionSourceControl (117)
[2017.02.18-15.11.46:452][141]LogModuleManager: Shutting down and abandoning module PerforceSourceControl (116)
[2017.02.18-15.11.46:452][141]LogModuleManager: Shutting down and abandoning module SourceControl (115)
[2017.02.18-15.11.46:452][141]LogModuleManager: Shutting down and abandoning module GitSourceControl (114)
[2017.02.18-15.11.46:452][141]LogModuleManager: Shutting down and abandoning module LightPropagationVolumeEditor (113)
[2017.02.18-15.11.46:452][141]LogModuleManager: Shutting down and abandoning module PaperTiledImporter (112)
[2017.02.18-15.11.46:452][141]LogModuleManager: Shutting down and abandoning module PaperSpriteSheetImporter (111)
[2017.02.18-15.11.46:452][141]LogModuleManager: Shutting down and abandoning module MeshPaint (110)
[2017.02.18-15.11.46:452][141]LogModuleManager: Shutting down and abandoning module PixelInspectorModule (109)
[2017.02.18-15.11.46:452][141]LogModuleManager: Shutting down and abandoning module HotReload (108)
[2017.02.18-15.11.46:452][141]LogModuleManager: Shutting down and abandoning module MainFrame (107)
[2017.02.18-15.11.46:452][141]LogModuleManager: Shutting down and abandoning module LevelEditor (106)
[2017.02.18-15.11.46:453][141]LogModuleManager: Shutting down and abandoning module ContentBrowser (105)
[2017.02.18-15.11.46:454][141]LogModuleManager: Shutting down and abandoning module Paper2DEditor (104)
[2017.02.18-15.11.46:454][141]LogModuleManager: Shutting down and abandoning module UdpMessaging (103)
[2017.02.18-15.11.46:554][141]LogModuleManager: Shutting down and abandoning module TcpMessaging (102)
[2017.02.18-15.11.46:654][141]LogModuleManager: Shutting down and abandoning module LightPropagationVolumeRuntime (101)
[2017.02.18-15.11.46:654][141]LogModuleManager: Shutting down and abandoning module Paper2D (100)
[2017.02.18-15.11.46:654][141]LogModuleManager: Shutting down and abandoning module WindowsMoviePlayer (99)
[2017.02.18-15.11.46:654][141]LogModuleManager: Shutting down and abandoning module WmfMedia (98)
[2017.02.18-15.11.46:654][141]LogModuleManager: Shutting down and abandoning module MediaAssets (97)
[2017.02.18-15.11.46:654][141]LogModuleManager: Shutting down and abandoning module GameLiveStreaming (96)
[2017.02.18-15.11.46:654][141]LogModuleManager: Shutting down and abandoning module GameplayTagsEditor (95)
[2017.02.18-15.11.46:654][141]LogModuleManager: Shutting down and abandoning module VREditor (94)
[2017.02.18-15.11.46:654][141]LogModuleManager: Shutting down and abandoning module GameplayTasksEditor (93)
[2017.02.18-15.11.46:654][141]LogModuleManager: Shutting down and abandoning module BehaviorTreeEditor (92)
[2017.02.18-15.11.46:654][141]LogModuleManager: Shutting down and abandoning module FunctionalTesting (91)
[2017.02.18-15.11.46:654][141]LogModuleManager: Shutting down and abandoning module CollisionAnalyzer (90)
[2017.02.18-15.11.46:655][141]LogModuleManager: Shutting down and abandoning module Sequencer (89)
[2017.02.18-15.11.46:655][141]LogModuleManager: Shutting down and abandoning module WorkspaceMenuStructure (88)
[2017.02.18-15.11.46:655][141]LogModuleManager: Shutting down and abandoning module MessageLog (87)
[2017.02.18-15.11.46:655][141]LogModuleManager: Shutting down and abandoning module AssetTools (86)
[2017.02.18-15.11.46:655][141]LogModuleManager: Shutting down and abandoning module UMGEditor (85)
[2017.02.18-15.11.46:655][141]LogModuleManager: Shutting down and abandoning module UMG (84)
[2017.02.18-15.11.46:655][141]LogModuleManager: Shutting down and abandoning module SlateReflector (83)
[2017.02.18-15.11.46:655][141]LogModuleManager: Shutting down and abandoning module Slate (82)
[2017.02.18-15.11.46:655][141]LogModuleManager: Shutting down and abandoning module EditorStyle (81)
[2017.02.18-15.11.46:656][141]LogModuleManager: Shutting down and abandoning module SourceCodeAccess (80)
[2017.02.18-15.11.46:656][141]LogModuleManager: Shutting down and abandoning module HeadMountedDisplay (79)
[2017.02.18-15.11.46:657][141]LogModuleManager: Shutting down and abandoning module XAudio2 (78)
[2017.02.18-15.11.46:657][141]LogModuleManager: Shutting down and abandoning module Networking (76)
[2017.02.18-15.11.46:657][141]LogModuleManager: Shutting down and abandoning module Core (75)
[2017.02.18-15.11.46:657][141]LogModuleManager: Shutting down and abandoning module DirectoryWatcher (74)
[2017.02.18-15.11.46:657][141]LogDirectoryWatcher: A directory notification for '../../../Engine/Content/' was aborted.
[2017.02.18-15.11.46:657][141]LogDirectoryWatcher: A directory notification for 'C:/Users/Frr/Documents/GitHub/SpaceMilkman/Content/' was aborted.
[2017.02.18-15.11.46:657][141]LogDirectoryWatcher: A directory notification for '../../../Engine/Plugins/2D/Paper2D/Content/' was aborted.
[2017.02.18-15.11.46:657][141]LogModuleManager: Shutting down and abandoning module AssetRegistry (73)
[2017.02.18-15.11.46:850][141]LogModuleManager: Shutting down and abandoning module KismetCompiler (72)
[2017.02.18-15.11.46:850][141]LogModuleManager: Shutting down and abandoning module PhysXFormats (71)
[2017.02.18-15.11.46:850][141]LogModuleManager: Shutting down and abandoning module SimplygonSwarm (70)
[2017.02.18-15.11.46:850][141]LogModuleManager: Shutting down and abandoning module SimplygonMeshReduction (69)
[2017.02.18-15.11.46:850][141]LogModuleManager: Shutting down and abandoning module QuadricMeshReduction (68)
[2017.02.18-15.11.46:850][141]LogModuleManager: Shutting down and abandoning module PropertyEditor (67)
[2017.02.18-15.11.46:850][141]LogModuleManager: Shutting down and abandoning module MeshUtilities (66)
[2017.02.18-15.11.46:850][141]LogModuleManager: Shutting down and abandoning module DerivedDataCache (65)
[2017.02.18-15.11.46:857][141]LogDerivedDataCache: Shutdown
[2017.02.18-15.11.46:857][141]LogModuleManager: Shutting down and abandoning module VulkanShaderFormat (64)
[2017.02.18-15.11.46:857][141]LogModuleManager: Shutting down and abandoning module ShaderFormatOpenGL (63)
[2017.02.18-15.11.46:857][141]LogModuleManager: Shutting down and abandoning module ShaderFormatD3D (62)
[2017.02.18-15.11.46:857][141]LogModuleManager: Shutting down and abandoning module MetalShaderFormat (61)
[2017.02.18-15.11.46:857][141]LogModuleManager: Shutting down and abandoning module TextureFormatUncompressed (60)
[2017.02.18-15.11.46:857][141]LogModuleManager: Shutting down and abandoning module TextureFormatPVR (59)
[2017.02.18-15.11.46:857][141]LogModuleManager: Shutting down and abandoning module TextureFormatDXT (58)
[2017.02.18-15.11.46:857][141]LogModuleManager: Shutting down and abandoning module TextureFormatIntelISPCTexComp (57)
[2017.02.18-15.11.46:858][141]LogModuleManager: Shutting down and abandoning module ImageWrapper (56)
[2017.02.18-15.11.46:858][141]LogModuleManager: Shutting down and abandoning module TextureFormatASTC (55)
[2017.02.18-15.11.46:858][141]LogModuleManager: Shutting down and abandoning module TextureFormatAndroid (54)
[2017.02.18-15.11.46:858][141]LogModuleManager: Shutting down and abandoning module AudioFormatOpus (53)
[2017.02.18-15.11.46:858][141]LogModuleManager: Shutting down and abandoning module AudioFormatOgg (52)
[2017.02.18-15.11.46:858][141]LogModuleManager: Shutting down and abandoning module AudioFormatADPCM (51)
[2017.02.18-15.11.46:858][141]LogModuleManager: Shutting down and abandoning module LinuxTargetPlatform (50)
[2017.02.18-15.11.46:858][141]LogModuleManager: Shutting down and abandoning module LinuxServerTargetPlatform (49)
[2017.02.18-15.11.46:858][141]LogModuleManager: Shutting down and abandoning module LinuxNoEditorTargetPlatform (48)
[2017.02.18-15.11.46:858][141]LogModuleManager: Shutting down and abandoning module LinuxClientTargetPlatform (47)
[2017.02.18-15.11.46:858][141]LogModuleManager: Shutting down and abandoning module TVOSTargetPlatform (46)
[2017.02.18-15.11.46:858][141]LogModuleManager: Shutting down and abandoning module Messaging (45)
[2017.02.18-15.11.46:858][141]LogModuleManager: Shutting down and abandoning module IOSTargetPlatform (44)
[2017.02.18-15.11.46:858][141]LogModuleManager: Shutting down and abandoning module HTML5TargetPlatform (43)
[2017.02.18-15.11.46:858][141]LogModuleManager: Shutting down and abandoning module Android_PVRTCTargetPlatform (42)
[2017.02.18-15.11.46:858][141]LogModuleManager: Shutting down and abandoning module Android_MultiTargetPlatform (41)
[2017.02.18-15.11.46:858][141]LogModuleManager: Shutting down and abandoning module Android_ETC2TargetPlatform (40)
[2017.02.18-15.11.46:858][141]LogModuleManager: Shutting down and abandoning module Android_ETC1TargetPlatform (39)
[2017.02.18-15.11.46:858][141]LogModuleManager: Shutting down and abandoning module Android_DXTTargetPlatform (38)
[2017.02.18-15.11.46:858][141]LogModuleManager: Shutting down and abandoning module Android_ATCTargetPlatform (37)
[2017.02.18-15.11.46:858][141]LogModuleManager: Shutting down and abandoning module Android_ASTCTargetPlatform (36)
[2017.02.18-15.11.46:858][141]LogModuleManager: Shutting down and abandoning module AndroidTargetPlatform (35)
[2017.02.18-15.11.46:858][141]LogModuleManager: Shutting down and abandoning module WindowsTargetPlatform (34)
[2017.02.18-15.11.46:858][141]LogModuleManager: Shutting down and abandoning module WindowsServerTargetPlatform (33)
[2017.02.18-15.11.46:858][141]LogModuleManager: Shutting down and abandoning module WindowsNoEditorTargetPlatform (32)
[2017.02.18-15.11.46:858][141]LogModuleManager: Shutting down and abandoning module WindowsClientTargetPlatform (31)
[2017.02.18-15.11.46:858][141]LogModuleManager: Shutting down and abandoning module MacTargetPlatform (30)
[2017.02.18-15.11.46:858][141]LogModuleManager: Shutting down and abandoning module MacServerTargetPlatform (29)
[2017.02.18-15.11.46:858][141]LogModuleManager: Shutting down and abandoning module MacNoEditorTargetPlatform (28)
[2017.02.18-15.11.46:858][141]LogModuleManager: Shutting down and abandoning module MacClientTargetPlatform (27)
[2017.02.18-15.11.46:858][141]LogModuleManager: Shutting down and abandoning module AllDesktopTargetPlatform (26)
[2017.02.18-15.11.46:858][141]LogModuleManager: Shutting down and abandoning module TargetPlatform (25)
[2017.02.18-15.11.46:858][141]LogModuleManager: Shutting down and abandoning module InputCore (24)
[2017.02.18-15.11.46:858][141]LogModuleManager: Shutting down and abandoning module Settings (23)
[2017.02.18-15.11.46:858][141]LogModuleManager: Shutting down and abandoning module OculusRift (22)
[2017.02.18-15.11.46:858][141]LogModuleManager: Shutting down and abandoning module ExampleDeviceProfileSelector (21)
[2017.02.18-15.11.46:858][141]LogModuleManager: Shutting down and abandoning module OnlineBlueprintSupport (20)
[2017.02.18-15.11.46:858][141]LogModuleManager: Shutting down and abandoning module OnlineSubsystem (18)
[2017.02.18-15.11.46:858][141]LogOnline:Display: Unloading online subsystem: NULL
[2017.02.18-15.11.46:858][141]LogModuleManager: Shutting down and abandoning module SSL (17)
[2017.02.18-15.11.46:859][141]LogModuleManager: Shutting down and abandoning module HTTP (16)
[2017.02.18-15.11.46:859][141]LogModuleManager: Shutting down and abandoning module XMPP (15)
[2017.02.18-15.11.46:859][141]LogModuleManager: Shutting down and abandoning module TextureCompressor (14)
[2017.02.18-15.11.46:860][141]LogModuleManager: Shutting down and abandoning module ShaderCore (13)
[2017.02.18-15.11.46:860][141]LogModuleManager: Shutting down and abandoning module Landscape (12)
[2017.02.18-15.11.46:860][141]LogModuleManager: Shutting down and abandoning module SlateRHIRenderer (11)
[2017.02.18-15.11.46:861][141]LogModuleManager: Shutting down and abandoning module OpenGLDrv (10)
[2017.02.18-15.11.46:861][141]LogModuleManager: Shutting down and abandoning module D3D11RHI (9)
[2017.02.18-15.11.46:861][141]LogModuleManager: Shutting down and abandoning module AnimGraphRuntime (8)
[2017.02.18-15.11.46:861][141]LogModuleManager: Shutting down and abandoning module Renderer (7)
[2017.02.18-15.11.46:861][141]LogModuleManager: Shutting down and abandoning module Engine (6)
[2017.02.18-15.11.46:861][141]LogModuleManager: Shutting down and abandoning module CoreUObject (5)
[2017.02.18-15.11.46:861][141]LogModuleManager: Shutting down and abandoning module NetworkFile (4)
[2017.02.18-15.11.46:861][141]LogModuleManager: Shutting down and abandoning module StreamingFile (3)
[2017.02.18-15.11.46:861][141]LogModuleManager: Shutting down and abandoning module SandboxFile (2)
[2017.02.18-15.11.46:861][141]LogModuleManager: Shutting down and abandoning module PakFile (1)
[2017.02.18-15.11.46:863][141]LogExit: Exiting.
[2017.02.18-15.11.46:864][141]Log file closed, 02/18/17 15:11:46
