Log file open, 02/13/17 18:35:30
LogInit:Display: Running engine for game: SpaceMilkman
LogPlatformFile: Not using cached read wrapper
LogInit:Display: RandInit(1450042113) SRandInit(1450042113).
LogTaskGraph: Started task graph with 5 named threads and 8 total threads with 1 sets of task threads.
LogStats: Stats thread started at 0.073612
LogPluginManager: Loaded Plugin Paper2D, From F:/Program Files (x86)/Epic Games/4.14/Engine/Plugins/2D/Paper2D/Paper2D.uplugin
LogPluginManager: Loaded Plugin LightPropagationVolume, From F:/Program Files (x86)/Epic Games/4.14/Engine/Plugins/Blendables/LightPropagationVolume/LightPropagationVolume.uplugin
LogPluginManager: Loaded Plugin BlankPlugin, From F:/Program Files (x86)/Epic Games/4.14/Engine/Plugins/Developer/BlankPlugin/BlankPlugin.uplugin
LogPluginManager: Loaded Plugin CodeLiteSourceCodeAccess, From F:/Program Files (x86)/Epic Games/4.14/Engine/Plugins/Developer/CodeLiteSourceCodeAccess/CodeLiteSourceCodeAccess.uplugin
LogPluginManager: Loaded Plugin GitSourceControl, From F:/Program Files (x86)/Epic Games/4.14/Engine/Plugins/Developer/GitSourceControl/GitSourceControl.uplugin
LogPluginManager: Loaded Plugin KDevelopSourceCodeAccess, From F:/Program Files (x86)/Epic Games/4.14/Engine/Plugins/Developer/KDevelopSourceCodeAccess/KDevelopSourceCodeAccess.uplugin
LogPluginManager: Loaded Plugin NullSourceCodeAccess, From F:/Program Files (x86)/Epic Games/4.14/Engine/Plugins/Developer/NullSourceCodeAccess/NullSourceCodeAccess.uplugin
LogPluginManager: Loaded Plugin OneSkyLocalizationService, From F:/Program Files (x86)/Epic Games/4.14/Engine/Plugins/Developer/OneSkyLocalizationService/OneSkyLocalizationService.uplugin
LogPluginManager: Loaded Plugin PerforceSourceControl, From F:/Program Files (x86)/Epic Games/4.14/Engine/Plugins/Developer/PerforceSourceControl/PerforceSourceControl.uplugin
LogPluginManager: Loaded Plugin SubversionSourceControl, From F:/Program Files (x86)/Epic Games/4.14/Engine/Plugins/Developer/SubversionSourceControl/SubversionSourceControl.uplugin
LogPluginManager: Loaded Plugin UObjectPlugin, From F:/Program Files (x86)/Epic Games/4.14/Engine/Plugins/Developer/UObjectPlugin/UObjectPlugin.uplugin
LogPluginManager: Loaded Plugin VisualStudioSourceCodeAccess, From F:/Program Files (x86)/Epic Games/4.14/Engine/Plugins/Developer/VisualStudioSourceCodeAccess/VisualStudioSourceCodeAccess.uplugin
LogPluginManager: Loaded Plugin XCodeSourceCodeAccess, From F:/Program Files (x86)/Epic Games/4.14/Engine/Plugins/Developer/XCodeSourceCodeAccess/XCodeSourceCodeAccess.uplugin
LogPluginManager: Loaded Plugin AudioCapture, From F:/Program Files (x86)/Epic Games/4.14/Engine/Plugins/Editor/AudioCapture/AudioCapture.uplugin
LogPluginManager: Loaded Plugin EpicSurvey, From F:/Program Files (x86)/Epic Games/4.14/Engine/Plugins/Editor/EpicSurvey/EpicSurvey.uplugin
LogPluginManager: Loaded Plugin MacGraphicsSwitching, From F:/Program Files (x86)/Epic Games/4.14/Engine/Plugins/Editor/MacGraphicsSwitching/MacGraphicsSwitching.uplugin
LogPluginManager: Loaded Plugin MobileLauncherProfileWizard, From F:/Program Files (x86)/Epic Games/4.14/Engine/Plugins/Editor/MobileLauncherProfileWizard/MobileLauncherProfileWizard.uplugin
LogPluginManager: Loaded Plugin PluginBrowser, From F:/Program Files (x86)/Epic Games/4.14/Engine/Plugins/Editor/PluginBrowser/PluginBrowser.uplugin
LogPluginManager: Loaded Plugin SpeedTreeImporter, From F:/Program Files (x86)/Epic Games/4.14/Engine/Plugins/Editor/SpeedTreeImporter/SpeedTreeImporter.uplugin
LogPluginManager: Loaded Plugin SuperSearchEditor, From F:/Program Files (x86)/Epic Games/4.14/Engine/Plugins/Editor/SuperSearchEditor/SuperSearchEditor.uplugin
LogPluginManager: Loaded Plugin AlembicImporter, From F:/Program Files (x86)/Epic Games/4.14/Engine/Plugins/Experimental/AlembicImporter/AlembicImporter.uplugin
LogPluginManager: Loaded Plugin BlueprintStats, From F:/Program Files (x86)/Epic Games/4.14/Engine/Plugins/Experimental/BlueprintStats/BlueprintStats.uplugin
LogPluginManager: Loaded Plugin CharacterAI, From F:/Program Files (x86)/Epic Games/4.14/Engine/Plugins/Experimental/CharacterAI/CharacterAI.uplugin
LogPluginManager: Loaded Plugin CodeEditor, From F:/Program Files (x86)/Epic Games/4.14/Engine/Plugins/Experimental/CodeEditor/CodeEditor.uplugin
LogPluginManager: Loaded Plugin CodeView, From F:/Program Files (x86)/Epic Games/4.14/Engine/Plugins/Experimental/CodeView/CodeView.uplugin
LogPluginManager: Loaded Plugin HTML5Networking, From F:/Program Files (x86)/Epic Games/4.14/Engine/Plugins/Experimental/HTML5Networking/HTML5Networking.uplugin
LogPluginManager: Loaded Plugin OSVR, From F:/Program Files (x86)/Epic Games/4.14/Engine/Plugins/Experimental/OSVR/OSVR.uplugin
LogPluginManager: Loaded Plugin Phya, From F:/Program Files (x86)/Epic Games/4.14/Engine/Plugins/Experimental/Phya/Phya.uplugin
LogPluginManager: Loaded Plugin SignificanceManager, From F:/Program Files (x86)/Epic Games/4.14/Engine/Plugins/Experimental/SignificanceManager/SignificanceManager.uplugin
LogPluginManager: Loaded Plugin SimpleHMD, From F:/Program Files (x86)/Epic Games/4.14/Engine/Plugins/Experimental/SimpleHMD/SimpleHMD.uplugin
LogPluginManager: Loaded Plugin StereoPanorama, From F:/Program Files (x86)/Epic Games/4.14/Engine/Plugins/Experimental/StereoPanorama/StereoPanorama.uplugin
LogPluginManager: Loaded Plugin StructBox, From F:/Program Files (x86)/Epic Games/4.14/Engine/Plugins/Experimental/StructBox/StructBox.uplugin
LogPluginManager: Loaded Plugin AndroidMedia, From F:/Program Files (x86)/Epic Games/4.14/Engine/Plugins/Media/AndroidMedia/AndroidMedia.uplugin
LogPluginManager: Loaded Plugin AvfMedia, From F:/Program Files (x86)/Epic Games/4.14/Engine/Plugins/Media/AvfMedia/AvfMedia.uplugin
LogPluginManager: Loaded Plugin MediaPlayerEditor, From F:/Program Files (x86)/Epic Games/4.14/Engine/Plugins/Media/MediaPlayerEditor/MediaPlayerEditor.uplugin
LogPluginManager: Loaded Plugin WmfMedia, From F:/Program Files (x86)/Epic Games/4.14/Engine/Plugins/Media/WmfMedia/WmfMedia.uplugin
LogPluginManager: Loaded Plugin MessagingDebugger, From F:/Program Files (x86)/Epic Games/4.14/Engine/Plugins/Messaging/MessagingDebugger/MessagingDebugger.uplugin
LogPluginManager: Loaded Plugin TcpMessaging, From F:/Program Files (x86)/Epic Games/4.14/Engine/Plugins/Messaging/TcpMessaging/TcpMessaging.uplugin
LogPluginManager: Loaded Plugin UdpMessaging, From F:/Program Files (x86)/Epic Games/4.14/Engine/Plugins/Messaging/UdpMessaging/UdpMessaging.uplugin
LogPluginManager: Loaded Plugin LevelSequenceEditor, From F:/Program Files (x86)/Epic Games/4.14/Engine/Plugins/MovieScene/LevelSequenceEditor/LevelSequenceEditor.uplugin
LogPluginManager: Loaded Plugin MatineeToLevelSequence, From F:/Program Files (x86)/Epic Games/4.14/Engine/Plugins/MovieScene/MatineeToLevelSequence/MatineeToLevelSequence.uplugin
LogPluginManager: Loaded Plugin NetcodeUnitTest, From F:/Program Files (x86)/Epic Games/4.14/Engine/Plugins/NetcodeUnitTest/NetcodeUnitTest/NetcodeUnitTest.uplugin
LogPluginManager: Loaded Plugin NUTUnrealEngine4, From F:/Program Files (x86)/Epic Games/4.14/Engine/Plugins/NetcodeUnitTest/NUTUnrealEngine4/NUTUnrealEngine4.uplugin
LogPluginManager: Loaded Plugin OnlineSubsystemGameCircle, From F:/Program Files (x86)/Epic Games/4.14/Engine/Plugins/Online/Android/OnlineSubsystemGameCircle/OnlineSubsystemGameCircle.uplugin
LogPluginManager: Loaded Plugin OnlineSubsystemGooglePlay, From F:/Program Files (x86)/Epic Games/4.14/Engine/Plugins/Online/Android/OnlineSubsystemGooglePlay/OnlineSubsystemGooglePlay.uplugin
LogPluginManager: Loaded Plugin OnlineSubsystemIOS, From F:/Program Files (x86)/Epic Games/4.14/Engine/Plugins/Online/IOS/OnlineSubsystemIOS/OnlineSubsystemIOS.uplugin
LogPluginManager: Loaded Plugin OnlineFramework, From F:/Program Files (x86)/Epic Games/4.14/Engine/Plugins/Online/OnlineFramework/OnlineFramework.uplugin
LogPluginManager: Loaded Plugin OnlineSubsystem, From F:/Program Files (x86)/Epic Games/4.14/Engine/Plugins/Online/OnlineSubsystem/OnlineSubsystem.uplugin
LogPluginManager: Loaded Plugin OnlineSubsystemAmazon, From F:/Program Files (x86)/Epic Games/4.14/Engine/Plugins/Online/OnlineSubsystemAmazon/OnlineSubsystemAmazon.uplugin
LogPluginManager: Loaded Plugin OnlineSubsystemFacebook, From F:/Program Files (x86)/Epic Games/4.14/Engine/Plugins/Online/OnlineSubsystemFacebook/OnlineSubsystemFacebook.uplugin
LogPluginManager: Loaded Plugin OnlineSubsystemNull, From F:/Program Files (x86)/Epic Games/4.14/Engine/Plugins/Online/OnlineSubsystemNull/OnlineSubsystemNull.uplugin
LogPluginManager: Loaded Plugin OnlineSubsystemOculus, From F:/Program Files (x86)/Epic Games/4.14/Engine/Plugins/Online/OnlineSubsystemOculus/OnlineSubsystemOculus.uplugin
LogPluginManager: Loaded Plugin OnlineSubsystemSteam, From F:/Program Files (x86)/Epic Games/4.14/Engine/Plugins/Online/OnlineSubsystemSteam/OnlineSubsystemSteam.uplugin
LogPluginManager: Loaded Plugin OnlineSubsystemUtils, From F:/Program Files (x86)/Epic Games/4.14/Engine/Plugins/Online/OnlineSubsystemUtils/OnlineSubsystemUtils.uplugin
LogPluginManager: Loaded Plugin IOSTapJoy, From F:/Program Files (x86)/Epic Games/4.14/Engine/Plugins/Runtime/Advertising/IOSTapJoy/IOSTapJoy.uplugin
LogPluginManager: Loaded Plugin AnalyticsBlueprintLibrary, From F:/Program Files (x86)/Epic Games/4.14/Engine/Plugins/Runtime/Analytics/AnalyticsBlueprintLibrary/AnalyticsBlueprintLibrary.uplugin
LogPluginManager: Loaded Plugin AnalyticsMulticast, From F:/Program Files (x86)/Epic Games/4.14/Engine/Plugins/Runtime/Analytics/AnalyticsMulticast/AnalyticsMulticast.uplugin
LogPluginManager: Loaded Plugin Apsalar, From F:/Program Files (x86)/Epic Games/4.14/Engine/Plugins/Runtime/Analytics/Apsalar/Apsalar.uplugin
LogPluginManager: Loaded Plugin FileLogging, From F:/Program Files (x86)/Epic Games/4.14/Engine/Plugins/Runtime/Analytics/FileLogging/FileLogging.uplugin
LogPluginManager: Loaded Plugin Flurry, From F:/Program Files (x86)/Epic Games/4.14/Engine/Plugins/Runtime/Analytics/Flurry/Flurry.uplugin
LogPluginManager: Loaded Plugin AndroidDeviceProfileSelector, From F:/Program Files (x86)/Epic Games/4.14/Engine/Plugins/Runtime/AndroidDeviceProfileSelector/AndroidDeviceProfileSelector.uplugin
LogPluginManager: Loaded Plugin AndroidMoviePlayer, From F:/Program Files (x86)/Epic Games/4.14/Engine/Plugins/Runtime/AndroidMoviePlayer/AndroidMoviePlayer.uplugin
LogPluginManager: Loaded Plugin AppleMoviePlayer, From F:/Program Files (x86)/Epic Games/4.14/Engine/Plugins/Runtime/AppleMoviePlayer/AppleMoviePlayer.uplugin
LogPluginManager: Loaded Plugin ArchVisCharacter, From F:/Program Files (x86)/Epic Games/4.14/Engine/Plugins/Runtime/ArchVisCharacter/ArchVisCharacter.uplugin
LogPluginManager: Loaded Plugin CableComponent, From F:/Program Files (x86)/Epic Games/4.14/Engine/Plugins/Runtime/CableComponent/CableComponent.uplugin
LogPluginManager: Loaded Plugin CustomMeshComponent, From F:/Program Files (x86)/Epic Games/4.14/Engine/Plugins/Runtime/CustomMeshComponent/CustomMeshComponent.uplugin
LogPluginManager: Loaded Plugin ExampleDeviceProfileSelector, From F:/Program Files (x86)/Epic Games/4.14/Engine/Plugins/Runtime/ExampleDeviceProfileSelector/ExampleDeviceProfileSelector.uplugin
LogPluginManager: Loaded Plugin GearVR, From F:/Program Files (x86)/Epic Games/4.14/Engine/Plugins/Runtime/GearVR/GearVR.uplugin
LogPluginManager: Loaded Plugin GoogleVRController, From F:/Program Files (x86)/Epic Games/4.14/Engine/Plugins/Runtime/GoogleVR/GoogleVRController/GoogleVRController.uplugin
LogPluginManager: Loaded Plugin GoogleVRHMD, From F:/Program Files (x86)/Epic Games/4.14/Engine/Plugins/Runtime/GoogleVR/GoogleVRHMD/GoogleVRHMD.uplugin
LogPluginManager: Loaded Plugin IOSDeviceProfileSelector, From F:/Program Files (x86)/Epic Games/4.14/Engine/Plugins/Runtime/IOSDeviceProfileSelector/IOSDeviceProfileSelector.uplugin
LogPluginManager: Loaded Plugin LeapMotion, From F:/Program Files (x86)/Epic Games/4.14/Engine/Plugins/Runtime/LeapMotion/LeapMotion.uplugin
LogPluginManager: Loaded Plugin LinuxDeviceProfileSelector, From F:/Program Files (x86)/Epic Games/4.14/Engine/Plugins/Runtime/LinuxDeviceProfileSelector/LinuxDeviceProfileSelector.uplugin
LogPluginManager: Loaded Plugin MIDIDevice, From F:/Program Files (x86)/Epic Games/4.14/Engine/Plugins/Runtime/MIDIDevice/MIDIDevice.uplugin
LogPluginManager: Loaded Plugin MobilePatchingUtils, From F:/Program Files (x86)/Epic Games/4.14/Engine/Plugins/Runtime/MobilePatchingUtils/MobilePatchingUtils.uplugin
LogPluginManager: Loaded Plugin Ansel, From F:/Program Files (x86)/Epic Games/4.14/Engine/Plugins/Runtime/Nvidia/Ansel/Ansel.uplugin
LogPluginManager: Loaded Plugin OculusAudio, From F:/Program Files (x86)/Epic Games/4.14/Engine/Plugins/Runtime/OculusAudio/OculusAudio.uplugin
LogPluginManager: Loaded Plugin OculusInput, From F:/Program Files (x86)/Epic Games/4.14/Engine/Plugins/Runtime/OculusInput/OculusInput.uplugin
LogPluginManager: Loaded Plugin OculusLibrary, From F:/Program Files (x86)/Epic Games/4.14/Engine/Plugins/Runtime/OculusLibrary/OculusLibrary.uplugin
LogPluginManager: Loaded Plugin OculusRift, From F:/Program Files (x86)/Epic Games/4.14/Engine/Plugins/Runtime/OculusRift/OculusRift.uplugin
LogPluginManager: Loaded Plugin Oodle, From F:/Program Files (x86)/Epic Games/4.14/Engine/Plugins/Runtime/PacketHandlers/CompressionComponents/Oodle/Oodle.uplugin
LogPluginManager: Loaded Plugin ProceduralMeshComponent, From F:/Program Files (x86)/Epic Games/4.14/Engine/Plugins/Runtime/ProceduralMeshComponent/ProceduralMeshComponent.uplugin
LogPluginManager: Loaded Plugin SoundMod, From F:/Program Files (x86)/Epic Games/4.14/Engine/Plugins/Runtime/SoundMod/SoundMod.uplugin
LogPluginManager: Loaded Plugin SoundVisualizations, From F:/Program Files (x86)/Epic Games/4.14/Engine/Plugins/Runtime/SoundVisualizations/SoundVisualizations.uplugin
LogPluginManager: Loaded Plugin SteamController, From F:/Program Files (x86)/Epic Games/4.14/Engine/Plugins/Runtime/Steam/SteamController/SteamController.uplugin
LogPluginManager: Loaded Plugin SteamVR, From F:/Program Files (x86)/Epic Games/4.14/Engine/Plugins/Runtime/Steam/SteamVR/SteamVR.uplugin
LogPluginManager: Loaded Plugin WebBrowserWidget, From F:/Program Files (x86)/Epic Games/4.14/Engine/Plugins/Runtime/WebBrowserWidget/WebBrowserWidget.uplugin
LogPluginManager: Loaded Plugin WindowsDeviceProfileSelector, From F:/Program Files (x86)/Epic Games/4.14/Engine/Plugins/Runtime/WindowsDeviceProfileSelector/WindowsDeviceProfileSelector.uplugin
LogPluginManager: Loaded Plugin WindowsMoviePlayer, From F:/Program Files (x86)/Epic Games/4.14/Engine/Plugins/Runtime/WindowsMoviePlayer/WindowsMoviePlayer.uplugin
LogPluginManager: Loaded Plugin ScriptPlugin, From F:/Program Files (x86)/Epic Games/4.14/Engine/Plugins/ScriptPlugin/ScriptPlugin.uplugin
LogPluginManager: Loaded Plugin SlateRemote, From F:/Program Files (x86)/Epic Games/4.14/Engine/Plugins/Slate/SlateRemote/SlateRemote.uplugin
LogPluginManager: Loaded Plugin EditorTests, From F:/Program Files (x86)/Epic Games/4.14/Engine/Plugins/Tests/EditorTests/EditorTests.uplugin
LogPluginManager: Loaded Plugin FbxAutomationTestBuilder, From F:/Program Files (x86)/Epic Games/4.14/Engine/Plugins/Tests/FbxAutomationTestBuilder/FbxAutomationTestBuilder.uplugin
LogPluginManager: Loaded Plugin FunctionalTestingEditor, From F:/Program Files (x86)/Epic Games/4.14/Engine/Plugins/Tests/FunctionalTestingEditor/FunctionalTestingEditor.uplugin
LogPluginManager: Loaded Plugin RuntimeTests, From F:/Program Files (x86)/Epic Games/4.14/Engine/Plugins/Tests/RuntimeTests/RuntimeTests.uplugin
LogPluginManager: Loaded Plugin ScreenshotTools, From F:/Program Files (x86)/Epic Games/4.14/Engine/Plugins/Tests/ScreenshotTools/ScreenshotTools.uplugin
LogInit: Using libcurl 7.47.1
LogInit:  - built for x86_64-pc-win32
LogInit:  - supports SSL with OpenSSL/1.0.2g
LogInit:  - supports HTTP deflate (compression) using libz 1.2.8
LogInit:  - other features:
LogInit:      CURL_VERSION_SSL
LogInit:      CURL_VERSION_LIBZ
LogInit:      CURL_VERSION_IPV6
LogInit:      CURL_VERSION_ASYNCHDNS
LogInit:      CURL_VERSION_LARGEFILE
LogInit:      CURL_VERSION_IDN
LogInit:  CurlRequestOptions (configurable via config and command line):
LogInit:  - bVerifyPeer = false  - Libcurl will NOT verify peer certificate
LogInit:  - bUseHttpProxy = false  - Libcurl will NOT use HTTP proxy
LogInit:  - bDontReuseConnections = false  - Libcurl will reuse connections
LogInit:  - CertBundlePath = nullptr  - Libcurl will use whatever was configured at build time.
LogInit: Build: ++UE4+Release-4.14-CL-3249277
LogInit: Engine Version: 4.14.3-3249277+++UE4+Release-4.14
LogInit: Compatible Engine Version: 4.14.0-3195953+++UE4+Release-4.14
LogInit: Net CL: 3195953
LogDevObjectVersion: Number of dev versions registered: 13
LogDevObjectVersion:   Dev-Blueprints (B0D832E4-1F89-4F0D-ACCF-7EB736FD4AA2): 7
LogDevObjectVersion:   Dev-Build (E1C64328-A22C-4D53-A36C-8E866417BD8C): 0
LogDevObjectVersion:   Dev-Core (375EC13C-06E4-48FB-B500-84F0262A717E): 1
LogDevObjectVersion:   Dev-Editor (E4B068ED-F494-42E9-A231-DA0B2E46BB41): 8
LogDevObjectVersion:   Dev-Framework (CFFC743F-43B0-4480-9391-14DF171D2073): 17
LogDevObjectVersion:   Dev-Mobile (B02B49B5-BB20-44E9-A304-32B752E40360): 0
LogDevObjectVersion:   Dev-Networking (A4E4105C-59A1-49B5-A7C5-40C4547EDFEE): 0
LogDevObjectVersion:   Dev-Online (39C831C9-5AE6-47DC-9A44-9C173E1C8E7C): 0
LogDevObjectVersion:   Dev-Physics (78F01B33-EBEA-4F98-B9B4-84EACCB95AA2): 0
LogDevObjectVersion:   Dev-Platform (6631380F-2D4D-43E0-8009-CF276956A95A): 0
LogDevObjectVersion:   Dev-Rendering (12F88B9F-8875-4AFC-A67C-D90C383ABD29): 12
LogDevObjectVersion:   Dev-Sequencer (7B5AE74C-D270-4C10-A958-57980B212A5A): 1
LogDevObjectVersion:   Dev-VR (D7296918-1DD6-4BDD-9DE2-64A83CC13884): 0
LogInit: Compiled (64-bit): Jan  6 2017 10:49:43
LogInit: Compiled with Visual C++: 19.00.23026.00
LogInit: Build Configuration: Development
LogInit: Branch Name: ++UE4+Release-4.14
LogInit: Command line:  
LogInit: Base directory: F:/Program Files (x86)/Epic Games/4.14/Engine/Binaries/Win64/
LogInit: Installed Engine Build: 1
LogInit: Presizing for max 8388607 objects, including 0 objects not considered by GC, pre-allocating 0 bytes for permanent pool.
LogInit: Object subsystem initialized
[2017.02.13-18.35.30:816][  0]LogInit: Selected Device Profile: [Windows]
[2017.02.13-18.35.30:816][  0]LogInit: Applying CVar settings loaded from the selected device profile: [Windows]
[2017.02.13-18.35.30:824][  0]LogInit: Computer: FRR-PC
[2017.02.13-18.35.30:824][  0]LogInit: User: Frr
[2017.02.13-18.35.30:824][  0]LogInit: CPU Page size=65536, Cores=4
[2017.02.13-18.35.30:824][  0]LogInit: High frequency timer resolution =3.429228 MHz
[2017.02.13-18.35.30:824][  0]LogMemory: Memory total: Physical=16.0GB (16GB approx)
[2017.02.13-18.35.30:824][  0]LogMemory: Platform Memory Stats for Windows
[2017.02.13-18.35.30:824][  0]LogMemory: Process Physical Memory: 265.63 MB used, 265.63 MB peak
[2017.02.13-18.35.30:824][  0]LogMemory: Process Virtual Memory: 265.43 MB used, 265.43 MB peak
[2017.02.13-18.35.30:824][  0]LogMemory: Physical Memory: 6277.80 MB used,  10073.34 MB free, 16351.14 MB total
[2017.02.13-18.35.30:824][  0]LogMemory: Virtual Memory: 664.11 MB used,  10073.34 MB free, 8388608.00 MB total
[2017.02.13-18.35.30:858][  0]LogTextLocalizationManager: No specific translations for ('en-GB') exist, so ('en') translations will be used.
[2017.02.13-18.35.31:442][  0]LogD3D11RHI: D3D11 adapters:
[2017.02.13-18.35.31:466][  0]LogD3D11RHI:    0. 'NVIDIA GeForce GTX 770' (Feature Level 11_0)
[2017.02.13-18.35.31:466][  0]LogD3D11RHI:       1989/0/7919 MB DedicatedVideo/DedicatedSystem/SharedSystem, Outputs:1, VendorId:0x10de
[2017.02.13-18.35.31:466][  0]LogD3D11RHI: Chosen D3D11 Adapter: 0
[2017.02.13-18.35.31:471][  0]LogD3D11RHI: Creating new Direct3DDevice
[2017.02.13-18.35.31:471][  0]LogD3D11RHI:     GPU DeviceId: 0x1184 (for the marketing name, search the web for "GPU Device Id")
[2017.02.13-18.35.31:471][  0]LogWindows: EnumDisplayDevices:
[2017.02.13-18.35.31:471][  0]LogWindows:    0. 'NVIDIA GeForce GTX 770' (P:1 D:1)
[2017.02.13-18.35.31:471][  0]LogWindows:    1. 'NVIDIA GeForce GTX 770' (P:0 D:0)
[2017.02.13-18.35.31:471][  0]LogWindows:    2. 'NVIDIA GeForce GTX 770' (P:0 D:0)
[2017.02.13-18.35.31:471][  0]LogWindows:    3. 'NVIDIA GeForce GTX 770' (P:0 D:0)
[2017.02.13-18.35.31:472][  0]LogWindows:    4. 'RDPDD Chained DD' (P:0 D:0)
[2017.02.13-18.35.31:472][  0]LogWindows:    5. 'RDP Encoder Mirror Driver' (P:0 D:0)
[2017.02.13-18.35.31:472][  0]LogWindows:    6. 'RDP Reflector Display Driver' (P:0 D:0)
[2017.02.13-18.35.31:472][  0]LogWindows: DebugString: GetVideoDriverDetailsInvalid PrimaryIsNotTheChoosenAdapter GetVideoDriverDetailsInvalid PrimaryIsNotTheChoosenAdapter GetVideoDriverDetailsInvalid PrimaryIsNotTheChoosenAdapter FoundDriverCount:4 
[2017.02.13-18.35.31:472][  0]LogD3D11RHI:     Adapter Name: NVIDIA GeForce GTX 770
[2017.02.13-18.35.31:472][  0]LogD3D11RHI:   Driver Version: 378.49 (internal:21.21.13.7849, unified:378.49)
[2017.02.13-18.35.31:472][  0]LogD3D11RHI:      Driver Date: 1-20-2017
[2017.02.13-18.35.31:472][  0]LogRHI: Texture pool is 1361 MB (70% of 1945 MB)
[2017.02.13-18.35.31:481][  0]LogD3D11RHI:Warning: Timestamp queries are currently disabled on this hardware due to instability. Realtime GPU stats will not be available. You can override this behaviour by setting r.NVIDIATimestampWorkaround to 0
[2017.02.13-18.35.31:481][  0]LogD3D11RHI: Async texture creation enabled
[2017.02.13-18.35.31:495][  0]LogD3D11RHI: GPU Timing Frequency: 1000.000000 (Debug: 2 2)
[2017.02.13-18.35.31:495][  0]LogShaderCompilers: Guid format shader working directory is 2 characters bigger than the processId version (C:/Users/Frr/Documents/GitHub/SpaceMilkman/Intermediate/Shaders/WorkingDirectory/7496/).
[2017.02.13-18.35.31:495][  0]LogShaderCompilers: Cleaned the shader compiler working directory 'C:/Users/Frr/AppData/Local/Temp/UnrealShaderWorkingDir/6949FC0F4F6690B9FECA0AA577D8B2F6/'.
[2017.02.13-18.35.31:495][  0]LogShaderCompilers:Display: Using Local Shader Compiler.
[2017.02.13-18.35.32:500][  0]LogTemp:Display: Loaded TP AllDesktopTargetPlatform
[2017.02.13-18.35.32:549][  0]LogTemp:Display: Loaded TP MacClientTargetPlatform
[2017.02.13-18.35.32:599][  0]LogTemp:Display: Loaded TP MacNoEditorTargetPlatform
[2017.02.13-18.35.32:649][  0]LogTemp:Display: Loaded TP MacServerTargetPlatform
[2017.02.13-18.35.32:699][  0]LogTemp:Display: Loaded TP MacTargetPlatform
[2017.02.13-18.35.32:749][  0]LogTemp:Display: Loaded TP WindowsClientTargetPlatform
[2017.02.13-18.35.32:799][  0]LogTemp:Display: Loaded TP WindowsNoEditorTargetPlatform
[2017.02.13-18.35.32:849][  0]LogTemp:Display: Loaded TP WindowsServerTargetPlatform
[2017.02.13-18.35.32:888][  0]LogTemp:Display: Loaded TP WindowsTargetPlatform
[2017.02.13-18.35.32:935][  0]LogTemp:Display: Loaded TP AndroidTargetPlatform
[2017.02.13-18.35.32:984][  0]LogTemp:Display: Loaded TP Android_ASTCTargetPlatform
[2017.02.13-18.35.33:032][  0]LogTemp:Display: Loaded TP Android_ATCTargetPlatform
[2017.02.13-18.35.33:081][  0]LogTemp:Display: Loaded TP Android_DXTTargetPlatform
[2017.02.13-18.35.33:128][  0]LogTemp:Display: Loaded TP Android_ETC1TargetPlatform
[2017.02.13-18.35.33:177][  0]LogTemp:Display: Loaded TP Android_ETC2TargetPlatform
[2017.02.13-18.35.33:273][  0]LogTemp:Display: Loaded TP Android_MultiTargetPlatform
[2017.02.13-18.35.33:273][  0]LogTemp:Display: Loaded TP Android_PVRTCTargetPlatform
[2017.02.13-18.35.33:304][  0]LogTemp:Display: Loaded TP HTML5TargetPlatform
[2017.02.13-18.35.33:377][  0]LogTemp:Display: Loaded TP IOSTargetPlatform
[2017.02.13-18.35.33:406][  0]LogTemp:Display: Loaded TP TVOSTargetPlatform
[2017.02.13-18.35.33:453][  0]LogTemp:Display: Loaded TP LinuxClientTargetPlatform
[2017.02.13-18.35.33:500][  0]LogTemp:Display: Loaded TP LinuxNoEditorTargetPlatform
[2017.02.13-18.35.33:549][  0]LogTemp:Display: Loaded TP LinuxServerTargetPlatform
[2017.02.13-18.35.33:597][  0]LogTemp:Display: Loaded TP LinuxTargetPlatform
[2017.02.13-18.35.33:597][  0]LogTargetPlatformManager:Display: Building Assets For Windows
[2017.02.13-18.35.33:906][  0]LogDerivedDataCache:Display: Max Cache Size: 512 MB
[2017.02.13-18.35.33:950][  0]LogDerivedDataCache: Loaded boot cache 0.04s 50MB C:/Users/Frr/AppData/Local/UnrealEngine/4.14/DerivedDataCache/Boot.ddc.
[2017.02.13-18.35.33:951][  0]LogDerivedDataCache:Display: Loaded Boot cache: C:/Users/Frr/AppData/Local/UnrealEngine/4.14/DerivedDataCache/Boot.ddc
[2017.02.13-18.35.33:951][  0]LogDerivedDataCache: FDerivedDataBackendGraph:  Pak pak cache file C:/Users/Frr/Documents/GitHub/SpaceMilkman/DerivedDataCache/DDC.ddp not found, will not use a pak cache.
[2017.02.13-18.35.33:951][  0]LogDerivedDataCache: Unable to find inner node Pak for hierarchical cache Hierarchy.
[2017.02.13-18.35.33:951][  0]LogDerivedDataCache: FDerivedDataBackendGraph:  CompressedPak pak cache file C:/Users/Frr/Documents/GitHub/SpaceMilkman/DerivedDataCache/Compressed.ddp not found, will not use a pak cache.
[2017.02.13-18.35.33:951][  0]LogDerivedDataCache: Unable to find inner node CompressedPak for hierarchical cache Hierarchy.
[2017.02.13-18.35.33:967][  0]LogDerivedDataCache:Display: Pak cache opened for reading ../../../Engine/DerivedDataCache/Compressed.ddp.
[2017.02.13-18.35.33:980][  0]LogDerivedDataCache: Using Local data cache path C:/Users/Frr/AppData/Local/UnrealEngine/Common/DerivedDataCache: Writable
[2017.02.13-18.35.34:206][  0]LogInit: Selected Device Profile: [Windows]
[2017.02.13-18.35.34:208][  0]LogContentStreaming: Texture pool size is 0.00 MB
[2017.02.13-18.35.34:408][  0]LogMeshUtilities: Using QuadricMeshReduction for automatic static mesh reduction
[2017.02.13-18.35.34:445][  0]LogSimplygon: Simplygon DLL not present - disabling.
[2017.02.13-18.35.34:488][  0]LogMeshUtilities: Using SimplygonSwarm for distributed automatic mesh merging
[2017.02.13-18.35.34:488][  0]LogMeshUtilities: No automatic skeletal mesh reduction module available
[2017.02.13-18.35.34:488][  0]LogMeshUtilities: No automatic mesh merging module available
[2017.02.13-18.35.34:955][  0]LogNetVersion: GetLocalNetworkVersion: CL: 3195953, ProjectName: spacemilkman, ProjectVersion: , EngineNetworkVersion: 2, GameNetworkVersion: 0, NetworkChecksum: 1253371032
[2017.02.13-18.35.35:004][  0]LogAssetRegistry: FAssetRegistry took 0.0198 seconds to start up
[2017.02.13-18.35.35:041][  0]LogPackageLocalizationCache: Processed 3 localized package path(s) for 2 prioritized culture(s) in 0.021873 seconds
[2017.02.13-18.35.35:047][  0]LogUObjectArray: 31946 objects as part of root set at end of initial load.
[2017.02.13-18.35.35:047][  0]LogUObjectAllocator: 6935840 out of 0 bytes used by permanent object pool.
[2017.02.13-18.35.35:047][  0]LogUObjectArray: CloseDisregardForGC: 0/0 objects in disregard for GC pool
[2017.02.13-18.35.35:091][  0]LogInit: WinSock: version 1.1 (2.2), MaxSocks=32767, MaxUdp=65467
[2017.02.13-18.35.35:702][  0]LogSlate: Using Freetype 2.6.0
[2017.02.13-18.35.35:702][  0]LogSlate: SlateFontCache - WITH_FREETYPE: 1, WITH_HARFBUZZ: 1
[2017.02.13-18.35.35:702][  0]LogSlate: SlateFontCache - WITH_FREETYPE: 1, WITH_HARFBUZZ: 1
[2017.02.13-18.35.36:504][  0]LogTcpMessaging: Initializing TcpMessaging bridge
[2017.02.13-18.35.36:536][  0]LogUdpMessaging: Initializing bridge on interface 0.0.0.0:0 to multicast group 230.0.0.1:6666.
[2017.02.13-18.35.36:825][  0]LogMaterial: Uniform references updated for custom material expression Custom.
[2017.02.13-18.35.37:169][  0]SourceControl: Info Source control is disabled
[2017.02.13-18.35.37:171][  0]SourceControl: Info Source control is disabled
[2017.02.13-18.35.37:212][  0]SourceControl: Info Source control is disabled
[2017.02.13-18.35.37:252][  0]SourceControl: Info Source control is disabled
[2017.02.13-18.35.38:338][  0]LogEngine: Initializing Engine...
[2017.02.13-18.35.38:354][  0]LogHMD: Failed to initialize OpenVR with code 108
[2017.02.13-18.35.38:574][  0]LogAIModule: Creating AISystem for world Untitled
[2017.02.13-18.35.38:598][  0]LogInit: XAudio2 using 'Speakers (Realtek High Definition Audio)' : 2 channels at 48 kHz using 32 bits per sample (channel mask 0x3)
[2017.02.13-18.35.38:609][  0]LogInit: FAudioDevice initialized.
[2017.02.13-18.35.38:634][  0]LogDerivedDataCache: Saved boot cache 0.03s 50MB C:/Users/Frr/AppData/Local/UnrealEngine/4.14/DerivedDataCache/Boot.ddc.
[2017.02.13-18.35.38:638][  0]LogInit: Texture streaming: Enabled
[2017.02.13-18.35.38:781][  0]LogInit: Transaction tracking system initialized
[2017.02.13-18.35.39:070][  0]BlueprintLog: New page: Editor Load
[2017.02.13-18.35.39:779][  0]LocalizationService: Info Localization service is disabled
[2017.02.13-18.35.40:313][  0]LogConsoleResponse:Display: 
[2017.02.13-18.35.40:435][  0]LogCook:Display: Max memory allowance for cook 16384mb min free memory 0mb
[2017.02.13-18.35.40:435][  0]LogCook:Display: Mobile HDR setting 1
[2017.02.13-18.35.40:684][  0]LogFileCache: Scanning file cache for directory 'C:/Users/Frr/Documents/GitHub/SpaceMilkman/Content/' took 0.01s
[2017.02.13-18.35.41:210][  0]SourceControl: Info Source control is disabled
[2017.02.13-18.35.41:210][  0]Cmd: MAP LOAD FILE="C:/Users/Frr/Documents/GitHub/SpaceMilkman/Content/My2DMap.umap" TEMPLATE=0 SHOWPROGRESS=1 FEATURELEVEL=3
[2017.02.13-18.35.41:210][  0]LightingResults: New page: Lighting Build
[2017.02.13-18.35.41:243][  0]MapCheck: New page: Map Check
[2017.02.13-18.35.41:243][  0]LightingResults: New page: Lighting Build
[2017.02.13-18.35.41:437][  0]LogAIModule: Creating AISystem for world My2DMap
[2017.02.13-18.35.41:444][  0]LogEditorServer: Finished looking for orphan Actors (0.000 secs)
[2017.02.13-18.35.41:444][  0]Cmd: MAP CHECKDEP NOCLEARLOG
[2017.02.13-18.35.41:491][  0]MapCheck: Info Map check complete: 0 Error(s), 0 Warning(s), took 47.174ms to complete.
[2017.02.13-18.35.41:492][  0]LogFileHelpers: Loading map 'My2DMap' took 0.282
[2017.02.13-18.35.41:615][  0]LogCollectionManager: Loaded 0 collections in 0.002099 seconds
[2017.02.13-18.35.41:682][  0]LogFileCache: Scanning file cache for directory 'C:/Users/Frr/Documents/GitHub/SpaceMilkman/Saved/Collections/' took 0.01s
[2017.02.13-18.35.41:682][  0]LogFileCache: Scanning file cache for directory 'C:/Users/Frr/Documents/GitHub/SpaceMilkman/Content/Developers/Frr/Collections/' took 0.01s
[2017.02.13-18.35.41:682][  0]LogFileCache: Scanning file cache for directory 'C:/Users/Frr/Documents/GitHub/SpaceMilkman/Content/Collections/' took 0.01s
[2017.02.13-18.35.41:682][  0]LogCollectionManager: Rebuilt the GUID cache for 0 collections in 0.000002 seconds
[2017.02.13-18.35.41:691][  0]LogContentBrowser: Native class hierarchy populated in 0.0084 seconds. Added 2190 classes and 428 folders.
[2017.02.13-18.35.41:725][  0]LogStats: UGameplayTagsManager::ConstructGameplayTagTree: Construct from data asset -  0.000 s
[2017.02.13-18.35.41:725][  0]LogStats: UGameplayTagsManager::ConstructGameplayTagTree: GameplayTagTreeChangedEvent.Broadcast -  0.000 s
[2017.02.13-18.35.41:726][  0]LogContentBrowser: Native class hierarchy updated for 'GameplayTags' in 0.0005 seconds. Added 13 classes and 0 folders.
[2017.02.13-18.35.41:775][  0]LogContentBrowser: Native class hierarchy updated for 'WidgetCarousel' in 0.0005 seconds. Added 0 classes and 0 folders.
[2017.02.13-18.35.41:818][  0]LogContentBrowser: Native class hierarchy updated for 'AddContentDialog' in 0.0005 seconds. Added 0 classes and 0 folders.
[2017.02.13-18.35.41:853][  0]LogContentBrowser: Native class hierarchy updated for 'SceneOutliner' in 0.0005 seconds. Added 1 classes and 2 folders.
[2017.02.13-18.35.41:918][  0]LogCrashTracker: Crashtracker disabled due to settings.
[2017.02.13-18.35.41:923][  0]LogUObjectGlobals:Warning: Failed to find object 'Class None.'
[2017.02.13-18.35.41:980][  0]LogContentBrowser: Native class hierarchy updated for 'HierarchicalLODOutliner' in 0.0005 seconds. Added 1 classes and 2 folders.
[2017.02.13-18.35.41:981][  0]LogLoad: (Engine Initialization) Total time: 12.61 seconds
[2017.02.13-18.35.41:981][  0]LogLoad: (Engine Initialization) Total Blueprint compile time: 0.07 seconds
[2017.02.13-18.35.41:981][  0]LogExternalProfiler: Found external profiler: VSPerf
[2017.02.13-18.35.41:981][  0]LogExternalProfiler: Using external profiler: VSPerf
[2017.02.13-18.35.41:990][  0]LogOcInput: OculusInput pre-init called
[2017.02.13-18.35.42:011][  0]LogContentStreaming: Texture pool size now 1000 MB
[2017.02.13-18.35.42:142][  0]LogRenderer: Reallocating scene render targets to support 1016x576 NumSamples 1 (Frame:2).
[2017.02.13-18.35.42:187][  1]LogAssetRegistry: Asset discovery search completed in 7.2038 seconds
[2017.02.13-18.35.42:187][  1]LogCollectionManager: Rebuilt the object cache for 0 collections in 0.000001 seconds (found 0 objects)
[2017.02.13-18.35.42:187][  1]LogCollectionManager: Fixed up redirectors for 0 collections in 0.000016 seconds (updated 0 objects)
[2017.02.13-18.35.45:400][357]LogAIModule: Creating AISystem for world Playground_for_BB
[2017.02.13-18.35.45:419][357]Cmd: MAP LOAD FILE="C:/Users/Frr/Documents/GitHub/SpaceMilkman/Content/Playground_for_BB.umap" TEMPLATE=0 SHOWPROGRESS=1 FEATURELEVEL=3
[2017.02.13-18.35.45:419][357]LightingResults: New page: Lighting Build
[2017.02.13-18.35.45:420][357]LoadErrors: New page: Loading map: Playground_for_BB.umap
[2017.02.13-18.35.45:420][357]MapCheck: New page: Map Check
[2017.02.13-18.35.45:420][357]LightingResults: New page: Lighting Build
[2017.02.13-18.35.45:470][357]LogEditorServer: Finished looking for orphan Actors (0.000 secs)
[2017.02.13-18.35.45:482][357]Cmd: MAP CHECKDEP NOCLEARLOG
[2017.02.13-18.35.45:530][357]MapCheck: Info Map check complete: 0 Error(s), 0 Warning(s), took 48.266ms to complete.
[2017.02.13-18.35.45:530][357]LogFileHelpers: Loading map 'Playground_for_BB' took 0.112
[2017.02.13-18.35.47:060][535]LogTemp: Repeting last play command: Selected Viewport
[2017.02.13-18.35.47:067][535]LogPlayLevel: PlayLevel: No blueprints needed recompiling
[2017.02.13-18.35.47:068][535]PIE: New page: PIE session: Playground_for_BB (13 Feb 2017 18:35:47)
[2017.02.13-18.35.47:068][535]LogPlayLevel: Creating play world package: /Game/UEDPIE_0_Playground_for_BB
[2017.02.13-18.35.47:070][535]LogPlayLevel: PIE: StaticDuplicateObject took: (0.002105s)
[2017.02.13-18.35.47:070][535]LogAIModule: Creating AISystem for world Playground_for_BB
[2017.02.13-18.35.47:071][535]LogPlayLevel: PIE: World Init took: (0.000866s)
[2017.02.13-18.35.47:071][535]LogPlayLevel: PIE: Created PIE world by copying editor world from /Game/Playground_for_BB.Playground_for_BB to /Game/UEDPIE_0_Playground_for_BB.Playground_for_BB (0.003186s)
[2017.02.13-18.35.47:090][535]LogInit: XAudio2 using 'Speakers (Realtek High Definition Audio)' : 2 channels at 48 kHz using 32 bits per sample (channel mask 0x3)
[2017.02.13-18.35.47:098][535]LogInit: FAudioDevice initialized.
[2017.02.13-18.35.47:144][535]LogLoad: Game class is 'PaperGameMode_C'
[2017.02.13-18.35.47:146][535]LogWorld: Bringing World /Game/UEDPIE_0_Playground_for_BB.Playground_for_BB up for play (max tick rate 0) at 2017.02.13-18.35.47
[2017.02.13-18.35.47:147][535]LogWorld: Bringing up level for play took: 0.001732
[2017.02.13-18.35.47:183][535]LogContentBrowser: Native class hierarchy updated for 'MovieSceneCapture' in 0.0006 seconds. Added 11 classes and 0 folders.
[2017.02.13-18.35.47:185][535]PIE: Info Play in editor start time for /Game/UEDPIE_0_Playground_for_BB -0.488
[2017.02.13-18.36.08:803][819]LogAIModule: Creating AISystem for world My2DMap
[2017.02.13-18.36.08:830][819]LogAIModule: Creating AISystem for world My2DMap_2
[2017.02.13-18.36.15:196][492]Cmd: OBJ SAVEPACKAGE PACKAGE="/Game/Milk" FILE="C:/Users/Frr/Documents/GitHub/SpaceMilkman/Content/Milk.umap" SILENT=true AUTOSAVING=false KEEPDIRTY=false
[2017.02.13-18.36.15:238][492]LogSavePackage: Save=28.30ms
[2017.02.13-18.36.15:238][492]LogSavePackage: Moving 'C:/Users/Frr/Documents/GitHub/SpaceMilkman/Saved/MilkADE655334C4B7BE01775838A5FB17A65.tmp' to 'C:/Users/Frr/Documents/GitHub/SpaceMilkman/Content/Milk.umap'
[2017.02.13-18.36.15:239][492]LogSavePackage:Display: Finished SavePackage C:/Users/Frr/Documents/GitHub/SpaceMilkman/Content/Milk.umap
[2017.02.13-18.36.15:243][492]LogFileHelpers: Saving map 'Milk' took 0.097
[2017.02.13-18.36.20:826][771]Cmd: OBJ SAVEPACKAGE PACKAGE="/Game/Milk" FILE="C:/Users/Frr/Documents/GitHub/SpaceMilkman/Content/Milk.umap" SILENT=true AUTOSAVING=false KEEPDIRTY=false
[2017.02.13-18.36.20:886][771]LogSavePackage: Save=24.46ms
[2017.02.13-18.36.20:886][771]LogSavePackage: Moving 'C:/Users/Frr/Documents/GitHub/SpaceMilkman/Saved/Milk30CFA2FE475A9600DA957F8D558D6161.tmp' to 'C:/Users/Frr/Documents/GitHub/SpaceMilkman/Content/Milk.umap'
[2017.02.13-18.36.20:888][771]LogSavePackage:Display: Finished SavePackage C:/Users/Frr/Documents/GitHub/SpaceMilkman/Content/Milk.umap
[2017.02.13-18.36.20:891][771]LogFileHelpers: Saving map 'Milk' took 0.121
[2017.02.13-18.36.20:891][771]Cmd: OBJ SAVEPACKAGE PACKAGE="/Game/My2DMap_2" FILE="C:/Users/Frr/Documents/GitHub/SpaceMilkman/Content/My2DMap_2.uasset" SILENT=true
[2017.02.13-18.36.20:893][771]LogSavePackage: Save=0.80ms
[2017.02.13-18.36.20:893][771]LogSavePackage: Moving 'C:/Users/Frr/Documents/GitHub/SpaceMilkman/Saved/My2DMap_2FF40D22A420D8125D5C201B53E38F486.tmp' to 'C:/Users/Frr/Documents/GitHub/SpaceMilkman/Content/My2DMap_2.uasset'
[2017.02.13-18.36.20:895][771]LogSavePackage:Display: Finished SavePackage C:/Users/Frr/Documents/GitHub/SpaceMilkman/Content/My2DMap_2.uasset
[2017.02.13-18.36.20:897][771]Cmd: MAP LOAD FILE="C:/Users/Frr/Documents/GitHub/SpaceMilkman/Content/Milk.umap" TEMPLATE=0 SHOWPROGRESS=1 FEATURELEVEL=3
[2017.02.13-18.36.20:897][771]LightingResults: New page: Lighting Build
[2017.02.13-18.36.20:898][771]LoadErrors: New page: Loading map: Milk.umap
[2017.02.13-18.36.20:898][771]MapCheck: New page: Map Check
[2017.02.13-18.36.20:898][771]LightingResults: New page: Lighting Build
[2017.02.13-18.36.20:968][771]LogEditorServer: Finished looking for orphan Actors (0.000 secs)
[2017.02.13-18.36.20:985][771]Cmd: MAP CHECKDEP NOCLEARLOG
[2017.02.13-18.36.21:034][771]MapCheck: Info Map check complete: 0 Error(s), 0 Warning(s), took 48.78ms to complete.
[2017.02.13-18.36.21:034][771]LogFileHelpers: Loading map 'Milk' took 0.139
[2017.02.13-18.36.26:486][412]LogAIModule: Creating AISystem for world Playground_for_BB
[2017.02.13-18.36.28:177][412]Cmd: OBJ SAVEPACKAGE PACKAGE="/Game/Milk" FILE="C:/Users/Frr/Documents/GitHub/SpaceMilkman/Content/Milk.umap" SILENT=true AUTOSAVING=false KEEPDIRTY=false
[2017.02.13-18.36.28:225][412]LogSavePackage: Save=24.38ms
[2017.02.13-18.36.28:225][412]LogSavePackage: Moving 'C:/Users/Frr/Documents/GitHub/SpaceMilkman/Saved/MilkA4F5EA41407122369D421B8542CD3565.tmp' to 'C:/Users/Frr/Documents/GitHub/SpaceMilkman/Content/Milk.umap'
[2017.02.13-18.36.28:226][412]LogSavePackage:Display: Finished SavePackage C:/Users/Frr/Documents/GitHub/SpaceMilkman/Content/Milk.umap
[2017.02.13-18.36.28:237][412]LogFileHelpers: Saving map 'Milk' took 0.124
[2017.02.13-18.36.28:238][412]Cmd: MAP LOAD FILE="C:/Users/Frr/Documents/GitHub/SpaceMilkman/Content/Playground_for_BB.umap" TEMPLATE=0 SHOWPROGRESS=1 FEATURELEVEL=3
[2017.02.13-18.36.28:238][412]LightingResults: New page: Lighting Build
[2017.02.13-18.36.28:239][412]LoadErrors: New page: Loading map: Playground_for_BB.umap
[2017.02.13-18.36.28:240][412]MapCheck: New page: Map Check
[2017.02.13-18.36.28:240][412]LightingResults: New page: Lighting Build
[2017.02.13-18.36.28:291][412]LogEditorServer: Finished looking for orphan Actors (0.000 secs)
[2017.02.13-18.36.28:303][412]Cmd: MAP CHECKDEP NOCLEARLOG
[2017.02.13-18.36.28:352][412]MapCheck: Info Map check complete: 0 Error(s), 0 Warning(s), took 49.635ms to complete.
[2017.02.13-18.36.28:353][412]LogFileHelpers: Loading map 'Playground_for_BB' took 0.116
[2017.02.13-18.36.32:337][880]LogAIModule: Creating AISystem for world Milk
[2017.02.13-18.36.32:352][880]Cmd: MAP LOAD FILE="C:/Users/Frr/Documents/GitHub/SpaceMilkman/Content/Milk.umap" TEMPLATE=0 SHOWPROGRESS=1 FEATURELEVEL=3
[2017.02.13-18.36.32:352][880]LightingResults: New page: Lighting Build
[2017.02.13-18.36.32:353][880]LoadErrors: New page: Loading map: Milk.umap
[2017.02.13-18.36.32:353][880]MapCheck: New page: Map Check
[2017.02.13-18.36.32:353][880]LightingResults: New page: Lighting Build
[2017.02.13-18.36.32:403][880]LogEditorServer: Finished looking for orphan Actors (0.000 secs)
[2017.02.13-18.36.32:414][880]Cmd: MAP CHECKDEP NOCLEARLOG
[2017.02.13-18.36.32:463][880]MapCheck: Info Map check complete: 0 Error(s), 0 Warning(s), took 48.846ms to complete.
[2017.02.13-18.36.32:463][880]LogFileHelpers: Loading map 'Milk' took 0.112
[2017.02.13-18.38.04:705][444]LogFactory: FactoryCreateFile: Texture with ReimportTextureFactory (0 0 C:/Users/Frr/Documents/Frr's Stuff/AGDS/Group Game/Current Prototype/Space Milkman(2.0)/Assets/Art/Collectibles/Collectible.png)
[2017.02.13-18.38.04:715][444]LogTexture:Display: Building textures: Collectible (AutoDXT)
[2017.02.13-18.38.21:740][418]Cmd: OBJ SAVEPACKAGE PACKAGE="/Game/Sprites/Collectible_Sprite" FILE="C:/Users/Frr/Documents/GitHub/SpaceMilkman/Content/Sprites/Collectible_Sprite.uasset" SILENT=true
[2017.02.13-18.38.21:746][418]LogSavePackage: Save=5.00ms
[2017.02.13-18.38.21:746][418]LogSavePackage: Moving 'C:/Users/Frr/Documents/GitHub/SpaceMilkman/Saved/Collectible_Sprite392676FB41CC20D47F7A9386F6300C0A.tmp' to 'C:/Users/Frr/Documents/GitHub/SpaceMilkman/Content/Sprites/Collectible_Sprite.uasset'
[2017.02.13-18.38.21:747][418]LogSavePackage:Display: Finished SavePackage C:/Users/Frr/Documents/GitHub/SpaceMilkman/Content/Sprites/Collectible_Sprite.uasset
[2017.02.13-18.38.52:702][162]LogFactory: FactoryCreateFile: Texture with ReimportTextureFactory (0 0 C:/Users/Frr/Pictures/space.jpg)
[2017.02.13-18.38.52:784][162]LogTexture:Display: Building textures: space (AutoDXT)
[2017.02.13-18.38.57:747][482]Cmd: OBJ SAVEPACKAGE PACKAGE="/Game/Milk" FILE="C:/Users/Frr/Documents/GitHub/SpaceMilkman/Content/Milk.umap" SILENT=true AUTOSAVING=false KEEPDIRTY=false
[2017.02.13-18.38.57:804][482]LogSavePackage: Save=26.40ms
[2017.02.13-18.38.57:804][482]LogSavePackage: Moving 'C:/Users/Frr/Documents/GitHub/SpaceMilkman/Saved/Milk8E412FF0496046D5E80FE085A0A6132D.tmp' to 'C:/Users/Frr/Documents/GitHub/SpaceMilkman/Content/Milk.umap'
[2017.02.13-18.38.57:805][482]LogSavePackage:Display: Finished SavePackage C:/Users/Frr/Documents/GitHub/SpaceMilkman/Content/Milk.umap
[2017.02.13-18.39.40:376][517]LogContentBrowser: Native class hierarchy updated for 'BlueprintGraph' in 0.0009 seconds. Added 111 classes and 0 folders.
[2017.02.13-18.39.55:622][685]LogRenderer: Reallocating scene render targets to support 1016x696 NumSamples 1 (Frame:13530).
[2017.02.13-18.42.41:091][515]BlueprintLog: New page: Compile Milk
[2017.02.13-18.42.42:200][612]Cmd: OBJ SAVEPACKAGE PACKAGE="/Game/Blueprints/Milk" FILE="C:/Users/Frr/Documents/GitHub/SpaceMilkman/Content/Blueprints/Milk.uasset" SILENT=true
[2017.02.13-18.42.42:212][612]LogSavePackage: Save=8.60ms
[2017.02.13-18.42.42:212][612]LogSavePackage: Moving 'C:/Users/Frr/Documents/GitHub/SpaceMilkman/Saved/Milk1DA1D5274E93607DDBA9B9BC334082E0.tmp' to 'C:/Users/Frr/Documents/GitHub/SpaceMilkman/Content/Blueprints/Milk.uasset'
[2017.02.13-18.42.42:213][612]LogSavePackage:Display: Finished SavePackage C:/Users/Frr/Documents/GitHub/SpaceMilkman/Content/Blueprints/Milk.uasset
[2017.02.13-18.46.33:644][164]BlueprintLog: New page: Compile MyCharacter
[2017.02.13-18.46.34:300][215]Cmd: OBJ SAVEPACKAGE PACKAGE="/Game/Blueprints/MyCharacter" FILE="C:/Users/Frr/Documents/GitHub/SpaceMilkman/Content/Blueprints/MyCharacter.uasset" SILENT=true
[2017.02.13-18.46.34:371][215]LogSavePackage: Save=45.78ms
[2017.02.13-18.46.34:371][215]LogSavePackage: Moving 'C:/Users/Frr/Documents/GitHub/SpaceMilkman/Saved/MyCharacterC4C37DE24BB7C720C0909DA2210488C6.tmp' to 'C:/Users/Frr/Documents/GitHub/SpaceMilkman/Content/Blueprints/MyCharacter.uasset'
[2017.02.13-18.46.34:372][215]LogSavePackage:Display: Finished SavePackage C:/Users/Frr/Documents/GitHub/SpaceMilkman/Content/Blueprints/MyCharacter.uasset
[2017.02.13-18.48.20:620][738]LogFactory: FactoryCreateFile: SoundWave with ReimportSoundFactory (0 0 C:/Users/Frr/Documents/Frr's Stuff/AGDS/2D Platformer/2D Platformer/Assets/Audio/Coin.wav)
[2017.02.13-18.48.20:623][738]LogAudioDerivedData:Display: Building compressed audio format OGG wave Coin...
[2017.02.13-18.48.20:630][738]LogAudioDerivedData:Warning: Updated SoundWave->RawPCMDataSize during cooking SoundWave /Game/Audio/Coin.Coin.
[2017.02.13-18.49.06:146][185]LogFileHelpers: Editor autosave (incl. sublevels) for '/Game/Milk' took 0.016
[2017.02.13-18.49.06:147][185]OBJ SavePackage: Generating thumbnails for [1] asset(s) in package [/Game/Textures/Collectible] ([1] browsable assets)...
[2017.02.13-18.49.06:151][185]OBJ SavePackage:     Rendered thumbnail for [Texture2D /Game/Textures/Collectible.Collectible]
[2017.02.13-18.49.06:151][185]OBJ SavePackage: Finished generating thumbnails for package [/Game/Textures/Collectible]
[2017.02.13-18.49.06:151][185]Cmd: OBJ SAVEPACKAGE PACKAGE="/Game/Textures/Collectible" FILE="C:/Users/Frr/Documents/GitHub/SpaceMilkman/Saved/Autosaves/Game/Textures/Collectible_Auto1.uasset" SILENT=false AUTOSAVING=true
[2017.02.13-18.49.06:154][185]LogSavePackage: Save=2.36ms
[2017.02.13-18.49.06:154][185]LogSavePackage: Moving 'C:/Users/Frr/Documents/GitHub/SpaceMilkman/Saved/Collectible_Auto1CA1234BE45D7CB54B829EFB031FAB425.tmp' to 'C:/Users/Frr/Documents/GitHub/SpaceMilkman/Saved/Autosaves/Game/Textures/Collectible_Auto1.uasset'
[2017.02.13-18.49.06:155][185]LogSavePackage:Display: Finished SavePackage C:/Users/Frr/Documents/GitHub/SpaceMilkman/Saved/Autosaves/Game/Textures/Collectible_Auto1.uasset
[2017.02.13-18.49.06:158][185]LogSavePackage: Save=1.11ms
[2017.02.13-18.49.06:158][185]LogSavePackage: Moving 'C:/Users/Frr/Documents/GitHub/SpaceMilkman/Saved/Collectible_Sprite_Auto1803C18B843C8466E25E5568D55417D24.tmp' to 'C:/Users/Frr/Documents/GitHub/SpaceMilkman/Saved/Autosaves/Game/Textures/Collectible_Sprite_Auto1.uasset'
[2017.02.13-18.49.06:158][185]LogSavePackage:Display: Finished SavePackage C:/Users/Frr/Documents/GitHub/SpaceMilkman/Saved/Autosaves/Game/Textures/Collectible_Sprite_Auto1.uasset
[2017.02.13-18.49.06:159][185]OBJ SavePackage: Generating thumbnails for [1] asset(s) in package [/Game/Textures/space] ([1] browsable assets)...
[2017.02.13-18.49.06:165][185]OBJ SavePackage:     Rendered thumbnail for [Texture2D /Game/Textures/space.space]
[2017.02.13-18.49.06:165][185]OBJ SavePackage: Finished generating thumbnails for package [/Game/Textures/space]
[2017.02.13-18.49.06:165][185]Cmd: OBJ SAVEPACKAGE PACKAGE="/Game/Textures/space" FILE="C:/Users/Frr/Documents/GitHub/SpaceMilkman/Saved/Autosaves/Game/Textures/space_Auto1.uasset" SILENT=false AUTOSAVING=true
[2017.02.13-18.49.06:178][185]LogSavePackage: Save=12.11ms
[2017.02.13-18.49.06:178][185]LogSavePackage: Moving 'C:/Users/Frr/Documents/GitHub/SpaceMilkman/Saved/space_Auto16CA5C9A04C3C883678ADCCB61B904490.tmp' to 'C:/Users/Frr/Documents/GitHub/SpaceMilkman/Saved/Autosaves/Game/Textures/space_Auto1.uasset'
[2017.02.13-18.49.06:179][185]LogSavePackage:Display: Finished SavePackage C:/Users/Frr/Documents/GitHub/SpaceMilkman/Saved/Autosaves/Game/Textures/space_Auto1.uasset
[2017.02.13-18.49.06:179][185]OBJ SavePackage: Generating thumbnails for [0] asset(s) in package [/Game/Blueprints/Milk] ([1] browsable assets)...
[2017.02.13-18.49.06:179][185]OBJ SavePackage: Finished generating thumbnails for package [/Game/Blueprints/Milk]
[2017.02.13-18.49.06:179][185]Cmd: OBJ SAVEPACKAGE PACKAGE="/Game/Blueprints/Milk" FILE="C:/Users/Frr/Documents/GitHub/SpaceMilkman/Saved/Autosaves/Game/Blueprints/Milk_Auto1.uasset" SILENT=false AUTOSAVING=true
[2017.02.13-18.49.06:216][185]LogSavePackage: Save=12.73ms
[2017.02.13-18.49.06:216][185]LogSavePackage: Moving 'C:/Users/Frr/Documents/GitHub/SpaceMilkman/Saved/Milk_Auto19A585FA3499E85D03E8CFF99AF36EB95.tmp' to 'C:/Users/Frr/Documents/GitHub/SpaceMilkman/Saved/Autosaves/Game/Blueprints/Milk_Auto1.uasset'
[2017.02.13-18.49.06:217][185]LogSavePackage:Display: Finished SavePackage C:/Users/Frr/Documents/GitHub/SpaceMilkman/Saved/Autosaves/Game/Blueprints/Milk_Auto1.uasset
[2017.02.13-18.49.06:217][185]OBJ SavePackage: Generating thumbnails for [1] asset(s) in package [/Game/Audio/Coin] ([1] browsable assets)...
[2017.02.13-18.49.06:224][185]OBJ SavePackage:     Rendered thumbnail for [SoundWave /Game/Audio/Coin.Coin]
[2017.02.13-18.49.06:224][185]OBJ SavePackage: Finished generating thumbnails for package [/Game/Audio/Coin]
[2017.02.13-18.49.06:224][185]Cmd: OBJ SAVEPACKAGE PACKAGE="/Game/Audio/Coin" FILE="C:/Users/Frr/Documents/GitHub/SpaceMilkman/Saved/Autosaves/Game/Audio/Coin_Auto1.uasset" SILENT=false AUTOSAVING=true
[2017.02.13-18.49.06:229][185]LogSavePackage: Save=3.38ms
[2017.02.13-18.49.06:229][185]LogSavePackage: Moving 'C:/Users/Frr/Documents/GitHub/SpaceMilkman/Saved/Coin_Auto1ACE7D45C4AC3D4D4A0788C9BDAB1FD5A.tmp' to 'C:/Users/Frr/Documents/GitHub/SpaceMilkman/Saved/Autosaves/Game/Audio/Coin_Auto1.uasset'
[2017.02.13-18.49.06:229][185]LogSavePackage:Display: Finished SavePackage C:/Users/Frr/Documents/GitHub/SpaceMilkman/Saved/Autosaves/Game/Audio/Coin_Auto1.uasset
[2017.02.13-18.49.06:229][185]LogFileHelpers: Auto-saving content packages took 0.083
[2017.02.13-18.49.28:402][646]BlueprintLog: New page: Compile Milk
[2017.02.13-18.49.29:152][714]Cmd: OBJ SAVEPACKAGE PACKAGE="/Game/Blueprints/Milk" FILE="C:/Users/Frr/Documents/GitHub/SpaceMilkman/Content/Blueprints/Milk.uasset" SILENT=true
[2017.02.13-18.49.29:178][714]LogSavePackage: Save=12.29ms
[2017.02.13-18.49.29:178][714]LogSavePackage: Moving 'C:/Users/Frr/Documents/GitHub/SpaceMilkman/Saved/MilkC43ECFB24A654713E3980A9E23A4D465.tmp' to 'C:/Users/Frr/Documents/GitHub/SpaceMilkman/Content/Blueprints/Milk.uasset'
[2017.02.13-18.49.29:180][714]LogSavePackage:Display: Finished SavePackage C:/Users/Frr/Documents/GitHub/SpaceMilkman/Content/Blueprints/Milk.uasset
[2017.02.13-18.50.41:306][241]LogEditorTransaction: Undo Add Widget
[2017.02.13-18.50.51:002][134]LogEditorTransaction: Undo Add Widget
[2017.02.13-18.50.52:877][336]LogEditorTransaction: Undo Add Widget
[2017.02.13-18.54.11:625][159]BlueprintLog: New page: Compile 2DHUD
[2017.02.13-18.54.11:730][159]BlueprintEditorCompileResults: Info The execution path doesn't end with a return node.  CastFailed
[2017.02.13-18.54.12:321][224]Cmd: OBJ SAVEPACKAGE PACKAGE="/Game/UMG/2DHUD" FILE="C:/Users/Frr/Documents/GitHub/SpaceMilkman/Content/UMG/2DHUD.uasset" SILENT=true
[2017.02.13-18.54.12:334][224]LogSavePackage: Save=10.28ms
[2017.02.13-18.54.12:334][224]LogSavePackage: Moving 'C:/Users/Frr/Documents/GitHub/SpaceMilkman/Saved/2DHUD9C648F40447AE7AFD0997FB41285A105.tmp' to 'C:/Users/Frr/Documents/GitHub/SpaceMilkman/Content/UMG/2DHUD.uasset'
[2017.02.13-18.54.12:335][224]LogSavePackage:Display: Finished SavePackage C:/Users/Frr/Documents/GitHub/SpaceMilkman/Content/UMG/2DHUD.uasset
[2017.02.13-18.55.08:658][933]LogSlate:Warning: Prevented a slow task dialog from being summoned while a context menu was open
[2017.02.13-18.56.12:578][688]BlueprintLog: New page: Compile MyCharacter
[2017.02.13-18.56.13:373][754]Cmd: OBJ SAVEPACKAGE PACKAGE="/Game/Blueprints/MyCharacter" FILE="C:/Users/Frr/Documents/GitHub/SpaceMilkman/Content/Blueprints/MyCharacter.uasset" SILENT=true
[2017.02.13-18.56.13:445][754]LogSavePackage: Save=47.66ms
[2017.02.13-18.56.13:445][754]LogSavePackage: Moving 'C:/Users/Frr/Documents/GitHub/SpaceMilkman/Saved/MyCharacter9BD793574D266ABBCB080D9BCF7C4F01.tmp' to 'C:/Users/Frr/Documents/GitHub/SpaceMilkman/Content/Blueprints/MyCharacter.uasset'
[2017.02.13-18.56.13:447][754]LogSavePackage:Display: Finished SavePackage C:/Users/Frr/Documents/GitHub/SpaceMilkman/Content/Blueprints/MyCharacter.uasset
[2017.02.13-18.56.20:110][360]LogTemp: Repeting last play command: Selected Viewport
[2017.02.13-18.56.20:125][360]BlueprintLog: New page: Pre-Play auto-recompile
[2017.02.13-18.56.20:125][360]LogPlayLevel: [PlayLevel] Compiling PROTO_BP_Blueprint_0 before play...
[2017.02.13-18.56.20:209][360]LogPlayLevel: PlayLevel: Blueprint regeneration took 84 ms (1 blueprints)
[2017.02.13-18.56.20:210][360]PIE: New page: PIE session: Milk (13 Feb 2017 18:56:20)
[2017.02.13-18.56.20:210][360]LogPlayLevel: Creating play world package: /Game/UEDPIE_0_Milk
[2017.02.13-18.56.20:212][360]LogPlayLevel: PIE: StaticDuplicateObject took: (0.001972s)
[2017.02.13-18.56.20:212][360]LogAIModule: Creating AISystem for world Milk
[2017.02.13-18.56.20:212][360]LogPlayLevel: PIE: World Init took: (0.000523s)
[2017.02.13-18.56.20:212][360]LogPlayLevel: PIE: Created PIE world by copying editor world from /Game/Milk.Milk to /Game/UEDPIE_0_Milk.Milk (0.002674s)
[2017.02.13-18.56.20:235][360]LogInit: XAudio2 using 'Speakers (Realtek High Definition Audio)' : 2 channels at 48 kHz using 32 bits per sample (channel mask 0x3)
[2017.02.13-18.56.20:243][360]LogInit: FAudioDevice initialized.
[2017.02.13-18.56.20:270][360]LogLoad: Game class is 'PaperGameMode_C'
[2017.02.13-18.56.20:272][360]LogWorld: Bringing World /Game/UEDPIE_0_Milk.Milk up for play (max tick rate 0) at 2017.02.13-18.56.20
[2017.02.13-18.56.20:273][360]LogWorld: Bringing up level for play took: 0.001881
[2017.02.13-18.56.20:275][360]PIE: Info Play in editor start time for /Game/UEDPIE_0_Milk 0.576
[2017.02.13-18.56.59:124][990]BlueprintLog: New page: Compile Milk
[2017.02.13-18.56.59:872][ 67]Cmd: OBJ SAVEPACKAGE PACKAGE="/Game/Blueprints/Milk" FILE="C:/Users/Frr/Documents/GitHub/SpaceMilkman/Content/Blueprints/Milk.uasset" SILENT=true
[2017.02.13-18.56.59:907][ 67]LogSavePackage: Save=14.90ms
[2017.02.13-18.56.59:907][ 67]LogSavePackage: Moving 'C:/Users/Frr/Documents/GitHub/SpaceMilkman/Saved/Milk8B48A70B4ED82A5A78030AB13D5CD8B4.tmp' to 'C:/Users/Frr/Documents/GitHub/SpaceMilkman/Content/Blueprints/Milk.uasset'
[2017.02.13-18.56.59:909][ 67]LogSavePackage:Display: Finished SavePackage C:/Users/Frr/Documents/GitHub/SpaceMilkman/Content/Blueprints/Milk.uasset
[2017.02.13-18.58.18:387][662]BlueprintLog: New page: Compile 2DHUD
[2017.02.13-18.58.18:500][662]BlueprintEditorCompileResults: Info The execution path doesn't end with a return node.  CastFailed
[2017.02.13-18.58.19:040][720]Cmd: OBJ SAVEPACKAGE PACKAGE="/Game/UMG/2DHUD" FILE="C:/Users/Frr/Documents/GitHub/SpaceMilkman/Content/UMG/2DHUD.uasset" SILENT=true
[2017.02.13-18.58.19:077][720]LogSavePackage: Save=9.06ms
[2017.02.13-18.58.19:077][720]LogSavePackage: Moving 'C:/Users/Frr/Documents/GitHub/SpaceMilkman/Saved/2DHUDD9C6B545485674C95056C6BBF99DD449.tmp' to 'C:/Users/Frr/Documents/GitHub/SpaceMilkman/Content/UMG/2DHUD.uasset'
[2017.02.13-18.58.19:078][720]LogSavePackage:Display: Finished SavePackage C:/Users/Frr/Documents/GitHub/SpaceMilkman/Content/UMG/2DHUD.uasset
[2017.02.13-18.59.37:074][458]Cmd: TRANSACTION UNDO
[2017.02.13-18.59.37:074][458]LogEditorTransaction: Undo Create Actors
[2017.02.13-18.59.49:979][975]Cmd: EDIT COPY
[2017.02.13-18.59.50:323][ 16]Cmd: EDIT PASTE
[2017.02.13-18.59.55:860][672]Cmd: EDIT COPY
[2017.02.13-18.59.56:312][726]Cmd: EDIT PASTE
[2017.02.13-19.00.01:540][347]Cmd: EDIT COPY
[2017.02.13-19.00.01:811][379]Cmd: EDIT PASTE
[2017.02.13-19.00.22:108][752]Cmd: OBJ SAVEPACKAGE PACKAGE="/Game/Milk" FILE="C:/Users/Frr/Documents/GitHub/SpaceMilkman/Content/Milk.umap" SILENT=true AUTOSAVING=false KEEPDIRTY=false
[2017.02.13-19.00.22:174][752]LogSavePackage: Save=30.61ms
[2017.02.13-19.00.22:174][752]LogSavePackage: Moving 'C:/Users/Frr/Documents/GitHub/SpaceMilkman/Saved/MilkEAD703384AC321857B8CD09F917AA624.tmp' to 'C:/Users/Frr/Documents/GitHub/SpaceMilkman/Content/Milk.umap'
[2017.02.13-19.00.22:175][752]LogSavePackage:Display: Finished SavePackage C:/Users/Frr/Documents/GitHub/SpaceMilkman/Content/Milk.umap
[2017.02.13-19.00.24:984][ 72]LogTemp: Repeting last play command: Selected Viewport
[2017.02.13-19.00.24:999][ 72]LogPlayLevel: PlayLevel: No blueprints needed recompiling
[2017.02.13-19.00.24:999][ 72]PIE: New page: PIE session: Milk (13 Feb 2017 19:00:24)
[2017.02.13-19.00.25:000][ 72]LogPlayLevel: Creating play world package: /Game/UEDPIE_0_Milk
[2017.02.13-19.00.25:002][ 72]LogPlayLevel: PIE: StaticDuplicateObject took: (0.002723s)
[2017.02.13-19.00.25:003][ 72]LogAIModule: Creating AISystem for world Milk
[2017.02.13-19.00.25:003][ 72]LogPlayLevel: PIE: World Init took: (0.000531s)
[2017.02.13-19.00.25:003][ 72]LogPlayLevel: PIE: Created PIE world by copying editor world from /Game/Milk.Milk to /Game/UEDPIE_0_Milk.Milk (0.003439s)
[2017.02.13-19.00.25:029][ 72]LogInit: XAudio2 using 'Speakers (Realtek High Definition Audio)' : 2 channels at 48 kHz using 32 bits per sample (channel mask 0x3)
[2017.02.13-19.00.25:038][ 72]LogInit: FAudioDevice initialized.
[2017.02.13-19.00.25:066][ 72]LogLoad: Game class is 'PaperGameMode_C'
[2017.02.13-19.00.25:069][ 72]LogWorld: Bringing World /Game/UEDPIE_0_Milk.Milk up for play (max tick rate 0) at 2017.02.13-19.00.25
[2017.02.13-19.00.25:069][ 72]LogWorld: Bringing up level for play took: 0.002009
[2017.02.13-19.00.25:071][ 72]PIE: Info Play in editor start time for /Game/UEDPIE_0_Milk -0.633
[2017.02.13-19.00.54:335][582]LogCharacterMovement: MyCharacter_C_0 is stuck and failed to move! Velocity: X=600.00 Y=0.00 Z=0.00 Location: X=7016.11 Y=-0.00 Z=168.50 Normal: X=-0.87 Y=0.00 Z=-0.50 PenetrationDepth:10.118 Actor:2DLift4 Component:LiftSprite BoneName:None (0 other events since notify)
[2017.02.13-19.01.06:773][ 62]Cmd: OBJ SAVEPACKAGE PACKAGE="/Game/Milk" FILE="C:/Users/Frr/Documents/GitHub/SpaceMilkman/Content/Milk.umap" SILENT=true AUTOSAVING=false KEEPDIRTY=false
[2017.02.13-19.01.06:841][ 62]LogSavePackage: Save=27.82ms
[2017.02.13-19.01.06:841][ 62]LogSavePackage: Moving 'C:/Users/Frr/Documents/GitHub/SpaceMilkman/Saved/MilkFFF9193D4BD28D31E1C5A0B64BF7572F.tmp' to 'C:/Users/Frr/Documents/GitHub/SpaceMilkman/Content/Milk.umap'
[2017.02.13-19.01.06:842][ 62]LogSavePackage:Display: Finished SavePackage C:/Users/Frr/Documents/GitHub/SpaceMilkman/Content/Milk.umap
[2017.02.13-19.01.23:576][231]Cmd: OBJ SAVEPACKAGE PACKAGE="/Game/Milk" FILE="C:/Users/Frr/Documents/GitHub/SpaceMilkman/Content/Milk.umap" SILENT=true AUTOSAVING=false KEEPDIRTY=false
[2017.02.13-19.01.23:649][231]LogSavePackage: Save=30.76ms
[2017.02.13-19.01.23:649][231]LogSavePackage: Moving 'C:/Users/Frr/Documents/GitHub/SpaceMilkman/Saved/MilkFFB8D7574B7324CDF732B488709A8D14.tmp' to 'C:/Users/Frr/Documents/GitHub/SpaceMilkman/Content/Milk.umap'
[2017.02.13-19.01.23:651][231]LogSavePackage:Display: Finished SavePackage C:/Users/Frr/Documents/GitHub/SpaceMilkman/Content/Milk.umap
[2017.02.13-19.01.27:484][675]LogActorComponent: UnregisterComponent: (/Engine/Transient.EditorFloorComp) Not registered. Aborting.
[2017.02.13-19.01.29:051][855]LogActorComponent: UnregisterComponent: (/Engine/Transient.EditorFloorComp) Not registered. Aborting.
[2017.02.13-19.18.08:379][183]Cmd: OBJ SAVEPACKAGE PACKAGE="/Game/Milk" FILE="C:/Users/Frr/Documents/GitHub/SpaceMilkman/Content/Milk.umap" SILENT=true AUTOSAVING=false KEEPDIRTY=false
[2017.02.13-19.18.08:449][183]LogSavePackage: Save=29.79ms
[2017.02.13-19.18.08:449][183]LogSavePackage: Moving 'C:/Users/Frr/Documents/GitHub/SpaceMilkman/Saved/Milk567E27434363B11932535AA152558D19.tmp' to 'C:/Users/Frr/Documents/GitHub/SpaceMilkman/Content/Milk.umap'
[2017.02.13-19.18.08:450][183]LogSavePackage:Display: Finished SavePackage C:/Users/Frr/Documents/GitHub/SpaceMilkman/Content/Milk.umap
[2017.02.13-19.18.16:030][626]Cmd: OBJ SAVEPACKAGE PACKAGE="/Game/Audio/Coin" FILE="C:/Users/Frr/Documents/GitHub/SpaceMilkman/Content/Audio/Coin.uasset" SILENT=true
[2017.02.13-19.18.16:043][626]LogSavePackage: Save=7.17ms
[2017.02.13-19.18.16:043][626]LogSavePackage: Moving 'C:/Users/Frr/Documents/GitHub/SpaceMilkman/Saved/Coin7283F213468A03A51203A2B5B2AAA197.tmp' to 'C:/Users/Frr/Documents/GitHub/SpaceMilkman/Content/Audio/Coin.uasset'
[2017.02.13-19.18.16:046][626]LogSavePackage:Display: Finished SavePackage C:/Users/Frr/Documents/GitHub/SpaceMilkman/Content/Audio/Coin.uasset
[2017.02.13-19.18.16:063][626]Cmd: OBJ SAVEPACKAGE PACKAGE="/Game/Textures/Collectible" FILE="C:/Users/Frr/Documents/GitHub/SpaceMilkman/Content/Textures/Collectible.uasset" SILENT=true
[2017.02.13-19.18.16:070][626]LogSavePackage: Save=5.68ms
[2017.02.13-19.18.16:070][626]LogSavePackage: Moving 'C:/Users/Frr/Documents/GitHub/SpaceMilkman/Saved/Collectible6B5A5093423DB2A8AB0F0BBFEF61A43E.tmp' to 'C:/Users/Frr/Documents/GitHub/SpaceMilkman/Content/Textures/Collectible.uasset'
[2017.02.13-19.18.16:073][626]LogSavePackage:Display: Finished SavePackage C:/Users/Frr/Documents/GitHub/SpaceMilkman/Content/Textures/Collectible.uasset
[2017.02.13-19.18.16:077][626]Cmd: OBJ SAVEPACKAGE PACKAGE="/Game/Textures/Collectible_Sprite" FILE="C:/Users/Frr/Documents/GitHub/SpaceMilkman/Content/Textures/Collectible_Sprite.uasset" SILENT=true
[2017.02.13-19.18.16:079][626]LogSavePackage: Save=1.07ms
[2017.02.13-19.18.16:079][626]LogSavePackage: Moving 'C:/Users/Frr/Documents/GitHub/SpaceMilkman/Saved/Collectible_Sprite62BED2324A1D733B4029AB8AE7EA8BCE.tmp' to 'C:/Users/Frr/Documents/GitHub/SpaceMilkman/Content/Textures/Collectible_Sprite.uasset'
[2017.02.13-19.18.16:081][626]LogSavePackage:Display: Finished SavePackage C:/Users/Frr/Documents/GitHub/SpaceMilkman/Content/Textures/Collectible_Sprite.uasset
[2017.02.13-19.18.16:097][626]Cmd: OBJ SAVEPACKAGE PACKAGE="/Game/Textures/space" FILE="C:/Users/Frr/Documents/GitHub/SpaceMilkman/Content/Textures/space.uasset" SILENT=true
[2017.02.13-19.18.16:388][626]LogSavePackage: Save=289.55ms
[2017.02.13-19.18.16:388][626]LogSavePackage: Moving 'C:/Users/Frr/Documents/GitHub/SpaceMilkman/Saved/spaceAEA8A3D44E2906145281DEA7755E7C10.tmp' to 'C:/Users/Frr/Documents/GitHub/SpaceMilkman/Content/Textures/space.uasset'
[2017.02.13-19.18.16:389][626]LogSavePackage:Display: Finished SavePackage C:/Users/Frr/Documents/GitHub/SpaceMilkman/Content/Textures/space.uasset
[2017.02.13-19.18.16:600][627]Cmd: QUIT_EDITOR
[2017.02.13-19.18.16:655][627]LogExit: Preparing to exit.
[2017.02.13-19.18.17:850][627]LogExit: Editor shut down
[2017.02.13-19.18.17:850][627]LogExit: Transaction tracking system shut down
[2017.02.13-19.18.17:944][627]LogObj: Freed 0b from 0 cluster array pools.
[2017.02.13-19.18.17:945][627]LogExit: Object subsystem successfully closed.
[2017.02.13-19.18.17:962][627]LogD3D11RHI: Shutdown
[2017.02.13-19.18.17:962][627]LogD3D11RHI: CleanupD3DDevice
[2017.02.13-19.18.18:014][627]LogD3D11RHI: ~FD3D11DynamicRHI
[2017.02.13-19.18.18:021][627]LogHttp:Display: Http module shutting down, but needs to wait on 1 outstanding Http requests:
[2017.02.13-19.18.18:021][627]LogHttp:Display: 	verb=[POST] url=[https://datarouter.ol.epicgames.com/datarouter/api/v1/public/data?SessionID=%7BC676B762-4875-BB7C-461B-4CBF00D9C984%7D&AppID=UEEditor.Rocket.Release&AppVersion=4.14.3-3249277%2B%2B%2BUE4%2BRelease-4.14&UserID=7597a55b40c4b80579b6818b75e316b0%7C0a889d56fb784a13b4207d8153af110b%7C3bd33cd0-258e-4060-a0ea-4df990fc901c&AppEnvironment=datacollector-binary&UploadType=eteventstream] status=Processing
[2017.02.13-19.18.18:054][627]LogModuleManager: Shutting down and abandoning module SequencerWidgets (245)
[2017.02.13-19.18.18:054][627]LogModuleManager: Shutting down and abandoning module BlueprintGraph (244)
[2017.02.13-19.18.18:054][627]LogModuleManager: Shutting down and abandoning module BlueprintProfiler (243)
[2017.02.13-19.18.18:054][627]LogModuleManager: Shutting down and abandoning module MovieSceneCapture (242)
[2017.02.13-19.18.18:054][627]LogModuleManager: Shutting down and abandoning module HierarchicalLODOutliner (241)
[2017.02.13-19.18.18:054][627]LogModuleManager: Shutting down and abandoning module CrashTracker (240)
[2017.02.13-19.18.18:054][627]LogModuleManager: Shutting down and abandoning module SceneOutliner (239)
[2017.02.13-19.18.18:054][627]LogModuleManager: Shutting down and abandoning module WidgetCarousel (238)
[2017.02.13-19.18.18:054][627]LogModuleManager: Shutting down and abandoning module AddContentDialog (237)
[2017.02.13-19.18.18:054][627]LogDirectoryWatcher: A directory notification for 'F:/Program Files (x86)/Epic Games/4.14/FeaturePacks/' was aborted.
[2017.02.13-19.18.18:055][627]LogModuleManager: Shutting down and abandoning module GameplayTags (236)
[2017.02.13-19.18.18:055][627]LogModuleManager: Shutting down and abandoning module EditorWidgets (235)
[2017.02.13-19.18.18:055][627]LogModuleManager: Shutting down and abandoning module CollectionManager (234)
[2017.02.13-19.18.18:055][627]LogDirectoryWatcher: A directory notification for 'C:/Users/Frr/Documents/GitHub/SpaceMilkman/Content/Collections/' was aborted.
[2017.02.13-19.18.18:055][627]LogDirectoryWatcher: A directory notification for 'C:/Users/Frr/Documents/GitHub/SpaceMilkman/Content/Developers/Frr/Collections/' was aborted.
[2017.02.13-19.18.18:055][627]LogDirectoryWatcher: A directory notification for 'C:/Users/Frr/Documents/GitHub/SpaceMilkman/Saved/Collections/' was aborted.
[2017.02.13-19.18.18:055][627]LogModuleManager: Shutting down and abandoning module StatsViewer (233)
[2017.02.13-19.18.18:055][627]LogModuleManager: Shutting down and abandoning module FoliageEdit (232)
[2017.02.13-19.18.18:055][627]LogModuleManager: Shutting down and abandoning module LandscapeEditor (231)
[2017.02.13-19.18.18:056][627]LogModuleManager: Shutting down and abandoning module SceneDepthPickerMode (230)
[2017.02.13-19.18.18:056][627]LogModuleManager: Shutting down and abandoning module ActorPickerMode (229)
[2017.02.13-19.18.18:056][627]LogModuleManager: Shutting down and abandoning module GeometryMode (228)
[2017.02.13-19.18.18:056][627]LogModuleManager: Shutting down and abandoning module TextureAlignMode (227)
[2017.02.13-19.18.18:056][627]LogModuleManager: Shutting down and abandoning module BspMode (226)
[2017.02.13-19.18.18:056][627]LogModuleManager: Shutting down and abandoning module HardwareSurvey (225)
[2017.02.13-19.18.18:056][627]LogModuleManager: Shutting down and abandoning module SequenceRecorderSections (224)
[2017.02.13-19.18.18:056][627]LogModuleManager: Shutting down and abandoning module AutomationWorker (223)
[2017.02.13-19.18.18:056][627]LogModuleManager: Shutting down and abandoning module MatineeToLevelSequence (222)
[2017.02.13-19.18.18:056][627]LogModuleManager: Shutting down and abandoning module PlacementMode (221)
[2017.02.13-19.18.18:056][627]LogModuleManager: Shutting down and abandoning module LevelSequenceEditor (220)
[2017.02.13-19.18.18:056][627]LogModuleManager: Shutting down and abandoning module WmfMediaFactory (219)
[2017.02.13-19.18.18:056][627]LogModuleManager: Shutting down and abandoning module WmfMediaEditor (218)
[2017.02.13-19.18.18:056][627]LogModuleManager: Shutting down and abandoning module AvfMediaFactory (217)
[2017.02.13-19.18.18:056][627]LogModuleManager: Shutting down and abandoning module AvfMediaEditor (216)
[2017.02.13-19.18.18:056][627]LogModuleManager: Shutting down and abandoning module Media (215)
[2017.02.13-19.18.18:056][627]LogModuleManager: Shutting down and abandoning module AndroidMediaFactory (214)
[2017.02.13-19.18.18:056][627]LogModuleManager: Shutting down and abandoning module AndroidMediaEditor (213)
[2017.02.13-19.18.18:056][627]LogModuleManager: Shutting down and abandoning module CharacterAI (212)
[2017.02.13-19.18.18:056][627]LogModuleManager: Shutting down and abandoning module SequenceRecorder (211)
[2017.02.13-19.18.18:056][627]LogModuleManager: Shutting down and abandoning module AudioCapture (210)
[2017.02.13-19.18.18:056][627]LogModuleManager: Shutting down and abandoning module SmartSnapping (209)
[2017.02.13-19.18.18:056][627]LogModuleManager: Shutting down and abandoning module SessionServices (208)
[2017.02.13-19.18.18:056][627]LogModuleManager: Shutting down and abandoning module ViewportSnapping (207)
[2017.02.13-19.18.18:056][627]LogModuleManager: Shutting down and abandoning module ViewportInteraction (206)
[2017.02.13-19.18.18:056][627]LogModuleManager: Shutting down and abandoning module LogVisualizer (205)
[2017.02.13-19.18.18:056][627]LogModuleManager: Shutting down and abandoning module GameProjectGeneration (204)
[2017.02.13-19.18.18:056][627]LogModuleManager: Shutting down and abandoning module IntroTutorials (203)
[2017.02.13-19.18.18:056][627]LogModuleManager: Shutting down and abandoning module EditorLiveStreaming (202)
[2017.02.13-19.18.18:056][627]LogModuleManager: Shutting down and abandoning module IOSPlatformEditor (201)
[2017.02.13-19.18.18:056][627]LogModuleManager: Shutting down and abandoning module HTML5PlatformEditor (200)
[2017.02.13-19.18.18:056][627]LogModuleManager: Shutting down and abandoning module AndroidDeviceDetection (199)
[2017.02.13-19.18.18:218][627]LogModuleManager: Shutting down and abandoning module AndroidPlatformEditor (198)
[2017.02.13-19.18.18:218][627]LogModuleManager: Shutting down and abandoning module IOSRuntimeSettings (197)
[2017.02.13-19.18.18:218][627]LogModuleManager: Shutting down and abandoning module AndroidRuntimeSettings (196)
[2017.02.13-19.18.18:218][627]LogModuleManager: Shutting down and abandoning module InputBindingEditor (195)
[2017.02.13-19.18.18:218][627]LogModuleManager: Shutting down and abandoning module NiagaraEditor (194)
[2017.02.13-19.18.18:218][627]LogModuleManager: Shutting down and abandoning module MergeActors (193)
[2017.02.13-19.18.18:218][627]LogModuleManager: Shutting down and abandoning module SizeMap (192)
[2017.02.13-19.18.18:218][627]LogModuleManager: Shutting down and abandoning module TreeMap (191)
[2017.02.13-19.18.18:218][627]LogModuleManager: Shutting down and abandoning module ReferenceViewer (190)
[2017.02.13-19.18.18:218][627]LogModuleManager: Shutting down and abandoning module LocalizationService (189)
[2017.02.13-19.18.18:218][627]LogModuleManager: Shutting down and abandoning module LocalizationDashboard (188)
[2017.02.13-19.18.18:218][627]LogModuleManager: Shutting down and abandoning module HardwareTargeting (187)
[2017.02.13-19.18.18:218][627]LogModuleManager: Shutting down and abandoning module DeviceProfileEditor (186)
[2017.02.13-19.18.18:218][627]LogModuleManager: Shutting down and abandoning module UndoHistory (185)
[2017.02.13-19.18.18:218][627]LogModuleManager: Shutting down and abandoning module UserFeedback (184)
[2017.02.13-19.18.18:218][627]LogModuleManager: Shutting down and abandoning module XmlParser (183)
[2017.02.13-19.18.18:218][627]LogModuleManager: Shutting down and abandoning module Blutility (182)
[2017.02.13-19.18.18:218][627]LogModuleManager: Shutting down and abandoning module ProjectTargetPlatformEditor (181)
[2017.02.13-19.18.18:218][627]LogModuleManager: Shutting down and abandoning module ProjectSettingsViewer (180)
[2017.02.13-19.18.18:219][627]LogModuleManager: Shutting down and abandoning module EditorSettingsViewer (179)
[2017.02.13-19.18.18:219][627]LogModuleManager: Shutting down and abandoning module SettingsEditor (178)
[2017.02.13-19.18.18:219][627]LogModuleManager: Shutting down and abandoning module ProjectLauncher (177)
[2017.02.13-19.18.18:219][627]LogModuleManager: Shutting down and abandoning module SessionFrontend (176)
[2017.02.13-19.18.18:219][627]LogModuleManager: Shutting down and abandoning module ProfilerClient (175)
[2017.02.13-19.18.18:219][627]LogModuleManager: Shutting down and abandoning module TargetDeviceServices (174)
[2017.02.13-19.18.18:219][627]LogModuleManager: Shutting down and abandoning module DeviceManager (173)
[2017.02.13-19.18.18:259][627]LogModuleManager: Shutting down and abandoning module AutomationController (172)
[2017.02.13-19.18.18:259][627]LogModuleManager: Shutting down and abandoning module AutomationWindow (171)
[2017.02.13-19.18.18:259][627]LogModuleManager: Shutting down and abandoning module Layers (170)
[2017.02.13-19.18.18:259][627]LogModuleManager: Shutting down and abandoning module ComponentVisualizers (169)
[2017.02.13-19.18.18:259][627]LogModuleManager: Shutting down and abandoning module DetailCustomizations (168)
[2017.02.13-19.18.18:259][627]LogModuleManager: Shutting down and abandoning module PackagesDialog (167)
[2017.02.13-19.18.18:259][627]LogModuleManager: Shutting down and abandoning module AnimGraph (166)
[2017.02.13-19.18.18:259][627]LogModuleManager: Shutting down and abandoning module Persona (165)
[2017.02.13-19.18.18:259][627]LogModuleManager: Shutting down and abandoning module Kismet (164)
[2017.02.13-19.18.18:268][627]LogModuleManager: Shutting down and abandoning module GraphEditor (163)
[2017.02.13-19.18.18:268][627]LogModuleManager: Shutting down and abandoning module ClassViewer (162)
[2017.02.13-19.18.18:270][627]LogModuleManager: Shutting down and abandoning module Toolbox (161)
[2017.02.13-19.18.18:270][627]LogModuleManager: Shutting down and abandoning module ModuleUI (160)
[2017.02.13-19.18.18:270][627]LogModuleManager: Shutting down and abandoning module MovieSceneTools (159)
[2017.02.13-19.18.18:270][627]LogModuleManager: Shutting down and abandoning module OutputLog (158)
[2017.02.13-19.18.18:270][627]LogModuleManager: Shutting down and abandoning module GammaUI (157)
[2017.02.13-19.18.18:270][627]LogModuleManager: Shutting down and abandoning module Documentation (156)
[2017.02.13-19.18.18:270][627]LogModuleManager: Shutting down and abandoning module Niagara (155)
[2017.02.13-19.18.18:270][627]LogModuleManager: Shutting down and abandoning module StreamingPauseRendering (154)
[2017.02.13-19.18.18:270][627]LogModuleManager: Shutting down and abandoning module AnalyticsET (153)
[2017.02.13-19.18.18:270][627]LogModuleManager: Shutting down and abandoning module PortalServices (152)
[2017.02.13-19.18.18:270][627]LogModuleManager: Shutting down and abandoning module PortalRpc (151)
[2017.02.13-19.18.18:270][627]LogModuleManager: Shutting down and abandoning module MessagingRpc (150)
[2017.02.13-19.18.18:270][627]LogModuleManager: Shutting down and abandoning module GameplayDebugger (149)
[2017.02.13-19.18.18:270][627]LogModuleManager: Shutting down and abandoning module AITestSuite (148)
[2017.02.13-19.18.18:270][627]LogModuleManager: Shutting down and abandoning module AIModule (147)
[2017.02.13-19.18.18:270][627]LogModuleManager: Shutting down and abandoning module ProfilerService (146)
[2017.02.13-19.18.18:460][627]LogModuleManager: Shutting down and abandoning module TaskGraph (145)
[2017.02.13-19.18.18:460][627]LogModuleManager: Shutting down and abandoning module SlateRemote (144)
[2017.02.13-19.18.18:460][627]LogModuleManager: Shutting down and abandoning module SteamVRController (143)
[2017.02.13-19.18.18:460][627]LogModuleManager: Shutting down and abandoning module SteamVR (142)
[2017.02.13-19.18.18:460][627]LogModuleManager: Shutting down and abandoning module ProceduralMeshComponentEditor (141)
[2017.02.13-19.18.18:460][627]LogModuleManager: Shutting down and abandoning module ProceduralMeshComponent (140)
[2017.02.13-19.18.18:460][627]LogModuleManager: Shutting down and abandoning module OculusLibrary (139)
[2017.02.13-19.18.18:460][627]LogModuleManager: Shutting down and abandoning module OculusInput (138)
[2017.02.13-19.18.18:460][627]LogModuleManager: Shutting down and abandoning module MobilePatchingUtils (137)
[2017.02.13-19.18.18:460][627]LogModuleManager: Shutting down and abandoning module CustomMeshComponent (136)
[2017.02.13-19.18.18:460][627]LogModuleManager: Shutting down and abandoning module CableComponent (135)
[2017.02.13-19.18.18:460][627]LogModuleManager: Shutting down and abandoning module ArchVisCharacter (134)
[2017.02.13-19.18.18:460][627]LogModuleManager: Shutting down and abandoning module MediaPlayerEditor (132)
[2017.02.13-19.18.18:460][627]LogModuleManager: Shutting down and abandoning module HTML5Networking (131)
[2017.02.13-19.18.18:460][627]LogModuleManager: Shutting down and abandoning module GeometryCacheEd (130)
[2017.02.13-19.18.18:461][627]LogModuleManager: Shutting down and abandoning module GeometryCache (129)
[2017.02.13-19.18.18:461][627]LogModuleManager: Shutting down and abandoning module AlembicLibrary (128)
[2017.02.13-19.18.18:461][627]LogModuleManager: Shutting down and abandoning module AlembicImporter (127)
[2017.02.13-19.18.18:461][627]LogModuleManager: Shutting down and abandoning module SuperSearch (126)
[2017.02.13-19.18.18:461][627]LogModuleManager: Shutting down and abandoning module SuperSearchEditor (125)
[2017.02.13-19.18.18:461][627]LogModuleManager: Shutting down and abandoning module SpeedTreeImporter (124)
[2017.02.13-19.18.18:461][627]LogModuleManager: Shutting down and abandoning module PluginBrowser (123)
[2017.02.13-19.18.18:461][627]LogModuleManager: Shutting down and abandoning module MobileLauncherProfileWizard (122)
[2017.02.13-19.18.18:461][627]LogModuleManager: Shutting down and abandoning module EpicSurvey (121)
[2017.02.13-19.18.18:461][627]LogModuleManager: Shutting down and abandoning module DesktopPlatform (120)
[2017.02.13-19.18.18:461][627]LogModuleManager: Shutting down and abandoning module VisualStudioSourceCodeAccess (119)
[2017.02.13-19.18.18:461][627]LogModuleManager: Shutting down and abandoning module UObjectPlugin (118)
[2017.02.13-19.18.18:461][627]LogModuleManager: Shutting down and abandoning module SubversionSourceControl (117)
[2017.02.13-19.18.18:461][627]LogModuleManager: Shutting down and abandoning module PerforceSourceControl (116)
[2017.02.13-19.18.18:461][627]LogModuleManager: Shutting down and abandoning module SourceControl (115)
[2017.02.13-19.18.18:461][627]LogModuleManager: Shutting down and abandoning module GitSourceControl (114)
[2017.02.13-19.18.18:461][627]LogModuleManager: Shutting down and abandoning module LightPropagationVolumeEditor (113)
[2017.02.13-19.18.18:461][627]LogModuleManager: Shutting down and abandoning module PaperTiledImporter (112)
[2017.02.13-19.18.18:461][627]LogModuleManager: Shutting down and abandoning module PaperSpriteSheetImporter (111)
[2017.02.13-19.18.18:461][627]LogModuleManager: Shutting down and abandoning module MeshPaint (110)
[2017.02.13-19.18.18:461][627]LogModuleManager: Shutting down and abandoning module PixelInspectorModule (109)
[2017.02.13-19.18.18:461][627]LogModuleManager: Shutting down and abandoning module HotReload (108)
[2017.02.13-19.18.18:461][627]LogModuleManager: Shutting down and abandoning module MainFrame (107)
[2017.02.13-19.18.18:462][627]LogModuleManager: Shutting down and abandoning module LevelEditor (106)
[2017.02.13-19.18.18:462][627]LogModuleManager: Shutting down and abandoning module ContentBrowser (105)
[2017.02.13-19.18.18:463][627]LogModuleManager: Shutting down and abandoning module Paper2DEditor (104)
[2017.02.13-19.18.18:463][627]LogModuleManager: Shutting down and abandoning module UdpMessaging (103)
[2017.02.13-19.18.18:563][627]LogModuleManager: Shutting down and abandoning module TcpMessaging (102)
[2017.02.13-19.18.18:663][627]LogModuleManager: Shutting down and abandoning module LightPropagationVolumeRuntime (101)
[2017.02.13-19.18.18:663][627]LogModuleManager: Shutting down and abandoning module Paper2D (100)
[2017.02.13-19.18.18:663][627]LogModuleManager: Shutting down and abandoning module WindowsMoviePlayer (99)
[2017.02.13-19.18.18:663][627]LogModuleManager: Shutting down and abandoning module WmfMedia (98)
[2017.02.13-19.18.18:663][627]LogModuleManager: Shutting down and abandoning module MediaAssets (97)
[2017.02.13-19.18.18:663][627]LogModuleManager: Shutting down and abandoning module GameLiveStreaming (96)
[2017.02.13-19.18.18:663][627]LogModuleManager: Shutting down and abandoning module GameplayTagsEditor (95)
[2017.02.13-19.18.18:663][627]LogModuleManager: Shutting down and abandoning module VREditor (94)
[2017.02.13-19.18.18:663][627]LogModuleManager: Shutting down and abandoning module GameplayTasksEditor (93)
[2017.02.13-19.18.18:663][627]LogModuleManager: Shutting down and abandoning module BehaviorTreeEditor (92)
[2017.02.13-19.18.18:663][627]LogModuleManager: Shutting down and abandoning module FunctionalTesting (91)
[2017.02.13-19.18.18:663][627]LogModuleManager: Shutting down and abandoning module CollisionAnalyzer (90)
[2017.02.13-19.18.18:664][627]LogModuleManager: Shutting down and abandoning module Sequencer (89)
[2017.02.13-19.18.18:664][627]LogModuleManager: Shutting down and abandoning module WorkspaceMenuStructure (88)
[2017.02.13-19.18.18:664][627]LogModuleManager: Shutting down and abandoning module MessageLog (87)
[2017.02.13-19.18.18:664][627]LogModuleManager: Shutting down and abandoning module AssetTools (86)
[2017.02.13-19.18.18:664][627]LogModuleManager: Shutting down and abandoning module UMGEditor (85)
[2017.02.13-19.18.18:664][627]LogModuleManager: Shutting down and abandoning module UMG (84)
[2017.02.13-19.18.18:664][627]LogModuleManager: Shutting down and abandoning module SlateReflector (83)
[2017.02.13-19.18.18:664][627]LogModuleManager: Shutting down and abandoning module Slate (82)
[2017.02.13-19.18.18:664][627]LogModuleManager: Shutting down and abandoning module EditorStyle (81)
[2017.02.13-19.18.18:667][627]LogModuleManager: Shutting down and abandoning module SourceCodeAccess (80)
[2017.02.13-19.18.18:667][627]LogModuleManager: Shutting down and abandoning module HeadMountedDisplay (79)
[2017.02.13-19.18.18:667][627]LogModuleManager: Shutting down and abandoning module XAudio2 (78)
[2017.02.13-19.18.18:667][627]LogModuleManager: Shutting down and abandoning module Networking (76)
[2017.02.13-19.18.18:667][627]LogModuleManager: Shutting down and abandoning module Core (75)
[2017.02.13-19.18.18:667][627]LogModuleManager: Shutting down and abandoning module DirectoryWatcher (74)
[2017.02.13-19.18.18:668][627]LogDirectoryWatcher: A directory notification for '../../../Engine/Content/' was aborted.
[2017.02.13-19.18.18:668][627]LogDirectoryWatcher: A directory notification for 'C:/Users/Frr/Documents/GitHub/SpaceMilkman/Content/' was aborted.
[2017.02.13-19.18.18:668][627]LogDirectoryWatcher: A directory notification for '../../../Engine/Plugins/2D/Paper2D/Content/' was aborted.
[2017.02.13-19.18.18:668][627]LogModuleManager: Shutting down and abandoning module AssetRegistry (73)
[2017.02.13-19.18.18:770][627]LogModuleManager: Shutting down and abandoning module KismetCompiler (72)
[2017.02.13-19.18.18:770][627]LogModuleManager: Shutting down and abandoning module PhysXFormats (71)
[2017.02.13-19.18.18:770][627]LogModuleManager: Shutting down and abandoning module SimplygonSwarm (70)
[2017.02.13-19.18.18:770][627]LogModuleManager: Shutting down and abandoning module SimplygonMeshReduction (69)
[2017.02.13-19.18.18:770][627]LogModuleManager: Shutting down and abandoning module QuadricMeshReduction (68)
[2017.02.13-19.18.18:770][627]LogModuleManager: Shutting down and abandoning module PropertyEditor (67)
[2017.02.13-19.18.18:770][627]LogModuleManager: Shutting down and abandoning module MeshUtilities (66)
[2017.02.13-19.18.18:770][627]LogModuleManager: Shutting down and abandoning module DerivedDataCache (65)
[2017.02.13-19.18.18:866][627]LogDerivedDataCache: Shutdown
[2017.02.13-19.18.18:866][627]LogModuleManager: Shutting down and abandoning module VulkanShaderFormat (64)
[2017.02.13-19.18.18:866][627]LogModuleManager: Shutting down and abandoning module ShaderFormatOpenGL (63)
[2017.02.13-19.18.18:866][627]LogModuleManager: Shutting down and abandoning module ShaderFormatD3D (62)
[2017.02.13-19.18.18:866][627]LogModuleManager: Shutting down and abandoning module MetalShaderFormat (61)
[2017.02.13-19.18.18:866][627]LogModuleManager: Shutting down and abandoning module TextureFormatUncompressed (60)
[2017.02.13-19.18.18:866][627]LogModuleManager: Shutting down and abandoning module TextureFormatPVR (59)
[2017.02.13-19.18.18:866][627]LogModuleManager: Shutting down and abandoning module TextureFormatDXT (58)
[2017.02.13-19.18.18:866][627]LogModuleManager: Shutting down and abandoning module TextureFormatIntelISPCTexComp (57)
[2017.02.13-19.18.18:866][627]LogModuleManager: Shutting down and abandoning module ImageWrapper (56)
[2017.02.13-19.18.18:866][627]LogModuleManager: Shutting down and abandoning module TextureFormatASTC (55)
[2017.02.13-19.18.18:866][627]LogModuleManager: Shutting down and abandoning module TextureFormatAndroid (54)
[2017.02.13-19.18.18:866][627]LogModuleManager: Shutting down and abandoning module AudioFormatOpus (53)
[2017.02.13-19.18.18:866][627]LogModuleManager: Shutting down and abandoning module AudioFormatOgg (52)
[2017.02.13-19.18.18:866][627]LogModuleManager: Shutting down and abandoning module AudioFormatADPCM (51)
[2017.02.13-19.18.18:866][627]LogModuleManager: Shutting down and abandoning module LinuxTargetPlatform (50)
[2017.02.13-19.18.18:867][627]LogModuleManager: Shutting down and abandoning module LinuxServerTargetPlatform (49)
[2017.02.13-19.18.18:867][627]LogModuleManager: Shutting down and abandoning module LinuxNoEditorTargetPlatform (48)
[2017.02.13-19.18.18:867][627]LogModuleManager: Shutting down and abandoning module LinuxClientTargetPlatform (47)
[2017.02.13-19.18.18:867][627]LogModuleManager: Shutting down and abandoning module TVOSTargetPlatform (46)
[2017.02.13-19.18.18:867][627]LogModuleManager: Shutting down and abandoning module Messaging (45)
[2017.02.13-19.18.18:867][627]LogModuleManager: Shutting down and abandoning module IOSTargetPlatform (44)
[2017.02.13-19.18.18:867][627]LogModuleManager: Shutting down and abandoning module HTML5TargetPlatform (43)
[2017.02.13-19.18.18:867][627]LogModuleManager: Shutting down and abandoning module Android_PVRTCTargetPlatform (42)
[2017.02.13-19.18.18:867][627]LogModuleManager: Shutting down and abandoning module Android_MultiTargetPlatform (41)
[2017.02.13-19.18.18:867][627]LogModuleManager: Shutting down and abandoning module Android_ETC2TargetPlatform (40)
[2017.02.13-19.18.18:867][627]LogModuleManager: Shutting down and abandoning module Android_ETC1TargetPlatform (39)
[2017.02.13-19.18.18:867][627]LogModuleManager: Shutting down and abandoning module Android_DXTTargetPlatform (38)
[2017.02.13-19.18.18:867][627]LogModuleManager: Shutting down and abandoning module Android_ATCTargetPlatform (37)
[2017.02.13-19.18.18:867][627]LogModuleManager: Shutting down and abandoning module Android_ASTCTargetPlatform (36)
[2017.02.13-19.18.18:867][627]LogModuleManager: Shutting down and abandoning module AndroidTargetPlatform (35)
[2017.02.13-19.18.18:867][627]LogModuleManager: Shutting down and abandoning module WindowsTargetPlatform (34)
[2017.02.13-19.18.18:867][627]LogModuleManager: Shutting down and abandoning module WindowsServerTargetPlatform (33)
[2017.02.13-19.18.18:867][627]LogModuleManager: Shutting down and abandoning module WindowsNoEditorTargetPlatform (32)
[2017.02.13-19.18.18:867][627]LogModuleManager: Shutting down and abandoning module WindowsClientTargetPlatform (31)
[2017.02.13-19.18.18:867][627]LogModuleManager: Shutting down and abandoning module MacTargetPlatform (30)
[2017.02.13-19.18.18:867][627]LogModuleManager: Shutting down and abandoning module MacServerTargetPlatform (29)
[2017.02.13-19.18.18:867][627]LogModuleManager: Shutting down and abandoning module MacNoEditorTargetPlatform (28)
[2017.02.13-19.18.18:867][627]LogModuleManager: Shutting down and abandoning module MacClientTargetPlatform (27)
[2017.02.13-19.18.18:867][627]LogModuleManager: Shutting down and abandoning module AllDesktopTargetPlatform (26)
[2017.02.13-19.18.18:867][627]LogModuleManager: Shutting down and abandoning module TargetPlatform (25)
[2017.02.13-19.18.18:867][627]LogModuleManager: Shutting down and abandoning module InputCore (24)
[2017.02.13-19.18.18:867][627]LogModuleManager: Shutting down and abandoning module Settings (23)
[2017.02.13-19.18.18:867][627]LogModuleManager: Shutting down and abandoning module OculusRift (22)
[2017.02.13-19.18.18:867][627]LogModuleManager: Shutting down and abandoning module ExampleDeviceProfileSelector (21)
[2017.02.13-19.18.18:867][627]LogModuleManager: Shutting down and abandoning module OnlineBlueprintSupport (20)
[2017.02.13-19.18.18:867][627]LogModuleManager: Shutting down and abandoning module OnlineSubsystem (18)
[2017.02.13-19.18.18:867][627]LogOnline:Display: Unloading online subsystem: NULL
[2017.02.13-19.18.18:867][627]LogModuleManager: Shutting down and abandoning module SSL (17)
[2017.02.13-19.18.18:868][627]LogModuleManager: Shutting down and abandoning module HTTP (16)
[2017.02.13-19.18.18:868][627]LogModuleManager: Shutting down and abandoning module XMPP (15)
[2017.02.13-19.18.18:868][627]LogModuleManager: Shutting down and abandoning module TextureCompressor (14)
[2017.02.13-19.18.18:868][627]LogModuleManager: Shutting down and abandoning module ShaderCore (13)
[2017.02.13-19.18.18:868][627]LogModuleManager: Shutting down and abandoning module Landscape (12)
[2017.02.13-19.18.18:868][627]LogModuleManager: Shutting down and abandoning module SlateRHIRenderer (11)
[2017.02.13-19.18.18:871][627]LogModuleManager: Shutting down and abandoning module OpenGLDrv (10)
[2017.02.13-19.18.18:871][627]LogModuleManager: Shutting down and abandoning module D3D11RHI (9)
[2017.02.13-19.18.18:871][627]LogModuleManager: Shutting down and abandoning module AnimGraphRuntime (8)
[2017.02.13-19.18.18:871][627]LogModuleManager: Shutting down and abandoning module Renderer (7)
[2017.02.13-19.18.18:871][627]LogModuleManager: Shutting down and abandoning module Engine (6)
[2017.02.13-19.18.18:871][627]LogModuleManager: Shutting down and abandoning module CoreUObject (5)
[2017.02.13-19.18.18:871][627]LogModuleManager: Shutting down and abandoning module NetworkFile (4)
[2017.02.13-19.18.18:871][627]LogModuleManager: Shutting down and abandoning module StreamingFile (3)
[2017.02.13-19.18.18:871][627]LogModuleManager: Shutting down and abandoning module SandboxFile (2)
[2017.02.13-19.18.18:871][627]LogModuleManager: Shutting down and abandoning module PakFile (1)
[2017.02.13-19.18.18:872][627]LogExit: Exiting.
[2017.02.13-19.18.18:881][627]Log file closed, 02/13/17 19:18:18
