Log file open, 02/06/17 10:43:52
LogInit:Display: Running engine for game: SpaceMilkman
LogPlatformFile: Not using cached read wrapper
LogInit:Display: RandInit(-496683302) SRandInit(-496683302).
LogTaskGraph: Started task graph with 5 named threads and 8 total threads with 1 sets of task threads.
LogStats: Stats thread started at 0.073348
LogPluginManager: Loaded Plugin Paper2D, From F:/Program Files (x86)/Epic Games/4.14/Engine/Plugins/2D/Paper2D/Paper2D.uplugin
LogPluginManager: Loaded Plugin LightPropagationVolume, From F:/Program Files (x86)/Epic Games/4.14/Engine/Plugins/Blendables/LightPropagationVolume/LightPropagationVolume.uplugin
LogPluginManager: Loaded Plugin BlankPlugin, From F:/Program Files (x86)/Epic Games/4.14/Engine/Plugins/Developer/BlankPlugin/BlankPlugin.uplugin
LogPluginManager: Loaded Plugin CodeLiteSourceCodeAccess, From F:/Program Files (x86)/Epic Games/4.14/Engine/Plugins/Developer/CodeLiteSourceCodeAccess/CodeLiteSourceCodeAccess.uplugin
LogPluginManager: Loaded Plugin GitSourceControl, From F:/Program Files (x86)/Epic Games/4.14/Engine/Plugins/Developer/GitSourceControl/GitSourceControl.uplugin
LogPluginManager: Loaded Plugin KDevelopSourceCodeAccess, From F:/Program Files (x86)/Epic Games/4.14/Engine/Plugins/Developer/KDevelopSourceCodeAccess/KDevelopSourceCodeAccess.uplugin
LogPluginManager: Loaded Plugin NullSourceCodeAccess, From F:/Program Files (x86)/Epic Games/4.14/Engine/Plugins/Developer/NullSourceCodeAccess/NullSourceCodeAccess.uplugin
LogPluginManager: Loaded Plugin OneSkyLocalizationService, From F:/Program Files (x86)/Epic Games/4.14/Engine/Plugins/Developer/OneSkyLocalizationService/OneSkyLocalizationService.uplugin
LogPluginManager: Loaded Plugin PerforceSourceControl, From F:/Program Files (x86)/Epic Games/4.14/Engine/Plugins/Developer/PerforceSourceControl/PerforceSourceControl.uplugin
LogPluginManager: Loaded Plugin SubversionSourceControl, From F:/Program Files (x86)/Epic Games/4.14/Engine/Plugins/Developer/SubversionSourceControl/SubversionSourceControl.uplugin
LogPluginManager: Loaded Plugin UObjectPlugin, From F:/Program Files (x86)/Epic Games/4.14/Engine/Plugins/Developer/UObjectPlugin/UObjectPlugin.uplugin
LogPluginManager: Loaded Plugin VisualStudioSourceCodeAccess, From F:/Program Files (x86)/Epic Games/4.14/Engine/Plugins/Developer/VisualStudioSourceCodeAccess/VisualStudioSourceCodeAccess.uplugin
LogPluginManager: Loaded Plugin XCodeSourceCodeAccess, From F:/Program Files (x86)/Epic Games/4.14/Engine/Plugins/Developer/XCodeSourceCodeAccess/XCodeSourceCodeAccess.uplugin
LogPluginManager: Loaded Plugin AudioCapture, From F:/Program Files (x86)/Epic Games/4.14/Engine/Plugins/Editor/AudioCapture/AudioCapture.uplugin
LogPluginManager: Loaded Plugin EpicSurvey, From F:/Program Files (x86)/Epic Games/4.14/Engine/Plugins/Editor/EpicSurvey/EpicSurvey.uplugin
LogPluginManager: Loaded Plugin MacGraphicsSwitching, From F:/Program Files (x86)/Epic Games/4.14/Engine/Plugins/Editor/MacGraphicsSwitching/MacGraphicsSwitching.uplugin
LogPluginManager: Loaded Plugin MobileLauncherProfileWizard, From F:/Program Files (x86)/Epic Games/4.14/Engine/Plugins/Editor/MobileLauncherProfileWizard/MobileLauncherProfileWizard.uplugin
LogPluginManager: Loaded Plugin PluginBrowser, From F:/Program Files (x86)/Epic Games/4.14/Engine/Plugins/Editor/PluginBrowser/PluginBrowser.uplugin
LogPluginManager: Loaded Plugin SpeedTreeImporter, From F:/Program Files (x86)/Epic Games/4.14/Engine/Plugins/Editor/SpeedTreeImporter/SpeedTreeImporter.uplugin
LogPluginManager: Loaded Plugin SuperSearchEditor, From F:/Program Files (x86)/Epic Games/4.14/Engine/Plugins/Editor/SuperSearchEditor/SuperSearchEditor.uplugin
LogPluginManager: Loaded Plugin AlembicImporter, From F:/Program Files (x86)/Epic Games/4.14/Engine/Plugins/Experimental/AlembicImporter/AlembicImporter.uplugin
LogPluginManager: Loaded Plugin BlueprintStats, From F:/Program Files (x86)/Epic Games/4.14/Engine/Plugins/Experimental/BlueprintStats/BlueprintStats.uplugin
LogPluginManager: Loaded Plugin CharacterAI, From F:/Program Files (x86)/Epic Games/4.14/Engine/Plugins/Experimental/CharacterAI/CharacterAI.uplugin
LogPluginManager: Loaded Plugin CodeEditor, From F:/Program Files (x86)/Epic Games/4.14/Engine/Plugins/Experimental/CodeEditor/CodeEditor.uplugin
LogPluginManager: Loaded Plugin CodeView, From F:/Program Files (x86)/Epic Games/4.14/Engine/Plugins/Experimental/CodeView/CodeView.uplugin
LogPluginManager: Loaded Plugin HTML5Networking, From F:/Program Files (x86)/Epic Games/4.14/Engine/Plugins/Experimental/HTML5Networking/HTML5Networking.uplugin
LogPluginManager: Loaded Plugin OSVR, From F:/Program Files (x86)/Epic Games/4.14/Engine/Plugins/Experimental/OSVR/OSVR.uplugin
LogPluginManager: Loaded Plugin Phya, From F:/Program Files (x86)/Epic Games/4.14/Engine/Plugins/Experimental/Phya/Phya.uplugin
LogPluginManager: Loaded Plugin SignificanceManager, From F:/Program Files (x86)/Epic Games/4.14/Engine/Plugins/Experimental/SignificanceManager/SignificanceManager.uplugin
LogPluginManager: Loaded Plugin SimpleHMD, From F:/Program Files (x86)/Epic Games/4.14/Engine/Plugins/Experimental/SimpleHMD/SimpleHMD.uplugin
LogPluginManager: Loaded Plugin StereoPanorama, From F:/Program Files (x86)/Epic Games/4.14/Engine/Plugins/Experimental/StereoPanorama/StereoPanorama.uplugin
LogPluginManager: Loaded Plugin StructBox, From F:/Program Files (x86)/Epic Games/4.14/Engine/Plugins/Experimental/StructBox/StructBox.uplugin
LogPluginManager: Loaded Plugin AndroidMedia, From F:/Program Files (x86)/Epic Games/4.14/Engine/Plugins/Media/AndroidMedia/AndroidMedia.uplugin
LogPluginManager: Loaded Plugin AvfMedia, From F:/Program Files (x86)/Epic Games/4.14/Engine/Plugins/Media/AvfMedia/AvfMedia.uplugin
LogPluginManager: Loaded Plugin MediaPlayerEditor, From F:/Program Files (x86)/Epic Games/4.14/Engine/Plugins/Media/MediaPlayerEditor/MediaPlayerEditor.uplugin
LogPluginManager: Loaded Plugin WmfMedia, From F:/Program Files (x86)/Epic Games/4.14/Engine/Plugins/Media/WmfMedia/WmfMedia.uplugin
LogPluginManager: Loaded Plugin MessagingDebugger, From F:/Program Files (x86)/Epic Games/4.14/Engine/Plugins/Messaging/MessagingDebugger/MessagingDebugger.uplugin
LogPluginManager: Loaded Plugin TcpMessaging, From F:/Program Files (x86)/Epic Games/4.14/Engine/Plugins/Messaging/TcpMessaging/TcpMessaging.uplugin
LogPluginManager: Loaded Plugin UdpMessaging, From F:/Program Files (x86)/Epic Games/4.14/Engine/Plugins/Messaging/UdpMessaging/UdpMessaging.uplugin
LogPluginManager: Loaded Plugin LevelSequenceEditor, From F:/Program Files (x86)/Epic Games/4.14/Engine/Plugins/MovieScene/LevelSequenceEditor/LevelSequenceEditor.uplugin
LogPluginManager: Loaded Plugin MatineeToLevelSequence, From F:/Program Files (x86)/Epic Games/4.14/Engine/Plugins/MovieScene/MatineeToLevelSequence/MatineeToLevelSequence.uplugin
LogPluginManager: Loaded Plugin NetcodeUnitTest, From F:/Program Files (x86)/Epic Games/4.14/Engine/Plugins/NetcodeUnitTest/NetcodeUnitTest/NetcodeUnitTest.uplugin
LogPluginManager: Loaded Plugin NUTUnrealEngine4, From F:/Program Files (x86)/Epic Games/4.14/Engine/Plugins/NetcodeUnitTest/NUTUnrealEngine4/NUTUnrealEngine4.uplugin
LogPluginManager: Loaded Plugin OnlineSubsystemGameCircle, From F:/Program Files (x86)/Epic Games/4.14/Engine/Plugins/Online/Android/OnlineSubsystemGameCircle/OnlineSubsystemGameCircle.uplugin
LogPluginManager: Loaded Plugin OnlineSubsystemGooglePlay, From F:/Program Files (x86)/Epic Games/4.14/Engine/Plugins/Online/Android/OnlineSubsystemGooglePlay/OnlineSubsystemGooglePlay.uplugin
LogPluginManager: Loaded Plugin OnlineSubsystemIOS, From F:/Program Files (x86)/Epic Games/4.14/Engine/Plugins/Online/IOS/OnlineSubsystemIOS/OnlineSubsystemIOS.uplugin
LogPluginManager: Loaded Plugin OnlineFramework, From F:/Program Files (x86)/Epic Games/4.14/Engine/Plugins/Online/OnlineFramework/OnlineFramework.uplugin
LogPluginManager: Loaded Plugin OnlineSubsystem, From F:/Program Files (x86)/Epic Games/4.14/Engine/Plugins/Online/OnlineSubsystem/OnlineSubsystem.uplugin
LogPluginManager: Loaded Plugin OnlineSubsystemAmazon, From F:/Program Files (x86)/Epic Games/4.14/Engine/Plugins/Online/OnlineSubsystemAmazon/OnlineSubsystemAmazon.uplugin
LogPluginManager: Loaded Plugin OnlineSubsystemFacebook, From F:/Program Files (x86)/Epic Games/4.14/Engine/Plugins/Online/OnlineSubsystemFacebook/OnlineSubsystemFacebook.uplugin
LogPluginManager: Loaded Plugin OnlineSubsystemNull, From F:/Program Files (x86)/Epic Games/4.14/Engine/Plugins/Online/OnlineSubsystemNull/OnlineSubsystemNull.uplugin
LogPluginManager: Loaded Plugin OnlineSubsystemOculus, From F:/Program Files (x86)/Epic Games/4.14/Engine/Plugins/Online/OnlineSubsystemOculus/OnlineSubsystemOculus.uplugin
LogPluginManager: Loaded Plugin OnlineSubsystemSteam, From F:/Program Files (x86)/Epic Games/4.14/Engine/Plugins/Online/OnlineSubsystemSteam/OnlineSubsystemSteam.uplugin
LogPluginManager: Loaded Plugin OnlineSubsystemUtils, From F:/Program Files (x86)/Epic Games/4.14/Engine/Plugins/Online/OnlineSubsystemUtils/OnlineSubsystemUtils.uplugin
LogPluginManager: Loaded Plugin IOSTapJoy, From F:/Program Files (x86)/Epic Games/4.14/Engine/Plugins/Runtime/Advertising/IOSTapJoy/IOSTapJoy.uplugin
LogPluginManager: Loaded Plugin AnalyticsBlueprintLibrary, From F:/Program Files (x86)/Epic Games/4.14/Engine/Plugins/Runtime/Analytics/AnalyticsBlueprintLibrary/AnalyticsBlueprintLibrary.uplugin
LogPluginManager: Loaded Plugin AnalyticsMulticast, From F:/Program Files (x86)/Epic Games/4.14/Engine/Plugins/Runtime/Analytics/AnalyticsMulticast/AnalyticsMulticast.uplugin
LogPluginManager: Loaded Plugin Apsalar, From F:/Program Files (x86)/Epic Games/4.14/Engine/Plugins/Runtime/Analytics/Apsalar/Apsalar.uplugin
LogPluginManager: Loaded Plugin FileLogging, From F:/Program Files (x86)/Epic Games/4.14/Engine/Plugins/Runtime/Analytics/FileLogging/FileLogging.uplugin
LogPluginManager: Loaded Plugin Flurry, From F:/Program Files (x86)/Epic Games/4.14/Engine/Plugins/Runtime/Analytics/Flurry/Flurry.uplugin
LogPluginManager: Loaded Plugin AndroidDeviceProfileSelector, From F:/Program Files (x86)/Epic Games/4.14/Engine/Plugins/Runtime/AndroidDeviceProfileSelector/AndroidDeviceProfileSelector.uplugin
LogPluginManager: Loaded Plugin AndroidMoviePlayer, From F:/Program Files (x86)/Epic Games/4.14/Engine/Plugins/Runtime/AndroidMoviePlayer/AndroidMoviePlayer.uplugin
LogPluginManager: Loaded Plugin AppleMoviePlayer, From F:/Program Files (x86)/Epic Games/4.14/Engine/Plugins/Runtime/AppleMoviePlayer/AppleMoviePlayer.uplugin
LogPluginManager: Loaded Plugin ArchVisCharacter, From F:/Program Files (x86)/Epic Games/4.14/Engine/Plugins/Runtime/ArchVisCharacter/ArchVisCharacter.uplugin
LogPluginManager: Loaded Plugin CableComponent, From F:/Program Files (x86)/Epic Games/4.14/Engine/Plugins/Runtime/CableComponent/CableComponent.uplugin
LogPluginManager: Loaded Plugin CustomMeshComponent, From F:/Program Files (x86)/Epic Games/4.14/Engine/Plugins/Runtime/CustomMeshComponent/CustomMeshComponent.uplugin
LogPluginManager: Loaded Plugin ExampleDeviceProfileSelector, From F:/Program Files (x86)/Epic Games/4.14/Engine/Plugins/Runtime/ExampleDeviceProfileSelector/ExampleDeviceProfileSelector.uplugin
LogPluginManager: Loaded Plugin GearVR, From F:/Program Files (x86)/Epic Games/4.14/Engine/Plugins/Runtime/GearVR/GearVR.uplugin
LogPluginManager: Loaded Plugin GoogleVRController, From F:/Program Files (x86)/Epic Games/4.14/Engine/Plugins/Runtime/GoogleVR/GoogleVRController/GoogleVRController.uplugin
LogPluginManager: Loaded Plugin GoogleVRHMD, From F:/Program Files (x86)/Epic Games/4.14/Engine/Plugins/Runtime/GoogleVR/GoogleVRHMD/GoogleVRHMD.uplugin
LogPluginManager: Loaded Plugin IOSDeviceProfileSelector, From F:/Program Files (x86)/Epic Games/4.14/Engine/Plugins/Runtime/IOSDeviceProfileSelector/IOSDeviceProfileSelector.uplugin
LogPluginManager: Loaded Plugin LeapMotion, From F:/Program Files (x86)/Epic Games/4.14/Engine/Plugins/Runtime/LeapMotion/LeapMotion.uplugin
LogPluginManager: Loaded Plugin LinuxDeviceProfileSelector, From F:/Program Files (x86)/Epic Games/4.14/Engine/Plugins/Runtime/LinuxDeviceProfileSelector/LinuxDeviceProfileSelector.uplugin
LogPluginManager: Loaded Plugin MIDIDevice, From F:/Program Files (x86)/Epic Games/4.14/Engine/Plugins/Runtime/MIDIDevice/MIDIDevice.uplugin
LogPluginManager: Loaded Plugin MobilePatchingUtils, From F:/Program Files (x86)/Epic Games/4.14/Engine/Plugins/Runtime/MobilePatchingUtils/MobilePatchingUtils.uplugin
LogPluginManager: Loaded Plugin Ansel, From F:/Program Files (x86)/Epic Games/4.14/Engine/Plugins/Runtime/Nvidia/Ansel/Ansel.uplugin
LogPluginManager: Loaded Plugin OculusAudio, From F:/Program Files (x86)/Epic Games/4.14/Engine/Plugins/Runtime/OculusAudio/OculusAudio.uplugin
LogPluginManager: Loaded Plugin OculusInput, From F:/Program Files (x86)/Epic Games/4.14/Engine/Plugins/Runtime/OculusInput/OculusInput.uplugin
LogPluginManager: Loaded Plugin OculusLibrary, From F:/Program Files (x86)/Epic Games/4.14/Engine/Plugins/Runtime/OculusLibrary/OculusLibrary.uplugin
LogPluginManager: Loaded Plugin OculusRift, From F:/Program Files (x86)/Epic Games/4.14/Engine/Plugins/Runtime/OculusRift/OculusRift.uplugin
LogPluginManager: Loaded Plugin Oodle, From F:/Program Files (x86)/Epic Games/4.14/Engine/Plugins/Runtime/PacketHandlers/CompressionComponents/Oodle/Oodle.uplugin
LogPluginManager: Loaded Plugin ProceduralMeshComponent, From F:/Program Files (x86)/Epic Games/4.14/Engine/Plugins/Runtime/ProceduralMeshComponent/ProceduralMeshComponent.uplugin
LogPluginManager: Loaded Plugin SoundMod, From F:/Program Files (x86)/Epic Games/4.14/Engine/Plugins/Runtime/SoundMod/SoundMod.uplugin
LogPluginManager: Loaded Plugin SoundVisualizations, From F:/Program Files (x86)/Epic Games/4.14/Engine/Plugins/Runtime/SoundVisualizations/SoundVisualizations.uplugin
LogPluginManager: Loaded Plugin SteamController, From F:/Program Files (x86)/Epic Games/4.14/Engine/Plugins/Runtime/Steam/SteamController/SteamController.uplugin
LogPluginManager: Loaded Plugin SteamVR, From F:/Program Files (x86)/Epic Games/4.14/Engine/Plugins/Runtime/Steam/SteamVR/SteamVR.uplugin
LogPluginManager: Loaded Plugin WebBrowserWidget, From F:/Program Files (x86)/Epic Games/4.14/Engine/Plugins/Runtime/WebBrowserWidget/WebBrowserWidget.uplugin
LogPluginManager: Loaded Plugin WindowsDeviceProfileSelector, From F:/Program Files (x86)/Epic Games/4.14/Engine/Plugins/Runtime/WindowsDeviceProfileSelector/WindowsDeviceProfileSelector.uplugin
LogPluginManager: Loaded Plugin WindowsMoviePlayer, From F:/Program Files (x86)/Epic Games/4.14/Engine/Plugins/Runtime/WindowsMoviePlayer/WindowsMoviePlayer.uplugin
LogPluginManager: Loaded Plugin ScriptPlugin, From F:/Program Files (x86)/Epic Games/4.14/Engine/Plugins/ScriptPlugin/ScriptPlugin.uplugin
LogPluginManager: Loaded Plugin SlateRemote, From F:/Program Files (x86)/Epic Games/4.14/Engine/Plugins/Slate/SlateRemote/SlateRemote.uplugin
LogPluginManager: Loaded Plugin EditorTests, From F:/Program Files (x86)/Epic Games/4.14/Engine/Plugins/Tests/EditorTests/EditorTests.uplugin
LogPluginManager: Loaded Plugin FbxAutomationTestBuilder, From F:/Program Files (x86)/Epic Games/4.14/Engine/Plugins/Tests/FbxAutomationTestBuilder/FbxAutomationTestBuilder.uplugin
LogPluginManager: Loaded Plugin FunctionalTestingEditor, From F:/Program Files (x86)/Epic Games/4.14/Engine/Plugins/Tests/FunctionalTestingEditor/FunctionalTestingEditor.uplugin
LogPluginManager: Loaded Plugin RuntimeTests, From F:/Program Files (x86)/Epic Games/4.14/Engine/Plugins/Tests/RuntimeTests/RuntimeTests.uplugin
LogPluginManager: Loaded Plugin ScreenshotTools, From F:/Program Files (x86)/Epic Games/4.14/Engine/Plugins/Tests/ScreenshotTools/ScreenshotTools.uplugin
LogInit: Using libcurl 7.47.1
LogInit:  - built for x86_64-pc-win32
LogInit:  - supports SSL with OpenSSL/1.0.2g
LogInit:  - supports HTTP deflate (compression) using libz 1.2.8
LogInit:  - other features:
LogInit:      CURL_VERSION_SSL
LogInit:      CURL_VERSION_LIBZ
LogInit:      CURL_VERSION_IPV6
LogInit:      CURL_VERSION_ASYNCHDNS
LogInit:      CURL_VERSION_LARGEFILE
LogInit:      CURL_VERSION_IDN
LogInit:  CurlRequestOptions (configurable via config and command line):
LogInit:  - bVerifyPeer = false  - Libcurl will NOT verify peer certificate
LogInit:  - bUseHttpProxy = false  - Libcurl will NOT use HTTP proxy
LogInit:  - bDontReuseConnections = false  - Libcurl will reuse connections
LogInit:  - CertBundlePath = nullptr  - Libcurl will use whatever was configured at build time.
LogInit: Build: ++UE4+Release-4.14-CL-3249277
LogInit: Engine Version: 4.14.3-3249277+++UE4+Release-4.14
LogInit: Compatible Engine Version: 4.14.0-3195953+++UE4+Release-4.14
LogInit: Net CL: 3195953
LogDevObjectVersion: Number of dev versions registered: 13
LogDevObjectVersion:   Dev-Blueprints (B0D832E4-1F89-4F0D-ACCF-7EB736FD4AA2): 7
LogDevObjectVersion:   Dev-Build (E1C64328-A22C-4D53-A36C-8E866417BD8C): 0
LogDevObjectVersion:   Dev-Core (375EC13C-06E4-48FB-B500-84F0262A717E): 1
LogDevObjectVersion:   Dev-Editor (E4B068ED-F494-42E9-A231-DA0B2E46BB41): 8
LogDevObjectVersion:   Dev-Framework (CFFC743F-43B0-4480-9391-14DF171D2073): 17
LogDevObjectVersion:   Dev-Mobile (B02B49B5-BB20-44E9-A304-32B752E40360): 0
LogDevObjectVersion:   Dev-Networking (A4E4105C-59A1-49B5-A7C5-40C4547EDFEE): 0
LogDevObjectVersion:   Dev-Online (39C831C9-5AE6-47DC-9A44-9C173E1C8E7C): 0
LogDevObjectVersion:   Dev-Physics (78F01B33-EBEA-4F98-B9B4-84EACCB95AA2): 0
LogDevObjectVersion:   Dev-Platform (6631380F-2D4D-43E0-8009-CF276956A95A): 0
LogDevObjectVersion:   Dev-Rendering (12F88B9F-8875-4AFC-A67C-D90C383ABD29): 12
LogDevObjectVersion:   Dev-Sequencer (7B5AE74C-D270-4C10-A958-57980B212A5A): 1
LogDevObjectVersion:   Dev-VR (D7296918-1DD6-4BDD-9DE2-64A83CC13884): 0
LogInit: Compiled (64-bit): Jan  6 2017 10:49:43
LogInit: Compiled with Visual C++: 19.00.23026.00
LogInit: Build Configuration: Development
LogInit: Branch Name: ++UE4+Release-4.14
LogInit: Command line: -EpicPortal 
LogInit: Base directory: F:/Program Files (x86)/Epic Games/4.14/Engine/Binaries/Win64/
LogInit: Installed Engine Build: 1
LogInit: Presizing for max 8388607 objects, including 0 objects not considered by GC, pre-allocating 0 bytes for permanent pool.
LogInit: Object subsystem initialized
[2017.02.06-10.43.52:854][  0]LogInit: Selected Device Profile: [Windows]
[2017.02.06-10.43.52:854][  0]LogInit: Applying CVar settings loaded from the selected device profile: [Windows]
[2017.02.06-10.43.52:862][  0]LogInit: Computer: FRR-PC
[2017.02.06-10.43.52:862][  0]LogInit: User: Frr
[2017.02.06-10.43.52:862][  0]LogInit: CPU Page size=65536, Cores=4
[2017.02.06-10.43.52:862][  0]LogInit: High frequency timer resolution =3.429248 MHz
[2017.02.06-10.43.52:862][  0]LogMemory: Memory total: Physical=16.0GB (16GB approx)
[2017.02.06-10.43.52:862][  0]LogMemory: Platform Memory Stats for Windows
[2017.02.06-10.43.52:862][  0]LogMemory: Process Physical Memory: 265.50 MB used, 265.50 MB peak
[2017.02.06-10.43.52:862][  0]LogMemory: Process Virtual Memory: 265.34 MB used, 265.34 MB peak
[2017.02.06-10.43.52:862][  0]LogMemory: Physical Memory: 5380.89 MB used,  10970.25 MB free, 16351.14 MB total
[2017.02.06-10.43.52:862][  0]LogMemory: Virtual Memory: 664.11 MB used,  10970.25 MB free, 8388608.00 MB total
[2017.02.06-10.43.52:895][  0]LogTextLocalizationManager: No specific translations for ('en-GB') exist, so ('en') translations will be used.
[2017.02.06-10.43.53:517][  0]LogD3D11RHI: D3D11 adapters:
[2017.02.06-10.43.53:539][  0]LogD3D11RHI:    0. 'NVIDIA GeForce GTX 770' (Feature Level 11_0)
[2017.02.06-10.43.53:539][  0]LogD3D11RHI:       1989/0/7919 MB DedicatedVideo/DedicatedSystem/SharedSystem, Outputs:1, VendorId:0x10de
[2017.02.06-10.43.53:539][  0]LogD3D11RHI: Chosen D3D11 Adapter: 0
[2017.02.06-10.43.53:543][  0]LogD3D11RHI: Creating new Direct3DDevice
[2017.02.06-10.43.53:543][  0]LogD3D11RHI:     GPU DeviceId: 0x1184 (for the marketing name, search the web for "GPU Device Id")
[2017.02.06-10.43.53:543][  0]LogWindows: EnumDisplayDevices:
[2017.02.06-10.43.53:543][  0]LogWindows:    0. 'NVIDIA GeForce GTX 770' (P:1 D:1)
[2017.02.06-10.43.53:543][  0]LogWindows:    1. 'NVIDIA GeForce GTX 770' (P:0 D:0)
[2017.02.06-10.43.53:543][  0]LogWindows:    2. 'NVIDIA GeForce GTX 770' (P:0 D:0)
[2017.02.06-10.43.53:544][  0]LogWindows:    3. 'NVIDIA GeForce GTX 770' (P:0 D:0)
[2017.02.06-10.43.53:544][  0]LogWindows:    4. 'RDPDD Chained DD' (P:0 D:0)
[2017.02.06-10.43.53:544][  0]LogWindows:    5. 'RDP Encoder Mirror Driver' (P:0 D:0)
[2017.02.06-10.43.53:544][  0]LogWindows:    6. 'RDP Reflector Display Driver' (P:0 D:0)
[2017.02.06-10.43.53:544][  0]LogWindows: DebugString: GetVideoDriverDetailsInvalid PrimaryIsNotTheChoosenAdapter GetVideoDriverDetailsInvalid PrimaryIsNotTheChoosenAdapter GetVideoDriverDetailsInvalid PrimaryIsNotTheChoosenAdapter FoundDriverCount:4 
[2017.02.06-10.43.53:544][  0]LogD3D11RHI:     Adapter Name: NVIDIA GeForce GTX 770
[2017.02.06-10.43.53:544][  0]LogD3D11RHI:   Driver Version: 378.49 (internal:21.21.13.7849, unified:378.49)
[2017.02.06-10.43.53:544][  0]LogD3D11RHI:      Driver Date: 1-20-2017
[2017.02.06-10.43.53:544][  0]LogRHI: Texture pool is 1361 MB (70% of 1945 MB)
[2017.02.06-10.43.53:552][  0]LogD3D11RHI:Warning: Timestamp queries are currently disabled on this hardware due to instability. Realtime GPU stats will not be available. You can override this behaviour by setting r.NVIDIATimestampWorkaround to 0
[2017.02.06-10.43.53:552][  0]LogD3D11RHI: Async texture creation enabled
[2017.02.06-10.43.53:567][  0]LogD3D11RHI: GPU Timing Frequency: 1000.000000 (Debug: 2 2)
[2017.02.06-10.43.53:568][  0]LogShaderCompilers: Guid format shader working directory is 2 characters bigger than the processId version (C:/Users/Frr/Documents/GitHub/SpaceMilkman/Intermediate/Shaders/WorkingDirectory/2784/).
[2017.02.06-10.43.53:568][  0]LogShaderCompilers: Cleaned the shader compiler working directory 'C:/Users/Frr/AppData/Local/Temp/UnrealShaderWorkingDir/756C1FCF4A3F834DA90E189888A21256/'.
[2017.02.06-10.43.53:568][  0]LogShaderCompilers:Display: Using Local Shader Compiler.
[2017.02.06-10.43.54:575][  0]LogTemp:Display: Loaded TP AllDesktopTargetPlatform
[2017.02.06-10.43.54:627][  0]LogTemp:Display: Loaded TP MacClientTargetPlatform
[2017.02.06-10.43.54:677][  0]LogTemp:Display: Loaded TP MacNoEditorTargetPlatform
[2017.02.06-10.43.54:729][  0]LogTemp:Display: Loaded TP MacServerTargetPlatform
[2017.02.06-10.43.54:780][  0]LogTemp:Display: Loaded TP MacTargetPlatform
[2017.02.06-10.43.54:831][  0]LogTemp:Display: Loaded TP WindowsClientTargetPlatform
[2017.02.06-10.43.54:881][  0]LogTemp:Display: Loaded TP WindowsNoEditorTargetPlatform
[2017.02.06-10.43.54:931][  0]LogTemp:Display: Loaded TP WindowsServerTargetPlatform
[2017.02.06-10.43.54:971][  0]LogTemp:Display: Loaded TP WindowsTargetPlatform
[2017.02.06-10.43.55:020][  0]LogTemp:Display: Loaded TP AndroidTargetPlatform
[2017.02.06-10.43.55:069][  0]LogTemp:Display: Loaded TP Android_ASTCTargetPlatform
[2017.02.06-10.43.55:120][  0]LogTemp:Display: Loaded TP Android_ATCTargetPlatform
[2017.02.06-10.43.55:171][  0]LogTemp:Display: Loaded TP Android_DXTTargetPlatform
[2017.02.06-10.43.55:221][  0]LogTemp:Display: Loaded TP Android_ETC1TargetPlatform
[2017.02.06-10.43.55:270][  0]LogTemp:Display: Loaded TP Android_ETC2TargetPlatform
[2017.02.06-10.43.55:369][  0]LogTemp:Display: Loaded TP Android_MultiTargetPlatform
[2017.02.06-10.43.55:369][  0]LogTemp:Display: Loaded TP Android_PVRTCTargetPlatform
[2017.02.06-10.43.55:402][  0]LogTemp:Display: Loaded TP HTML5TargetPlatform
[2017.02.06-10.43.55:477][  0]LogTemp:Display: Loaded TP IOSTargetPlatform
[2017.02.06-10.43.55:507][  0]LogTemp:Display: Loaded TP TVOSTargetPlatform
[2017.02.06-10.43.55:557][  0]LogTemp:Display: Loaded TP LinuxClientTargetPlatform
[2017.02.06-10.43.55:607][  0]LogTemp:Display: Loaded TP LinuxNoEditorTargetPlatform
[2017.02.06-10.43.55:657][  0]LogTemp:Display: Loaded TP LinuxServerTargetPlatform
[2017.02.06-10.43.55:707][  0]LogTemp:Display: Loaded TP LinuxTargetPlatform
[2017.02.06-10.43.55:707][  0]LogTargetPlatformManager:Display: Building Assets For Windows
[2017.02.06-10.43.56:017][  0]LogDerivedDataCache:Display: Max Cache Size: 512 MB
[2017.02.06-10.43.56:061][  0]LogDerivedDataCache: Loaded boot cache 0.04s 52MB C:/Users/Frr/AppData/Local/UnrealEngine/4.14/DerivedDataCache/Boot.ddc.
[2017.02.06-10.43.56:061][  0]LogDerivedDataCache:Display: Loaded Boot cache: C:/Users/Frr/AppData/Local/UnrealEngine/4.14/DerivedDataCache/Boot.ddc
[2017.02.06-10.43.56:061][  0]LogDerivedDataCache: FDerivedDataBackendGraph:  Pak pak cache file C:/Users/Frr/Documents/GitHub/SpaceMilkman/DerivedDataCache/DDC.ddp not found, will not use a pak cache.
[2017.02.06-10.43.56:061][  0]LogDerivedDataCache: Unable to find inner node Pak for hierarchical cache Hierarchy.
[2017.02.06-10.43.56:061][  0]LogDerivedDataCache: FDerivedDataBackendGraph:  CompressedPak pak cache file C:/Users/Frr/Documents/GitHub/SpaceMilkman/DerivedDataCache/Compressed.ddp not found, will not use a pak cache.
[2017.02.06-10.43.56:061][  0]LogDerivedDataCache: Unable to find inner node CompressedPak for hierarchical cache Hierarchy.
[2017.02.06-10.43.56:077][  0]LogDerivedDataCache:Display: Pak cache opened for reading ../../../Engine/DerivedDataCache/Compressed.ddp.
[2017.02.06-10.43.56:088][  0]LogDerivedDataCache: Using Local data cache path C:/Users/Frr/AppData/Local/UnrealEngine/Common/DerivedDataCache: Writable
[2017.02.06-10.43.56:307][  0]LogInit: Selected Device Profile: [Windows]
[2017.02.06-10.43.56:310][  0]LogContentStreaming: Texture pool size is 0.00 MB
[2017.02.06-10.43.56:501][  0]LogMeshUtilities: Using QuadricMeshReduction for automatic static mesh reduction
[2017.02.06-10.43.56:538][  0]LogSimplygon: Simplygon DLL not present - disabling.
[2017.02.06-10.43.56:580][  0]LogMeshUtilities: Using SimplygonSwarm for distributed automatic mesh merging
[2017.02.06-10.43.56:580][  0]LogMeshUtilities: No automatic skeletal mesh reduction module available
[2017.02.06-10.43.56:580][  0]LogMeshUtilities: No automatic mesh merging module available
[2017.02.06-10.43.57:037][  0]LogNetVersion: GetLocalNetworkVersion: CL: 3195953, ProjectName: spacemilkman, ProjectVersion: , EngineNetworkVersion: 2, GameNetworkVersion: 0, NetworkChecksum: 1253371032
[2017.02.06-10.43.57:087][  0]LogAssetRegistry: FAssetRegistry took 0.0201 seconds to start up
[2017.02.06-10.43.57:121][  0]LogPackageLocalizationCache: Processed 3 localized package path(s) for 2 prioritized culture(s) in 0.019000 seconds
[2017.02.06-10.43.57:126][  0]LogUObjectArray: 31946 objects as part of root set at end of initial load.
[2017.02.06-10.43.57:126][  0]LogUObjectAllocator: 6935848 out of 0 bytes used by permanent object pool.
[2017.02.06-10.43.57:126][  0]LogUObjectArray: CloseDisregardForGC: 0/0 objects in disregard for GC pool
[2017.02.06-10.43.57:181][  0]LogInit: WinSock: version 1.1 (2.2), MaxSocks=32767, MaxUdp=65467
[2017.02.06-10.43.57:852][  0]LogSlate: Using Freetype 2.6.0
[2017.02.06-10.43.57:852][  0]LogSlate: SlateFontCache - WITH_FREETYPE: 1, WITH_HARFBUZZ: 1
[2017.02.06-10.43.57:852][  0]LogSlate: SlateFontCache - WITH_FREETYPE: 1, WITH_HARFBUZZ: 1
[2017.02.06-10.43.58:811][  0]LogTcpMessaging: Initializing TcpMessaging bridge
[2017.02.06-10.43.58:866][  0]LogUdpMessaging: Initializing bridge on interface 0.0.0.0:0 to multicast group 230.0.0.1:6666.
[2017.02.06-10.43.59:198][  0]LogMaterial: Uniform references updated for custom material expression Custom.
[2017.02.06-10.43.59:573][  0]SourceControl: Info Source control is disabled
[2017.02.06-10.43.59:574][  0]SourceControl: Info Source control is disabled
[2017.02.06-10.43.59:620][  0]SourceControl: Info Source control is disabled
[2017.02.06-10.43.59:665][  0]SourceControl: Info Source control is disabled
[2017.02.06-10.44.00:893][  0]LogEngine: Initializing Engine...
[2017.02.06-10.44.00:907][  0]LogHMD: Failed to initialize OpenVR with code 108
[2017.02.06-10.44.01:145][  0]LogAIModule: Creating AISystem for world Untitled
[2017.02.06-10.44.01:167][  0]LogInit: XAudio2 using 'Speakers (Realtek High Definition Audio)' : 2 channels at 48 kHz using 32 bits per sample (channel mask 0x3)
[2017.02.06-10.44.01:178][  0]LogInit: FAudioDevice initialized.
[2017.02.06-10.44.01:202][  0]LogDerivedDataCache: Saved boot cache 0.02s 52MB C:/Users/Frr/AppData/Local/UnrealEngine/4.14/DerivedDataCache/Boot.ddc.
[2017.02.06-10.44.01:206][  0]LogInit: Texture streaming: Enabled
[2017.02.06-10.44.01:360][  0]LogInit: Transaction tracking system initialized
[2017.02.06-10.44.01:683][  0]BlueprintLog: New page: Editor Load
[2017.02.06-10.44.02:476][  0]LocalizationService: Info Localization service is disabled
[2017.02.06-10.44.03:097][  0]LogConsoleResponse:Display: 
[2017.02.06-10.44.03:225][  0]LogCook:Display: Max memory allowance for cook 16384mb min free memory 0mb
[2017.02.06-10.44.03:225][  0]LogCook:Display: Mobile HDR setting 1
[2017.02.06-10.44.03:458][  0]LogFileCache: Scanning file cache for directory 'C:/Users/Frr/Documents/GitHub/SpaceMilkman/Content/' took 0.01s
[2017.02.06-10.44.04:114][  0]SourceControl: Info Source control is disabled
[2017.02.06-10.44.04:114][  0]Cmd: MAP LOAD FILE="C:/Users/Frr/Documents/GitHub/SpaceMilkman/Content/My2DMap.umap" TEMPLATE=0 SHOWPROGRESS=1 FEATURELEVEL=3
[2017.02.06-10.44.04:115][  0]LightingResults: New page: Lighting Build
[2017.02.06-10.44.04:153][  0]MapCheck: New page: Map Check
[2017.02.06-10.44.04:153][  0]LightingResults: New page: Lighting Build
[2017.02.06-10.44.04:478][  0]LogAIModule: Creating AISystem for world My2DMap
[2017.02.06-10.44.04:483][  0]LogEditorServer: Finished looking for orphan Actors (0.000 secs)
[2017.02.06-10.44.04:483][  0]Cmd: MAP CHECKDEP NOCLEARLOG
[2017.02.06-10.44.04:553][  0]MapCheck: Info Map check complete: 0 Error(s), 0 Warning(s), took 69.864ms to complete.
[2017.02.06-10.44.04:553][  0]LogFileHelpers: Loading map 'My2DMap' took 0.440
[2017.02.06-10.44.05:014][  0]LogCollectionManager: Loaded 0 collections in 0.001808 seconds
[2017.02.06-10.44.05:091][  0]LogFileCache: Scanning file cache for directory 'C:/Users/Frr/Documents/GitHub/SpaceMilkman/Saved/Collections/' took 0.01s
[2017.02.06-10.44.05:091][  0]LogFileCache: Scanning file cache for directory 'C:/Users/Frr/Documents/GitHub/SpaceMilkman/Content/Developers/Frr/Collections/' took 0.01s
[2017.02.06-10.44.05:091][  0]LogFileCache: Scanning file cache for directory 'C:/Users/Frr/Documents/GitHub/SpaceMilkman/Content/Collections/' took 0.01s
[2017.02.06-10.44.05:091][  0]LogCollectionManager: Rebuilt the GUID cache for 0 collections in 0.000002 seconds
[2017.02.06-10.44.05:102][  0]LogContentBrowser: Native class hierarchy populated in 0.0101 seconds. Added 2190 classes and 428 folders.
[2017.02.06-10.44.05:149][  0]LogStats: UGameplayTagsManager::ConstructGameplayTagTree: Construct from data asset -  0.000 s
[2017.02.06-10.44.05:149][  0]LogStats: UGameplayTagsManager::ConstructGameplayTagTree: GameplayTagTreeChangedEvent.Broadcast -  0.000 s
[2017.02.06-10.44.05:150][  0]LogContentBrowser: Native class hierarchy updated for 'GameplayTags' in 0.0005 seconds. Added 13 classes and 0 folders.
[2017.02.06-10.44.05:207][  0]LogContentBrowser: Native class hierarchy updated for 'WidgetCarousel' in 0.0005 seconds. Added 0 classes and 0 folders.
[2017.02.06-10.44.09:252][  0]LogContentBrowser: Native class hierarchy updated for 'AddContentDialog' in 0.0011 seconds. Added 0 classes and 0 folders.
[2017.02.06-10.44.09:338][  0]LogContentBrowser: Native class hierarchy updated for 'SceneOutliner' in 0.0005 seconds. Added 1 classes and 2 folders.
[2017.02.06-10.44.09:371][  0]LogCrashTracker: Crashtracker disabled due to settings.
[2017.02.06-10.44.09:376][  0]LogUObjectGlobals:Warning: Failed to find object 'Class None.'
[2017.02.06-10.44.09:439][  0]LogContentBrowser: Native class hierarchy updated for 'HierarchicalLODOutliner' in 0.0005 seconds. Added 1 classes and 2 folders.
[2017.02.06-10.44.09:439][  0]LogLoad: (Engine Initialization) Total time: 18.16 seconds
[2017.02.06-10.44.09:439][  0]LogLoad: (Engine Initialization) Total Blueprint compile time: 0.07 seconds
[2017.02.06-10.44.09:439][  0]LogExternalProfiler: Found external profiler: VSPerf
[2017.02.06-10.44.09:439][  0]LogExternalProfiler: Using external profiler: VSPerf
[2017.02.06-10.44.09:449][  0]LogOcInput: OculusInput pre-init called
[2017.02.06-10.44.09:465][  0]LogContentStreaming: Texture pool size now 1000 MB
[2017.02.06-10.44.10:072][  0]LogRenderer: Reallocating scene render targets to support 1208x576 NumSamples 1 (Frame:2).
[2017.02.06-10.44.13:876][437]LogAssetRegistry: Asset discovery search completed in 16.8093 seconds
[2017.02.06-10.44.13:876][437]LogCollectionManager: Rebuilt the object cache for 0 collections in 0.000001 seconds (found 0 objects)
[2017.02.06-10.44.13:876][437]LogCollectionManager: Fixed up redirectors for 0 collections in 0.000015 seconds (updated 0 objects)
[2017.02.06-10.44.19:972][162]LogTemp: Repeting last play command: Selected Viewport
[2017.02.06-10.44.19:977][162]LogPlayLevel: PlayLevel: No blueprints needed recompiling
[2017.02.06-10.44.19:977][162]PIE: New page: PIE session: My2DMap (6 Feb 2017 10:44:19)
[2017.02.06-10.44.19:978][162]LogPlayLevel: Creating play world package: /Game/UEDPIE_0_My2DMap
[2017.02.06-10.44.19:979][162]LogPlayLevel: PIE: StaticDuplicateObject took: (0.001218s)
[2017.02.06-10.44.19:979][162]LogAIModule: Creating AISystem for world My2DMap
[2017.02.06-10.44.19:980][162]LogPlayLevel: PIE: World Init took: (0.000821s)
[2017.02.06-10.44.19:980][162]LogPlayLevel: PIE: Created PIE world by copying editor world from /Game/My2DMap.My2DMap to /Game/UEDPIE_0_My2DMap.My2DMap (0.002407s)
[2017.02.06-10.44.19:998][162]LogInit: XAudio2 using 'Speakers (Realtek High Definition Audio)' : 2 channels at 48 kHz using 32 bits per sample (channel mask 0x3)
[2017.02.06-10.44.20:007][162]LogInit: FAudioDevice initialized.
[2017.02.06-10.44.20:099][162]LogLoad: Game class is 'PaperGameMode_C'
[2017.02.06-10.44.20:102][162]LogWorld: Bringing World /Game/UEDPIE_0_My2DMap.My2DMap up for play (max tick rate 0) at 2017.02.06-10.44.20
[2017.02.06-10.44.20:102][162]LogWorld: Bringing up level for play took: 0.001721
[2017.02.06-10.44.20:155][162]LogContentBrowser: Native class hierarchy updated for 'MovieSceneCapture' in 0.0006 seconds. Added 11 classes and 0 folders.
[2017.02.06-10.44.20:157][162]PIE: Info Play in editor start time for /Game/UEDPIE_0_My2DMap -0.376
[2017.02.06-10.45.18:179][ 56]LogTemp: Repeting last play command: Selected Viewport
[2017.02.06-10.45.18:183][ 56]LogPlayLevel: PlayLevel: No blueprints needed recompiling
[2017.02.06-10.45.18:184][ 56]PIE: New page: PIE session: My2DMap (6 Feb 2017 10:45:18)
[2017.02.06-10.45.18:184][ 56]LogPlayLevel: Creating play world package: /Game/UEDPIE_0_My2DMap
[2017.02.06-10.45.18:185][ 56]LogPlayLevel: PIE: StaticDuplicateObject took: (0.001261s)
[2017.02.06-10.45.18:185][ 56]LogAIModule: Creating AISystem for world My2DMap
[2017.02.06-10.45.18:186][ 56]LogPlayLevel: PIE: World Init took: (0.000676s)
[2017.02.06-10.45.18:186][ 56]LogPlayLevel: PIE: Created PIE world by copying editor world from /Game/My2DMap.My2DMap to /Game/UEDPIE_0_My2DMap.My2DMap (0.002123s)
[2017.02.06-10.45.18:204][ 56]LogInit: XAudio2 using 'Speakers (Realtek High Definition Audio)' : 2 channels at 48 kHz using 32 bits per sample (channel mask 0x3)
[2017.02.06-10.45.18:213][ 56]LogInit: FAudioDevice initialized.
[2017.02.06-10.45.18:243][ 56]LogLoad: Game class is 'PaperGameMode_C'
[2017.02.06-10.45.18:247][ 56]LogWorld: Bringing World /Game/UEDPIE_0_My2DMap.My2DMap up for play (max tick rate 0) at 2017.02.06-10.45.18
[2017.02.06-10.45.18:247][ 56]LogWorld: Bringing up level for play took: 0.002012
[2017.02.06-10.45.18:250][ 56]PIE: Info Play in editor start time for /Game/UEDPIE_0_My2DMap -0.285
[2017.02.06-10.45.29:890][434]LogNavigationPoint: PostEditMove Clear paths rebuilt
[2017.02.06-10.45.30:717][532]LogTemp: Repeting last play command: Selected Viewport
[2017.02.06-10.45.30:722][532]LogPlayLevel: PlayLevel: No blueprints needed recompiling
[2017.02.06-10.45.30:722][532]PIE: New page: PIE session: My2DMap (6 Feb 2017 10:45:30)
[2017.02.06-10.45.30:722][532]LogPlayLevel: Creating play world package: /Game/UEDPIE_0_My2DMap
[2017.02.06-10.45.30:724][532]LogPlayLevel: PIE: StaticDuplicateObject took: (0.001222s)
[2017.02.06-10.45.30:724][532]LogAIModule: Creating AISystem for world My2DMap
[2017.02.06-10.45.30:724][532]LogPlayLevel: PIE: World Init took: (0.000548s)
[2017.02.06-10.45.30:724][532]LogPlayLevel: PIE: Created PIE world by copying editor world from /Game/My2DMap.My2DMap to /Game/UEDPIE_0_My2DMap.My2DMap (0.001944s)
[2017.02.06-10.45.30:741][532]LogInit: XAudio2 using 'Speakers (Realtek High Definition Audio)' : 2 channels at 48 kHz using 32 bits per sample (channel mask 0x3)
[2017.02.06-10.45.30:749][532]LogInit: FAudioDevice initialized.
[2017.02.06-10.45.30:776][532]LogLoad: Game class is 'PaperGameMode_C'
[2017.02.06-10.45.30:778][532]LogWorld: Bringing World /Game/UEDPIE_0_My2DMap.My2DMap up for play (max tick rate 0) at 2017.02.06-10.45.30
[2017.02.06-10.45.30:779][532]LogWorld: Bringing up level for play took: 0.001064
[2017.02.06-10.45.30:780][532]PIE: Info Play in editor start time for /Game/UEDPIE_0_My2DMap 0.245
[2017.02.06-10.45.51:856][ 45]Cmd: EDIT COPY
[2017.02.06-10.45.52:170][ 82]Cmd: EDIT PASTE
[2017.02.06-10.45.56:420][586]Cmd: TRANSACTION UNDO
[2017.02.06-10.45.56:420][586]LogEditorTransaction: Undo Move Actors
[2017.02.06-10.46.11:935][422]Cmd: TRANSACTION UNDO
[2017.02.06-10.46.11:935][422]LogEditorTransaction: Undo Move Actors
[2017.02.06-10.48.12:691][806]LogTemp: Repeting last play command: Selected Viewport
[2017.02.06-10.48.12:695][806]LogPlayLevel: PlayLevel: No blueprints needed recompiling
[2017.02.06-10.48.12:696][806]PIE: New page: PIE session: My2DMap (6 Feb 2017 10:48:12)
[2017.02.06-10.48.12:696][806]LogPlayLevel: Creating play world package: /Game/UEDPIE_0_My2DMap
[2017.02.06-10.48.12:697][806]LogPlayLevel: PIE: StaticDuplicateObject took: (0.001236s)
[2017.02.06-10.48.12:697][806]LogAIModule: Creating AISystem for world My2DMap
[2017.02.06-10.48.12:697][806]LogPlayLevel: PIE: World Init took: (0.000527s)
[2017.02.06-10.48.12:698][806]LogPlayLevel: PIE: Created PIE world by copying editor world from /Game/My2DMap.My2DMap to /Game/UEDPIE_0_My2DMap.My2DMap (0.001962s)
[2017.02.06-10.48.12:714][806]LogInit: XAudio2 using 'Speakers (Realtek High Definition Audio)' : 2 channels at 48 kHz using 32 bits per sample (channel mask 0x3)
[2017.02.06-10.48.12:722][806]LogInit: FAudioDevice initialized.
[2017.02.06-10.48.12:748][806]LogLoad: Game class is 'PaperGameMode_C'
[2017.02.06-10.48.12:750][806]LogWorld: Bringing World /Game/UEDPIE_0_My2DMap.My2DMap up for play (max tick rate 0) at 2017.02.06-10.48.12
[2017.02.06-10.48.12:750][806]LogWorld: Bringing up level for play took: 0.001051
[2017.02.06-10.48.12:751][806]PIE: Info Play in editor start time for /Game/UEDPIE_0_My2DMap 0.211
[2017.02.06-10.48.48:491][ 76]LogEditorViewport: Clicking Background
[2017.02.06-10.49.19:532][788]Cmd: EDIT COPY
[2017.02.06-10.49.19:833][824]Cmd: EDIT PASTE
[2017.02.06-10.49.44:383][743]LogEditorViewport: Clicking Background
[2017.02.06-10.50.53:567][997]LogNavigationPoint: PostEditMove Clear paths rebuilt
[2017.02.06-10.51.00:893][867]Cmd: EDIT COPY
[2017.02.06-10.51.01:291][914]Cmd: EDIT PASTE
[2017.02.06-10.51.21:443][314]LogTemp: Repeting last play command: Selected Viewport
[2017.02.06-10.51.21:448][314]LogPlayLevel: PlayLevel: No blueprints needed recompiling
[2017.02.06-10.51.21:448][314]PIE: New page: PIE session: My2DMap (6 Feb 2017 10:51:21)
[2017.02.06-10.51.21:448][314]LogPlayLevel: Creating play world package: /Game/UEDPIE_0_My2DMap
[2017.02.06-10.51.21:449][314]LogPlayLevel: PIE: StaticDuplicateObject took: (0.001376s)
[2017.02.06-10.51.21:450][314]LogAIModule: Creating AISystem for world My2DMap
[2017.02.06-10.51.21:450][314]LogPlayLevel: PIE: World Init took: (0.000548s)
[2017.02.06-10.51.21:450][314]LogPlayLevel: PIE: Created PIE world by copying editor world from /Game/My2DMap.My2DMap to /Game/UEDPIE_0_My2DMap.My2DMap (0.002113s)
[2017.02.06-10.51.21:468][314]LogInit: XAudio2 using 'Speakers (Realtek High Definition Audio)' : 2 channels at 48 kHz using 32 bits per sample (channel mask 0x3)
[2017.02.06-10.51.21:476][314]LogInit: FAudioDevice initialized.
[2017.02.06-10.51.21:503][314]LogLoad: Game class is 'PaperGameMode_C'
[2017.02.06-10.51.21:505][314]LogWorld: Bringing World /Game/UEDPIE_0_My2DMap.My2DMap up for play (max tick rate 0) at 2017.02.06-10.51.21
[2017.02.06-10.51.21:505][314]LogWorld: Bringing up level for play took: 0.001301
[2017.02.06-10.51.21:507][314]PIE: Info Play in editor start time for /Game/UEDPIE_0_My2DMap 0.961
[2017.02.06-10.51.35:083][922]LogTemp: Repeting last play command: Selected Viewport
[2017.02.06-10.51.35:088][922]LogPlayLevel: PlayLevel: No blueprints needed recompiling
[2017.02.06-10.51.35:088][922]PIE: New page: PIE session: My2DMap (6 Feb 2017 10:51:35)
[2017.02.06-10.51.35:088][922]LogPlayLevel: Creating play world package: /Game/UEDPIE_0_My2DMap
[2017.02.06-10.51.35:089][922]LogPlayLevel: PIE: StaticDuplicateObject took: (0.001307s)
[2017.02.06-10.51.35:090][922]LogAIModule: Creating AISystem for world My2DMap
[2017.02.06-10.51.35:090][922]LogPlayLevel: PIE: World Init took: (0.000523s)
[2017.02.06-10.51.35:090][922]LogPlayLevel: PIE: Created PIE world by copying editor world from /Game/My2DMap.My2DMap to /Game/UEDPIE_0_My2DMap.My2DMap (0.001995s)
[2017.02.06-10.51.35:107][922]LogInit: XAudio2 using 'Speakers (Realtek High Definition Audio)' : 2 channels at 48 kHz using 32 bits per sample (channel mask 0x3)
[2017.02.06-10.51.35:115][922]LogInit: FAudioDevice initialized.
[2017.02.06-10.51.35:141][922]LogLoad: Game class is 'PaperGameMode_C'
[2017.02.06-10.51.35:143][922]LogWorld: Bringing World /Game/UEDPIE_0_My2DMap.My2DMap up for play (max tick rate 0) at 2017.02.06-10.51.35
[2017.02.06-10.51.35:144][922]LogWorld: Bringing up level for play took: 0.001362
[2017.02.06-10.51.35:145][922]PIE: Info Play in editor start time for /Game/UEDPIE_0_My2DMap 0.6
[2017.02.06-10.51.52:591][979]LogTemp: Repeting last play command: Selected Viewport
[2017.02.06-10.51.52:596][979]LogPlayLevel: PlayLevel: No blueprints needed recompiling
[2017.02.06-10.51.52:596][979]PIE: New page: PIE session: My2DMap (6 Feb 2017 10:51:52)
[2017.02.06-10.51.52:596][979]LogPlayLevel: Creating play world package: /Game/UEDPIE_0_My2DMap
[2017.02.06-10.51.52:598][979]LogPlayLevel: PIE: StaticDuplicateObject took: (0.001388s)
[2017.02.06-10.51.52:598][979]LogAIModule: Creating AISystem for world My2DMap
[2017.02.06-10.51.52:598][979]LogPlayLevel: PIE: World Init took: (0.000573s)
[2017.02.06-10.51.52:598][979]LogPlayLevel: PIE: Created PIE world by copying editor world from /Game/My2DMap.My2DMap to /Game/UEDPIE_0_My2DMap.My2DMap (0.002140s)
[2017.02.06-10.51.52:617][979]LogInit: XAudio2 using 'Speakers (Realtek High Definition Audio)' : 2 channels at 48 kHz using 32 bits per sample (channel mask 0x3)
[2017.02.06-10.51.52:625][979]LogInit: FAudioDevice initialized.
[2017.02.06-10.51.52:654][979]LogLoad: Game class is 'PaperGameMode_C'
[2017.02.06-10.51.52:656][979]LogWorld: Bringing World /Game/UEDPIE_0_My2DMap.My2DMap up for play (max tick rate 0) at 2017.02.06-10.51.52
[2017.02.06-10.51.52:657][979]LogWorld: Bringing up level for play took: 0.001120
[2017.02.06-10.51.52:658][979]PIE: Info Play in editor start time for /Game/UEDPIE_0_My2DMap 0.113
[2017.02.06-10.52.18:732][ 78]LogTemp: Repeting last play command: Selected Viewport
[2017.02.06-10.52.18:737][ 78]LogPlayLevel: PlayLevel: No blueprints needed recompiling
[2017.02.06-10.52.18:737][ 78]PIE: New page: PIE session: My2DMap (6 Feb 2017 10:52:18)
[2017.02.06-10.52.18:737][ 78]LogPlayLevel: Creating play world package: /Game/UEDPIE_0_My2DMap
[2017.02.06-10.52.18:738][ 78]LogPlayLevel: PIE: StaticDuplicateObject took: (0.001342s)
[2017.02.06-10.52.18:739][ 78]LogAIModule: Creating AISystem for world My2DMap
[2017.02.06-10.52.18:739][ 78]LogPlayLevel: PIE: World Init took: (0.000515s)
[2017.02.06-10.52.18:739][ 78]LogPlayLevel: PIE: Created PIE world by copying editor world from /Game/My2DMap.My2DMap to /Game/UEDPIE_0_My2DMap.My2DMap (0.002028s)
[2017.02.06-10.52.18:757][ 78]LogInit: XAudio2 using 'Speakers (Realtek High Definition Audio)' : 2 channels at 48 kHz using 32 bits per sample (channel mask 0x3)
[2017.02.06-10.52.18:765][ 78]LogInit: FAudioDevice initialized.
[2017.02.06-10.52.18:793][ 78]LogLoad: Game class is 'PaperGameMode_C'
[2017.02.06-10.52.18:795][ 78]LogWorld: Bringing World /Game/UEDPIE_0_My2DMap.My2DMap up for play (max tick rate 0) at 2017.02.06-10.52.18
[2017.02.06-10.52.18:795][ 78]LogWorld: Bringing up level for play took: 0.001154
[2017.02.06-10.52.18:796][ 78]PIE: Info Play in editor start time for /Game/UEDPIE_0_My2DMap 0.25
[2017.02.06-10.52.40:315][625]LogTemp: Repeting last play command: Selected Viewport
[2017.02.06-10.52.40:320][625]LogPlayLevel: PlayLevel: No blueprints needed recompiling
[2017.02.06-10.52.40:320][625]PIE: New page: PIE session: My2DMap (6 Feb 2017 10:52:40)
[2017.02.06-10.52.40:320][625]LogPlayLevel: Creating play world package: /Game/UEDPIE_0_My2DMap
[2017.02.06-10.52.40:322][625]LogPlayLevel: PIE: StaticDuplicateObject took: (0.001355s)
[2017.02.06-10.52.40:322][625]LogAIModule: Creating AISystem for world My2DMap
[2017.02.06-10.52.40:322][625]LogPlayLevel: PIE: World Init took: (0.000516s)
[2017.02.06-10.52.40:322][625]LogPlayLevel: PIE: Created PIE world by copying editor world from /Game/My2DMap.My2DMap to /Game/UEDPIE_0_My2DMap.My2DMap (0.002040s)
[2017.02.06-10.52.40:341][625]LogInit: XAudio2 using 'Speakers (Realtek High Definition Audio)' : 2 channels at 48 kHz using 32 bits per sample (channel mask 0x3)
[2017.02.06-10.52.40:348][625]LogInit: FAudioDevice initialized.
[2017.02.06-10.52.40:375][625]LogLoad: Game class is 'PaperGameMode_C'
[2017.02.06-10.52.40:377][625]LogWorld: Bringing World /Game/UEDPIE_0_My2DMap.My2DMap up for play (max tick rate 0) at 2017.02.06-10.52.40
[2017.02.06-10.52.40:377][625]LogWorld: Bringing up level for play took: 0.001132
[2017.02.06-10.52.40:378][625]PIE: Info Play in editor start time for /Game/UEDPIE_0_My2DMap -0.169
[2017.02.06-10.53.14:302][654]LogTemp: Repeting last play command: Selected Viewport
[2017.02.06-10.53.14:306][654]LogPlayLevel: PlayLevel: No blueprints needed recompiling
[2017.02.06-10.53.14:306][654]PIE: New page: PIE session: My2DMap (6 Feb 2017 10:53:14)
[2017.02.06-10.53.14:306][654]LogPlayLevel: Creating play world package: /Game/UEDPIE_0_My2DMap
[2017.02.06-10.53.14:308][654]LogPlayLevel: PIE: StaticDuplicateObject took: (0.001361s)
[2017.02.06-10.53.14:308][654]LogAIModule: Creating AISystem for world My2DMap
[2017.02.06-10.53.14:308][654]LogPlayLevel: PIE: World Init took: (0.000509s)
[2017.02.06-10.53.14:309][654]LogPlayLevel: PIE: Created PIE world by copying editor world from /Game/My2DMap.My2DMap to /Game/UEDPIE_0_My2DMap.My2DMap (0.002043s)
[2017.02.06-10.53.14:325][654]LogInit: XAudio2 using 'Speakers (Realtek High Definition Audio)' : 2 channels at 48 kHz using 32 bits per sample (channel mask 0x3)
[2017.02.06-10.53.14:333][654]LogInit: FAudioDevice initialized.
[2017.02.06-10.53.14:361][654]LogLoad: Game class is 'PaperGameMode_C'
[2017.02.06-10.53.14:363][654]LogWorld: Bringing World /Game/UEDPIE_0_My2DMap.My2DMap up for play (max tick rate 0) at 2017.02.06-10.53.14
[2017.02.06-10.53.14:363][654]LogWorld: Bringing up level for play took: 0.001191
[2017.02.06-10.53.14:364][654]PIE: Info Play in editor start time for /Game/UEDPIE_0_My2DMap -0.184
[2017.02.06-10.53.23:274][708]LogTemp: Repeting last play command: Selected Viewport
[2017.02.06-10.53.23:279][708]LogPlayLevel: PlayLevel: No blueprints needed recompiling
[2017.02.06-10.53.23:279][708]PIE: New page: PIE session: My2DMap (6 Feb 2017 10:53:23)
[2017.02.06-10.53.23:279][708]LogPlayLevel: Creating play world package: /Game/UEDPIE_0_My2DMap
[2017.02.06-10.53.23:280][708]LogPlayLevel: PIE: StaticDuplicateObject took: (0.001323s)
[2017.02.06-10.53.23:281][708]LogAIModule: Creating AISystem for world My2DMap
[2017.02.06-10.53.23:281][708]LogPlayLevel: PIE: World Init took: (0.000505s)
[2017.02.06-10.53.23:281][708]LogPlayLevel: PIE: Created PIE world by copying editor world from /Game/My2DMap.My2DMap to /Game/UEDPIE_0_My2DMap.My2DMap (0.002001s)
[2017.02.06-10.53.23:300][708]LogInit: XAudio2 using 'Speakers (Realtek High Definition Audio)' : 2 channels at 48 kHz using 32 bits per sample (channel mask 0x3)
[2017.02.06-10.53.23:309][708]LogInit: FAudioDevice initialized.
[2017.02.06-10.53.23:337][708]LogLoad: Game class is 'PaperGameMode_C'
[2017.02.06-10.53.23:339][708]LogWorld: Bringing World /Game/UEDPIE_0_My2DMap.My2DMap up for play (max tick rate 0) at 2017.02.06-10.53.23
[2017.02.06-10.53.23:339][708]LogWorld: Bringing up level for play took: 0.001112
[2017.02.06-10.53.23:340][708]PIE: Info Play in editor start time for /Game/UEDPIE_0_My2DMap 0.792
[2017.02.06-10.53.31:797][705]LogTemp: Repeting last play command: Selected Viewport
[2017.02.06-10.53.31:802][705]LogPlayLevel: PlayLevel: No blueprints needed recompiling
[2017.02.06-10.53.31:802][705]PIE: New page: PIE session: My2DMap (6 Feb 2017 10:53:31)
[2017.02.06-10.53.31:802][705]LogPlayLevel: Creating play world package: /Game/UEDPIE_0_My2DMap
[2017.02.06-10.53.31:804][705]LogPlayLevel: PIE: StaticDuplicateObject took: (0.001382s)
[2017.02.06-10.53.31:804][705]LogAIModule: Creating AISystem for world My2DMap
[2017.02.06-10.53.31:804][705]LogPlayLevel: PIE: World Init took: (0.000525s)
[2017.02.06-10.53.31:804][705]LogPlayLevel: PIE: Created PIE world by copying editor world from /Game/My2DMap.My2DMap to /Game/UEDPIE_0_My2DMap.My2DMap (0.002100s)
[2017.02.06-10.53.31:820][705]LogInit: XAudio2 using 'Speakers (Realtek High Definition Audio)' : 2 channels at 48 kHz using 32 bits per sample (channel mask 0x3)
[2017.02.06-10.53.31:828][705]LogInit: FAudioDevice initialized.
[2017.02.06-10.53.31:856][705]LogLoad: Game class is 'PaperGameMode_C'
[2017.02.06-10.53.31:858][705]LogWorld: Bringing World /Game/UEDPIE_0_My2DMap.My2DMap up for play (max tick rate 0) at 2017.02.06-10.53.31
[2017.02.06-10.53.31:858][705]LogWorld: Bringing up level for play took: 0.001215
[2017.02.06-10.53.31:859][705]PIE: Info Play in editor start time for /Game/UEDPIE_0_My2DMap -0.689
[2017.02.06-10.54.00:875][167]Cmd: EDIT COPY
[2017.02.06-10.54.01:218][208]Cmd: EDIT PASTE
[2017.02.06-10.54.13:570][678]LogEditorViewport: Clicking on Actor (LMB): PaperSpriteActor (2DBackground_Sprite)
[2017.02.06-10.54.36:937][462]LogTemp: Repeting last play command: Selected Viewport
[2017.02.06-10.54.36:942][462]LogPlayLevel: PlayLevel: No blueprints needed recompiling
[2017.02.06-10.54.36:942][462]PIE: New page: PIE session: My2DMap (6 Feb 2017 10:54:36)
[2017.02.06-10.54.36:942][462]LogPlayLevel: Creating play world package: /Game/UEDPIE_0_My2DMap
[2017.02.06-10.54.36:943][462]LogPlayLevel: PIE: StaticDuplicateObject took: (0.001401s)
[2017.02.06-10.54.36:944][462]LogAIModule: Creating AISystem for world My2DMap
[2017.02.06-10.54.36:944][462]LogPlayLevel: PIE: World Init took: (0.000543s)
[2017.02.06-10.54.36:944][462]LogPlayLevel: PIE: Created PIE world by copying editor world from /Game/My2DMap.My2DMap to /Game/UEDPIE_0_My2DMap.My2DMap (0.002119s)
[2017.02.06-10.54.36:961][462]LogInit: XAudio2 using 'Speakers (Realtek High Definition Audio)' : 2 channels at 48 kHz using 32 bits per sample (channel mask 0x3)
[2017.02.06-10.54.36:969][462]LogInit: FAudioDevice initialized.
[2017.02.06-10.54.36:996][462]LogLoad: Game class is 'PaperGameMode_C'
[2017.02.06-10.54.36:998][462]LogWorld: Bringing World /Game/UEDPIE_0_My2DMap.My2DMap up for play (max tick rate 0) at 2017.02.06-10.54.36
[2017.02.06-10.54.36:998][462]LogWorld: Bringing up level for play took: 0.001199
[2017.02.06-10.54.36:999][462]PIE: Info Play in editor start time for /Game/UEDPIE_0_My2DMap 0.449
[2017.02.06-10.55.30:442][852]Cmd: EDIT COPY
[2017.02.06-10.55.31:027][922]Cmd: EDIT PASTE
[2017.02.06-10.55.50:897][276]LogTemp: Repeting last play command: Selected Viewport
[2017.02.06-10.55.50:902][276]LogPlayLevel: PlayLevel: No blueprints needed recompiling
[2017.02.06-10.55.50:902][276]PIE: New page: PIE session: My2DMap (6 Feb 2017 10:55:50)
[2017.02.06-10.55.50:902][276]LogPlayLevel: Creating play world package: /Game/UEDPIE_0_My2DMap
[2017.02.06-10.55.50:903][276]LogPlayLevel: PIE: StaticDuplicateObject took: (0.001590s)
[2017.02.06-10.55.50:904][276]LogAIModule: Creating AISystem for world My2DMap
[2017.02.06-10.55.50:904][276]LogPlayLevel: PIE: World Init took: (0.000614s)
[2017.02.06-10.55.50:904][276]LogPlayLevel: PIE: Created PIE world by copying editor world from /Game/My2DMap.My2DMap to /Game/UEDPIE_0_My2DMap.My2DMap (0.002380s)
[2017.02.06-10.55.50:926][276]LogInit: XAudio2 using 'Speakers (Realtek High Definition Audio)' : 2 channels at 48 kHz using 32 bits per sample (channel mask 0x3)
[2017.02.06-10.55.50:933][276]LogInit: FAudioDevice initialized.
[2017.02.06-10.55.50:963][276]LogLoad: Game class is 'PaperGameMode_C'
[2017.02.06-10.55.50:965][276]LogWorld: Bringing World /Game/UEDPIE_0_My2DMap.My2DMap up for play (max tick rate 0) at 2017.02.06-10.55.50
[2017.02.06-10.55.50:965][276]LogWorld: Bringing up level for play took: 0.001289
[2017.02.06-10.55.50:966][276]PIE: Info Play in editor start time for /Game/UEDPIE_0_My2DMap 0.414
[2017.02.06-10.56.36:279][680]Cmd: EDIT COPY
[2017.02.06-10.56.36:547][712]Cmd: EDIT PASTE
[2017.02.06-10.56.57:230][179]Cmd: EDIT COPY
[2017.02.06-10.56.57:482][209]Cmd: EDIT PASTE
[2017.02.06-10.57.38:401][ 52]Cmd: EDIT COPY
[2017.02.06-10.57.47:167][100]Cmd: TRANSACTION UNDO
[2017.02.06-10.57.47:167][100]LogEditorTransaction: Undo Move Actors
[2017.02.06-10.57.48:030][181]Cmd: EDIT COPY
[2017.02.06-10.57.48:282][211]Cmd: EDIT PASTE
[2017.02.06-10.58.57:170][330]LogTemp: Repeting last play command: Selected Viewport
[2017.02.06-10.58.57:175][330]LogPlayLevel: PlayLevel: No blueprints needed recompiling
[2017.02.06-10.58.57:175][330]PIE: New page: PIE session: My2DMap (6 Feb 2017 10:58:57)
[2017.02.06-10.58.57:175][330]LogPlayLevel: Creating play world package: /Game/UEDPIE_0_My2DMap
[2017.02.06-10.58.57:177][330]LogPlayLevel: PIE: StaticDuplicateObject took: (0.001955s)
[2017.02.06-10.58.57:177][330]LogAIModule: Creating AISystem for world My2DMap
[2017.02.06-10.58.57:177][330]LogPlayLevel: PIE: World Init took: (0.000547s)
[2017.02.06-10.58.57:178][330]LogPlayLevel: PIE: Created PIE world by copying editor world from /Game/My2DMap.My2DMap to /Game/UEDPIE_0_My2DMap.My2DMap (0.002676s)
[2017.02.06-10.58.57:209][330]LogInit: XAudio2 using 'Speakers (Realtek High Definition Audio)' : 2 channels at 48 kHz using 32 bits per sample (channel mask 0x3)
[2017.02.06-10.58.57:217][330]LogInit: FAudioDevice initialized.
[2017.02.06-10.58.57:246][330]LogLoad: Game class is 'PaperGameMode_C'
[2017.02.06-10.58.57:248][330]LogWorld: Bringing World /Game/UEDPIE_0_My2DMap.My2DMap up for play (max tick rate 0) at 2017.02.06-10.58.57
[2017.02.06-10.58.57:248][330]LogWorld: Bringing up level for play took: 0.001628
[2017.02.06-10.58.57:250][330]PIE: Info Play in editor start time for /Game/UEDPIE_0_My2DMap 0.692
[2017.02.06-10.59.55:355][263]LogTemp: Repeting last play command: Selected Viewport
[2017.02.06-10.59.55:360][263]LogPlayLevel: PlayLevel: No blueprints needed recompiling
[2017.02.06-10.59.55:360][263]PIE: New page: PIE session: My2DMap (6 Feb 2017 10:59:55)
[2017.02.06-10.59.55:360][263]LogPlayLevel: Creating play world package: /Game/UEDPIE_0_My2DMap
[2017.02.06-10.59.55:362][263]LogPlayLevel: PIE: StaticDuplicateObject took: (0.001810s)
[2017.02.06-10.59.55:362][263]LogAIModule: Creating AISystem for world My2DMap
[2017.02.06-10.59.55:362][263]LogPlayLevel: PIE: World Init took: (0.000511s)
[2017.02.06-10.59.55:363][263]LogPlayLevel: PIE: Created PIE world by copying editor world from /Game/My2DMap.My2DMap to /Game/UEDPIE_0_My2DMap.My2DMap (0.002514s)
[2017.02.06-10.59.55:380][263]LogInit: XAudio2 using 'Speakers (Realtek High Definition Audio)' : 2 channels at 48 kHz using 32 bits per sample (channel mask 0x3)
[2017.02.06-10.59.55:387][263]LogInit: FAudioDevice initialized.
[2017.02.06-10.59.55:417][263]LogLoad: Game class is 'PaperGameMode_C'
[2017.02.06-10.59.55:420][263]LogWorld: Bringing World /Game/UEDPIE_0_My2DMap.My2DMap up for play (max tick rate 0) at 2017.02.06-10.59.55
[2017.02.06-10.59.55:420][263]LogWorld: Bringing up level for play took: 0.001530
[2017.02.06-10.59.55:422][263]PIE: Info Play in editor start time for /Game/UEDPIE_0_My2DMap 0.863
[2017.02.06-11.00.56:841][597]Cmd: EDIT COPY
[2017.02.06-11.00.57:150][633]Cmd: EDIT PASTE
[2017.02.06-11.01.18:790][179]LogTemp: Repeting last play command: Selected Viewport
[2017.02.06-11.01.18:795][179]LogPlayLevel: PlayLevel: No blueprints needed recompiling
[2017.02.06-11.01.18:795][179]PIE: New page: PIE session: My2DMap (6 Feb 2017 11:01:18)
[2017.02.06-11.01.18:795][179]LogPlayLevel: Creating play world package: /Game/UEDPIE_0_My2DMap
[2017.02.06-11.01.18:797][179]LogPlayLevel: PIE: StaticDuplicateObject took: (0.002121s)
[2017.02.06-11.01.18:798][179]LogAIModule: Creating AISystem for world My2DMap
[2017.02.06-11.01.18:798][179]LogPlayLevel: PIE: World Init took: (0.000689s)
[2017.02.06-11.01.18:798][179]LogPlayLevel: PIE: Created PIE world by copying editor world from /Game/My2DMap.My2DMap to /Game/UEDPIE_0_My2DMap.My2DMap (0.002999s)
[2017.02.06-11.01.18:825][179]LogInit: XAudio2 using 'Speakers (Realtek High Definition Audio)' : 2 channels at 48 kHz using 32 bits per sample (channel mask 0x3)
[2017.02.06-11.01.18:833][179]LogInit: FAudioDevice initialized.
[2017.02.06-11.01.18:864][179]LogLoad: Game class is 'PaperGameMode_C'
[2017.02.06-11.01.18:866][179]LogWorld: Bringing World /Game/UEDPIE_0_My2DMap.My2DMap up for play (max tick rate 0) at 2017.02.06-11.01.18
[2017.02.06-11.01.18:866][179]LogWorld: Bringing up level for play took: 0.001541
[2017.02.06-11.01.18:868][179]PIE: Info Play in editor start time for /Game/UEDPIE_0_My2DMap 0.306
[2017.02.06-11.02.43:199][209]LogTemp: Repeting last play command: Selected Viewport
[2017.02.06-11.02.43:203][209]LogPlayLevel: PlayLevel: No blueprints needed recompiling
[2017.02.06-11.02.43:203][209]PIE: New page: PIE session: My2DMap (6 Feb 2017 11:02:43)
[2017.02.06-11.02.43:204][209]LogPlayLevel: Creating play world package: /Game/UEDPIE_0_My2DMap
[2017.02.06-11.02.43:206][209]LogPlayLevel: PIE: StaticDuplicateObject took: (0.001994s)
[2017.02.06-11.02.43:206][209]LogAIModule: Creating AISystem for world My2DMap
[2017.02.06-11.02.43:206][209]LogPlayLevel: PIE: World Init took: (0.000586s)
[2017.02.06-11.02.43:206][209]LogPlayLevel: PIE: Created PIE world by copying editor world from /Game/My2DMap.My2DMap to /Game/UEDPIE_0_My2DMap.My2DMap (0.002754s)
[2017.02.06-11.02.43:229][209]LogInit: XAudio2 using 'Speakers (Realtek High Definition Audio)' : 2 channels at 48 kHz using 32 bits per sample (channel mask 0x3)
[2017.02.06-11.02.43:237][209]LogInit: FAudioDevice initialized.
[2017.02.06-11.02.43:264][209]LogLoad: Game class is 'PaperGameMode_C'
[2017.02.06-11.02.43:266][209]LogWorld: Bringing World /Game/UEDPIE_0_My2DMap.My2DMap up for play (max tick rate 0) at 2017.02.06-11.02.43
[2017.02.06-11.02.43:266][209]LogWorld: Bringing up level for play took: 0.001541
[2017.02.06-11.02.43:268][209]PIE: Info Play in editor start time for /Game/UEDPIE_0_My2DMap 0.704
[2017.02.06-11.03.24:194][105]Cmd: OBJ SAVEPACKAGE PACKAGE="/Game/My2DMap" FILE="C:/Users/Frr/Documents/GitHub/SpaceMilkman/Content/My2DMap.umap" SILENT=true AUTOSAVING=false KEEPDIRTY=false
[2017.02.06-11.03.24:237][105]LogSavePackage: Save=25.47ms
[2017.02.06-11.03.24:237][105]LogSavePackage: Moving 'C:/Users/Frr/Documents/GitHub/SpaceMilkman/Saved/My2DMapFFA88F1B402D989AEA1FD59E3ADA7DBC.tmp' to 'C:/Users/Frr/Documents/GitHub/SpaceMilkman/Content/My2DMap.umap'
[2017.02.06-11.03.24:239][105]LogSavePackage:Display: Finished SavePackage C:/Users/Frr/Documents/GitHub/SpaceMilkman/Content/My2DMap.umap
[2017.02.06-11.03.25:576][261]Cmd: OBJ SAVEPACKAGE PACKAGE="/Game/My2DMap" FILE="C:/Users/Frr/Documents/GitHub/SpaceMilkman/Content/My2DMap.umap" SILENT=true AUTOSAVING=false KEEPDIRTY=false
[2017.02.06-11.03.25:617][261]LogSavePackage: Save=24.67ms
[2017.02.06-11.03.25:617][261]LogSavePackage: Moving 'C:/Users/Frr/Documents/GitHub/SpaceMilkman/Saved/My2DMap61937F5443271BE57F13C9859FB3A5CE.tmp' to 'C:/Users/Frr/Documents/GitHub/SpaceMilkman/Content/My2DMap.umap'
[2017.02.06-11.03.25:618][261]LogSavePackage:Display: Finished SavePackage C:/Users/Frr/Documents/GitHub/SpaceMilkman/Content/My2DMap.umap
[2017.02.06-11.03.31:526][917]Cmd: OBJ SAVEPACKAGE PACKAGE="/Game/My2DMap" FILE="C:/Users/Frr/Documents/GitHub/SpaceMilkman/Content/My2DMap.umap" SILENT=true AUTOSAVING=false KEEPDIRTY=false
[2017.02.06-11.03.31:568][917]LogSavePackage: Save=25.20ms
[2017.02.06-11.03.31:568][917]LogSavePackage: Moving 'C:/Users/Frr/Documents/GitHub/SpaceMilkman/Saved/My2DMap49B1173146EE1C74C3EC67A6EB764837.tmp' to 'C:/Users/Frr/Documents/GitHub/SpaceMilkman/Content/My2DMap.umap'
[2017.02.06-11.03.31:569][917]LogSavePackage:Display: Finished SavePackage C:/Users/Frr/Documents/GitHub/SpaceMilkman/Content/My2DMap.umap
[2017.02.06-11.03.38:515][667]Cmd: QUIT_EDITOR
[2017.02.06-11.03.38:583][667]LogExit: Preparing to exit.
[2017.02.06-11.03.39:070][667]LogExit: Editor shut down
[2017.02.06-11.03.39:070][667]LogExit: Transaction tracking system shut down
[2017.02.06-11.03.39:121][667]LogObj: Freed 0b from 0 cluster array pools.
[2017.02.06-11.03.39:121][667]LogExit: Object subsystem successfully closed.
[2017.02.06-11.03.39:139][667]LogD3D11RHI: Shutdown
[2017.02.06-11.03.39:139][667]LogD3D11RHI: CleanupD3DDevice
[2017.02.06-11.03.39:178][667]LogD3D11RHI: ~FD3D11DynamicRHI
[2017.02.06-11.03.39:187][667]LogHttp:Display: Http module shutting down, but needs to wait on 1 outstanding Http requests:
[2017.02.06-11.03.39:187][667]LogHttp:Display: 	verb=[POST] url=[https://datarouter.ol.epicgames.com/datarouter/api/v1/public/data?SessionID=%7B6BE30D98-4BE2-01C8-84F2-15AFD21C31B9%7D&AppID=UEEditor.Rocket.Release&AppVersion=4.14.3-3249277%2B%2B%2BUE4%2BRelease-4.14&UserID=7597a55b40c4b80579b6818b75e316b0%7C0a889d56fb784a13b4207d8153af110b%7C3bd33cd0-258e-4060-a0ea-4df990fc901c&AppEnvironment=datacollector-binary&UploadType=eteventstream] status=Processing
[2017.02.06-11.03.39:191][667]LogModuleManager: Shutting down and abandoning module MovieSceneCapture (242)
[2017.02.06-11.03.39:191][667]LogModuleManager: Shutting down and abandoning module HierarchicalLODOutliner (241)
[2017.02.06-11.03.39:191][667]LogModuleManager: Shutting down and abandoning module CrashTracker (240)
[2017.02.06-11.03.39:191][667]LogModuleManager: Shutting down and abandoning module SceneOutliner (239)
[2017.02.06-11.03.39:191][667]LogModuleManager: Shutting down and abandoning module WidgetCarousel (238)
[2017.02.06-11.03.39:191][667]LogModuleManager: Shutting down and abandoning module AddContentDialog (237)
[2017.02.06-11.03.39:191][667]LogDirectoryWatcher: A directory notification for 'F:/Program Files (x86)/Epic Games/4.14/FeaturePacks/' was aborted.
[2017.02.06-11.03.39:192][667]LogModuleManager: Shutting down and abandoning module GameplayTags (236)
[2017.02.06-11.03.39:192][667]LogModuleManager: Shutting down and abandoning module EditorWidgets (235)
[2017.02.06-11.03.39:192][667]LogModuleManager: Shutting down and abandoning module CollectionManager (234)
[2017.02.06-11.03.39:192][667]LogDirectoryWatcher: A directory notification for 'C:/Users/Frr/Documents/GitHub/SpaceMilkman/Content/Collections/' was aborted.
[2017.02.06-11.03.39:192][667]LogDirectoryWatcher: A directory notification for 'C:/Users/Frr/Documents/GitHub/SpaceMilkman/Content/Developers/Frr/Collections/' was aborted.
[2017.02.06-11.03.39:192][667]LogDirectoryWatcher: A directory notification for 'C:/Users/Frr/Documents/GitHub/SpaceMilkman/Saved/Collections/' was aborted.
[2017.02.06-11.03.39:192][667]LogModuleManager: Shutting down and abandoning module StatsViewer (233)
[2017.02.06-11.03.39:192][667]LogModuleManager: Shutting down and abandoning module FoliageEdit (232)
[2017.02.06-11.03.39:192][667]LogModuleManager: Shutting down and abandoning module LandscapeEditor (231)
[2017.02.06-11.03.39:192][667]LogModuleManager: Shutting down and abandoning module SceneDepthPickerMode (230)
[2017.02.06-11.03.39:192][667]LogModuleManager: Shutting down and abandoning module ActorPickerMode (229)
[2017.02.06-11.03.39:192][667]LogModuleManager: Shutting down and abandoning module GeometryMode (228)
[2017.02.06-11.03.39:192][667]LogModuleManager: Shutting down and abandoning module TextureAlignMode (227)
[2017.02.06-11.03.39:192][667]LogModuleManager: Shutting down and abandoning module BspMode (226)
[2017.02.06-11.03.39:192][667]LogModuleManager: Shutting down and abandoning module HardwareSurvey (225)
[2017.02.06-11.03.39:192][667]LogModuleManager: Shutting down and abandoning module SequenceRecorderSections (224)
[2017.02.06-11.03.39:192][667]LogModuleManager: Shutting down and abandoning module AutomationWorker (223)
[2017.02.06-11.03.39:192][667]LogModuleManager: Shutting down and abandoning module MatineeToLevelSequence (222)
[2017.02.06-11.03.39:192][667]LogModuleManager: Shutting down and abandoning module PlacementMode (221)
[2017.02.06-11.03.39:192][667]LogModuleManager: Shutting down and abandoning module LevelSequenceEditor (220)
[2017.02.06-11.03.39:192][667]LogModuleManager: Shutting down and abandoning module WmfMediaFactory (219)
[2017.02.06-11.03.39:192][667]LogModuleManager: Shutting down and abandoning module WmfMediaEditor (218)
[2017.02.06-11.03.39:192][667]LogModuleManager: Shutting down and abandoning module AvfMediaFactory (217)
[2017.02.06-11.03.39:192][667]LogModuleManager: Shutting down and abandoning module AvfMediaEditor (216)
[2017.02.06-11.03.39:192][667]LogModuleManager: Shutting down and abandoning module Media (215)
[2017.02.06-11.03.39:192][667]LogModuleManager: Shutting down and abandoning module AndroidMediaFactory (214)
[2017.02.06-11.03.39:192][667]LogModuleManager: Shutting down and abandoning module AndroidMediaEditor (213)
[2017.02.06-11.03.39:192][667]LogModuleManager: Shutting down and abandoning module CharacterAI (212)
[2017.02.06-11.03.39:192][667]LogModuleManager: Shutting down and abandoning module SequenceRecorder (211)
[2017.02.06-11.03.39:192][667]LogModuleManager: Shutting down and abandoning module AudioCapture (210)
[2017.02.06-11.03.39:192][667]LogModuleManager: Shutting down and abandoning module SmartSnapping (209)
[2017.02.06-11.03.39:192][667]LogModuleManager: Shutting down and abandoning module SessionServices (208)
[2017.02.06-11.03.39:192][667]LogModuleManager: Shutting down and abandoning module ViewportSnapping (207)
[2017.02.06-11.03.39:192][667]LogModuleManager: Shutting down and abandoning module ViewportInteraction (206)
[2017.02.06-11.03.39:192][667]LogModuleManager: Shutting down and abandoning module LogVisualizer (205)
[2017.02.06-11.03.39:193][667]LogModuleManager: Shutting down and abandoning module GameProjectGeneration (204)
[2017.02.06-11.03.39:193][667]LogModuleManager: Shutting down and abandoning module IntroTutorials (203)
[2017.02.06-11.03.39:193][667]LogModuleManager: Shutting down and abandoning module EditorLiveStreaming (202)
[2017.02.06-11.03.39:193][667]LogModuleManager: Shutting down and abandoning module IOSPlatformEditor (201)
[2017.02.06-11.03.39:193][667]LogModuleManager: Shutting down and abandoning module HTML5PlatformEditor (200)
[2017.02.06-11.03.39:193][667]LogModuleManager: Shutting down and abandoning module AndroidDeviceDetection (199)
[2017.02.06-11.03.39:858][667]LogModuleManager: Shutting down and abandoning module AndroidPlatformEditor (198)
[2017.02.06-11.03.39:858][667]LogModuleManager: Shutting down and abandoning module IOSRuntimeSettings (197)
[2017.02.06-11.03.39:858][667]LogModuleManager: Shutting down and abandoning module AndroidRuntimeSettings (196)
[2017.02.06-11.03.39:858][667]LogModuleManager: Shutting down and abandoning module InputBindingEditor (195)
[2017.02.06-11.03.39:858][667]LogModuleManager: Shutting down and abandoning module NiagaraEditor (194)
[2017.02.06-11.03.39:859][667]LogModuleManager: Shutting down and abandoning module MergeActors (193)
[2017.02.06-11.03.39:859][667]LogModuleManager: Shutting down and abandoning module SizeMap (192)
[2017.02.06-11.03.39:859][667]LogModuleManager: Shutting down and abandoning module TreeMap (191)
[2017.02.06-11.03.39:859][667]LogModuleManager: Shutting down and abandoning module ReferenceViewer (190)
[2017.02.06-11.03.39:859][667]LogModuleManager: Shutting down and abandoning module LocalizationService (189)
[2017.02.06-11.03.39:859][667]LogModuleManager: Shutting down and abandoning module LocalizationDashboard (188)
[2017.02.06-11.03.39:859][667]LogModuleManager: Shutting down and abandoning module HardwareTargeting (187)
[2017.02.06-11.03.39:859][667]LogModuleManager: Shutting down and abandoning module DeviceProfileEditor (186)
[2017.02.06-11.03.39:859][667]LogModuleManager: Shutting down and abandoning module UndoHistory (185)
[2017.02.06-11.03.39:859][667]LogModuleManager: Shutting down and abandoning module UserFeedback (184)
[2017.02.06-11.03.39:859][667]LogModuleManager: Shutting down and abandoning module XmlParser (183)
[2017.02.06-11.03.39:859][667]LogModuleManager: Shutting down and abandoning module Blutility (182)
[2017.02.06-11.03.39:859][667]LogModuleManager: Shutting down and abandoning module ProjectTargetPlatformEditor (181)
[2017.02.06-11.03.39:859][667]LogModuleManager: Shutting down and abandoning module ProjectSettingsViewer (180)
[2017.02.06-11.03.39:859][667]LogModuleManager: Shutting down and abandoning module EditorSettingsViewer (179)
[2017.02.06-11.03.39:859][667]LogModuleManager: Shutting down and abandoning module SettingsEditor (178)
[2017.02.06-11.03.39:859][667]LogModuleManager: Shutting down and abandoning module ProjectLauncher (177)
[2017.02.06-11.03.39:859][667]LogModuleManager: Shutting down and abandoning module SessionFrontend (176)
[2017.02.06-11.03.39:859][667]LogModuleManager: Shutting down and abandoning module ProfilerClient (175)
[2017.02.06-11.03.39:859][667]LogModuleManager: Shutting down and abandoning module TargetDeviceServices (174)
[2017.02.06-11.03.39:859][667]LogModuleManager: Shutting down and abandoning module DeviceManager (173)
[2017.02.06-11.03.39:899][667]LogModuleManager: Shutting down and abandoning module AutomationController (172)
[2017.02.06-11.03.39:899][667]LogModuleManager: Shutting down and abandoning module AutomationWindow (171)
[2017.02.06-11.03.39:899][667]LogModuleManager: Shutting down and abandoning module Layers (170)
[2017.02.06-11.03.39:899][667]LogModuleManager: Shutting down and abandoning module ComponentVisualizers (169)
[2017.02.06-11.03.39:899][667]LogModuleManager: Shutting down and abandoning module DetailCustomizations (168)
[2017.02.06-11.03.39:899][667]LogModuleManager: Shutting down and abandoning module PackagesDialog (167)
[2017.02.06-11.03.39:899][667]LogModuleManager: Shutting down and abandoning module AnimGraph (166)
[2017.02.06-11.03.39:899][667]LogModuleManager: Shutting down and abandoning module Persona (165)
[2017.02.06-11.03.39:899][667]LogModuleManager: Shutting down and abandoning module Kismet (164)
[2017.02.06-11.03.39:900][667]LogModuleManager: Shutting down and abandoning module GraphEditor (163)
[2017.02.06-11.03.39:900][667]LogModuleManager: Shutting down and abandoning module ClassViewer (162)
[2017.02.06-11.03.39:900][667]LogModuleManager: Shutting down and abandoning module Toolbox (161)
[2017.02.06-11.03.39:900][667]LogModuleManager: Shutting down and abandoning module ModuleUI (160)
[2017.02.06-11.03.39:900][667]LogModuleManager: Shutting down and abandoning module MovieSceneTools (159)
[2017.02.06-11.03.39:900][667]LogModuleManager: Shutting down and abandoning module OutputLog (158)
[2017.02.06-11.03.39:900][667]LogModuleManager: Shutting down and abandoning module GammaUI (157)
[2017.02.06-11.03.39:900][667]LogModuleManager: Shutting down and abandoning module Documentation (156)
[2017.02.06-11.03.39:900][667]LogModuleManager: Shutting down and abandoning module Niagara (155)
[2017.02.06-11.03.39:900][667]LogModuleManager: Shutting down and abandoning module StreamingPauseRendering (154)
[2017.02.06-11.03.39:900][667]LogModuleManager: Shutting down and abandoning module AnalyticsET (153)
[2017.02.06-11.03.39:900][667]LogModuleManager: Shutting down and abandoning module PortalServices (152)
[2017.02.06-11.03.39:900][667]LogModuleManager: Shutting down and abandoning module PortalRpc (151)
[2017.02.06-11.03.39:900][667]LogModuleManager: Shutting down and abandoning module MessagingRpc (150)
[2017.02.06-11.03.39:900][667]LogModuleManager: Shutting down and abandoning module GameplayDebugger (149)
[2017.02.06-11.03.39:900][667]LogModuleManager: Shutting down and abandoning module AITestSuite (148)
[2017.02.06-11.03.39:900][667]LogModuleManager: Shutting down and abandoning module AIModule (147)
[2017.02.06-11.03.39:900][667]LogModuleManager: Shutting down and abandoning module ProfilerService (146)
[2017.02.06-11.03.39:922][667]LogModuleManager: Shutting down and abandoning module TaskGraph (145)
[2017.02.06-11.03.39:922][667]LogModuleManager: Shutting down and abandoning module SlateRemote (144)
[2017.02.06-11.03.39:922][667]LogModuleManager: Shutting down and abandoning module SteamVRController (143)
[2017.02.06-11.03.39:922][667]LogModuleManager: Shutting down and abandoning module SteamVR (142)
[2017.02.06-11.03.39:922][667]LogModuleManager: Shutting down and abandoning module ProceduralMeshComponentEditor (141)
[2017.02.06-11.03.39:922][667]LogModuleManager: Shutting down and abandoning module ProceduralMeshComponent (140)
[2017.02.06-11.03.39:922][667]LogModuleManager: Shutting down and abandoning module OculusLibrary (139)
[2017.02.06-11.03.39:922][667]LogModuleManager: Shutting down and abandoning module OculusInput (138)
[2017.02.06-11.03.39:922][667]LogModuleManager: Shutting down and abandoning module MobilePatchingUtils (137)
[2017.02.06-11.03.39:922][667]LogModuleManager: Shutting down and abandoning module CustomMeshComponent (136)
[2017.02.06-11.03.39:923][667]LogModuleManager: Shutting down and abandoning module CableComponent (135)
[2017.02.06-11.03.39:923][667]LogModuleManager: Shutting down and abandoning module ArchVisCharacter (134)
[2017.02.06-11.03.39:923][667]LogModuleManager: Shutting down and abandoning module MediaPlayerEditor (132)
[2017.02.06-11.03.39:923][667]LogModuleManager: Shutting down and abandoning module HTML5Networking (131)
[2017.02.06-11.03.39:923][667]LogModuleManager: Shutting down and abandoning module GeometryCacheEd (130)
[2017.02.06-11.03.39:923][667]LogModuleManager: Shutting down and abandoning module GeometryCache (129)
[2017.02.06-11.03.39:923][667]LogModuleManager: Shutting down and abandoning module AlembicLibrary (128)
[2017.02.06-11.03.39:923][667]LogModuleManager: Shutting down and abandoning module AlembicImporter (127)
[2017.02.06-11.03.39:923][667]LogModuleManager: Shutting down and abandoning module SuperSearch (126)
[2017.02.06-11.03.39:923][667]LogModuleManager: Shutting down and abandoning module SuperSearchEditor (125)
[2017.02.06-11.03.39:923][667]LogModuleManager: Shutting down and abandoning module SpeedTreeImporter (124)
[2017.02.06-11.03.39:923][667]LogModuleManager: Shutting down and abandoning module PluginBrowser (123)
[2017.02.06-11.03.39:923][667]LogModuleManager: Shutting down and abandoning module MobileLauncherProfileWizard (122)
[2017.02.06-11.03.39:923][667]LogModuleManager: Shutting down and abandoning module EpicSurvey (121)
[2017.02.06-11.03.39:923][667]LogModuleManager: Shutting down and abandoning module DesktopPlatform (120)
[2017.02.06-11.03.39:923][667]LogModuleManager: Shutting down and abandoning module VisualStudioSourceCodeAccess (119)
[2017.02.06-11.03.39:923][667]LogModuleManager: Shutting down and abandoning module UObjectPlugin (118)
[2017.02.06-11.03.39:923][667]LogModuleManager: Shutting down and abandoning module SubversionSourceControl (117)
[2017.02.06-11.03.39:923][667]LogModuleManager: Shutting down and abandoning module PerforceSourceControl (116)
[2017.02.06-11.03.39:923][667]LogModuleManager: Shutting down and abandoning module SourceControl (115)
[2017.02.06-11.03.39:923][667]LogModuleManager: Shutting down and abandoning module GitSourceControl (114)
[2017.02.06-11.03.39:923][667]LogModuleManager: Shutting down and abandoning module LightPropagationVolumeEditor (113)
[2017.02.06-11.03.39:923][667]LogModuleManager: Shutting down and abandoning module PaperTiledImporter (112)
[2017.02.06-11.03.39:923][667]LogModuleManager: Shutting down and abandoning module PaperSpriteSheetImporter (111)
[2017.02.06-11.03.39:923][667]LogModuleManager: Shutting down and abandoning module MeshPaint (110)
[2017.02.06-11.03.39:923][667]LogModuleManager: Shutting down and abandoning module PixelInspectorModule (109)
[2017.02.06-11.03.39:923][667]LogModuleManager: Shutting down and abandoning module HotReload (108)
[2017.02.06-11.03.39:924][667]LogModuleManager: Shutting down and abandoning module MainFrame (107)
[2017.02.06-11.03.39:924][667]LogModuleManager: Shutting down and abandoning module LevelEditor (106)
[2017.02.06-11.03.39:925][667]LogModuleManager: Shutting down and abandoning module ContentBrowser (105)
[2017.02.06-11.03.39:926][667]LogModuleManager: Shutting down and abandoning module Paper2DEditor (104)
[2017.02.06-11.03.39:926][667]LogModuleManager: Shutting down and abandoning module UdpMessaging (103)
[2017.02.06-11.03.40:026][667]LogModuleManager: Shutting down and abandoning module TcpMessaging (102)
[2017.02.06-11.03.40:126][667]LogModuleManager: Shutting down and abandoning module LightPropagationVolumeRuntime (101)
[2017.02.06-11.03.40:126][667]LogModuleManager: Shutting down and abandoning module Paper2D (100)
[2017.02.06-11.03.40:126][667]LogModuleManager: Shutting down and abandoning module WindowsMoviePlayer (99)
[2017.02.06-11.03.40:126][667]LogModuleManager: Shutting down and abandoning module WmfMedia (98)
[2017.02.06-11.03.40:127][667]LogModuleManager: Shutting down and abandoning module MediaAssets (97)
[2017.02.06-11.03.40:127][667]LogModuleManager: Shutting down and abandoning module GameLiveStreaming (96)
[2017.02.06-11.03.40:127][667]LogModuleManager: Shutting down and abandoning module GameplayTagsEditor (95)
[2017.02.06-11.03.40:127][667]LogModuleManager: Shutting down and abandoning module VREditor (94)
[2017.02.06-11.03.40:127][667]LogModuleManager: Shutting down and abandoning module GameplayTasksEditor (93)
[2017.02.06-11.03.40:127][667]LogModuleManager: Shutting down and abandoning module BehaviorTreeEditor (92)
[2017.02.06-11.03.40:127][667]LogModuleManager: Shutting down and abandoning module FunctionalTesting (91)
[2017.02.06-11.03.40:127][667]LogModuleManager: Shutting down and abandoning module CollisionAnalyzer (90)
[2017.02.06-11.03.40:127][667]LogModuleManager: Shutting down and abandoning module Sequencer (89)
[2017.02.06-11.03.40:127][667]LogModuleManager: Shutting down and abandoning module WorkspaceMenuStructure (88)
[2017.02.06-11.03.40:127][667]LogModuleManager: Shutting down and abandoning module MessageLog (87)
[2017.02.06-11.03.40:127][667]LogModuleManager: Shutting down and abandoning module AssetTools (86)
[2017.02.06-11.03.40:127][667]LogModuleManager: Shutting down and abandoning module UMGEditor (85)
[2017.02.06-11.03.40:127][667]LogModuleManager: Shutting down and abandoning module UMG (84)
[2017.02.06-11.03.40:127][667]LogModuleManager: Shutting down and abandoning module SlateReflector (83)
[2017.02.06-11.03.40:127][667]LogModuleManager: Shutting down and abandoning module Slate (82)
[2017.02.06-11.03.40:127][667]LogModuleManager: Shutting down and abandoning module EditorStyle (81)
[2017.02.06-11.03.40:129][667]LogModuleManager: Shutting down and abandoning module SourceCodeAccess (80)
[2017.02.06-11.03.40:129][667]LogModuleManager: Shutting down and abandoning module HeadMountedDisplay (79)
[2017.02.06-11.03.40:129][667]LogModuleManager: Shutting down and abandoning module XAudio2 (78)
[2017.02.06-11.03.40:129][667]LogModuleManager: Shutting down and abandoning module Networking (76)
[2017.02.06-11.03.40:129][667]LogModuleManager: Shutting down and abandoning module Core (75)
[2017.02.06-11.03.40:129][667]LogModuleManager: Shutting down and abandoning module DirectoryWatcher (74)
[2017.02.06-11.03.40:129][667]LogDirectoryWatcher: A directory notification for '../../../Engine/Content/' was aborted.
[2017.02.06-11.03.40:129][667]LogDirectoryWatcher: A directory notification for 'C:/Users/Frr/Documents/GitHub/SpaceMilkman/Content/' was aborted.
[2017.02.06-11.03.40:129][667]LogDirectoryWatcher: A directory notification for '../../../Engine/Plugins/2D/Paper2D/Content/' was aborted.
[2017.02.06-11.03.40:129][667]LogModuleManager: Shutting down and abandoning module AssetRegistry (73)
[2017.02.06-11.03.40:286][667]LogModuleManager: Shutting down and abandoning module KismetCompiler (72)
[2017.02.06-11.03.40:286][667]LogModuleManager: Shutting down and abandoning module PhysXFormats (71)
[2017.02.06-11.03.40:286][667]LogModuleManager: Shutting down and abandoning module SimplygonSwarm (70)
[2017.02.06-11.03.40:286][667]LogModuleManager: Shutting down and abandoning module SimplygonMeshReduction (69)
[2017.02.06-11.03.40:286][667]LogModuleManager: Shutting down and abandoning module QuadricMeshReduction (68)
[2017.02.06-11.03.40:286][667]LogModuleManager: Shutting down and abandoning module PropertyEditor (67)
[2017.02.06-11.03.40:286][667]LogModuleManager: Shutting down and abandoning module MeshUtilities (66)
[2017.02.06-11.03.40:286][667]LogModuleManager: Shutting down and abandoning module DerivedDataCache (65)
[2017.02.06-11.03.40:295][667]LogDerivedDataCache: Shutdown
[2017.02.06-11.03.40:295][667]LogModuleManager: Shutting down and abandoning module VulkanShaderFormat (64)
[2017.02.06-11.03.40:295][667]LogModuleManager: Shutting down and abandoning module ShaderFormatOpenGL (63)
[2017.02.06-11.03.40:295][667]LogModuleManager: Shutting down and abandoning module ShaderFormatD3D (62)
[2017.02.06-11.03.40:295][667]LogModuleManager: Shutting down and abandoning module MetalShaderFormat (61)
[2017.02.06-11.03.40:295][667]LogModuleManager: Shutting down and abandoning module TextureFormatUncompressed (60)
[2017.02.06-11.03.40:295][667]LogModuleManager: Shutting down and abandoning module TextureFormatPVR (59)
[2017.02.06-11.03.40:295][667]LogModuleManager: Shutting down and abandoning module TextureFormatDXT (58)
[2017.02.06-11.03.40:295][667]LogModuleManager: Shutting down and abandoning module TextureFormatIntelISPCTexComp (57)
[2017.02.06-11.03.40:295][667]LogModuleManager: Shutting down and abandoning module ImageWrapper (56)
[2017.02.06-11.03.40:295][667]LogModuleManager: Shutting down and abandoning module TextureFormatASTC (55)
[2017.02.06-11.03.40:295][667]LogModuleManager: Shutting down and abandoning module TextureFormatAndroid (54)
[2017.02.06-11.03.40:295][667]LogModuleManager: Shutting down and abandoning module AudioFormatOpus (53)
[2017.02.06-11.03.40:295][667]LogModuleManager: Shutting down and abandoning module AudioFormatOgg (52)
[2017.02.06-11.03.40:295][667]LogModuleManager: Shutting down and abandoning module AudioFormatADPCM (51)
[2017.02.06-11.03.40:295][667]LogModuleManager: Shutting down and abandoning module LinuxTargetPlatform (50)
[2017.02.06-11.03.40:295][667]LogModuleManager: Shutting down and abandoning module LinuxServerTargetPlatform (49)
[2017.02.06-11.03.40:295][667]LogModuleManager: Shutting down and abandoning module LinuxNoEditorTargetPlatform (48)
[2017.02.06-11.03.40:295][667]LogModuleManager: Shutting down and abandoning module LinuxClientTargetPlatform (47)
[2017.02.06-11.03.40:295][667]LogModuleManager: Shutting down and abandoning module TVOSTargetPlatform (46)
[2017.02.06-11.03.40:295][667]LogModuleManager: Shutting down and abandoning module Messaging (45)
[2017.02.06-11.03.40:295][667]LogModuleManager: Shutting down and abandoning module IOSTargetPlatform (44)
[2017.02.06-11.03.40:295][667]LogModuleManager: Shutting down and abandoning module HTML5TargetPlatform (43)
[2017.02.06-11.03.40:295][667]LogModuleManager: Shutting down and abandoning module Android_PVRTCTargetPlatform (42)
[2017.02.06-11.03.40:295][667]LogModuleManager: Shutting down and abandoning module Android_MultiTargetPlatform (41)
[2017.02.06-11.03.40:295][667]LogModuleManager: Shutting down and abandoning module Android_ETC2TargetPlatform (40)
[2017.02.06-11.03.40:295][667]LogModuleManager: Shutting down and abandoning module Android_ETC1TargetPlatform (39)
[2017.02.06-11.03.40:295][667]LogModuleManager: Shutting down and abandoning module Android_DXTTargetPlatform (38)
[2017.02.06-11.03.40:295][667]LogModuleManager: Shutting down and abandoning module Android_ATCTargetPlatform (37)
[2017.02.06-11.03.40:295][667]LogModuleManager: Shutting down and abandoning module Android_ASTCTargetPlatform (36)
[2017.02.06-11.03.40:296][667]LogModuleManager: Shutting down and abandoning module AndroidTargetPlatform (35)
[2017.02.06-11.03.40:296][667]LogModuleManager: Shutting down and abandoning module WindowsTargetPlatform (34)
[2017.02.06-11.03.40:296][667]LogModuleManager: Shutting down and abandoning module WindowsServerTargetPlatform (33)
[2017.02.06-11.03.40:296][667]LogModuleManager: Shutting down and abandoning module WindowsNoEditorTargetPlatform (32)
[2017.02.06-11.03.40:296][667]LogModuleManager: Shutting down and abandoning module WindowsClientTargetPlatform (31)
[2017.02.06-11.03.40:296][667]LogModuleManager: Shutting down and abandoning module MacTargetPlatform (30)
[2017.02.06-11.03.40:296][667]LogModuleManager: Shutting down and abandoning module MacServerTargetPlatform (29)
[2017.02.06-11.03.40:296][667]LogModuleManager: Shutting down and abandoning module MacNoEditorTargetPlatform (28)
[2017.02.06-11.03.40:296][667]LogModuleManager: Shutting down and abandoning module MacClientTargetPlatform (27)
[2017.02.06-11.03.40:296][667]LogModuleManager: Shutting down and abandoning module AllDesktopTargetPlatform (26)
[2017.02.06-11.03.40:296][667]LogModuleManager: Shutting down and abandoning module TargetPlatform (25)
[2017.02.06-11.03.40:296][667]LogModuleManager: Shutting down and abandoning module InputCore (24)
[2017.02.06-11.03.40:296][667]LogModuleManager: Shutting down and abandoning module Settings (23)
[2017.02.06-11.03.40:296][667]LogModuleManager: Shutting down and abandoning module OculusRift (22)
[2017.02.06-11.03.40:296][667]LogModuleManager: Shutting down and abandoning module ExampleDeviceProfileSelector (21)
[2017.02.06-11.03.40:296][667]LogModuleManager: Shutting down and abandoning module OnlineBlueprintSupport (20)
[2017.02.06-11.03.40:296][667]LogModuleManager: Shutting down and abandoning module OnlineSubsystem (18)
[2017.02.06-11.03.40:296][667]LogOnline:Display: Unloading online subsystem: NULL
[2017.02.06-11.03.40:296][667]LogModuleManager: Shutting down and abandoning module SSL (17)
[2017.02.06-11.03.40:297][667]LogModuleManager: Shutting down and abandoning module HTTP (16)
[2017.02.06-11.03.40:297][667]LogModuleManager: Shutting down and abandoning module XMPP (15)
[2017.02.06-11.03.40:297][667]LogModuleManager: Shutting down and abandoning module TextureCompressor (14)
[2017.02.06-11.03.40:297][667]LogModuleManager: Shutting down and abandoning module ShaderCore (13)
[2017.02.06-11.03.40:297][667]LogModuleManager: Shutting down and abandoning module Landscape (12)
[2017.02.06-11.03.40:297][667]LogModuleManager: Shutting down and abandoning module SlateRHIRenderer (11)
[2017.02.06-11.03.40:298][667]LogModuleManager: Shutting down and abandoning module OpenGLDrv (10)
[2017.02.06-11.03.40:298][667]LogModuleManager: Shutting down and abandoning module D3D11RHI (9)
[2017.02.06-11.03.40:298][667]LogModuleManager: Shutting down and abandoning module AnimGraphRuntime (8)
[2017.02.06-11.03.40:298][667]LogModuleManager: Shutting down and abandoning module Renderer (7)
[2017.02.06-11.03.40:298][667]LogModuleManager: Shutting down and abandoning module Engine (6)
[2017.02.06-11.03.40:298][667]LogModuleManager: Shutting down and abandoning module CoreUObject (5)
[2017.02.06-11.03.40:298][667]LogModuleManager: Shutting down and abandoning module NetworkFile (4)
[2017.02.06-11.03.40:299][667]LogModuleManager: Shutting down and abandoning module StreamingFile (3)
[2017.02.06-11.03.40:299][667]LogModuleManager: Shutting down and abandoning module SandboxFile (2)
[2017.02.06-11.03.40:299][667]LogModuleManager: Shutting down and abandoning module PakFile (1)
[2017.02.06-11.03.40:300][667]LogExit: Exiting.
[2017.02.06-11.03.40:306][667]Log file closed, 02/06/17 11:03:40
