Log file open, 03/22/17 01:07:55
LogInit:Display: Running engine for game: SpaceMilkman
LogPlatformFile: Not using cached read wrapper
LogInit:Display: RandInit(571693909) SRandInit(571693909).
LogTaskGraph: Started task graph with 5 named threads and 8 total threads with 1 sets of task threads.
LogStats: Stats thread started at 0.073908
LogPluginManager: Loaded Plugin Paper2D, From F:/Program Files (x86)/Epic Games/4.14/Engine/Plugins/2D/Paper2D/Paper2D.uplugin
LogPluginManager: Loaded Plugin LightPropagationVolume, From F:/Program Files (x86)/Epic Games/4.14/Engine/Plugins/Blendables/LightPropagationVolume/LightPropagationVolume.uplugin
LogPluginManager: Loaded Plugin BlankPlugin, From F:/Program Files (x86)/Epic Games/4.14/Engine/Plugins/Developer/BlankPlugin/BlankPlugin.uplugin
LogPluginManager: Loaded Plugin CodeLiteSourceCodeAccess, From F:/Program Files (x86)/Epic Games/4.14/Engine/Plugins/Developer/CodeLiteSourceCodeAccess/CodeLiteSourceCodeAccess.uplugin
LogPluginManager: Loaded Plugin GitSourceControl, From F:/Program Files (x86)/Epic Games/4.14/Engine/Plugins/Developer/GitSourceControl/GitSourceControl.uplugin
LogPluginManager: Loaded Plugin KDevelopSourceCodeAccess, From F:/Program Files (x86)/Epic Games/4.14/Engine/Plugins/Developer/KDevelopSourceCodeAccess/KDevelopSourceCodeAccess.uplugin
LogPluginManager: Loaded Plugin NullSourceCodeAccess, From F:/Program Files (x86)/Epic Games/4.14/Engine/Plugins/Developer/NullSourceCodeAccess/NullSourceCodeAccess.uplugin
LogPluginManager: Loaded Plugin OneSkyLocalizationService, From F:/Program Files (x86)/Epic Games/4.14/Engine/Plugins/Developer/OneSkyLocalizationService/OneSkyLocalizationService.uplugin
LogPluginManager: Loaded Plugin PerforceSourceControl, From F:/Program Files (x86)/Epic Games/4.14/Engine/Plugins/Developer/PerforceSourceControl/PerforceSourceControl.uplugin
LogPluginManager: Loaded Plugin SubversionSourceControl, From F:/Program Files (x86)/Epic Games/4.14/Engine/Plugins/Developer/SubversionSourceControl/SubversionSourceControl.uplugin
LogPluginManager: Loaded Plugin UObjectPlugin, From F:/Program Files (x86)/Epic Games/4.14/Engine/Plugins/Developer/UObjectPlugin/UObjectPlugin.uplugin
LogPluginManager: Loaded Plugin VisualStudioSourceCodeAccess, From F:/Program Files (x86)/Epic Games/4.14/Engine/Plugins/Developer/VisualStudioSourceCodeAccess/VisualStudioSourceCodeAccess.uplugin
LogPluginManager: Loaded Plugin XCodeSourceCodeAccess, From F:/Program Files (x86)/Epic Games/4.14/Engine/Plugins/Developer/XCodeSourceCodeAccess/XCodeSourceCodeAccess.uplugin
LogPluginManager: Loaded Plugin AudioCapture, From F:/Program Files (x86)/Epic Games/4.14/Engine/Plugins/Editor/AudioCapture/AudioCapture.uplugin
LogPluginManager: Loaded Plugin EpicSurvey, From F:/Program Files (x86)/Epic Games/4.14/Engine/Plugins/Editor/EpicSurvey/EpicSurvey.uplugin
LogPluginManager: Loaded Plugin MacGraphicsSwitching, From F:/Program Files (x86)/Epic Games/4.14/Engine/Plugins/Editor/MacGraphicsSwitching/MacGraphicsSwitching.uplugin
LogPluginManager: Loaded Plugin MobileLauncherProfileWizard, From F:/Program Files (x86)/Epic Games/4.14/Engine/Plugins/Editor/MobileLauncherProfileWizard/MobileLauncherProfileWizard.uplugin
LogPluginManager: Loaded Plugin PluginBrowser, From F:/Program Files (x86)/Epic Games/4.14/Engine/Plugins/Editor/PluginBrowser/PluginBrowser.uplugin
LogPluginManager: Loaded Plugin SpeedTreeImporter, From F:/Program Files (x86)/Epic Games/4.14/Engine/Plugins/Editor/SpeedTreeImporter/SpeedTreeImporter.uplugin
LogPluginManager: Loaded Plugin SuperSearchEditor, From F:/Program Files (x86)/Epic Games/4.14/Engine/Plugins/Editor/SuperSearchEditor/SuperSearchEditor.uplugin
LogPluginManager: Loaded Plugin AlembicImporter, From F:/Program Files (x86)/Epic Games/4.14/Engine/Plugins/Experimental/AlembicImporter/AlembicImporter.uplugin
LogPluginManager: Loaded Plugin BlueprintStats, From F:/Program Files (x86)/Epic Games/4.14/Engine/Plugins/Experimental/BlueprintStats/BlueprintStats.uplugin
LogPluginManager: Loaded Plugin CharacterAI, From F:/Program Files (x86)/Epic Games/4.14/Engine/Plugins/Experimental/CharacterAI/CharacterAI.uplugin
LogPluginManager: Loaded Plugin CodeEditor, From F:/Program Files (x86)/Epic Games/4.14/Engine/Plugins/Experimental/CodeEditor/CodeEditor.uplugin
LogPluginManager: Loaded Plugin CodeView, From F:/Program Files (x86)/Epic Games/4.14/Engine/Plugins/Experimental/CodeView/CodeView.uplugin
LogPluginManager: Loaded Plugin HTML5Networking, From F:/Program Files (x86)/Epic Games/4.14/Engine/Plugins/Experimental/HTML5Networking/HTML5Networking.uplugin
LogPluginManager: Loaded Plugin OSVR, From F:/Program Files (x86)/Epic Games/4.14/Engine/Plugins/Experimental/OSVR/OSVR.uplugin
LogPluginManager: Loaded Plugin Phya, From F:/Program Files (x86)/Epic Games/4.14/Engine/Plugins/Experimental/Phya/Phya.uplugin
LogPluginManager: Loaded Plugin SignificanceManager, From F:/Program Files (x86)/Epic Games/4.14/Engine/Plugins/Experimental/SignificanceManager/SignificanceManager.uplugin
LogPluginManager: Loaded Plugin SimpleHMD, From F:/Program Files (x86)/Epic Games/4.14/Engine/Plugins/Experimental/SimpleHMD/SimpleHMD.uplugin
LogPluginManager: Loaded Plugin StereoPanorama, From F:/Program Files (x86)/Epic Games/4.14/Engine/Plugins/Experimental/StereoPanorama/StereoPanorama.uplugin
LogPluginManager: Loaded Plugin StructBox, From F:/Program Files (x86)/Epic Games/4.14/Engine/Plugins/Experimental/StructBox/StructBox.uplugin
LogPluginManager: Loaded Plugin AndroidMedia, From F:/Program Files (x86)/Epic Games/4.14/Engine/Plugins/Media/AndroidMedia/AndroidMedia.uplugin
LogPluginManager: Loaded Plugin AvfMedia, From F:/Program Files (x86)/Epic Games/4.14/Engine/Plugins/Media/AvfMedia/AvfMedia.uplugin
LogPluginManager: Loaded Plugin MediaPlayerEditor, From F:/Program Files (x86)/Epic Games/4.14/Engine/Plugins/Media/MediaPlayerEditor/MediaPlayerEditor.uplugin
LogPluginManager: Loaded Plugin WmfMedia, From F:/Program Files (x86)/Epic Games/4.14/Engine/Plugins/Media/WmfMedia/WmfMedia.uplugin
LogPluginManager: Loaded Plugin MessagingDebugger, From F:/Program Files (x86)/Epic Games/4.14/Engine/Plugins/Messaging/MessagingDebugger/MessagingDebugger.uplugin
LogPluginManager: Loaded Plugin TcpMessaging, From F:/Program Files (x86)/Epic Games/4.14/Engine/Plugins/Messaging/TcpMessaging/TcpMessaging.uplugin
LogPluginManager: Loaded Plugin UdpMessaging, From F:/Program Files (x86)/Epic Games/4.14/Engine/Plugins/Messaging/UdpMessaging/UdpMessaging.uplugin
LogPluginManager: Loaded Plugin LevelSequenceEditor, From F:/Program Files (x86)/Epic Games/4.14/Engine/Plugins/MovieScene/LevelSequenceEditor/LevelSequenceEditor.uplugin
LogPluginManager: Loaded Plugin MatineeToLevelSequence, From F:/Program Files (x86)/Epic Games/4.14/Engine/Plugins/MovieScene/MatineeToLevelSequence/MatineeToLevelSequence.uplugin
LogPluginManager: Loaded Plugin NetcodeUnitTest, From F:/Program Files (x86)/Epic Games/4.14/Engine/Plugins/NetcodeUnitTest/NetcodeUnitTest/NetcodeUnitTest.uplugin
LogPluginManager: Loaded Plugin NUTUnrealEngine4, From F:/Program Files (x86)/Epic Games/4.14/Engine/Plugins/NetcodeUnitTest/NUTUnrealEngine4/NUTUnrealEngine4.uplugin
LogPluginManager: Loaded Plugin OnlineSubsystemGameCircle, From F:/Program Files (x86)/Epic Games/4.14/Engine/Plugins/Online/Android/OnlineSubsystemGameCircle/OnlineSubsystemGameCircle.uplugin
LogPluginManager: Loaded Plugin OnlineSubsystemGooglePlay, From F:/Program Files (x86)/Epic Games/4.14/Engine/Plugins/Online/Android/OnlineSubsystemGooglePlay/OnlineSubsystemGooglePlay.uplugin
LogPluginManager: Loaded Plugin OnlineSubsystemIOS, From F:/Program Files (x86)/Epic Games/4.14/Engine/Plugins/Online/IOS/OnlineSubsystemIOS/OnlineSubsystemIOS.uplugin
LogPluginManager: Loaded Plugin OnlineFramework, From F:/Program Files (x86)/Epic Games/4.14/Engine/Plugins/Online/OnlineFramework/OnlineFramework.uplugin
LogPluginManager: Loaded Plugin OnlineSubsystem, From F:/Program Files (x86)/Epic Games/4.14/Engine/Plugins/Online/OnlineSubsystem/OnlineSubsystem.uplugin
LogPluginManager: Loaded Plugin OnlineSubsystemAmazon, From F:/Program Files (x86)/Epic Games/4.14/Engine/Plugins/Online/OnlineSubsystemAmazon/OnlineSubsystemAmazon.uplugin
LogPluginManager: Loaded Plugin OnlineSubsystemFacebook, From F:/Program Files (x86)/Epic Games/4.14/Engine/Plugins/Online/OnlineSubsystemFacebook/OnlineSubsystemFacebook.uplugin
LogPluginManager: Loaded Plugin OnlineSubsystemNull, From F:/Program Files (x86)/Epic Games/4.14/Engine/Plugins/Online/OnlineSubsystemNull/OnlineSubsystemNull.uplugin
LogPluginManager: Loaded Plugin OnlineSubsystemOculus, From F:/Program Files (x86)/Epic Games/4.14/Engine/Plugins/Online/OnlineSubsystemOculus/OnlineSubsystemOculus.uplugin
LogPluginManager: Loaded Plugin OnlineSubsystemSteam, From F:/Program Files (x86)/Epic Games/4.14/Engine/Plugins/Online/OnlineSubsystemSteam/OnlineSubsystemSteam.uplugin
LogPluginManager: Loaded Plugin OnlineSubsystemUtils, From F:/Program Files (x86)/Epic Games/4.14/Engine/Plugins/Online/OnlineSubsystemUtils/OnlineSubsystemUtils.uplugin
LogPluginManager: Loaded Plugin IOSTapJoy, From F:/Program Files (x86)/Epic Games/4.14/Engine/Plugins/Runtime/Advertising/IOSTapJoy/IOSTapJoy.uplugin
LogPluginManager: Loaded Plugin AnalyticsBlueprintLibrary, From F:/Program Files (x86)/Epic Games/4.14/Engine/Plugins/Runtime/Analytics/AnalyticsBlueprintLibrary/AnalyticsBlueprintLibrary.uplugin
LogPluginManager: Loaded Plugin AnalyticsMulticast, From F:/Program Files (x86)/Epic Games/4.14/Engine/Plugins/Runtime/Analytics/AnalyticsMulticast/AnalyticsMulticast.uplugin
LogPluginManager: Loaded Plugin Apsalar, From F:/Program Files (x86)/Epic Games/4.14/Engine/Plugins/Runtime/Analytics/Apsalar/Apsalar.uplugin
LogPluginManager: Loaded Plugin FileLogging, From F:/Program Files (x86)/Epic Games/4.14/Engine/Plugins/Runtime/Analytics/FileLogging/FileLogging.uplugin
LogPluginManager: Loaded Plugin Flurry, From F:/Program Files (x86)/Epic Games/4.14/Engine/Plugins/Runtime/Analytics/Flurry/Flurry.uplugin
LogPluginManager: Loaded Plugin AndroidDeviceProfileSelector, From F:/Program Files (x86)/Epic Games/4.14/Engine/Plugins/Runtime/AndroidDeviceProfileSelector/AndroidDeviceProfileSelector.uplugin
LogPluginManager: Loaded Plugin AndroidMoviePlayer, From F:/Program Files (x86)/Epic Games/4.14/Engine/Plugins/Runtime/AndroidMoviePlayer/AndroidMoviePlayer.uplugin
LogPluginManager: Loaded Plugin AppleMoviePlayer, From F:/Program Files (x86)/Epic Games/4.14/Engine/Plugins/Runtime/AppleMoviePlayer/AppleMoviePlayer.uplugin
LogPluginManager: Loaded Plugin ArchVisCharacter, From F:/Program Files (x86)/Epic Games/4.14/Engine/Plugins/Runtime/ArchVisCharacter/ArchVisCharacter.uplugin
LogPluginManager: Loaded Plugin CableComponent, From F:/Program Files (x86)/Epic Games/4.14/Engine/Plugins/Runtime/CableComponent/CableComponent.uplugin
LogPluginManager: Loaded Plugin CustomMeshComponent, From F:/Program Files (x86)/Epic Games/4.14/Engine/Plugins/Runtime/CustomMeshComponent/CustomMeshComponent.uplugin
LogPluginManager: Loaded Plugin ExampleDeviceProfileSelector, From F:/Program Files (x86)/Epic Games/4.14/Engine/Plugins/Runtime/ExampleDeviceProfileSelector/ExampleDeviceProfileSelector.uplugin
LogPluginManager: Loaded Plugin GearVR, From F:/Program Files (x86)/Epic Games/4.14/Engine/Plugins/Runtime/GearVR/GearVR.uplugin
LogPluginManager: Loaded Plugin GoogleVRController, From F:/Program Files (x86)/Epic Games/4.14/Engine/Plugins/Runtime/GoogleVR/GoogleVRController/GoogleVRController.uplugin
LogPluginManager: Loaded Plugin GoogleVRHMD, From F:/Program Files (x86)/Epic Games/4.14/Engine/Plugins/Runtime/GoogleVR/GoogleVRHMD/GoogleVRHMD.uplugin
LogPluginManager: Loaded Plugin IOSDeviceProfileSelector, From F:/Program Files (x86)/Epic Games/4.14/Engine/Plugins/Runtime/IOSDeviceProfileSelector/IOSDeviceProfileSelector.uplugin
LogPluginManager: Loaded Plugin LeapMotion, From F:/Program Files (x86)/Epic Games/4.14/Engine/Plugins/Runtime/LeapMotion/LeapMotion.uplugin
LogPluginManager: Loaded Plugin LinuxDeviceProfileSelector, From F:/Program Files (x86)/Epic Games/4.14/Engine/Plugins/Runtime/LinuxDeviceProfileSelector/LinuxDeviceProfileSelector.uplugin
LogPluginManager: Loaded Plugin MIDIDevice, From F:/Program Files (x86)/Epic Games/4.14/Engine/Plugins/Runtime/MIDIDevice/MIDIDevice.uplugin
LogPluginManager: Loaded Plugin MobilePatchingUtils, From F:/Program Files (x86)/Epic Games/4.14/Engine/Plugins/Runtime/MobilePatchingUtils/MobilePatchingUtils.uplugin
LogPluginManager: Loaded Plugin Ansel, From F:/Program Files (x86)/Epic Games/4.14/Engine/Plugins/Runtime/Nvidia/Ansel/Ansel.uplugin
LogPluginManager: Loaded Plugin OculusAudio, From F:/Program Files (x86)/Epic Games/4.14/Engine/Plugins/Runtime/OculusAudio/OculusAudio.uplugin
LogPluginManager: Loaded Plugin OculusInput, From F:/Program Files (x86)/Epic Games/4.14/Engine/Plugins/Runtime/OculusInput/OculusInput.uplugin
LogPluginManager: Loaded Plugin OculusLibrary, From F:/Program Files (x86)/Epic Games/4.14/Engine/Plugins/Runtime/OculusLibrary/OculusLibrary.uplugin
LogPluginManager: Loaded Plugin OculusRift, From F:/Program Files (x86)/Epic Games/4.14/Engine/Plugins/Runtime/OculusRift/OculusRift.uplugin
LogPluginManager: Loaded Plugin Oodle, From F:/Program Files (x86)/Epic Games/4.14/Engine/Plugins/Runtime/PacketHandlers/CompressionComponents/Oodle/Oodle.uplugin
LogPluginManager: Loaded Plugin ProceduralMeshComponent, From F:/Program Files (x86)/Epic Games/4.14/Engine/Plugins/Runtime/ProceduralMeshComponent/ProceduralMeshComponent.uplugin
LogPluginManager: Loaded Plugin SoundMod, From F:/Program Files (x86)/Epic Games/4.14/Engine/Plugins/Runtime/SoundMod/SoundMod.uplugin
LogPluginManager: Loaded Plugin SoundVisualizations, From F:/Program Files (x86)/Epic Games/4.14/Engine/Plugins/Runtime/SoundVisualizations/SoundVisualizations.uplugin
LogPluginManager: Loaded Plugin SteamController, From F:/Program Files (x86)/Epic Games/4.14/Engine/Plugins/Runtime/Steam/SteamController/SteamController.uplugin
LogPluginManager: Loaded Plugin SteamVR, From F:/Program Files (x86)/Epic Games/4.14/Engine/Plugins/Runtime/Steam/SteamVR/SteamVR.uplugin
LogPluginManager: Loaded Plugin WebBrowserWidget, From F:/Program Files (x86)/Epic Games/4.14/Engine/Plugins/Runtime/WebBrowserWidget/WebBrowserWidget.uplugin
LogPluginManager: Loaded Plugin WindowsDeviceProfileSelector, From F:/Program Files (x86)/Epic Games/4.14/Engine/Plugins/Runtime/WindowsDeviceProfileSelector/WindowsDeviceProfileSelector.uplugin
LogPluginManager: Loaded Plugin WindowsMoviePlayer, From F:/Program Files (x86)/Epic Games/4.14/Engine/Plugins/Runtime/WindowsMoviePlayer/WindowsMoviePlayer.uplugin
LogPluginManager: Loaded Plugin ScriptPlugin, From F:/Program Files (x86)/Epic Games/4.14/Engine/Plugins/ScriptPlugin/ScriptPlugin.uplugin
LogPluginManager: Loaded Plugin SlateRemote, From F:/Program Files (x86)/Epic Games/4.14/Engine/Plugins/Slate/SlateRemote/SlateRemote.uplugin
LogPluginManager: Loaded Plugin EditorTests, From F:/Program Files (x86)/Epic Games/4.14/Engine/Plugins/Tests/EditorTests/EditorTests.uplugin
LogPluginManager: Loaded Plugin FbxAutomationTestBuilder, From F:/Program Files (x86)/Epic Games/4.14/Engine/Plugins/Tests/FbxAutomationTestBuilder/FbxAutomationTestBuilder.uplugin
LogPluginManager: Loaded Plugin FunctionalTestingEditor, From F:/Program Files (x86)/Epic Games/4.14/Engine/Plugins/Tests/FunctionalTestingEditor/FunctionalTestingEditor.uplugin
LogPluginManager: Loaded Plugin RuntimeTests, From F:/Program Files (x86)/Epic Games/4.14/Engine/Plugins/Tests/RuntimeTests/RuntimeTests.uplugin
LogPluginManager: Loaded Plugin ScreenshotTools, From F:/Program Files (x86)/Epic Games/4.14/Engine/Plugins/Tests/ScreenshotTools/ScreenshotTools.uplugin
LogInit: Using libcurl 7.47.1
LogInit:  - built for x86_64-pc-win32
LogInit:  - supports SSL with OpenSSL/1.0.2g
LogInit:  - supports HTTP deflate (compression) using libz 1.2.8
LogInit:  - other features:
LogInit:      CURL_VERSION_SSL
LogInit:      CURL_VERSION_LIBZ
LogInit:      CURL_VERSION_IPV6
LogInit:      CURL_VERSION_ASYNCHDNS
LogInit:      CURL_VERSION_LARGEFILE
LogInit:      CURL_VERSION_IDN
LogInit:  CurlRequestOptions (configurable via config and command line):
LogInit:  - bVerifyPeer = false  - Libcurl will NOT verify peer certificate
LogInit:  - bUseHttpProxy = false  - Libcurl will NOT use HTTP proxy
LogInit:  - bDontReuseConnections = false  - Libcurl will reuse connections
LogInit:  - CertBundlePath = nullptr  - Libcurl will use whatever was configured at build time.
LogInit: Build: ++UE4+Release-4.14-CL-3249277
LogInit: Engine Version: 4.14.3-3249277+++UE4+Release-4.14
LogInit: Compatible Engine Version: 4.14.0-3195953+++UE4+Release-4.14
LogInit: Net CL: 3195953
LogDevObjectVersion: Number of dev versions registered: 13
LogDevObjectVersion:   Dev-Blueprints (B0D832E4-1F89-4F0D-ACCF-7EB736FD4AA2): 7
LogDevObjectVersion:   Dev-Build (E1C64328-A22C-4D53-A36C-8E866417BD8C): 0
LogDevObjectVersion:   Dev-Core (375EC13C-06E4-48FB-B500-84F0262A717E): 1
LogDevObjectVersion:   Dev-Editor (E4B068ED-F494-42E9-A231-DA0B2E46BB41): 8
LogDevObjectVersion:   Dev-Framework (CFFC743F-43B0-4480-9391-14DF171D2073): 17
LogDevObjectVersion:   Dev-Mobile (B02B49B5-BB20-44E9-A304-32B752E40360): 0
LogDevObjectVersion:   Dev-Networking (A4E4105C-59A1-49B5-A7C5-40C4547EDFEE): 0
LogDevObjectVersion:   Dev-Online (39C831C9-5AE6-47DC-9A44-9C173E1C8E7C): 0
LogDevObjectVersion:   Dev-Physics (78F01B33-EBEA-4F98-B9B4-84EACCB95AA2): 0
LogDevObjectVersion:   Dev-Platform (6631380F-2D4D-43E0-8009-CF276956A95A): 0
LogDevObjectVersion:   Dev-Rendering (12F88B9F-8875-4AFC-A67C-D90C383ABD29): 12
LogDevObjectVersion:   Dev-Sequencer (7B5AE74C-D270-4C10-A958-57980B212A5A): 1
LogDevObjectVersion:   Dev-VR (D7296918-1DD6-4BDD-9DE2-64A83CC13884): 0
LogInit: Compiled (64-bit): Jan  6 2017 10:49:43
LogInit: Compiled with Visual C++: 19.00.23026.00
LogInit: Build Configuration: Development
LogInit: Branch Name: ++UE4+Release-4.14
LogInit: Command line:  
LogInit: Base directory: F:/Program Files (x86)/Epic Games/4.14/Engine/Binaries/Win64/
LogInit: Installed Engine Build: 1
LogInit: Presizing for max 8388607 objects, including 0 objects not considered by GC, pre-allocating 0 bytes for permanent pool.
LogInit: Object subsystem initialized
[2017.03.22-01.07.55:588][  0]LogInit: Selected Device Profile: [Windows]
[2017.03.22-01.07.55:588][  0]LogInit: Applying CVar settings loaded from the selected device profile: [Windows]
[2017.03.22-01.07.55:596][  0]LogInit: Computer: FRR-PC
[2017.03.22-01.07.55:596][  0]LogInit: User: Frr
[2017.03.22-01.07.55:596][  0]LogInit: CPU Page size=65536, Cores=4
[2017.03.22-01.07.55:596][  0]LogInit: High frequency timer resolution =3.429199 MHz
[2017.03.22-01.07.55:596][  0]LogMemory: Memory total: Physical=16.0GB (16GB approx)
[2017.03.22-01.07.55:596][  0]LogMemory: Platform Memory Stats for Windows
[2017.03.22-01.07.55:596][  0]LogMemory: Process Physical Memory: 266.98 MB used, 266.98 MB peak
[2017.03.22-01.07.55:596][  0]LogMemory: Process Virtual Memory: 265.54 MB used, 265.54 MB peak
[2017.03.22-01.07.55:596][  0]LogMemory: Physical Memory: 6235.88 MB used,  10115.27 MB free, 16351.14 MB total
[2017.03.22-01.07.55:596][  0]LogMemory: Virtual Memory: 665.27 MB used,  10115.27 MB free, 8388608.00 MB total
[2017.03.22-01.07.55:629][  0]LogTextLocalizationManager: No specific translations for ('en-GB') exist, so ('en') translations will be used.
[2017.03.22-01.07.56:203][  0]LogD3D11RHI: D3D11 adapters:
[2017.03.22-01.07.56:225][  0]LogD3D11RHI:    0. 'NVIDIA GeForce GTX 770' (Feature Level 11_0)
[2017.03.22-01.07.56:225][  0]LogD3D11RHI:       1989/0/7919 MB DedicatedVideo/DedicatedSystem/SharedSystem, Outputs:1, VendorId:0x10de
[2017.03.22-01.07.56:225][  0]LogD3D11RHI: Chosen D3D11 Adapter: 0
[2017.03.22-01.07.56:229][  0]LogD3D11RHI: Creating new Direct3DDevice
[2017.03.22-01.07.56:229][  0]LogD3D11RHI:     GPU DeviceId: 0x1184 (for the marketing name, search the web for "GPU Device Id")
[2017.03.22-01.07.56:229][  0]LogWindows: EnumDisplayDevices:
[2017.03.22-01.07.56:230][  0]LogWindows:    0. 'NVIDIA GeForce GTX 770' (P:1 D:1)
[2017.03.22-01.07.56:230][  0]LogWindows:    1. 'NVIDIA GeForce GTX 770' (P:0 D:0)
[2017.03.22-01.07.56:230][  0]LogWindows:    2. 'NVIDIA GeForce GTX 770' (P:0 D:0)
[2017.03.22-01.07.56:230][  0]LogWindows:    3. 'NVIDIA GeForce GTX 770' (P:0 D:0)
[2017.03.22-01.07.56:230][  0]LogWindows:    4. 'RDPDD Chained DD' (P:0 D:0)
[2017.03.22-01.07.56:230][  0]LogWindows:    5. 'RDP Encoder Mirror Driver' (P:0 D:0)
[2017.03.22-01.07.56:230][  0]LogWindows:    6. 'RDP Reflector Display Driver' (P:0 D:0)
[2017.03.22-01.07.56:231][  0]LogWindows: DebugString: GetVideoDriverDetailsInvalid PrimaryIsNotTheChoosenAdapter GetVideoDriverDetailsInvalid PrimaryIsNotTheChoosenAdapter GetVideoDriverDetailsInvalid PrimaryIsNotTheChoosenAdapter FoundDriverCount:4 
[2017.03.22-01.07.56:231][  0]LogD3D11RHI:     Adapter Name: NVIDIA GeForce GTX 770
[2017.03.22-01.07.56:231][  0]LogD3D11RHI:   Driver Version: 378.92 (internal:21.21.13.7892, unified:378.92)
[2017.03.22-01.07.56:231][  0]LogD3D11RHI:      Driver Date: 3-16-2017
[2017.03.22-01.07.56:231][  0]LogRHI: Texture pool is 1361 MB (70% of 1945 MB)
[2017.03.22-01.07.56:238][  0]LogD3D11RHI:Warning: Timestamp queries are currently disabled on this hardware due to instability. Realtime GPU stats will not be available. You can override this behaviour by setting r.NVIDIATimestampWorkaround to 0
[2017.03.22-01.07.56:238][  0]LogD3D11RHI: Async texture creation enabled
[2017.03.22-01.07.56:253][  0]LogD3D11RHI: GPU Timing Frequency: 1000.000000 (Debug: 2 2)
[2017.03.22-01.07.56:253][  0]LogShaderCompilers: Guid format shader working directory is 2 characters bigger than the processId version (C:/Users/Frr/Documents/GitHub/SpaceMilkman/Intermediate/Shaders/WorkingDirectory/4332/).
[2017.03.22-01.07.56:253][  0]LogShaderCompilers: Cleaned the shader compiler working directory 'C:/Users/Frr/AppData/Local/Temp/UnrealShaderWorkingDir/88E9A7254890436ACEBA71AAE49DA469/'.
[2017.03.22-01.07.56:253][  0]LogShaderCompilers:Display: Using Local Shader Compiler.
[2017.03.22-01.07.57:249][  0]LogTemp:Display: Loaded TP AllDesktopTargetPlatform
[2017.03.22-01.07.57:298][  0]LogTemp:Display: Loaded TP MacClientTargetPlatform
[2017.03.22-01.07.57:346][  0]LogTemp:Display: Loaded TP MacNoEditorTargetPlatform
[2017.03.22-01.07.57:395][  0]LogTemp:Display: Loaded TP MacServerTargetPlatform
[2017.03.22-01.07.57:444][  0]LogTemp:Display: Loaded TP MacTargetPlatform
[2017.03.22-01.07.57:493][  0]LogTemp:Display: Loaded TP WindowsClientTargetPlatform
[2017.03.22-01.07.57:543][  0]LogTemp:Display: Loaded TP WindowsNoEditorTargetPlatform
[2017.03.22-01.07.57:591][  0]LogTemp:Display: Loaded TP WindowsServerTargetPlatform
[2017.03.22-01.07.57:629][  0]LogTemp:Display: Loaded TP WindowsTargetPlatform
[2017.03.22-01.07.57:677][  0]LogTemp:Display: Loaded TP AndroidTargetPlatform
[2017.03.22-01.07.57:725][  0]LogTemp:Display: Loaded TP Android_ASTCTargetPlatform
[2017.03.22-01.07.57:772][  0]LogTemp:Display: Loaded TP Android_ATCTargetPlatform
[2017.03.22-01.07.57:819][  0]LogTemp:Display: Loaded TP Android_DXTTargetPlatform
[2017.03.22-01.07.57:866][  0]LogTemp:Display: Loaded TP Android_ETC1TargetPlatform
[2017.03.22-01.07.57:913][  0]LogTemp:Display: Loaded TP Android_ETC2TargetPlatform
[2017.03.22-01.07.58:009][  0]LogTemp:Display: Loaded TP Android_MultiTargetPlatform
[2017.03.22-01.07.58:009][  0]LogTemp:Display: Loaded TP Android_PVRTCTargetPlatform
[2017.03.22-01.07.58:040][  0]LogTemp:Display: Loaded TP HTML5TargetPlatform
[2017.03.22-01.07.58:111][  0]LogTemp:Display: Loaded TP IOSTargetPlatform
[2017.03.22-01.07.58:140][  0]LogTemp:Display: Loaded TP TVOSTargetPlatform
[2017.03.22-01.07.58:187][  0]LogTemp:Display: Loaded TP LinuxClientTargetPlatform
[2017.03.22-01.07.58:235][  0]LogTemp:Display: Loaded TP LinuxNoEditorTargetPlatform
[2017.03.22-01.07.58:282][  0]LogTemp:Display: Loaded TP LinuxServerTargetPlatform
[2017.03.22-01.07.58:330][  0]LogTemp:Display: Loaded TP LinuxTargetPlatform
[2017.03.22-01.07.58:330][  0]LogTargetPlatformManager:Display: Building Assets For Windows
[2017.03.22-01.07.58:625][  0]LogDerivedDataCache:Display: Max Cache Size: 512 MB
[2017.03.22-01.07.58:672][  0]LogDerivedDataCache: Loaded boot cache 0.05s 52MB C:/Users/Frr/AppData/Local/UnrealEngine/4.14/DerivedDataCache/Boot.ddc.
[2017.03.22-01.07.58:672][  0]LogDerivedDataCache:Display: Loaded Boot cache: C:/Users/Frr/AppData/Local/UnrealEngine/4.14/DerivedDataCache/Boot.ddc
[2017.03.22-01.07.58:672][  0]LogDerivedDataCache: FDerivedDataBackendGraph:  Pak pak cache file C:/Users/Frr/Documents/GitHub/SpaceMilkman/DerivedDataCache/DDC.ddp not found, will not use a pak cache.
[2017.03.22-01.07.58:673][  0]LogDerivedDataCache: Unable to find inner node Pak for hierarchical cache Hierarchy.
[2017.03.22-01.07.58:673][  0]LogDerivedDataCache: FDerivedDataBackendGraph:  CompressedPak pak cache file C:/Users/Frr/Documents/GitHub/SpaceMilkman/DerivedDataCache/Compressed.ddp not found, will not use a pak cache.
[2017.03.22-01.07.58:673][  0]LogDerivedDataCache: Unable to find inner node CompressedPak for hierarchical cache Hierarchy.
[2017.03.22-01.07.58:689][  0]LogDerivedDataCache:Display: Pak cache opened for reading ../../../Engine/DerivedDataCache/Compressed.ddp.
[2017.03.22-01.07.58:700][  0]LogDerivedDataCache: Using Local data cache path C:/Users/Frr/AppData/Local/UnrealEngine/Common/DerivedDataCache: Writable
[2017.03.22-01.07.58:919][  0]LogInit: Selected Device Profile: [Windows]
[2017.03.22-01.07.58:922][  0]LogContentStreaming: Texture pool size is 0.00 MB
[2017.03.22-01.07.59:109][  0]LogMeshUtilities: Using QuadricMeshReduction for automatic static mesh reduction
[2017.03.22-01.07.59:143][  0]LogSimplygon: Simplygon DLL not present - disabling.
[2017.03.22-01.07.59:184][  0]LogMeshUtilities: Using SimplygonSwarm for distributed automatic mesh merging
[2017.03.22-01.07.59:184][  0]LogMeshUtilities: No automatic skeletal mesh reduction module available
[2017.03.22-01.07.59:184][  0]LogMeshUtilities: No automatic mesh merging module available
[2017.03.22-01.07.59:644][  0]LogNetVersion: GetLocalNetworkVersion: CL: 3195953, ProjectName: spacemilkman, ProjectVersion: , EngineNetworkVersion: 2, GameNetworkVersion: 0, NetworkChecksum: 1253371032
[2017.03.22-01.07.59:693][  0]LogAssetRegistry: FAssetRegistry took 0.0199 seconds to start up
[2017.03.22-01.07.59:729][  0]LogPackageLocalizationCache: Processed 3 localized package path(s) for 2 prioritized culture(s) in 0.021426 seconds
[2017.03.22-01.07.59:736][  0]LogUObjectArray: 31946 objects as part of root set at end of initial load.
[2017.03.22-01.07.59:736][  0]LogUObjectAllocator: 6935840 out of 0 bytes used by permanent object pool.
[2017.03.22-01.07.59:736][  0]LogUObjectArray: CloseDisregardForGC: 0/0 objects in disregard for GC pool
[2017.03.22-01.07.59:779][  0]LogInit: WinSock: version 1.1 (2.2), MaxSocks=32767, MaxUdp=65467
[2017.03.22-01.08.00:380][  0]LogSlate: Using Freetype 2.6.0
[2017.03.22-01.08.00:381][  0]LogSlate: SlateFontCache - WITH_FREETYPE: 1, WITH_HARFBUZZ: 1
[2017.03.22-01.08.00:381][  0]LogSlate: SlateFontCache - WITH_FREETYPE: 1, WITH_HARFBUZZ: 1
[2017.03.22-01.08.01:140][  0]LogTcpMessaging: Initializing TcpMessaging bridge
[2017.03.22-01.08.01:174][  0]LogUdpMessaging: Initializing bridge on interface 0.0.0.0:0 to multicast group 230.0.0.1:6666.
[2017.03.22-01.08.01:438][  0]LogMaterial: Uniform references updated for custom material expression Custom.
[2017.03.22-01.08.01:767][  0]SourceControl: Info Source control is disabled
[2017.03.22-01.08.01:768][  0]SourceControl: Info Source control is disabled
[2017.03.22-01.08.01:809][  0]SourceControl: Info Source control is disabled
[2017.03.22-01.08.01:848][  0]SourceControl: Info Source control is disabled
[2017.03.22-01.08.02:910][  0]LogEngine: Initializing Engine...
[2017.03.22-01.08.02:923][  0]LogHMD: Failed to initialize OpenVR with code 108
[2017.03.22-01.08.03:137][  0]LogAIModule: Creating AISystem for world Untitled
[2017.03.22-01.08.03:158][  0]LogInit: XAudio2 using 'Speakers (Realtek High Definition Audio)' : 2 channels at 48 kHz using 32 bits per sample (channel mask 0x3)
[2017.03.22-01.08.03:169][  0]LogInit: FAudioDevice initialized.
[2017.03.22-01.08.03:195][  0]LogDerivedDataCache: Saved boot cache 0.03s 52MB C:/Users/Frr/AppData/Local/UnrealEngine/4.14/DerivedDataCache/Boot.ddc.
[2017.03.22-01.08.03:200][  0]LogInit: Texture streaming: Enabled
[2017.03.22-01.08.03:338][  0]LogInit: Transaction tracking system initialized
[2017.03.22-01.08.03:614][  0]BlueprintLog: New page: Editor Load
[2017.03.22-01.08.04:306][  0]LocalizationService: Info Localization service is disabled
[2017.03.22-01.08.04:832][  0]LogConsoleResponse:Display: 
[2017.03.22-01.08.04:955][  0]LogCook:Display: Max memory allowance for cook 16384mb min free memory 0mb
[2017.03.22-01.08.04:955][  0]LogCook:Display: Mobile HDR setting 1
[2017.03.22-01.08.05:404][  0]LogFileCache: Scanning file cache for directory 'C:/Users/Frr/Documents/GitHub/SpaceMilkman/Content/' took 0.01s
[2017.03.22-01.08.05:727][  0]SourceControl: Info Source control is disabled
[2017.03.22-01.08.05:727][  0]Cmd: MAP LOAD FILE="C:/Users/Frr/Documents/GitHub/SpaceMilkman/Content/Levels/Level_1.umap" TEMPLATE=0 SHOWPROGRESS=1 FEATURELEVEL=3
[2017.03.22-01.08.05:728][  0]LightingResults: New page: Lighting Build
[2017.03.22-01.08.05:761][  0]MapCheck: New page: Map Check
[2017.03.22-01.08.05:761][  0]LightingResults: New page: Lighting Build
[2017.03.22-01.08.06:423][  0]LogAIModule: Creating AISystem for world Level_1
[2017.03.22-01.08.06:437][  0]LogEditorServer: Finished looking for orphan Actors (0.000 secs)
[2017.03.22-01.08.06:437][  0]Cmd: MAP CHECKDEP NOCLEARLOG
[2017.03.22-01.08.06:490][  0]MapCheck: Info Map check complete: 0 Error(s), 0 Warning(s), took 52.815ms to complete.
[2017.03.22-01.08.06:490][  0]LogFileHelpers: Loading map 'Level_1' took 0.763
[2017.03.22-01.08.06:621][  0]LogCollectionManager: Loaded 0 collections in 0.002088 seconds
[2017.03.22-01.08.06:689][  0]LogFileCache: Scanning file cache for directory 'C:/Users/Frr/Documents/GitHub/SpaceMilkman/Saved/Collections/' took 0.01s
[2017.03.22-01.08.06:690][  0]LogFileCache: Scanning file cache for directory 'C:/Users/Frr/Documents/GitHub/SpaceMilkman/Content/Developers/Frr/Collections/' took 0.01s
[2017.03.22-01.08.06:690][  0]LogFileCache: Scanning file cache for directory 'C:/Users/Frr/Documents/GitHub/SpaceMilkman/Content/Collections/' took 0.01s
[2017.03.22-01.08.06:690][  0]LogCollectionManager: Rebuilt the GUID cache for 0 collections in 0.000002 seconds
[2017.03.22-01.08.06:698][  0]LogContentBrowser: Native class hierarchy populated in 0.0086 seconds. Added 2190 classes and 428 folders.
[2017.03.22-01.08.06:733][  0]LogStats: UGameplayTagsManager::ConstructGameplayTagTree: Construct from data asset -  0.000 s
[2017.03.22-01.08.06:733][  0]LogStats: UGameplayTagsManager::ConstructGameplayTagTree: GameplayTagTreeChangedEvent.Broadcast -  0.000 s
[2017.03.22-01.08.06:734][  0]LogContentBrowser: Native class hierarchy updated for 'GameplayTags' in 0.0005 seconds. Added 13 classes and 0 folders.
[2017.03.22-01.08.06:783][  0]LogContentBrowser: Native class hierarchy updated for 'WidgetCarousel' in 0.0005 seconds. Added 0 classes and 0 folders.
[2017.03.22-01.08.06:825][  0]LogContentBrowser: Native class hierarchy updated for 'AddContentDialog' in 0.0004 seconds. Added 0 classes and 0 folders.
[2017.03.22-01.08.06:860][  0]LogContentBrowser: Native class hierarchy updated for 'SceneOutliner' in 0.0005 seconds. Added 1 classes and 2 folders.
[2017.03.22-01.08.06:928][  0]LogCrashTracker: Crashtracker disabled due to settings.
[2017.03.22-01.08.07:914][  0]LogSlate: Only BGRA pngs, bmps or icos are supported in by External Image Picker
[2017.03.22-01.08.07:932][  0]LogUObjectGlobals:Warning: Failed to find object 'Class None.'
[2017.03.22-01.08.08:197][  0]LogTemp:Display: Executing iPhonePackager certificates Engine -bundlename com.YourCompany.SpaceMilkman

[2017.03.22-01.08.08:197][  0]LogTemp:Display: CWD: F:\Program Files (x86)\Epic Games\4.14\Engine\Binaries\DotNet\IOS

[2017.03.22-01.08.08:197][  0]LogTemp:Display: Initial Dir: F:\Program Files (x86)\Epic Games\4.14

[2017.03.22-01.08.08:197][  0]LogTemp:Display: Env CWD: F:\Program Files (x86)\Epic Games\4.14\Engine\Binaries\DotNet\IOS

[2017.03.22-01.08.08:197][  0]LogTemp:Display: BranchPath = FRR-PC/F/Program Files (x86)/Epic Games/4.14/Engine/Binaries --- GameBranchPath = FRR-PC/F/Program Files (x86)/Epic Games/4.14/Engine/Binaries

[2017.03.22-01.08.08:197][  0]LogTemp:Display: IPP ERROR: Application exception: System.IO.DirectoryNotFoundException: Could not find a part of the path 'C:\Users\Frr\AppData\Local\Apple Computer\MobileDevice\Provisioning Profiles'.

[2017.03.22-01.08.08:197][  0]LogTemp:Display:    at System.IO.__Error.WinIOError(Int32 errorCode, String maybeFullPath)

[2017.03.22-01.08.08:197][  0]LogTemp:Display:    at System.IO.FileSystemEnumerableIterator`1.CommonInit()

[2017.03.22-01.08.08:197][  0]LogTemp:Display:    at System.IO.FileSystemEnumerableIterator`1..ctor(String path, String originalUserPath, String searchPattern, SearchOption searchOption, SearchResultHandler`1 resultHandler, Boolean checkHost)

[2017.03.22-01.08.08:197][  0]LogTemp:Display:    at System.IO.Directory.EnumerateFiles(String path, String searchPattern)

[2017.03.22-01.08.08:197][  0]LogTemp:Display:    at iPhonePackager.CodeSignatureBuilder.FindProvisions(String CFBundleIdentifier)

[2017.03.22-01.08.08:197][  0]LogTemp:Display:    at iPhonePackager.Program.Main(String[] args)

[2017.03.22-01.08.08:243][  0]LogContentBrowser: Native class hierarchy updated for 'HierarchicalLODOutliner' in 0.0005 seconds. Added 1 classes and 2 folders.
[2017.03.22-01.08.08:244][  0]LogLoad: (Engine Initialization) Total time: 14.13 seconds
[2017.03.22-01.08.08:244][  0]LogLoad: (Engine Initialization) Total Blueprint compile time: 0.18 seconds
[2017.03.22-01.08.08:244][  0]LogExternalProfiler: Found external profiler: VSPerf
[2017.03.22-01.08.08:244][  0]LogExternalProfiler: Using external profiler: VSPerf
[2017.03.22-01.08.08:256][  0]LogOcInput: OculusInput pre-init called
[2017.03.22-01.08.08:276][  0]LogContentStreaming: Texture pool size now 1000 MB
[2017.03.22-01.08.08:406][  0]LogRenderer: Reallocating scene render targets to support 908x576 NumSamples 1 (Frame:2).
[2017.03.22-01.08.08:472][  1]LogAssetRegistry: Asset discovery search completed in 8.7997 seconds
[2017.03.22-01.08.08:472][  1]LogCollectionManager: Rebuilt the object cache for 0 collections in 0.000001 seconds (found 0 objects)
[2017.03.22-01.08.08:472][  1]LogCollectionManager: Fixed up redirectors for 0 collections in 0.000017 seconds (updated 0 objects)
[2017.03.22-01.08.21:940][425]LogContentBrowser: Native class hierarchy updated for 'BlueprintGraph' in 0.0009 seconds. Added 111 classes and 0 folders.
[2017.03.22-01.13.29:066][531]BlueprintLog: New page: Compile MyCharacter
[2017.03.22-01.13.30:194][623]Cmd: OBJ SAVEPACKAGE PACKAGE="/Game/Blueprints/MyCharacter" FILE="C:/Users/Frr/Documents/GitHub/SpaceMilkman/Content/Blueprints/MyCharacter.uasset" SILENT=true
[2017.03.22-01.13.30:428][623]LogSavePackage: Save=132.27ms
[2017.03.22-01.13.30:428][623]LogSavePackage: Moving 'C:/Users/Frr/Documents/GitHub/SpaceMilkman/Saved/MyCharacter1173DFEE44DF59CF3F4C95B4BF49E04C.tmp' to 'C:/Users/Frr/Documents/GitHub/SpaceMilkman/Content/Blueprints/MyCharacter.uasset'
[2017.03.22-01.13.30:430][623]LogSavePackage:Display: Finished SavePackage C:/Users/Frr/Documents/GitHub/SpaceMilkman/Content/Blueprints/MyCharacter.uasset
[2017.03.22-01.14.24:261][ 10]Cmd: OBJ SAVEPACKAGE PACKAGE="/Game/Blueprints/MyCharacter" FILE="C:/Users/Frr/Documents/GitHub/SpaceMilkman/Content/Blueprints/MyCharacter.uasset" SILENT=true
[2017.03.22-01.14.24:493][ 10]LogSavePackage: Save=132.71ms
[2017.03.22-01.14.24:493][ 10]LogSavePackage: Moving 'C:/Users/Frr/Documents/GitHub/SpaceMilkman/Saved/MyCharacter54089F724316FD9D3AD5DCA6F01EEAD9.tmp' to 'C:/Users/Frr/Documents/GitHub/SpaceMilkman/Content/Blueprints/MyCharacter.uasset'
[2017.03.22-01.14.24:495][ 10]LogSavePackage:Display: Finished SavePackage C:/Users/Frr/Documents/GitHub/SpaceMilkman/Content/Blueprints/MyCharacter.uasset
[2017.03.22-01.14.26:664][268]BlueprintLog: New page: Compile MyCharacter
[2017.03.22-01.14.26:749][268]LogBlueprint:Error: [Compiler MyCharacter] Error This blueprint (self) is not a MyGameInstance_C, therefore ' self ' must have a connection.
[2017.03.22-01.14.26:749][268]LogBlueprint:Error: [Compiler MyCharacter] Error This blueprint (self) is not a MyGameInstance_C, therefore ' self ' must have a connection.
[2017.03.22-01.14.26:749][268]LogBlueprint:Error: [Compiler MyCharacter] Error This blueprint (self) is not a MyGameInstance_C, therefore ' self ' must have a connection.
[2017.03.22-01.14.26:749][268]LogBlueprint:Error: [Compiler MyCharacter] Error Variable node  K2Node_VariableSet_124  uses an invalid target.  It may depend on a node that is not connected to the execution chain, and got purged.
[2017.03.22-01.14.26:749][268]LogBlueprint:Error: [Compiler MyCharacter] Error Variable node  K2Node_VariableSet_124  uses an invalid target.  It may depend on a node that is not connected to the execution chain, and got purged.
[2017.03.22-01.14.26:749][268]LogBlueprint:Error: [Compiler MyCharacter] Error Variable node  K2Node_VariableSet_125  uses an invalid target.  It may depend on a node that is not connected to the execution chain, and got purged.
[2017.03.22-01.14.26:989][268]BlueprintEditorCompileResults:Error: Error This blueprint (self) is not a MyGameInstance_C, therefore ' self ' must have a connection.
[2017.03.22-01.14.26:989][268]BlueprintEditorCompileResults:Error: Error This blueprint (self) is not a MyGameInstance_C, therefore ' self ' must have a connection.
[2017.03.22-01.14.26:989][268]BlueprintEditorCompileResults:Error: Error This blueprint (self) is not a MyGameInstance_C, therefore ' self ' must have a connection.
[2017.03.22-01.14.26:989][268]BlueprintEditorCompileResults:Error: Error Variable node  K2Node_VariableSet_124  uses an invalid target.  It may depend on a node that is not connected to the execution chain, and got purged.
[2017.03.22-01.14.26:989][268]BlueprintEditorCompileResults:Error: Error Variable node  K2Node_VariableSet_124  uses an invalid target.  It may depend on a node that is not connected to the execution chain, and got purged.
[2017.03.22-01.14.26:989][268]BlueprintEditorCompileResults:Error: Error Variable node  K2Node_VariableSet_125  uses an invalid target.  It may depend on a node that is not connected to the execution chain, and got purged.
[2017.03.22-01.14.26:989][268]BlueprintEditorCompileResults: Info The execution path doesn't end with a return node.  CastFailed
[2017.03.22-01.14.26:989][268]LogBlueprint:Warning: [Compiler MyCharacter] Warning [0392.87] Compile of MyCharacter failed. 6 Fatal Issue(s) 0 Warning(s) [in 325 ms] (/Game/Blueprints/MyCharacter.MyCharacter)
[2017.03.22-01.15.45:510][513]BlueprintLog: New page: Compile MyCharacter
[2017.03.22-01.15.45:775][513]BlueprintEditorCompileResults: Info The execution path doesn't end with a return node.  CastFailed
[2017.03.22-01.15.48:291][806]LogTemp: Repeting last play command: New Editor Window (PIE)
[2017.03.22-01.15.48:305][806]LogBlueprintUserMessages: Early PlayInEditor Detection: Level '/Game/Levels/Level_1.Level_1:PersistentLevel' has LevelScriptBlueprint '/Game/Levels/Level_1.Level_1:PersistentLevel.Level_1' with GeneratedClass '/Game/Levels/Level_1.Level_1_C' with ClassGeneratedBy '/Game/Levels/Level_1.Level_1:PersistentLevel.Level_1'
[2017.03.22-01.15.48:305][806]LogPlayLevel: PlayLevel: No blueprints needed recompiling
[2017.03.22-01.15.48:305][806]PIE: New page: PIE session: Level_1 (22 Mar 2017 01:15:48)
[2017.03.22-01.15.48:306][806]LogPlayLevel: Creating play world package: /Game/Levels/UEDPIE_0_Level_1
[2017.03.22-01.15.48:311][806]LogPlayLevel: PIE: StaticDuplicateObject took: (0.004954s)
[2017.03.22-01.15.48:311][806]LogAIModule: Creating AISystem for world Level_1
[2017.03.22-01.15.48:312][806]LogPlayLevel: PIE: World Init took: (0.000689s)
[2017.03.22-01.15.48:312][806]LogPlayLevel: PIE: Created PIE world by copying editor world from /Game/Levels/Level_1.Level_1 to /Game/Levels/UEDPIE_0_Level_1.Level_1 (0.005863s)
[2017.03.22-01.15.48:334][806]LogInit: XAudio2 using 'Speakers (Realtek High Definition Audio)' : 2 channels at 48 kHz using 32 bits per sample (channel mask 0x3)
[2017.03.22-01.15.48:342][806]LogInit: FAudioDevice initialized.
[2017.03.22-01.15.48:418][806]LogLoad: Game class is 'PaperGameMode_C'
[2017.03.22-01.15.48:422][806]LogWorld: Bringing World /Game/Levels/UEDPIE_0_Level_1.Level_1 up for play (max tick rate 0) at 2017.03.22-01.15.48
[2017.03.22-01.15.48:422][806]LogWorld: Bringing up level for play took: 0.002356
[2017.03.22-01.15.48:459][806]LogContentBrowser: Native class hierarchy updated for 'MovieSceneCapture' in 0.0005 seconds. Added 11 classes and 0 folders.
[2017.03.22-01.15.48:464][806]PIE: Info Play in editor start time for /Game/Levels/UEDPIE_0_Level_1 -0.175
[2017.03.22-01.15.48:465][806]LogBlueprintUserMessages: Late PlayInEditor Detection: Level '/Game/Levels/Level_1.Level_1:PersistentLevel' has LevelScriptBlueprint '/Game/Levels/Level_1.Level_1:PersistentLevel.Level_1' with GeneratedClass '/Game/Levels/Level_1.Level_1_C' with ClassGeneratedBy '/Game/Levels/Level_1.Level_1:PersistentLevel.Level_1'
[2017.03.22-01.15.48:467][806]LogAudio:Warning: Detected orphaned looping sound 'In-Game'.
[2017.03.22-01.15.48:483][806]LogRenderer: Reallocating scene render targets to support 1292x756 NumSamples 1 (Frame:964).
[2017.03.22-01.15.50:202][  8]LogBlueprintUserMessages: [MyCharacter_C_0] 0
[2017.03.22-01.15.50:214][  9]LogNet: Browse: /Game/Levels/Level_1
[2017.03.22-01.15.50:214][  9]LogLoad: LoadMap: /Game/Levels/Level_1
[2017.03.22-01.15.50:234][  9]Cmd: MEM
[2017.03.22-01.15.50:247][  9]LogMemory: Platform Memory Stats for Windows
[2017.03.22-01.15.50:247][  9]LogMemory: Process Physical Memory: 2387.96 MB used, 2394.22 MB peak
[2017.03.22-01.15.50:247][  9]LogMemory: Process Virtual Memory: 2930.71 MB used, 3015.00 MB peak
[2017.03.22-01.15.50:247][  9]LogMemory: Physical Memory: 8241.27 MB used,  8109.88 MB free, 16351.14 MB total
[2017.03.22-01.15.50:247][  9]LogMemory: Virtual Memory: 3619.71 MB used,  8109.88 MB free, 8388608.00 MB total
[2017.03.22-01.15.50:247][  9]LogMemory: 
[2017.03.22-01.15.50:247][  9]Allocator Stats for TBB: (not implemented)
[2017.03.22-01.15.50:248][  9]LogPlayLevel: Creating play world package: /Game/Levels/UEDPIE_0_Level_1
[2017.03.22-01.15.50:252][  9]LogPlayLevel: PIE: StaticDuplicateObject took: (0.004893s)
[2017.03.22-01.15.50:253][  9]LogAIModule: Creating AISystem for world Level_1
[2017.03.22-01.15.50:253][  9]LogPlayLevel: PIE: World Init took: (0.000562s)
[2017.03.22-01.15.50:253][  9]LogPlayLevel: PIE: Created PIE world by copying editor world from /Game/Levels/Level_1.Level_1 to /Game/Levels/UEDPIE_0_Level_1.Level_1 (0.005668s)
[2017.03.22-01.15.50:253][  9]LogLoad: Game class is 'PaperGameMode_C'
[2017.03.22-01.15.50:256][  9]LogWorld: Bringing World /Game/Levels/UEDPIE_0_Level_1.Level_1 up for play (max tick rate 0) at 2017.03.22-01.15.50
[2017.03.22-01.15.50:257][  9]LogWorld: Bringing up level for play took: 0.002433
[2017.03.22-01.15.50:259][  9]LogLoad: Took 0.045056 seconds to LoadMap(/Game/Levels/UEDPIE_0_Level_1)
[2017.03.22-01.15.50:260][  9]LogAudio:Warning: Detected orphaned looping sound 'In-Game'.
[2017.03.22-01.15.52:802][312]LogNet: Browse: /Game/Levels/LoseState
[2017.03.22-01.15.52:802][312]LogLoad: LoadMap: /Game/Levels/LoseState
[2017.03.22-01.15.52:818][312]Cmd: MEM
[2017.03.22-01.15.52:831][312]LogMemory: Platform Memory Stats for Windows
[2017.03.22-01.15.52:831][312]LogMemory: Process Physical Memory: 2388.53 MB used, 2394.22 MB peak
[2017.03.22-01.15.52:831][312]LogMemory: Process Virtual Memory: 2930.72 MB used, 3015.00 MB peak
[2017.03.22-01.15.52:831][312]LogMemory: Physical Memory: 8241.81 MB used,  8109.33 MB free, 16351.14 MB total
[2017.03.22-01.15.52:831][312]LogMemory: Virtual Memory: 3619.71 MB used,  8109.33 MB free, 8388608.00 MB total
[2017.03.22-01.15.52:831][312]LogMemory: 
[2017.03.22-01.15.52:831][312]Allocator Stats for TBB: (not implemented)
[2017.03.22-01.15.53:068][312]LogAIModule: Creating AISystem for world LoseState
[2017.03.22-01.15.53:068][312]LogLoad: Game class is 'PaperGameMode_C'
[2017.03.22-01.15.53:070][312]LogWorld: Bringing World /Game/Levels/UEDPIE_0_LoseState.LoseState up for play (max tick rate 0) at 2017.03.22-01.15.53
[2017.03.22-01.15.53:070][312]LogWorld: Bringing up level for play took: 0.001030
[2017.03.22-01.15.53:070][312]LogGameMode: Warning - PATHS NOT DEFINED or NO PLAYERSTART with positive rating
[2017.03.22-01.15.53:073][312]LogLoad: Took 0.270312 seconds to LoadMap(/Game/Levels/LoseState)
[2017.03.22-01.15.56:398][706]LogNet: Browse: /Game/Levels/Main
[2017.03.22-01.15.56:398][706]LogLoad: LoadMap: /Game/Levels/Main
[2017.03.22-01.15.56:414][706]Cmd: MEM
[2017.03.22-01.15.56:427][706]LogMemory: Platform Memory Stats for Windows
[2017.03.22-01.15.56:427][706]LogMemory: Process Physical Memory: 2427.86 MB used, 2538.17 MB peak
[2017.03.22-01.15.56:427][706]LogMemory: Process Virtual Memory: 2978.67 MB used, 3254.39 MB peak
[2017.03.22-01.15.56:427][706]LogMemory: Physical Memory: 8256.93 MB used,  8094.22 MB free, 16351.14 MB total
[2017.03.22-01.15.56:427][706]LogMemory: Virtual Memory: 3667.09 MB used,  8094.22 MB free, 8388608.00 MB total
[2017.03.22-01.15.56:427][706]LogMemory: 
[2017.03.22-01.15.56:427][706]Allocator Stats for TBB: (not implemented)
[2017.03.22-01.15.56:717][706]LogAIModule: Creating AISystem for world Main
[2017.03.22-01.15.56:717][706]LogLoad: Game class is 'PaperGameMode_C'
[2017.03.22-01.15.56:719][706]LogWorld: Bringing World /Game/Levels/UEDPIE_0_Main.Main up for play (max tick rate 0) at 2017.03.22-01.15.56
[2017.03.22-01.15.56:720][706]LogWorld: Bringing up level for play took: 0.001224
[2017.03.22-01.15.56:720][706]LogGameMode: Warning - PATHS NOT DEFINED or NO PLAYERSTART with positive rating
[2017.03.22-01.15.56:723][706]LogLoad: Took 0.324688 seconds to LoadMap(/Game/Levels/Main)
[2017.03.22-01.15.56:724][706]LogAudio:Warning: Detected orphaned looping sound 'Menu'.
[2017.03.22-01.15.58:461][909]LogBlueprintUserMessages: Early EndPlayMap Detection: Level '/Game/Levels/Level_1.Level_1:PersistentLevel' has LevelScriptBlueprint '/Game/Levels/Level_1.Level_1:PersistentLevel.Level_1' with GeneratedClass '/Game/Levels/Level_1.Level_1_C' with ClassGeneratedBy '/Game/Levels/Level_1.Level_1:PersistentLevel.Level_1'
[2017.03.22-01.15.58:502][909]LogBlueprintUserMessages: Late EndPlayMap Detection: Level '/Game/Levels/Level_1.Level_1:PersistentLevel' has LevelScriptBlueprint '/Game/Levels/Level_1.Level_1:PersistentLevel.Level_1' with GeneratedClass '/Game/Levels/Level_1.Level_1_C' with ClassGeneratedBy '/Game/Levels/Level_1.Level_1:PersistentLevel.Level_1'
[2017.03.22-01.16.11:206][423]LogTemp: Repeting last play command: New Editor Window (PIE)
[2017.03.22-01.16.11:218][423]LogBlueprintUserMessages: Early PlayInEditor Detection: Level '/Game/Levels/Level_1.Level_1:PersistentLevel' has LevelScriptBlueprint '/Game/Levels/Level_1.Level_1:PersistentLevel.Level_1' with GeneratedClass '/Game/Levels/Level_1.Level_1_C' with ClassGeneratedBy '/Game/Levels/Level_1.Level_1:PersistentLevel.Level_1'
[2017.03.22-01.16.11:218][423]BlueprintLog: New page: Pre-Play auto-recompile
[2017.03.22-01.16.11:218][423]LogPlayLevel: [PlayLevel] Compiling MyCharacter before play...
[2017.03.22-01.16.11:464][423]LogPlayLevel: PlayLevel: Blueprint regeneration took 245 ms (1 blueprints)
[2017.03.22-01.16.11:464][423]PIE: New page: PIE session: Level_1 (22 Mar 2017 01:16:11)
[2017.03.22-01.16.11:465][423]LogPlayLevel: Creating play world package: /Game/Levels/UEDPIE_0_Level_1
[2017.03.22-01.16.11:470][423]LogPlayLevel: PIE: StaticDuplicateObject took: (0.004744s)
[2017.03.22-01.16.11:471][423]LogAIModule: Creating AISystem for world Level_1
[2017.03.22-01.16.11:471][423]LogPlayLevel: PIE: World Init took: (0.000532s)
[2017.03.22-01.16.11:471][423]LogPlayLevel: PIE: Created PIE world by copying editor world from /Game/Levels/Level_1.Level_1 to /Game/Levels/UEDPIE_0_Level_1.Level_1 (0.005459s)
[2017.03.22-01.16.11:492][423]LogInit: XAudio2 using 'Speakers (Realtek High Definition Audio)' : 2 channels at 48 kHz using 32 bits per sample (channel mask 0x3)
[2017.03.22-01.16.11:501][423]LogInit: FAudioDevice initialized.
[2017.03.22-01.16.11:532][423]LogLoad: Game class is 'PaperGameMode_C'
[2017.03.22-01.16.11:535][423]LogWorld: Bringing World /Game/Levels/UEDPIE_0_Level_1.Level_1 up for play (max tick rate 0) at 2017.03.22-01.16.11
[2017.03.22-01.16.11:536][423]LogWorld: Bringing up level for play took: 0.002506
[2017.03.22-01.16.11:539][423]PIE: Info Play in editor start time for /Game/Levels/UEDPIE_0_Level_1 0.899
[2017.03.22-01.16.11:540][423]LogBlueprintUserMessages: Late PlayInEditor Detection: Level '/Game/Levels/Level_1.Level_1:PersistentLevel' has LevelScriptBlueprint '/Game/Levels/Level_1.Level_1:PersistentLevel.Level_1' with GeneratedClass '/Game/Levels/Level_1.Level_1_C' with ClassGeneratedBy '/Game/Levels/Level_1.Level_1:PersistentLevel.Level_1'
[2017.03.22-01.16.11:541][423]LogAudio:Warning: Detected orphaned looping sound 'In-Game'.
[2017.03.22-01.16.13:169][597]LogBlueprintUserMessages: [MyCharacter_C_0] 2
[2017.03.22-01.16.13:178][598]LogNet: Browse: /Game/Levels/Level_1
[2017.03.22-01.16.13:178][598]LogLoad: LoadMap: /Game/Levels/Level_1
[2017.03.22-01.16.13:197][598]Cmd: MEM
[2017.03.22-01.16.13:210][598]LogMemory: Platform Memory Stats for Windows
[2017.03.22-01.16.13:210][598]LogMemory: Process Physical Memory: 2448.91 MB used, 2621.17 MB peak
[2017.03.22-01.16.13:210][598]LogMemory: Process Virtual Memory: 3004.01 MB used, 3404.98 MB peak
[2017.03.22-01.16.13:210][598]LogMemory: Physical Memory: 8277.00 MB used,  8074.15 MB free, 16351.14 MB total
[2017.03.22-01.16.13:210][598]LogMemory: Virtual Memory: 3687.52 MB used,  8074.15 MB free, 8388608.00 MB total
[2017.03.22-01.16.13:210][598]LogMemory: 
[2017.03.22-01.16.13:210][598]Allocator Stats for TBB: (not implemented)
[2017.03.22-01.16.13:210][598]LogPlayLevel: Creating play world package: /Game/Levels/UEDPIE_0_Level_1
[2017.03.22-01.16.13:215][598]LogPlayLevel: PIE: StaticDuplicateObject took: (0.004649s)
[2017.03.22-01.16.13:215][598]LogAIModule: Creating AISystem for world Level_1
[2017.03.22-01.16.13:216][598]LogPlayLevel: PIE: World Init took: (0.000513s)
[2017.03.22-01.16.13:216][598]LogPlayLevel: PIE: Created PIE world by copying editor world from /Game/Levels/Level_1.Level_1 to /Game/Levels/UEDPIE_0_Level_1.Level_1 (0.005354s)
[2017.03.22-01.16.13:216][598]LogLoad: Game class is 'PaperGameMode_C'
[2017.03.22-01.16.13:219][598]LogWorld: Bringing World /Game/Levels/UEDPIE_0_Level_1.Level_1 up for play (max tick rate 0) at 2017.03.22-01.16.13
[2017.03.22-01.16.13:219][598]LogWorld: Bringing up level for play took: 0.002445
[2017.03.22-01.16.13:222][598]LogLoad: Took 0.043647 seconds to LoadMap(/Game/Levels/UEDPIE_0_Level_1)
[2017.03.22-01.16.13:223][598]LogAudio:Warning: Detected orphaned looping sound 'In-Game'.
[2017.03.22-01.16.14:744][780]LogBlueprintUserMessages: [MyCharacter_C_0] 1
[2017.03.22-01.16.14:753][781]LogNet: Browse: /Game/Levels/Level_1
[2017.03.22-01.16.14:754][781]LogLoad: LoadMap: /Game/Levels/Level_1
[2017.03.22-01.16.14:773][781]Cmd: MEM
[2017.03.22-01.16.14:786][781]LogMemory: Platform Memory Stats for Windows
[2017.03.22-01.16.14:786][781]LogMemory: Process Physical Memory: 2448.91 MB used, 2621.17 MB peak
[2017.03.22-01.16.14:786][781]LogMemory: Process Virtual Memory: 3004.01 MB used, 3404.98 MB peak
[2017.03.22-01.16.14:786][781]LogMemory: Physical Memory: 8275.14 MB used,  8076.00 MB free, 16351.14 MB total
[2017.03.22-01.16.14:786][781]LogMemory: Virtual Memory: 3687.52 MB used,  8076.00 MB free, 8388608.00 MB total
[2017.03.22-01.16.14:786][781]LogMemory: 
[2017.03.22-01.16.14:786][781]Allocator Stats for TBB: (not implemented)
[2017.03.22-01.16.14:786][781]LogPlayLevel: Creating play world package: /Game/Levels/UEDPIE_0_Level_1
[2017.03.22-01.16.14:791][781]LogPlayLevel: PIE: StaticDuplicateObject took: (0.004856s)
[2017.03.22-01.16.14:792][781]LogAIModule: Creating AISystem for world Level_1
[2017.03.22-01.16.14:792][781]LogPlayLevel: PIE: World Init took: (0.000517s)
[2017.03.22-01.16.14:792][781]LogPlayLevel: PIE: Created PIE world by copying editor world from /Game/Levels/Level_1.Level_1 to /Game/Levels/UEDPIE_0_Level_1.Level_1 (0.005577s)
[2017.03.22-01.16.14:792][781]LogLoad: Game class is 'PaperGameMode_C'
[2017.03.22-01.16.14:795][781]LogWorld: Bringing World /Game/Levels/UEDPIE_0_Level_1.Level_1 up for play (max tick rate 0) at 2017.03.22-01.16.14
[2017.03.22-01.16.14:795][781]LogWorld: Bringing up level for play took: 0.002448
[2017.03.22-01.16.14:798][781]LogLoad: Took 0.044006 seconds to LoadMap(/Game/Levels/UEDPIE_0_Level_1)
[2017.03.22-01.16.14:799][781]LogAudio:Warning: Detected orphaned looping sound 'In-Game'.
[2017.03.22-01.16.16:262][956]LogNet: Browse: /Game/Levels/LoseState
[2017.03.22-01.16.16:262][956]LogLoad: LoadMap: /Game/Levels/LoseState
[2017.03.22-01.16.16:278][956]Cmd: MEM
[2017.03.22-01.16.16:291][956]LogMemory: Platform Memory Stats for Windows
[2017.03.22-01.16.16:291][956]LogMemory: Process Physical Memory: 2448.91 MB used, 2621.17 MB peak
[2017.03.22-01.16.16:291][956]LogMemory: Process Virtual Memory: 3028.06 MB used, 3404.98 MB peak
[2017.03.22-01.16.16:292][956]LogMemory: Physical Memory: 8270.92 MB used,  8080.22 MB free, 16351.14 MB total
[2017.03.22-01.16.16:292][956]LogMemory: Virtual Memory: 3711.52 MB used,  8080.22 MB free, 8388608.00 MB total
[2017.03.22-01.16.16:292][956]LogMemory: 
[2017.03.22-01.16.16:292][956]Allocator Stats for TBB: (not implemented)
[2017.03.22-01.16.16:319][956]LogAIModule: Creating AISystem for world LoseState
[2017.03.22-01.16.16:320][956]LogLoad: Game class is 'PaperGameMode_C'
[2017.03.22-01.16.16:322][956]LogWorld: Bringing World /Game/Levels/UEDPIE_0_LoseState.LoseState up for play (max tick rate 0) at 2017.03.22-01.16.16
[2017.03.22-01.16.16:322][956]LogWorld: Bringing up level for play took: 0.001279
[2017.03.22-01.16.16:322][956]LogGameMode: Warning - PATHS NOT DEFINED or NO PLAYERSTART with positive rating
[2017.03.22-01.16.16:325][956]LogLoad: Took 0.062541 seconds to LoadMap(/Game/Levels/LoseState)
[2017.03.22-01.16.18:838][257]LogNet: Browse: /Game/Levels/Main
[2017.03.22-01.16.18:838][257]LogLoad: LoadMap: /Game/Levels/Main
[2017.03.22-01.16.18:852][257]Cmd: MEM
[2017.03.22-01.16.18:866][257]LogMemory: Platform Memory Stats for Windows
[2017.03.22-01.16.18:866][257]LogMemory: Process Physical Memory: 2456.48 MB used, 2621.17 MB peak
[2017.03.22-01.16.18:866][257]LogMemory: Process Virtual Memory: 3023.30 MB used, 3404.98 MB peak
[2017.03.22-01.16.18:866][257]LogMemory: Physical Memory: 8277.54 MB used,  8073.60 MB free, 16351.14 MB total
[2017.03.22-01.16.18:866][257]LogMemory: Virtual Memory: 3706.77 MB used,  8073.60 MB free, 8388608.00 MB total
[2017.03.22-01.16.18:866][257]LogMemory: 
[2017.03.22-01.16.18:866][257]Allocator Stats for TBB: (not implemented)
[2017.03.22-01.16.19:097][257]LogAIModule: Creating AISystem for world Main
[2017.03.22-01.16.19:097][257]LogLoad: Game class is 'PaperGameMode_C'
[2017.03.22-01.16.19:099][257]LogWorld: Bringing World /Game/Levels/UEDPIE_0_Main.Main up for play (max tick rate 0) at 2017.03.22-01.16.19
[2017.03.22-01.16.19:099][257]LogWorld: Bringing up level for play took: 0.001278
[2017.03.22-01.16.19:099][257]LogGameMode: Warning - PATHS NOT DEFINED or NO PLAYERSTART with positive rating
[2017.03.22-01.16.19:103][257]LogLoad: Took 0.265085 seconds to LoadMap(/Game/Levels/Main)
[2017.03.22-01.16.19:104][257]LogAudio:Warning: Detected orphaned looping sound 'Menu'.
[2017.03.22-01.16.20:223][386]LogBlueprintUserMessages: Early EndPlayMap Detection: Level '/Game/Levels/Level_1.Level_1:PersistentLevel' has LevelScriptBlueprint '/Game/Levels/Level_1.Level_1:PersistentLevel.Level_1' with GeneratedClass '/Game/Levels/Level_1.Level_1_C' with ClassGeneratedBy '/Game/Levels/Level_1.Level_1:PersistentLevel.Level_1'
[2017.03.22-01.16.20:260][386]LogBlueprintUserMessages: Late EndPlayMap Detection: Level '/Game/Levels/Level_1.Level_1:PersistentLevel' has LevelScriptBlueprint '/Game/Levels/Level_1.Level_1:PersistentLevel.Level_1' with GeneratedClass '/Game/Levels/Level_1.Level_1_C' with ClassGeneratedBy '/Game/Levels/Level_1.Level_1:PersistentLevel.Level_1'
[2017.03.22-01.16.20:945][462]Cmd: OBJ SAVEPACKAGE PACKAGE="/Game/Blueprints/MyCharacter" FILE="C:/Users/Frr/Documents/GitHub/SpaceMilkman/Content/Blueprints/MyCharacter.uasset" SILENT=true
[2017.03.22-01.16.21:177][462]LogSavePackage: Save=131.31ms
[2017.03.22-01.16.21:177][462]LogSavePackage: Moving 'C:/Users/Frr/Documents/GitHub/SpaceMilkman/Saved/MyCharacterAEE56ECE4E3D15561A95A29A8268CB95.tmp' to 'C:/Users/Frr/Documents/GitHub/SpaceMilkman/Content/Blueprints/MyCharacter.uasset'
[2017.03.22-01.16.21:180][462]LogSavePackage:Display: Finished SavePackage C:/Users/Frr/Documents/GitHub/SpaceMilkman/Content/Blueprints/MyCharacter.uasset
[2017.03.22-01.17.30:877][756]LogTemp: Repeting last play command: New Editor Window (PIE)
[2017.03.22-01.17.30:889][756]LogBlueprintUserMessages: Early PlayInEditor Detection: Level '/Game/Levels/Level_1.Level_1:PersistentLevel' has LevelScriptBlueprint '/Game/Levels/Level_1.Level_1:PersistentLevel.Level_1' with GeneratedClass '/Game/Levels/Level_1.Level_1_C' with ClassGeneratedBy '/Game/Levels/Level_1.Level_1:PersistentLevel.Level_1'
[2017.03.22-01.17.30:889][756]BlueprintLog: New page: Pre-Play auto-recompile
[2017.03.22-01.17.30:889][756]LogPlayLevel: [PlayLevel] Compiling Level_1 before play...
[2017.03.22-01.17.30:976][756]LogPlayLevel: PlayLevel: Blueprint regeneration took 87 ms (1 blueprints)
[2017.03.22-01.17.30:976][756]PIE: New page: PIE session: Level_1 (22 Mar 2017 01:17:30)
[2017.03.22-01.17.30:978][756]LogPlayLevel: Creating play world package: /Game/Levels/UEDPIE_0_Level_1
[2017.03.22-01.17.30:982][756]LogPlayLevel: PIE: StaticDuplicateObject took: (0.004604s)
[2017.03.22-01.17.30:983][756]LogAIModule: Creating AISystem for world Level_1
[2017.03.22-01.17.30:983][756]LogPlayLevel: PIE: World Init took: (0.000516s)
[2017.03.22-01.17.30:983][756]LogPlayLevel: PIE: Created PIE world by copying editor world from /Game/Levels/Level_1.Level_1 to /Game/Levels/UEDPIE_0_Level_1.Level_1 (0.005300s)
[2017.03.22-01.17.31:006][756]LogInit: XAudio2 using 'Speakers (Realtek High Definition Audio)' : 2 channels at 48 kHz using 32 bits per sample (channel mask 0x3)
[2017.03.22-01.17.31:014][756]LogInit: FAudioDevice initialized.
[2017.03.22-01.17.31:050][756]LogLoad: Game class is 'PaperGameMode_C'
[2017.03.22-01.17.31:053][756]LogWorld: Bringing World /Game/Levels/UEDPIE_0_Level_1.Level_1 up for play (max tick rate 0) at 2017.03.22-01.17.31
[2017.03.22-01.17.31:053][756]LogWorld: Bringing up level for play took: 0.002475
[2017.03.22-01.17.31:057][756]PIE: Info Play in editor start time for /Game/Levels/UEDPIE_0_Level_1 0.416
[2017.03.22-01.17.31:058][756]LogBlueprintUserMessages: Late PlayInEditor Detection: Level '/Game/Levels/Level_1.Level_1:PersistentLevel' has LevelScriptBlueprint '/Game/Levels/Level_1.Level_1:PersistentLevel.Level_1' with GeneratedClass '/Game/Levels/Level_1.Level_1_C' with ClassGeneratedBy '/Game/Levels/Level_1.Level_1:PersistentLevel.Level_1'
[2017.03.22-01.17.31:060][756]LogAudio:Warning: Detected orphaned looping sound 'In-Game'.
[2017.03.22-01.17.32:711][942]LogBlueprintUserMessages: [MyCharacter_C_0] 2
[2017.03.22-01.17.32:720][943]LogNet: Browse: /Game/Levels/Level_1
[2017.03.22-01.17.32:720][943]LogLoad: LoadMap: /Game/Levels/Level_1
[2017.03.22-01.17.32:736][943]Cmd: MEM
[2017.03.22-01.17.32:751][943]LogMemory: Platform Memory Stats for Windows
[2017.03.22-01.17.32:751][943]LogMemory: Process Physical Memory: 2489.71 MB used, 2646.86 MB peak
[2017.03.22-01.17.32:751][943]LogMemory: Process Virtual Memory: 3162.45 MB used, 3408.69 MB peak
[2017.03.22-01.17.32:751][943]LogMemory: Physical Memory: 8300.87 MB used,  8050.27 MB free, 16351.14 MB total
[2017.03.22-01.17.32:751][943]LogMemory: Virtual Memory: 3860.46 MB used,  8050.27 MB free, 8388608.00 MB total
[2017.03.22-01.17.32:751][943]LogMemory: 
[2017.03.22-01.17.32:751][943]Allocator Stats for TBB: (not implemented)
[2017.03.22-01.17.32:751][943]LogPlayLevel: Creating play world package: /Game/Levels/UEDPIE_0_Level_1
[2017.03.22-01.17.32:756][943]LogPlayLevel: PIE: StaticDuplicateObject took: (0.004793s)
[2017.03.22-01.17.32:757][943]LogAIModule: Creating AISystem for world Level_1
[2017.03.22-01.17.32:757][943]LogPlayLevel: PIE: World Init took: (0.000494s)
[2017.03.22-01.17.32:757][943]LogPlayLevel: PIE: Created PIE world by copying editor world from /Game/Levels/Level_1.Level_1 to /Game/Levels/UEDPIE_0_Level_1.Level_1 (0.005482s)
[2017.03.22-01.17.32:757][943]LogLoad: Game class is 'PaperGameMode_C'
[2017.03.22-01.17.32:760][943]LogWorld: Bringing World /Game/Levels/UEDPIE_0_Level_1.Level_1 up for play (max tick rate 0) at 2017.03.22-01.17.32
[2017.03.22-01.17.32:760][943]LogWorld: Bringing up level for play took: 0.002512
[2017.03.22-01.17.32:763][943]LogLoad: Took 0.042814 seconds to LoadMap(/Game/Levels/UEDPIE_0_Level_1)
[2017.03.22-01.17.32:764][943]LogAudio:Warning: Detected orphaned looping sound 'In-Game'.
[2017.03.22-01.17.34:278][125]LogBlueprintUserMessages: [MyCharacter_C_0] 1
[2017.03.22-01.17.34:287][126]LogNet: Browse: /Game/Levels/Level_1
[2017.03.22-01.17.34:287][126]LogLoad: LoadMap: /Game/Levels/Level_1
[2017.03.22-01.17.34:304][126]Cmd: MEM
[2017.03.22-01.17.34:318][126]LogMemory: Platform Memory Stats for Windows
[2017.03.22-01.17.34:318][126]LogMemory: Process Physical Memory: 2489.72 MB used, 2646.86 MB peak
[2017.03.22-01.17.34:318][126]LogMemory: Process Virtual Memory: 3210.55 MB used, 3408.69 MB peak
[2017.03.22-01.17.34:318][126]LogMemory: Physical Memory: 8301.34 MB used,  8049.81 MB free, 16351.14 MB total
[2017.03.22-01.17.34:318][126]LogMemory: Virtual Memory: 3908.46 MB used,  8049.81 MB free, 8388608.00 MB total
[2017.03.22-01.17.34:318][126]LogMemory: 
[2017.03.22-01.17.34:318][126]Allocator Stats for TBB: (not implemented)
[2017.03.22-01.17.34:318][126]LogPlayLevel: Creating play world package: /Game/Levels/UEDPIE_0_Level_1
[2017.03.22-01.17.34:323][126]LogPlayLevel: PIE: StaticDuplicateObject took: (0.004726s)
[2017.03.22-01.17.34:323][126]LogAIModule: Creating AISystem for world Level_1
[2017.03.22-01.17.34:323][126]LogPlayLevel: PIE: World Init took: (0.000493s)
[2017.03.22-01.17.34:324][126]LogPlayLevel: PIE: Created PIE world by copying editor world from /Game/Levels/Level_1.Level_1 to /Game/Levels/UEDPIE_0_Level_1.Level_1 (0.005435s)
[2017.03.22-01.17.34:324][126]LogLoad: Game class is 'PaperGameMode_C'
[2017.03.22-01.17.34:326][126]LogWorld: Bringing World /Game/Levels/UEDPIE_0_Level_1.Level_1 up for play (max tick rate 0) at 2017.03.22-01.17.34
[2017.03.22-01.17.34:327][126]LogWorld: Bringing up level for play took: 0.002465
[2017.03.22-01.17.34:329][126]LogLoad: Took 0.042181 seconds to LoadMap(/Game/Levels/UEDPIE_0_Level_1)
[2017.03.22-01.17.34:331][126]LogAudio:Warning: Detected orphaned looping sound 'In-Game'.
[2017.03.22-01.17.35:830][306]LogNet: Browse: /Game/Levels/LoseState
[2017.03.22-01.17.35:830][306]LogLoad: LoadMap: /Game/Levels/LoseState
[2017.03.22-01.17.35:847][306]Cmd: MEM
[2017.03.22-01.17.35:861][306]LogMemory: Platform Memory Stats for Windows
[2017.03.22-01.17.35:861][306]LogMemory: Process Physical Memory: 2489.72 MB used, 2646.86 MB peak
[2017.03.22-01.17.35:861][306]LogMemory: Process Virtual Memory: 3210.55 MB used, 3408.69 MB peak
[2017.03.22-01.17.35:861][306]LogMemory: Physical Memory: 8300.44 MB used,  8050.71 MB free, 16351.14 MB total
[2017.03.22-01.17.35:861][306]LogMemory: Virtual Memory: 3908.46 MB used,  8050.71 MB free, 8388608.00 MB total
[2017.03.22-01.17.35:861][306]LogMemory: 
[2017.03.22-01.17.35:861][306]Allocator Stats for TBB: (not implemented)
[2017.03.22-01.17.35:888][306]LogAIModule: Creating AISystem for world LoseState
[2017.03.22-01.17.35:889][306]LogLoad: Game class is 'PaperGameMode_C'
[2017.03.22-01.17.35:891][306]LogWorld: Bringing World /Game/Levels/UEDPIE_0_LoseState.LoseState up for play (max tick rate 0) at 2017.03.22-01.17.35
[2017.03.22-01.17.35:891][306]LogWorld: Bringing up level for play took: 0.001234
[2017.03.22-01.17.35:891][306]LogGameMode: Warning - PATHS NOT DEFINED or NO PLAYERSTART with positive rating
[2017.03.22-01.17.35:894][306]LogLoad: Took 0.063704 seconds to LoadMap(/Game/Levels/LoseState)
[2017.03.22-01.17.36:236][347]LogBlueprintUserMessages: Early EndPlayMap Detection: Level '/Game/Levels/Level_1.Level_1:PersistentLevel' has LevelScriptBlueprint '/Game/Levels/Level_1.Level_1:PersistentLevel.Level_1' with GeneratedClass '/Game/Levels/Level_1.Level_1_C' with ClassGeneratedBy '/Game/Levels/Level_1.Level_1:PersistentLevel.Level_1'
[2017.03.22-01.17.36:272][347]LogBlueprintUserMessages: Late EndPlayMap Detection: Level '/Game/Levels/Level_1.Level_1:PersistentLevel' has LevelScriptBlueprint '/Game/Levels/Level_1.Level_1:PersistentLevel.Level_1' with GeneratedClass '/Game/Levels/Level_1.Level_1_C' with ClassGeneratedBy '/Game/Levels/Level_1.Level_1:PersistentLevel.Level_1'
[2017.03.22-01.17.37:673][502]Cmd: OBJ SAVEPACKAGE PACKAGE="/Game/Levels/Level_1" FILE="C:/Users/Frr/Documents/GitHub/SpaceMilkman/Content/Levels/Level_1.umap" SILENT=true AUTOSAVING=false KEEPDIRTY=false
[2017.03.22-01.17.37:909][502]LogSavePackage: Save=120.44ms
[2017.03.22-01.17.37:909][502]LogSavePackage: Moving 'C:/Users/Frr/Documents/GitHub/SpaceMilkman/Saved/Level_163281A6A4233F62E8CB54A9BE99F89AC.tmp' to 'C:/Users/Frr/Documents/GitHub/SpaceMilkman/Content/Levels/Level_1.umap'
[2017.03.22-01.17.37:910][502]LogSavePackage:Display: Finished SavePackage C:/Users/Frr/Documents/GitHub/SpaceMilkman/Content/Levels/Level_1.umap
[2017.03.22-01.17.37:929][502]LogFileHelpers: Saving map 'Level_1' took 0.317
[2017.03.22-01.17.42:306][ 21]LogActorComponent: UnregisterComponent: (/Engine/Transient.EditorFloorComp) Not registered. Aborting.
[2017.03.22-01.17.48:266][361]Cmd: OBJ SAVEPACKAGE PACKAGE="/Game/Levels/Level_1" FILE="C:/Users/Frr/Documents/GitHub/SpaceMilkman/Content/Levels/Level_1.umap" SILENT=true AUTOSAVING=false KEEPDIRTY=false
[2017.03.22-01.17.48:510][361]LogSavePackage: Save=115.18ms
[2017.03.22-01.17.48:510][361]LogSavePackage: Moving 'C:/Users/Frr/Documents/GitHub/SpaceMilkman/Saved/Level_1481F98BF41D877BB04833F89C4C20783.tmp' to 'C:/Users/Frr/Documents/GitHub/SpaceMilkman/Content/Levels/Level_1.umap'
[2017.03.22-01.17.48:511][361]LogSavePackage:Display: Finished SavePackage C:/Users/Frr/Documents/GitHub/SpaceMilkman/Content/Levels/Level_1.umap
[2017.03.22-01.17.49:815][472]Cmd: QUIT_EDITOR
[2017.03.22-01.17.49:862][472]LogExit: Preparing to exit.
[2017.03.22-01.17.50:351][472]LogExit: Editor shut down
[2017.03.22-01.17.50:351][472]LogExit: Transaction tracking system shut down
[2017.03.22-01.17.50:456][472]LogObj: Freed 0b from 0 cluster array pools.
[2017.03.22-01.17.50:457][472]LogExit: Object subsystem successfully closed.
[2017.03.22-01.17.50:471][472]LogD3D11RHI: Shutdown
[2017.03.22-01.17.50:471][472]LogD3D11RHI: CleanupD3DDevice
[2017.03.22-01.17.50:516][472]LogD3D11RHI: ~FD3D11DynamicRHI
[2017.03.22-01.17.50:523][472]LogHttp:Display: Http module shutting down, but needs to wait on 1 outstanding Http requests:
[2017.03.22-01.17.50:523][472]LogHttp:Display: 	verb=[POST] url=[https://datarouter.ol.epicgames.com/datarouter/api/v1/public/data?SessionID=%7B45E23712-4B9B-E386-3B3F-7F812D3CCD5D%7D&AppID=UEEditor.Rocket.Release&AppVersion=4.14.3-3249277%2B%2B%2BUE4%2BRelease-4.14&UserID=7597a55b40c4b80579b6818b75e316b0%7C0a889d56fb784a13b4207d8153af110b%7C3bd33cd0-258e-4060-a0ea-4df990fc901c&AppEnvironment=datacollector-binary&UploadType=eteventstream] status=Processing
[2017.03.22-01.17.50:554][472]LogModuleManager: Shutting down and abandoning module MovieSceneCapture (245)
[2017.03.22-01.17.50:554][472]LogModuleManager: Shutting down and abandoning module BlueprintGraph (244)
[2017.03.22-01.17.50:554][472]LogModuleManager: Shutting down and abandoning module BlueprintProfiler (243)
[2017.03.22-01.17.50:554][472]LogModuleManager: Shutting down and abandoning module HierarchicalLODOutliner (242)
[2017.03.22-01.17.50:554][472]LogModuleManager: Shutting down and abandoning module ExternalImagePicker (241)
[2017.03.22-01.17.50:554][472]LogModuleManager: Shutting down and abandoning module CrashTracker (240)
[2017.03.22-01.17.50:554][472]LogModuleManager: Shutting down and abandoning module SceneOutliner (239)
[2017.03.22-01.17.50:554][472]LogModuleManager: Shutting down and abandoning module WidgetCarousel (238)
[2017.03.22-01.17.50:554][472]LogModuleManager: Shutting down and abandoning module AddContentDialog (237)
[2017.03.22-01.17.50:554][472]LogDirectoryWatcher: A directory notification for 'F:/Program Files (x86)/Epic Games/4.14/FeaturePacks/' was aborted.
[2017.03.22-01.17.50:555][472]LogModuleManager: Shutting down and abandoning module GameplayTags (236)
[2017.03.22-01.17.50:555][472]LogModuleManager: Shutting down and abandoning module EditorWidgets (235)
[2017.03.22-01.17.50:555][472]LogModuleManager: Shutting down and abandoning module CollectionManager (234)
[2017.03.22-01.17.50:555][472]LogDirectoryWatcher: A directory notification for 'C:/Users/Frr/Documents/GitHub/SpaceMilkman/Content/Collections/' was aborted.
[2017.03.22-01.17.50:555][472]LogDirectoryWatcher: A directory notification for 'C:/Users/Frr/Documents/GitHub/SpaceMilkman/Content/Developers/Frr/Collections/' was aborted.
[2017.03.22-01.17.50:555][472]LogDirectoryWatcher: A directory notification for 'C:/Users/Frr/Documents/GitHub/SpaceMilkman/Saved/Collections/' was aborted.
[2017.03.22-01.17.50:555][472]LogModuleManager: Shutting down and abandoning module StatsViewer (233)
[2017.03.22-01.17.50:555][472]LogModuleManager: Shutting down and abandoning module FoliageEdit (232)
[2017.03.22-01.17.50:555][472]LogModuleManager: Shutting down and abandoning module LandscapeEditor (231)
[2017.03.22-01.17.50:555][472]LogModuleManager: Shutting down and abandoning module SceneDepthPickerMode (230)
[2017.03.22-01.17.50:555][472]LogModuleManager: Shutting down and abandoning module ActorPickerMode (229)
[2017.03.22-01.17.50:555][472]LogModuleManager: Shutting down and abandoning module GeometryMode (228)
[2017.03.22-01.17.50:555][472]LogModuleManager: Shutting down and abandoning module TextureAlignMode (227)
[2017.03.22-01.17.50:555][472]LogModuleManager: Shutting down and abandoning module BspMode (226)
[2017.03.22-01.17.50:555][472]LogModuleManager: Shutting down and abandoning module HardwareSurvey (225)
[2017.03.22-01.17.50:555][472]LogModuleManager: Shutting down and abandoning module SequenceRecorderSections (224)
[2017.03.22-01.17.50:555][472]LogModuleManager: Shutting down and abandoning module AutomationWorker (223)
[2017.03.22-01.17.50:555][472]LogModuleManager: Shutting down and abandoning module MatineeToLevelSequence (222)
[2017.03.22-01.17.50:555][472]LogModuleManager: Shutting down and abandoning module PlacementMode (221)
[2017.03.22-01.17.50:555][472]LogModuleManager: Shutting down and abandoning module LevelSequenceEditor (220)
[2017.03.22-01.17.50:555][472]LogModuleManager: Shutting down and abandoning module WmfMediaFactory (219)
[2017.03.22-01.17.50:555][472]LogModuleManager: Shutting down and abandoning module WmfMediaEditor (218)
[2017.03.22-01.17.50:555][472]LogModuleManager: Shutting down and abandoning module AvfMediaFactory (217)
[2017.03.22-01.17.50:555][472]LogModuleManager: Shutting down and abandoning module AvfMediaEditor (216)
[2017.03.22-01.17.50:555][472]LogModuleManager: Shutting down and abandoning module Media (215)
[2017.03.22-01.17.50:555][472]LogModuleManager: Shutting down and abandoning module AndroidMediaFactory (214)
[2017.03.22-01.17.50:555][472]LogModuleManager: Shutting down and abandoning module AndroidMediaEditor (213)
[2017.03.22-01.17.50:555][472]LogModuleManager: Shutting down and abandoning module CharacterAI (212)
[2017.03.22-01.17.50:555][472]LogModuleManager: Shutting down and abandoning module SequenceRecorder (211)
[2017.03.22-01.17.50:555][472]LogModuleManager: Shutting down and abandoning module AudioCapture (210)
[2017.03.22-01.17.50:555][472]LogModuleManager: Shutting down and abandoning module SmartSnapping (209)
[2017.03.22-01.17.50:555][472]LogModuleManager: Shutting down and abandoning module SessionServices (208)
[2017.03.22-01.17.50:555][472]LogModuleManager: Shutting down and abandoning module ViewportSnapping (207)
[2017.03.22-01.17.50:555][472]LogModuleManager: Shutting down and abandoning module ViewportInteraction (206)
[2017.03.22-01.17.50:555][472]LogModuleManager: Shutting down and abandoning module LogVisualizer (205)
[2017.03.22-01.17.50:555][472]LogModuleManager: Shutting down and abandoning module GameProjectGeneration (204)
[2017.03.22-01.17.50:555][472]LogModuleManager: Shutting down and abandoning module IntroTutorials (203)
[2017.03.22-01.17.50:555][472]LogModuleManager: Shutting down and abandoning module EditorLiveStreaming (202)
[2017.03.22-01.17.50:555][472]LogModuleManager: Shutting down and abandoning module IOSPlatformEditor (201)
[2017.03.22-01.17.50:555][472]LogModuleManager: Shutting down and abandoning module HTML5PlatformEditor (200)
[2017.03.22-01.17.50:555][472]LogModuleManager: Shutting down and abandoning module AndroidDeviceDetection (199)
[2017.03.22-01.17.50:620][472]LogModuleManager: Shutting down and abandoning module AndroidPlatformEditor (198)
[2017.03.22-01.17.50:620][472]LogModuleManager: Shutting down and abandoning module IOSRuntimeSettings (197)
[2017.03.22-01.17.50:620][472]LogModuleManager: Shutting down and abandoning module AndroidRuntimeSettings (196)
[2017.03.22-01.17.50:620][472]LogModuleManager: Shutting down and abandoning module InputBindingEditor (195)
[2017.03.22-01.17.50:620][472]LogModuleManager: Shutting down and abandoning module NiagaraEditor (194)
[2017.03.22-01.17.50:620][472]LogModuleManager: Shutting down and abandoning module MergeActors (193)
[2017.03.22-01.17.50:620][472]LogModuleManager: Shutting down and abandoning module SizeMap (192)
[2017.03.22-01.17.50:620][472]LogModuleManager: Shutting down and abandoning module TreeMap (191)
[2017.03.22-01.17.50:621][472]LogModuleManager: Shutting down and abandoning module ReferenceViewer (190)
[2017.03.22-01.17.50:621][472]LogModuleManager: Shutting down and abandoning module LocalizationService (189)
[2017.03.22-01.17.50:621][472]LogModuleManager: Shutting down and abandoning module LocalizationDashboard (188)
[2017.03.22-01.17.50:621][472]LogModuleManager: Shutting down and abandoning module HardwareTargeting (187)
[2017.03.22-01.17.50:621][472]LogModuleManager: Shutting down and abandoning module DeviceProfileEditor (186)
[2017.03.22-01.17.50:621][472]LogModuleManager: Shutting down and abandoning module UndoHistory (185)
[2017.03.22-01.17.50:621][472]LogModuleManager: Shutting down and abandoning module UserFeedback (184)
[2017.03.22-01.17.50:621][472]LogModuleManager: Shutting down and abandoning module XmlParser (183)
[2017.03.22-01.17.50:621][472]LogModuleManager: Shutting down and abandoning module Blutility (182)
[2017.03.22-01.17.50:621][472]LogModuleManager: Shutting down and abandoning module ProjectTargetPlatformEditor (181)
[2017.03.22-01.17.50:621][472]LogModuleManager: Shutting down and abandoning module ProjectSettingsViewer (180)
[2017.03.22-01.17.50:621][472]LogModuleManager: Shutting down and abandoning module EditorSettingsViewer (179)
[2017.03.22-01.17.50:621][472]LogModuleManager: Shutting down and abandoning module SettingsEditor (178)
[2017.03.22-01.17.50:621][472]LogModuleManager: Shutting down and abandoning module ProjectLauncher (177)
[2017.03.22-01.17.50:621][472]LogModuleManager: Shutting down and abandoning module SessionFrontend (176)
[2017.03.22-01.17.50:621][472]LogModuleManager: Shutting down and abandoning module ProfilerClient (175)
[2017.03.22-01.17.50:621][472]LogModuleManager: Shutting down and abandoning module TargetDeviceServices (174)
[2017.03.22-01.17.50:621][472]LogModuleManager: Shutting down and abandoning module DeviceManager (173)
[2017.03.22-01.17.50:661][472]LogModuleManager: Shutting down and abandoning module AutomationController (172)
[2017.03.22-01.17.50:661][472]LogModuleManager: Shutting down and abandoning module AutomationWindow (171)
[2017.03.22-01.17.50:661][472]LogModuleManager: Shutting down and abandoning module Layers (170)
[2017.03.22-01.17.50:661][472]LogModuleManager: Shutting down and abandoning module ComponentVisualizers (169)
[2017.03.22-01.17.50:661][472]LogModuleManager: Shutting down and abandoning module DetailCustomizations (168)
[2017.03.22-01.17.50:661][472]LogModuleManager: Shutting down and abandoning module PackagesDialog (167)
[2017.03.22-01.17.50:661][472]LogModuleManager: Shutting down and abandoning module AnimGraph (166)
[2017.03.22-01.17.50:661][472]LogModuleManager: Shutting down and abandoning module Persona (165)
[2017.03.22-01.17.50:661][472]LogModuleManager: Shutting down and abandoning module Kismet (164)
[2017.03.22-01.17.50:670][472]LogModuleManager: Shutting down and abandoning module GraphEditor (163)
[2017.03.22-01.17.50:670][472]LogModuleManager: Shutting down and abandoning module ClassViewer (162)
[2017.03.22-01.17.50:670][472]LogModuleManager: Shutting down and abandoning module Toolbox (161)
[2017.03.22-01.17.50:670][472]LogModuleManager: Shutting down and abandoning module ModuleUI (160)
[2017.03.22-01.17.50:670][472]LogModuleManager: Shutting down and abandoning module MovieSceneTools (159)
[2017.03.22-01.17.50:670][472]LogModuleManager: Shutting down and abandoning module OutputLog (158)
[2017.03.22-01.17.50:670][472]LogModuleManager: Shutting down and abandoning module GammaUI (157)
[2017.03.22-01.17.50:670][472]LogModuleManager: Shutting down and abandoning module Documentation (156)
[2017.03.22-01.17.50:671][472]LogModuleManager: Shutting down and abandoning module Niagara (155)
[2017.03.22-01.17.50:671][472]LogModuleManager: Shutting down and abandoning module StreamingPauseRendering (154)
[2017.03.22-01.17.50:671][472]LogModuleManager: Shutting down and abandoning module AnalyticsET (153)
[2017.03.22-01.17.50:671][472]LogModuleManager: Shutting down and abandoning module PortalServices (152)
[2017.03.22-01.17.50:671][472]LogModuleManager: Shutting down and abandoning module PortalRpc (151)
[2017.03.22-01.17.50:671][472]LogModuleManager: Shutting down and abandoning module MessagingRpc (150)
[2017.03.22-01.17.50:671][472]LogModuleManager: Shutting down and abandoning module GameplayDebugger (149)
[2017.03.22-01.17.50:671][472]LogModuleManager: Shutting down and abandoning module AITestSuite (148)
[2017.03.22-01.17.50:671][472]LogModuleManager: Shutting down and abandoning module AIModule (147)
[2017.03.22-01.17.50:671][472]LogModuleManager: Shutting down and abandoning module ProfilerService (146)
[2017.03.22-01.17.50:683][472]LogModuleManager: Shutting down and abandoning module TaskGraph (145)
[2017.03.22-01.17.50:683][472]LogModuleManager: Shutting down and abandoning module SlateRemote (144)
[2017.03.22-01.17.50:683][472]LogModuleManager: Shutting down and abandoning module SteamVRController (143)
[2017.03.22-01.17.50:683][472]LogModuleManager: Shutting down and abandoning module SteamVR (142)
[2017.03.22-01.17.50:683][472]LogModuleManager: Shutting down and abandoning module ProceduralMeshComponentEditor (141)
[2017.03.22-01.17.50:683][472]LogModuleManager: Shutting down and abandoning module ProceduralMeshComponent (140)
[2017.03.22-01.17.50:683][472]LogModuleManager: Shutting down and abandoning module OculusLibrary (139)
[2017.03.22-01.17.50:683][472]LogModuleManager: Shutting down and abandoning module OculusInput (138)
[2017.03.22-01.17.50:683][472]LogModuleManager: Shutting down and abandoning module MobilePatchingUtils (137)
[2017.03.22-01.17.50:683][472]LogModuleManager: Shutting down and abandoning module CustomMeshComponent (136)
[2017.03.22-01.17.50:683][472]LogModuleManager: Shutting down and abandoning module CableComponent (135)
[2017.03.22-01.17.50:683][472]LogModuleManager: Shutting down and abandoning module ArchVisCharacter (134)
[2017.03.22-01.17.50:683][472]LogModuleManager: Shutting down and abandoning module MediaPlayerEditor (132)
[2017.03.22-01.17.50:683][472]LogModuleManager: Shutting down and abandoning module HTML5Networking (131)
[2017.03.22-01.17.50:683][472]LogModuleManager: Shutting down and abandoning module GeometryCacheEd (130)
[2017.03.22-01.17.50:683][472]LogModuleManager: Shutting down and abandoning module GeometryCache (129)
[2017.03.22-01.17.50:683][472]LogModuleManager: Shutting down and abandoning module AlembicLibrary (128)
[2017.03.22-01.17.50:684][472]LogModuleManager: Shutting down and abandoning module AlembicImporter (127)
[2017.03.22-01.17.50:684][472]LogModuleManager: Shutting down and abandoning module SuperSearch (126)
[2017.03.22-01.17.50:684][472]LogModuleManager: Shutting down and abandoning module SuperSearchEditor (125)
[2017.03.22-01.17.50:684][472]LogModuleManager: Shutting down and abandoning module SpeedTreeImporter (124)
[2017.03.22-01.17.50:684][472]LogModuleManager: Shutting down and abandoning module PluginBrowser (123)
[2017.03.22-01.17.50:684][472]LogModuleManager: Shutting down and abandoning module MobileLauncherProfileWizard (122)
[2017.03.22-01.17.50:684][472]LogModuleManager: Shutting down and abandoning module EpicSurvey (121)
[2017.03.22-01.17.50:684][472]LogModuleManager: Shutting down and abandoning module DesktopPlatform (120)
[2017.03.22-01.17.50:684][472]LogModuleManager: Shutting down and abandoning module VisualStudioSourceCodeAccess (119)
[2017.03.22-01.17.50:684][472]LogModuleManager: Shutting down and abandoning module UObjectPlugin (118)
[2017.03.22-01.17.50:684][472]LogModuleManager: Shutting down and abandoning module SubversionSourceControl (117)
[2017.03.22-01.17.50:684][472]LogModuleManager: Shutting down and abandoning module PerforceSourceControl (116)
[2017.03.22-01.17.50:684][472]LogModuleManager: Shutting down and abandoning module SourceControl (115)
[2017.03.22-01.17.50:684][472]LogModuleManager: Shutting down and abandoning module GitSourceControl (114)
[2017.03.22-01.17.50:684][472]LogModuleManager: Shutting down and abandoning module LightPropagationVolumeEditor (113)
[2017.03.22-01.17.50:684][472]LogModuleManager: Shutting down and abandoning module PaperTiledImporter (112)
[2017.03.22-01.17.50:684][472]LogModuleManager: Shutting down and abandoning module PaperSpriteSheetImporter (111)
[2017.03.22-01.17.50:684][472]LogModuleManager: Shutting down and abandoning module MeshPaint (110)
[2017.03.22-01.17.50:684][472]LogModuleManager: Shutting down and abandoning module PixelInspectorModule (109)
[2017.03.22-01.17.50:684][472]LogModuleManager: Shutting down and abandoning module HotReload (108)
[2017.03.22-01.17.50:684][472]LogModuleManager: Shutting down and abandoning module MainFrame (107)
[2017.03.22-01.17.50:684][472]LogModuleManager: Shutting down and abandoning module LevelEditor (106)
[2017.03.22-01.17.50:686][472]LogModuleManager: Shutting down and abandoning module ContentBrowser (105)
[2017.03.22-01.17.50:687][472]LogModuleManager: Shutting down and abandoning module Paper2DEditor (104)
[2017.03.22-01.17.50:687][472]LogModuleManager: Shutting down and abandoning module UdpMessaging (103)
[2017.03.22-01.17.50:787][472]LogModuleManager: Shutting down and abandoning module TcpMessaging (102)
[2017.03.22-01.17.51:193][472]LogModuleManager: Shutting down and abandoning module LightPropagationVolumeRuntime (101)
[2017.03.22-01.17.51:193][472]LogModuleManager: Shutting down and abandoning module Paper2D (100)
[2017.03.22-01.17.51:193][472]LogModuleManager: Shutting down and abandoning module WindowsMoviePlayer (99)
[2017.03.22-01.17.51:193][472]LogModuleManager: Shutting down and abandoning module WmfMedia (98)
[2017.03.22-01.17.51:193][472]LogModuleManager: Shutting down and abandoning module MediaAssets (97)
[2017.03.22-01.17.51:193][472]LogModuleManager: Shutting down and abandoning module GameLiveStreaming (96)
[2017.03.22-01.17.51:194][472]LogModuleManager: Shutting down and abandoning module GameplayTagsEditor (95)
[2017.03.22-01.17.51:194][472]LogModuleManager: Shutting down and abandoning module VREditor (94)
[2017.03.22-01.17.51:194][472]LogModuleManager: Shutting down and abandoning module GameplayTasksEditor (93)
[2017.03.22-01.17.51:194][472]LogModuleManager: Shutting down and abandoning module BehaviorTreeEditor (92)
[2017.03.22-01.17.51:194][472]LogModuleManager: Shutting down and abandoning module FunctionalTesting (91)
[2017.03.22-01.17.51:194][472]LogModuleManager: Shutting down and abandoning module CollisionAnalyzer (90)
[2017.03.22-01.17.51:194][472]LogModuleManager: Shutting down and abandoning module Sequencer (89)
[2017.03.22-01.17.51:194][472]LogModuleManager: Shutting down and abandoning module WorkspaceMenuStructure (88)
[2017.03.22-01.17.51:194][472]LogModuleManager: Shutting down and abandoning module MessageLog (87)
[2017.03.22-01.17.51:194][472]LogModuleManager: Shutting down and abandoning module AssetTools (86)
[2017.03.22-01.17.51:194][472]LogModuleManager: Shutting down and abandoning module UMGEditor (85)
[2017.03.22-01.17.51:194][472]LogModuleManager: Shutting down and abandoning module UMG (84)
[2017.03.22-01.17.51:194][472]LogModuleManager: Shutting down and abandoning module SlateReflector (83)
[2017.03.22-01.17.51:194][472]LogModuleManager: Shutting down and abandoning module Slate (82)
[2017.03.22-01.17.51:194][472]LogModuleManager: Shutting down and abandoning module EditorStyle (81)
[2017.03.22-01.17.51:196][472]LogModuleManager: Shutting down and abandoning module SourceCodeAccess (80)
[2017.03.22-01.17.51:196][472]LogModuleManager: Shutting down and abandoning module HeadMountedDisplay (79)
[2017.03.22-01.17.51:196][472]LogModuleManager: Shutting down and abandoning module XAudio2 (78)
[2017.03.22-01.17.51:196][472]LogModuleManager: Shutting down and abandoning module Networking (76)
[2017.03.22-01.17.51:196][472]LogModuleManager: Shutting down and abandoning module Core (75)
[2017.03.22-01.17.51:196][472]LogModuleManager: Shutting down and abandoning module DirectoryWatcher (74)
[2017.03.22-01.17.51:196][472]LogDirectoryWatcher: A directory notification for '../../../Engine/Content/' was aborted.
[2017.03.22-01.17.51:196][472]LogDirectoryWatcher: A directory notification for 'C:/Users/Frr/Documents/GitHub/SpaceMilkman/Content/' was aborted.
[2017.03.22-01.17.51:196][472]LogDirectoryWatcher: A directory notification for '../../../Engine/Plugins/2D/Paper2D/Content/' was aborted.
[2017.03.22-01.17.51:196][472]LogModuleManager: Shutting down and abandoning module AssetRegistry (73)
[2017.03.22-01.17.51:382][472]LogModuleManager: Shutting down and abandoning module KismetCompiler (72)
[2017.03.22-01.17.51:382][472]LogModuleManager: Shutting down and abandoning module PhysXFormats (71)
[2017.03.22-01.17.51:382][472]LogModuleManager: Shutting down and abandoning module SimplygonSwarm (70)
[2017.03.22-01.17.51:382][472]LogModuleManager: Shutting down and abandoning module SimplygonMeshReduction (69)
[2017.03.22-01.17.51:382][472]LogModuleManager: Shutting down and abandoning module QuadricMeshReduction (68)
[2017.03.22-01.17.51:382][472]LogModuleManager: Shutting down and abandoning module PropertyEditor (67)
[2017.03.22-01.17.51:382][472]LogModuleManager: Shutting down and abandoning module MeshUtilities (66)
[2017.03.22-01.17.51:382][472]LogModuleManager: Shutting down and abandoning module DerivedDataCache (65)
[2017.03.22-01.17.51:428][472]LogDerivedDataCache: Shutdown
[2017.03.22-01.17.51:428][472]LogModuleManager: Shutting down and abandoning module VulkanShaderFormat (64)
[2017.03.22-01.17.51:428][472]LogModuleManager: Shutting down and abandoning module ShaderFormatOpenGL (63)
[2017.03.22-01.17.51:428][472]LogModuleManager: Shutting down and abandoning module ShaderFormatD3D (62)
[2017.03.22-01.17.51:428][472]LogModuleManager: Shutting down and abandoning module MetalShaderFormat (61)
[2017.03.22-01.17.51:428][472]LogModuleManager: Shutting down and abandoning module TextureFormatUncompressed (60)
[2017.03.22-01.17.51:428][472]LogModuleManager: Shutting down and abandoning module TextureFormatPVR (59)
[2017.03.22-01.17.51:428][472]LogModuleManager: Shutting down and abandoning module TextureFormatDXT (58)
[2017.03.22-01.17.51:428][472]LogModuleManager: Shutting down and abandoning module TextureFormatIntelISPCTexComp (57)
[2017.03.22-01.17.51:428][472]LogModuleManager: Shutting down and abandoning module ImageWrapper (56)
[2017.03.22-01.17.51:428][472]LogModuleManager: Shutting down and abandoning module TextureFormatASTC (55)
[2017.03.22-01.17.51:428][472]LogModuleManager: Shutting down and abandoning module TextureFormatAndroid (54)
[2017.03.22-01.17.51:428][472]LogModuleManager: Shutting down and abandoning module AudioFormatOpus (53)
[2017.03.22-01.17.51:428][472]LogModuleManager: Shutting down and abandoning module AudioFormatOgg (52)
[2017.03.22-01.17.51:428][472]LogModuleManager: Shutting down and abandoning module AudioFormatADPCM (51)
[2017.03.22-01.17.51:428][472]LogModuleManager: Shutting down and abandoning module LinuxTargetPlatform (50)
[2017.03.22-01.17.51:428][472]LogModuleManager: Shutting down and abandoning module LinuxServerTargetPlatform (49)
[2017.03.22-01.17.51:428][472]LogModuleManager: Shutting down and abandoning module LinuxNoEditorTargetPlatform (48)
[2017.03.22-01.17.51:428][472]LogModuleManager: Shutting down and abandoning module LinuxClientTargetPlatform (47)
[2017.03.22-01.17.51:428][472]LogModuleManager: Shutting down and abandoning module TVOSTargetPlatform (46)
[2017.03.22-01.17.51:428][472]LogModuleManager: Shutting down and abandoning module Messaging (45)
[2017.03.22-01.17.51:429][472]LogModuleManager: Shutting down and abandoning module IOSTargetPlatform (44)
[2017.03.22-01.17.51:429][472]LogModuleManager: Shutting down and abandoning module HTML5TargetPlatform (43)
[2017.03.22-01.17.51:429][472]LogModuleManager: Shutting down and abandoning module Android_PVRTCTargetPlatform (42)
[2017.03.22-01.17.51:429][472]LogModuleManager: Shutting down and abandoning module Android_MultiTargetPlatform (41)
[2017.03.22-01.17.51:429][472]LogModuleManager: Shutting down and abandoning module Android_ETC2TargetPlatform (40)
[2017.03.22-01.17.51:429][472]LogModuleManager: Shutting down and abandoning module Android_ETC1TargetPlatform (39)
[2017.03.22-01.17.51:429][472]LogModuleManager: Shutting down and abandoning module Android_DXTTargetPlatform (38)
[2017.03.22-01.17.51:429][472]LogModuleManager: Shutting down and abandoning module Android_ATCTargetPlatform (37)
[2017.03.22-01.17.51:429][472]LogModuleManager: Shutting down and abandoning module Android_ASTCTargetPlatform (36)
[2017.03.22-01.17.51:429][472]LogModuleManager: Shutting down and abandoning module AndroidTargetPlatform (35)
[2017.03.22-01.17.51:429][472]LogModuleManager: Shutting down and abandoning module WindowsTargetPlatform (34)
[2017.03.22-01.17.51:429][472]LogModuleManager: Shutting down and abandoning module WindowsServerTargetPlatform (33)
[2017.03.22-01.17.51:429][472]LogModuleManager: Shutting down and abandoning module WindowsNoEditorTargetPlatform (32)
[2017.03.22-01.17.51:429][472]LogModuleManager: Shutting down and abandoning module WindowsClientTargetPlatform (31)
[2017.03.22-01.17.51:429][472]LogModuleManager: Shutting down and abandoning module MacTargetPlatform (30)
[2017.03.22-01.17.51:429][472]LogModuleManager: Shutting down and abandoning module MacServerTargetPlatform (29)
[2017.03.22-01.17.51:429][472]LogModuleManager: Shutting down and abandoning module MacNoEditorTargetPlatform (28)
[2017.03.22-01.17.51:429][472]LogModuleManager: Shutting down and abandoning module MacClientTargetPlatform (27)
[2017.03.22-01.17.51:429][472]LogModuleManager: Shutting down and abandoning module AllDesktopTargetPlatform (26)
[2017.03.22-01.17.51:429][472]LogModuleManager: Shutting down and abandoning module TargetPlatform (25)
[2017.03.22-01.17.51:429][472]LogModuleManager: Shutting down and abandoning module InputCore (24)
[2017.03.22-01.17.51:429][472]LogModuleManager: Shutting down and abandoning module Settings (23)
[2017.03.22-01.17.51:429][472]LogModuleManager: Shutting down and abandoning module OculusRift (22)
[2017.03.22-01.17.51:429][472]LogModuleManager: Shutting down and abandoning module ExampleDeviceProfileSelector (21)
[2017.03.22-01.17.51:429][472]LogModuleManager: Shutting down and abandoning module OnlineBlueprintSupport (20)
[2017.03.22-01.17.51:429][472]LogModuleManager: Shutting down and abandoning module OnlineSubsystem (18)
[2017.03.22-01.17.51:429][472]LogOnline:Display: Unloading online subsystem: NULL
[2017.03.22-01.17.51:429][472]LogModuleManager: Shutting down and abandoning module SSL (17)
[2017.03.22-01.17.51:430][472]LogModuleManager: Shutting down and abandoning module HTTP (16)
[2017.03.22-01.17.51:430][472]LogModuleManager: Shutting down and abandoning module XMPP (15)
[2017.03.22-01.17.51:430][472]LogModuleManager: Shutting down and abandoning module TextureCompressor (14)
[2017.03.22-01.17.51:430][472]LogModuleManager: Shutting down and abandoning module ShaderCore (13)
[2017.03.22-01.17.51:430][472]LogModuleManager: Shutting down and abandoning module Landscape (12)
[2017.03.22-01.17.51:430][472]LogModuleManager: Shutting down and abandoning module SlateRHIRenderer (11)
[2017.03.22-01.17.51:432][472]LogModuleManager: Shutting down and abandoning module OpenGLDrv (10)
[2017.03.22-01.17.51:432][472]LogModuleManager: Shutting down and abandoning module D3D11RHI (9)
[2017.03.22-01.17.51:432][472]LogModuleManager: Shutting down and abandoning module AnimGraphRuntime (8)
[2017.03.22-01.17.51:432][472]LogModuleManager: Shutting down and abandoning module Renderer (7)
[2017.03.22-01.17.51:432][472]LogModuleManager: Shutting down and abandoning module Engine (6)
[2017.03.22-01.17.51:432][472]LogModuleManager: Shutting down and abandoning module CoreUObject (5)
[2017.03.22-01.17.51:432][472]LogModuleManager: Shutting down and abandoning module NetworkFile (4)
[2017.03.22-01.17.51:432][472]LogModuleManager: Shutting down and abandoning module StreamingFile (3)
[2017.03.22-01.17.51:432][472]LogModuleManager: Shutting down and abandoning module SandboxFile (2)
[2017.03.22-01.17.51:432][472]LogModuleManager: Shutting down and abandoning module PakFile (1)
[2017.03.22-01.17.51:433][472]LogExit: Exiting.
[2017.03.22-01.17.51:434][472]Log file closed, 03/22/17 01:17:51
