Log file open, 02/27/17 15:32:18
LogInit:Display: Running engine for game: SpaceMilkman
LogPlatformFile: Not using cached read wrapper
LogInit:Display: RandInit(1605675109) SRandInit(1605675109).
LogTaskGraph: Started task graph with 5 named threads and 8 total threads with 1 sets of task threads.
LogStats: Stats thread started at 0.154559
LogPluginManager: Loaded Plugin Paper2D, From F:/Program Files (x86)/Epic Games/4.14/Engine/Plugins/2D/Paper2D/Paper2D.uplugin
LogPluginManager: Loaded Plugin LightPropagationVolume, From F:/Program Files (x86)/Epic Games/4.14/Engine/Plugins/Blendables/LightPropagationVolume/LightPropagationVolume.uplugin
LogPluginManager: Loaded Plugin BlankPlugin, From F:/Program Files (x86)/Epic Games/4.14/Engine/Plugins/Developer/BlankPlugin/BlankPlugin.uplugin
LogPluginManager: Loaded Plugin CodeLiteSourceCodeAccess, From F:/Program Files (x86)/Epic Games/4.14/Engine/Plugins/Developer/CodeLiteSourceCodeAccess/CodeLiteSourceCodeAccess.uplugin
LogPluginManager: Loaded Plugin GitSourceControl, From F:/Program Files (x86)/Epic Games/4.14/Engine/Plugins/Developer/GitSourceControl/GitSourceControl.uplugin
LogPluginManager: Loaded Plugin KDevelopSourceCodeAccess, From F:/Program Files (x86)/Epic Games/4.14/Engine/Plugins/Developer/KDevelopSourceCodeAccess/KDevelopSourceCodeAccess.uplugin
LogPluginManager: Loaded Plugin NullSourceCodeAccess, From F:/Program Files (x86)/Epic Games/4.14/Engine/Plugins/Developer/NullSourceCodeAccess/NullSourceCodeAccess.uplugin
LogPluginManager: Loaded Plugin OneSkyLocalizationService, From F:/Program Files (x86)/Epic Games/4.14/Engine/Plugins/Developer/OneSkyLocalizationService/OneSkyLocalizationService.uplugin
LogPluginManager: Loaded Plugin PerforceSourceControl, From F:/Program Files (x86)/Epic Games/4.14/Engine/Plugins/Developer/PerforceSourceControl/PerforceSourceControl.uplugin
LogPluginManager: Loaded Plugin SubversionSourceControl, From F:/Program Files (x86)/Epic Games/4.14/Engine/Plugins/Developer/SubversionSourceControl/SubversionSourceControl.uplugin
LogPluginManager: Loaded Plugin UObjectPlugin, From F:/Program Files (x86)/Epic Games/4.14/Engine/Plugins/Developer/UObjectPlugin/UObjectPlugin.uplugin
LogPluginManager: Loaded Plugin VisualStudioSourceCodeAccess, From F:/Program Files (x86)/Epic Games/4.14/Engine/Plugins/Developer/VisualStudioSourceCodeAccess/VisualStudioSourceCodeAccess.uplugin
LogPluginManager: Loaded Plugin XCodeSourceCodeAccess, From F:/Program Files (x86)/Epic Games/4.14/Engine/Plugins/Developer/XCodeSourceCodeAccess/XCodeSourceCodeAccess.uplugin
LogPluginManager: Loaded Plugin AudioCapture, From F:/Program Files (x86)/Epic Games/4.14/Engine/Plugins/Editor/AudioCapture/AudioCapture.uplugin
LogPluginManager: Loaded Plugin EpicSurvey, From F:/Program Files (x86)/Epic Games/4.14/Engine/Plugins/Editor/EpicSurvey/EpicSurvey.uplugin
LogPluginManager: Loaded Plugin MacGraphicsSwitching, From F:/Program Files (x86)/Epic Games/4.14/Engine/Plugins/Editor/MacGraphicsSwitching/MacGraphicsSwitching.uplugin
LogPluginManager: Loaded Plugin MobileLauncherProfileWizard, From F:/Program Files (x86)/Epic Games/4.14/Engine/Plugins/Editor/MobileLauncherProfileWizard/MobileLauncherProfileWizard.uplugin
LogPluginManager: Loaded Plugin PluginBrowser, From F:/Program Files (x86)/Epic Games/4.14/Engine/Plugins/Editor/PluginBrowser/PluginBrowser.uplugin
LogPluginManager: Loaded Plugin SpeedTreeImporter, From F:/Program Files (x86)/Epic Games/4.14/Engine/Plugins/Editor/SpeedTreeImporter/SpeedTreeImporter.uplugin
LogPluginManager: Loaded Plugin SuperSearchEditor, From F:/Program Files (x86)/Epic Games/4.14/Engine/Plugins/Editor/SuperSearchEditor/SuperSearchEditor.uplugin
LogPluginManager: Loaded Plugin AlembicImporter, From F:/Program Files (x86)/Epic Games/4.14/Engine/Plugins/Experimental/AlembicImporter/AlembicImporter.uplugin
LogPluginManager: Loaded Plugin BlueprintStats, From F:/Program Files (x86)/Epic Games/4.14/Engine/Plugins/Experimental/BlueprintStats/BlueprintStats.uplugin
LogPluginManager: Loaded Plugin CharacterAI, From F:/Program Files (x86)/Epic Games/4.14/Engine/Plugins/Experimental/CharacterAI/CharacterAI.uplugin
LogPluginManager: Loaded Plugin CodeEditor, From F:/Program Files (x86)/Epic Games/4.14/Engine/Plugins/Experimental/CodeEditor/CodeEditor.uplugin
LogPluginManager: Loaded Plugin CodeView, From F:/Program Files (x86)/Epic Games/4.14/Engine/Plugins/Experimental/CodeView/CodeView.uplugin
LogPluginManager: Loaded Plugin HTML5Networking, From F:/Program Files (x86)/Epic Games/4.14/Engine/Plugins/Experimental/HTML5Networking/HTML5Networking.uplugin
LogPluginManager: Loaded Plugin OSVR, From F:/Program Files (x86)/Epic Games/4.14/Engine/Plugins/Experimental/OSVR/OSVR.uplugin
LogPluginManager: Loaded Plugin Phya, From F:/Program Files (x86)/Epic Games/4.14/Engine/Plugins/Experimental/Phya/Phya.uplugin
LogPluginManager: Loaded Plugin SignificanceManager, From F:/Program Files (x86)/Epic Games/4.14/Engine/Plugins/Experimental/SignificanceManager/SignificanceManager.uplugin
LogPluginManager: Loaded Plugin SimpleHMD, From F:/Program Files (x86)/Epic Games/4.14/Engine/Plugins/Experimental/SimpleHMD/SimpleHMD.uplugin
LogPluginManager: Loaded Plugin StereoPanorama, From F:/Program Files (x86)/Epic Games/4.14/Engine/Plugins/Experimental/StereoPanorama/StereoPanorama.uplugin
LogPluginManager: Loaded Plugin StructBox, From F:/Program Files (x86)/Epic Games/4.14/Engine/Plugins/Experimental/StructBox/StructBox.uplugin
LogPluginManager: Loaded Plugin AndroidMedia, From F:/Program Files (x86)/Epic Games/4.14/Engine/Plugins/Media/AndroidMedia/AndroidMedia.uplugin
LogPluginManager: Loaded Plugin AvfMedia, From F:/Program Files (x86)/Epic Games/4.14/Engine/Plugins/Media/AvfMedia/AvfMedia.uplugin
LogPluginManager: Loaded Plugin MediaPlayerEditor, From F:/Program Files (x86)/Epic Games/4.14/Engine/Plugins/Media/MediaPlayerEditor/MediaPlayerEditor.uplugin
LogPluginManager: Loaded Plugin WmfMedia, From F:/Program Files (x86)/Epic Games/4.14/Engine/Plugins/Media/WmfMedia/WmfMedia.uplugin
LogPluginManager: Loaded Plugin MessagingDebugger, From F:/Program Files (x86)/Epic Games/4.14/Engine/Plugins/Messaging/MessagingDebugger/MessagingDebugger.uplugin
LogPluginManager: Loaded Plugin TcpMessaging, From F:/Program Files (x86)/Epic Games/4.14/Engine/Plugins/Messaging/TcpMessaging/TcpMessaging.uplugin
LogPluginManager: Loaded Plugin UdpMessaging, From F:/Program Files (x86)/Epic Games/4.14/Engine/Plugins/Messaging/UdpMessaging/UdpMessaging.uplugin
LogPluginManager: Loaded Plugin LevelSequenceEditor, From F:/Program Files (x86)/Epic Games/4.14/Engine/Plugins/MovieScene/LevelSequenceEditor/LevelSequenceEditor.uplugin
LogPluginManager: Loaded Plugin MatineeToLevelSequence, From F:/Program Files (x86)/Epic Games/4.14/Engine/Plugins/MovieScene/MatineeToLevelSequence/MatineeToLevelSequence.uplugin
LogPluginManager: Loaded Plugin NetcodeUnitTest, From F:/Program Files (x86)/Epic Games/4.14/Engine/Plugins/NetcodeUnitTest/NetcodeUnitTest/NetcodeUnitTest.uplugin
LogPluginManager: Loaded Plugin NUTUnrealEngine4, From F:/Program Files (x86)/Epic Games/4.14/Engine/Plugins/NetcodeUnitTest/NUTUnrealEngine4/NUTUnrealEngine4.uplugin
LogPluginManager: Loaded Plugin OnlineSubsystemGameCircle, From F:/Program Files (x86)/Epic Games/4.14/Engine/Plugins/Online/Android/OnlineSubsystemGameCircle/OnlineSubsystemGameCircle.uplugin
LogPluginManager: Loaded Plugin OnlineSubsystemGooglePlay, From F:/Program Files (x86)/Epic Games/4.14/Engine/Plugins/Online/Android/OnlineSubsystemGooglePlay/OnlineSubsystemGooglePlay.uplugin
LogPluginManager: Loaded Plugin OnlineSubsystemIOS, From F:/Program Files (x86)/Epic Games/4.14/Engine/Plugins/Online/IOS/OnlineSubsystemIOS/OnlineSubsystemIOS.uplugin
LogPluginManager: Loaded Plugin OnlineFramework, From F:/Program Files (x86)/Epic Games/4.14/Engine/Plugins/Online/OnlineFramework/OnlineFramework.uplugin
LogPluginManager: Loaded Plugin OnlineSubsystem, From F:/Program Files (x86)/Epic Games/4.14/Engine/Plugins/Online/OnlineSubsystem/OnlineSubsystem.uplugin
LogPluginManager: Loaded Plugin OnlineSubsystemAmazon, From F:/Program Files (x86)/Epic Games/4.14/Engine/Plugins/Online/OnlineSubsystemAmazon/OnlineSubsystemAmazon.uplugin
LogPluginManager: Loaded Plugin OnlineSubsystemFacebook, From F:/Program Files (x86)/Epic Games/4.14/Engine/Plugins/Online/OnlineSubsystemFacebook/OnlineSubsystemFacebook.uplugin
LogPluginManager: Loaded Plugin OnlineSubsystemNull, From F:/Program Files (x86)/Epic Games/4.14/Engine/Plugins/Online/OnlineSubsystemNull/OnlineSubsystemNull.uplugin
LogPluginManager: Loaded Plugin OnlineSubsystemOculus, From F:/Program Files (x86)/Epic Games/4.14/Engine/Plugins/Online/OnlineSubsystemOculus/OnlineSubsystemOculus.uplugin
LogPluginManager: Loaded Plugin OnlineSubsystemSteam, From F:/Program Files (x86)/Epic Games/4.14/Engine/Plugins/Online/OnlineSubsystemSteam/OnlineSubsystemSteam.uplugin
LogPluginManager: Loaded Plugin OnlineSubsystemUtils, From F:/Program Files (x86)/Epic Games/4.14/Engine/Plugins/Online/OnlineSubsystemUtils/OnlineSubsystemUtils.uplugin
LogPluginManager: Loaded Plugin IOSTapJoy, From F:/Program Files (x86)/Epic Games/4.14/Engine/Plugins/Runtime/Advertising/IOSTapJoy/IOSTapJoy.uplugin
LogPluginManager: Loaded Plugin AnalyticsBlueprintLibrary, From F:/Program Files (x86)/Epic Games/4.14/Engine/Plugins/Runtime/Analytics/AnalyticsBlueprintLibrary/AnalyticsBlueprintLibrary.uplugin
LogPluginManager: Loaded Plugin AnalyticsMulticast, From F:/Program Files (x86)/Epic Games/4.14/Engine/Plugins/Runtime/Analytics/AnalyticsMulticast/AnalyticsMulticast.uplugin
LogPluginManager: Loaded Plugin Apsalar, From F:/Program Files (x86)/Epic Games/4.14/Engine/Plugins/Runtime/Analytics/Apsalar/Apsalar.uplugin
LogPluginManager: Loaded Plugin FileLogging, From F:/Program Files (x86)/Epic Games/4.14/Engine/Plugins/Runtime/Analytics/FileLogging/FileLogging.uplugin
LogPluginManager: Loaded Plugin Flurry, From F:/Program Files (x86)/Epic Games/4.14/Engine/Plugins/Runtime/Analytics/Flurry/Flurry.uplugin
LogPluginManager: Loaded Plugin AndroidDeviceProfileSelector, From F:/Program Files (x86)/Epic Games/4.14/Engine/Plugins/Runtime/AndroidDeviceProfileSelector/AndroidDeviceProfileSelector.uplugin
LogPluginManager: Loaded Plugin AndroidMoviePlayer, From F:/Program Files (x86)/Epic Games/4.14/Engine/Plugins/Runtime/AndroidMoviePlayer/AndroidMoviePlayer.uplugin
LogPluginManager: Loaded Plugin AppleMoviePlayer, From F:/Program Files (x86)/Epic Games/4.14/Engine/Plugins/Runtime/AppleMoviePlayer/AppleMoviePlayer.uplugin
LogPluginManager: Loaded Plugin ArchVisCharacter, From F:/Program Files (x86)/Epic Games/4.14/Engine/Plugins/Runtime/ArchVisCharacter/ArchVisCharacter.uplugin
LogPluginManager: Loaded Plugin CableComponent, From F:/Program Files (x86)/Epic Games/4.14/Engine/Plugins/Runtime/CableComponent/CableComponent.uplugin
LogPluginManager: Loaded Plugin CustomMeshComponent, From F:/Program Files (x86)/Epic Games/4.14/Engine/Plugins/Runtime/CustomMeshComponent/CustomMeshComponent.uplugin
LogPluginManager: Loaded Plugin ExampleDeviceProfileSelector, From F:/Program Files (x86)/Epic Games/4.14/Engine/Plugins/Runtime/ExampleDeviceProfileSelector/ExampleDeviceProfileSelector.uplugin
LogPluginManager: Loaded Plugin GearVR, From F:/Program Files (x86)/Epic Games/4.14/Engine/Plugins/Runtime/GearVR/GearVR.uplugin
LogPluginManager: Loaded Plugin GoogleVRController, From F:/Program Files (x86)/Epic Games/4.14/Engine/Plugins/Runtime/GoogleVR/GoogleVRController/GoogleVRController.uplugin
LogPluginManager: Loaded Plugin GoogleVRHMD, From F:/Program Files (x86)/Epic Games/4.14/Engine/Plugins/Runtime/GoogleVR/GoogleVRHMD/GoogleVRHMD.uplugin
LogPluginManager: Loaded Plugin IOSDeviceProfileSelector, From F:/Program Files (x86)/Epic Games/4.14/Engine/Plugins/Runtime/IOSDeviceProfileSelector/IOSDeviceProfileSelector.uplugin
LogPluginManager: Loaded Plugin LeapMotion, From F:/Program Files (x86)/Epic Games/4.14/Engine/Plugins/Runtime/LeapMotion/LeapMotion.uplugin
LogPluginManager: Loaded Plugin LinuxDeviceProfileSelector, From F:/Program Files (x86)/Epic Games/4.14/Engine/Plugins/Runtime/LinuxDeviceProfileSelector/LinuxDeviceProfileSelector.uplugin
LogPluginManager: Loaded Plugin MIDIDevice, From F:/Program Files (x86)/Epic Games/4.14/Engine/Plugins/Runtime/MIDIDevice/MIDIDevice.uplugin
LogPluginManager: Loaded Plugin MobilePatchingUtils, From F:/Program Files (x86)/Epic Games/4.14/Engine/Plugins/Runtime/MobilePatchingUtils/MobilePatchingUtils.uplugin
LogPluginManager: Loaded Plugin Ansel, From F:/Program Files (x86)/Epic Games/4.14/Engine/Plugins/Runtime/Nvidia/Ansel/Ansel.uplugin
LogPluginManager: Loaded Plugin OculusAudio, From F:/Program Files (x86)/Epic Games/4.14/Engine/Plugins/Runtime/OculusAudio/OculusAudio.uplugin
LogPluginManager: Loaded Plugin OculusInput, From F:/Program Files (x86)/Epic Games/4.14/Engine/Plugins/Runtime/OculusInput/OculusInput.uplugin
LogPluginManager: Loaded Plugin OculusLibrary, From F:/Program Files (x86)/Epic Games/4.14/Engine/Plugins/Runtime/OculusLibrary/OculusLibrary.uplugin
LogPluginManager: Loaded Plugin OculusRift, From F:/Program Files (x86)/Epic Games/4.14/Engine/Plugins/Runtime/OculusRift/OculusRift.uplugin
LogPluginManager: Loaded Plugin Oodle, From F:/Program Files (x86)/Epic Games/4.14/Engine/Plugins/Runtime/PacketHandlers/CompressionComponents/Oodle/Oodle.uplugin
LogPluginManager: Loaded Plugin ProceduralMeshComponent, From F:/Program Files (x86)/Epic Games/4.14/Engine/Plugins/Runtime/ProceduralMeshComponent/ProceduralMeshComponent.uplugin
LogPluginManager: Loaded Plugin SoundMod, From F:/Program Files (x86)/Epic Games/4.14/Engine/Plugins/Runtime/SoundMod/SoundMod.uplugin
LogPluginManager: Loaded Plugin SoundVisualizations, From F:/Program Files (x86)/Epic Games/4.14/Engine/Plugins/Runtime/SoundVisualizations/SoundVisualizations.uplugin
LogPluginManager: Loaded Plugin SteamController, From F:/Program Files (x86)/Epic Games/4.14/Engine/Plugins/Runtime/Steam/SteamController/SteamController.uplugin
LogPluginManager: Loaded Plugin SteamVR, From F:/Program Files (x86)/Epic Games/4.14/Engine/Plugins/Runtime/Steam/SteamVR/SteamVR.uplugin
LogPluginManager: Loaded Plugin WebBrowserWidget, From F:/Program Files (x86)/Epic Games/4.14/Engine/Plugins/Runtime/WebBrowserWidget/WebBrowserWidget.uplugin
LogPluginManager: Loaded Plugin WindowsDeviceProfileSelector, From F:/Program Files (x86)/Epic Games/4.14/Engine/Plugins/Runtime/WindowsDeviceProfileSelector/WindowsDeviceProfileSelector.uplugin
LogPluginManager: Loaded Plugin WindowsMoviePlayer, From F:/Program Files (x86)/Epic Games/4.14/Engine/Plugins/Runtime/WindowsMoviePlayer/WindowsMoviePlayer.uplugin
LogPluginManager: Loaded Plugin ScriptPlugin, From F:/Program Files (x86)/Epic Games/4.14/Engine/Plugins/ScriptPlugin/ScriptPlugin.uplugin
LogPluginManager: Loaded Plugin SlateRemote, From F:/Program Files (x86)/Epic Games/4.14/Engine/Plugins/Slate/SlateRemote/SlateRemote.uplugin
LogPluginManager: Loaded Plugin EditorTests, From F:/Program Files (x86)/Epic Games/4.14/Engine/Plugins/Tests/EditorTests/EditorTests.uplugin
LogPluginManager: Loaded Plugin FbxAutomationTestBuilder, From F:/Program Files (x86)/Epic Games/4.14/Engine/Plugins/Tests/FbxAutomationTestBuilder/FbxAutomationTestBuilder.uplugin
LogPluginManager: Loaded Plugin FunctionalTestingEditor, From F:/Program Files (x86)/Epic Games/4.14/Engine/Plugins/Tests/FunctionalTestingEditor/FunctionalTestingEditor.uplugin
LogPluginManager: Loaded Plugin RuntimeTests, From F:/Program Files (x86)/Epic Games/4.14/Engine/Plugins/Tests/RuntimeTests/RuntimeTests.uplugin
LogPluginManager: Loaded Plugin ScreenshotTools, From F:/Program Files (x86)/Epic Games/4.14/Engine/Plugins/Tests/ScreenshotTools/ScreenshotTools.uplugin
LogInit: Using libcurl 7.47.1
LogInit:  - built for x86_64-pc-win32
LogInit:  - supports SSL with OpenSSL/1.0.2g
LogInit:  - supports HTTP deflate (compression) using libz 1.2.8
LogInit:  - other features:
LogInit:      CURL_VERSION_SSL
LogInit:      CURL_VERSION_LIBZ
LogInit:      CURL_VERSION_IPV6
LogInit:      CURL_VERSION_ASYNCHDNS
LogInit:      CURL_VERSION_LARGEFILE
LogInit:      CURL_VERSION_IDN
LogInit:  CurlRequestOptions (configurable via config and command line):
LogInit:  - bVerifyPeer = false  - Libcurl will NOT verify peer certificate
LogInit:  - bUseHttpProxy = false  - Libcurl will NOT use HTTP proxy
LogInit:  - bDontReuseConnections = false  - Libcurl will reuse connections
LogInit:  - CertBundlePath = nullptr  - Libcurl will use whatever was configured at build time.
LogInit: Build: ++UE4+Release-4.14-CL-3249277
LogInit: Engine Version: 4.14.3-3249277+++UE4+Release-4.14
LogInit: Compatible Engine Version: 4.14.0-3195953+++UE4+Release-4.14
LogInit: Net CL: 3195953
LogDevObjectVersion: Number of dev versions registered: 13
LogDevObjectVersion:   Dev-Blueprints (B0D832E4-1F89-4F0D-ACCF-7EB736FD4AA2): 7
LogDevObjectVersion:   Dev-Build (E1C64328-A22C-4D53-A36C-8E866417BD8C): 0
LogDevObjectVersion:   Dev-Core (375EC13C-06E4-48FB-B500-84F0262A717E): 1
LogDevObjectVersion:   Dev-Editor (E4B068ED-F494-42E9-A231-DA0B2E46BB41): 8
LogDevObjectVersion:   Dev-Framework (CFFC743F-43B0-4480-9391-14DF171D2073): 17
LogDevObjectVersion:   Dev-Mobile (B02B49B5-BB20-44E9-A304-32B752E40360): 0
LogDevObjectVersion:   Dev-Networking (A4E4105C-59A1-49B5-A7C5-40C4547EDFEE): 0
LogDevObjectVersion:   Dev-Online (39C831C9-5AE6-47DC-9A44-9C173E1C8E7C): 0
LogDevObjectVersion:   Dev-Physics (78F01B33-EBEA-4F98-B9B4-84EACCB95AA2): 0
LogDevObjectVersion:   Dev-Platform (6631380F-2D4D-43E0-8009-CF276956A95A): 0
LogDevObjectVersion:   Dev-Rendering (12F88B9F-8875-4AFC-A67C-D90C383ABD29): 12
LogDevObjectVersion:   Dev-Sequencer (7B5AE74C-D270-4C10-A958-57980B212A5A): 1
LogDevObjectVersion:   Dev-VR (D7296918-1DD6-4BDD-9DE2-64A83CC13884): 0
LogInit: Compiled (64-bit): Jan  6 2017 10:49:43
LogInit: Compiled with Visual C++: 19.00.23026.00
LogInit: Build Configuration: Development
LogInit: Branch Name: ++UE4+Release-4.14
LogInit: Command line:  
LogInit: Base directory: F:/Program Files (x86)/Epic Games/4.14/Engine/Binaries/Win64/
LogInit: Installed Engine Build: 1
LogInit: Presizing for max 8388607 objects, including 0 objects not considered by GC, pre-allocating 0 bytes for permanent pool.
LogInit: Object subsystem initialized
[2017.02.27-15.32.18:622][  0]LogInit: Selected Device Profile: [Windows]
[2017.02.27-15.32.18:622][  0]LogInit: Applying CVar settings loaded from the selected device profile: [Windows]
[2017.02.27-15.32.18:669][  0]LogInit: Computer: FRR-PC
[2017.02.27-15.32.18:669][  0]LogInit: User: Frr
[2017.02.27-15.32.18:669][  0]LogInit: CPU Page size=65536, Cores=4
[2017.02.27-15.32.18:669][  0]LogInit: High frequency timer resolution =3.429248 MHz
[2017.02.27-15.32.18:669][  0]LogMemory: Memory total: Physical=16.0GB (16GB approx)
[2017.02.27-15.32.18:669][  0]LogMemory: Platform Memory Stats for Windows
[2017.02.27-15.32.18:669][  0]LogMemory: Process Physical Memory: 266.30 MB used, 266.30 MB peak
[2017.02.27-15.32.18:669][  0]LogMemory: Process Virtual Memory: 265.71 MB used, 265.71 MB peak
[2017.02.27-15.32.18:669][  0]LogMemory: Physical Memory: 5200.72 MB used,  11150.42 MB free, 16351.14 MB total
[2017.02.27-15.32.18:669][  0]LogMemory: Virtual Memory: 664.37 MB used,  11150.42 MB free, 8388608.00 MB total
[2017.02.27-15.32.19:426][  0]LogTextLocalizationManager: No specific translations for ('en-GB') exist, so ('en') translations will be used.
[2017.02.27-15.32.21:002][  0]LogD3D11RHI: D3D11 adapters:
[2017.02.27-15.32.21:082][  0]LogD3D11RHI:    0. 'NVIDIA GeForce GTX 770' (Feature Level 11_0)
[2017.02.27-15.32.21:082][  0]LogD3D11RHI:       1989/0/7919 MB DedicatedVideo/DedicatedSystem/SharedSystem, Outputs:1, VendorId:0x10de
[2017.02.27-15.32.21:082][  0]LogD3D11RHI: Chosen D3D11 Adapter: 0
[2017.02.27-15.32.21:086][  0]LogD3D11RHI: Creating new Direct3DDevice
[2017.02.27-15.32.21:086][  0]LogD3D11RHI:     GPU DeviceId: 0x1184 (for the marketing name, search the web for "GPU Device Id")
[2017.02.27-15.32.21:086][  0]LogWindows: EnumDisplayDevices:
[2017.02.27-15.32.21:086][  0]LogWindows:    0. 'NVIDIA GeForce GTX 770' (P:1 D:1)
[2017.02.27-15.32.21:086][  0]LogWindows:    1. 'NVIDIA GeForce GTX 770' (P:0 D:0)
[2017.02.27-15.32.21:086][  0]LogWindows:    2. 'NVIDIA GeForce GTX 770' (P:0 D:0)
[2017.02.27-15.32.21:087][  0]LogWindows:    3. 'NVIDIA GeForce GTX 770' (P:0 D:0)
[2017.02.27-15.32.21:087][  0]LogWindows:    4. 'RDPDD Chained DD' (P:0 D:0)
[2017.02.27-15.32.21:087][  0]LogWindows:    5. 'RDP Encoder Mirror Driver' (P:0 D:0)
[2017.02.27-15.32.21:087][  0]LogWindows:    6. 'RDP Reflector Display Driver' (P:0 D:0)
[2017.02.27-15.32.21:087][  0]LogWindows: DebugString: GetVideoDriverDetailsInvalid PrimaryIsNotTheChoosenAdapter GetVideoDriverDetailsInvalid PrimaryIsNotTheChoosenAdapter GetVideoDriverDetailsInvalid PrimaryIsNotTheChoosenAdapter FoundDriverCount:4 
[2017.02.27-15.32.21:087][  0]LogD3D11RHI:     Adapter Name: NVIDIA GeForce GTX 770
[2017.02.27-15.32.21:087][  0]LogD3D11RHI:   Driver Version: 378.66 (internal:21.21.13.7866, unified:378.66)
[2017.02.27-15.32.21:087][  0]LogD3D11RHI:      Driver Date: 2-9-2017
[2017.02.27-15.32.21:087][  0]LogRHI: Texture pool is 1361 MB (70% of 1945 MB)
[2017.02.27-15.32.21:095][  0]LogD3D11RHI:Warning: Timestamp queries are currently disabled on this hardware due to instability. Realtime GPU stats will not be available. You can override this behaviour by setting r.NVIDIATimestampWorkaround to 0
[2017.02.27-15.32.21:095][  0]LogD3D11RHI: Async texture creation enabled
[2017.02.27-15.32.21:111][  0]LogD3D11RHI: GPU Timing Frequency: 1000.000000 (Debug: 2 2)
[2017.02.27-15.32.21:111][  0]LogShaderCompilers: Guid format shader working directory is 2 characters bigger than the processId version (C:/Users/Frr/Documents/GitHub/SpaceMilkman/Intermediate/Shaders/WorkingDirectory/9600/).
[2017.02.27-15.32.21:111][  0]LogShaderCompilers: Cleaned the shader compiler working directory 'C:/Users/Frr/AppData/Local/Temp/UnrealShaderWorkingDir/361919574F75A05CF5EEAC915B7E5C67/'.
[2017.02.27-15.32.21:111][  0]LogShaderCompilers:Display: Using Local Shader Compiler.
[2017.02.27-15.32.24:518][  0]LogTemp:Display: Loaded TP AllDesktopTargetPlatform
[2017.02.27-15.32.24:573][  0]LogTemp:Display: Loaded TP MacClientTargetPlatform
[2017.02.27-15.32.24:628][  0]LogTemp:Display: Loaded TP MacNoEditorTargetPlatform
[2017.02.27-15.32.24:683][  0]LogTemp:Display: Loaded TP MacServerTargetPlatform
[2017.02.27-15.32.24:774][  0]LogTemp:Display: Loaded TP MacTargetPlatform
[2017.02.27-15.32.24:829][  0]LogTemp:Display: Loaded TP WindowsClientTargetPlatform
[2017.02.27-15.32.24:885][  0]LogTemp:Display: Loaded TP WindowsNoEditorTargetPlatform
[2017.02.27-15.32.24:940][  0]LogTemp:Display: Loaded TP WindowsServerTargetPlatform
[2017.02.27-15.32.24:986][  0]LogTemp:Display: Loaded TP WindowsTargetPlatform
[2017.02.27-15.32.25:070][  0]LogTemp:Display: Loaded TP AndroidTargetPlatform
[2017.02.27-15.32.25:125][  0]LogTemp:Display: Loaded TP Android_ASTCTargetPlatform
[2017.02.27-15.32.25:180][  0]LogTemp:Display: Loaded TP Android_ATCTargetPlatform
[2017.02.27-15.32.25:234][  0]LogTemp:Display: Loaded TP Android_DXTTargetPlatform
[2017.02.27-15.32.25:289][  0]LogTemp:Display: Loaded TP Android_ETC1TargetPlatform
[2017.02.27-15.32.25:344][  0]LogTemp:Display: Loaded TP Android_ETC2TargetPlatform
[2017.02.27-15.32.25:453][  0]LogTemp:Display: Loaded TP Android_MultiTargetPlatform
[2017.02.27-15.32.25:453][  0]LogTemp:Display: Loaded TP Android_PVRTCTargetPlatform
[2017.02.27-15.32.25:491][  0]LogTemp:Display: Loaded TP HTML5TargetPlatform
[2017.02.27-15.32.25:605][  0]LogTemp:Display: Loaded TP IOSTargetPlatform
[2017.02.27-15.32.25:640][  0]LogTemp:Display: Loaded TP TVOSTargetPlatform
[2017.02.27-15.32.25:694][  0]LogTemp:Display: Loaded TP LinuxClientTargetPlatform
[2017.02.27-15.32.25:748][  0]LogTemp:Display: Loaded TP LinuxNoEditorTargetPlatform
[2017.02.27-15.32.25:802][  0]LogTemp:Display: Loaded TP LinuxServerTargetPlatform
[2017.02.27-15.32.25:876][  0]LogTemp:Display: Loaded TP LinuxTargetPlatform
[2017.02.27-15.32.25:876][  0]LogTargetPlatformManager:Display: Building Assets For Windows
[2017.02.27-15.32.26:612][  0]LogDerivedDataCache:Display: Max Cache Size: 512 MB
[2017.02.27-15.32.26:846][  0]LogDerivedDataCache: Loaded boot cache 0.23s 50MB C:/Users/Frr/AppData/Local/UnrealEngine/4.14/DerivedDataCache/Boot.ddc.
[2017.02.27-15.32.26:846][  0]LogDerivedDataCache:Display: Loaded Boot cache: C:/Users/Frr/AppData/Local/UnrealEngine/4.14/DerivedDataCache/Boot.ddc
[2017.02.27-15.32.26:846][  0]LogDerivedDataCache: FDerivedDataBackendGraph:  Pak pak cache file C:/Users/Frr/Documents/GitHub/SpaceMilkman/DerivedDataCache/DDC.ddp not found, will not use a pak cache.
[2017.02.27-15.32.26:846][  0]LogDerivedDataCache: Unable to find inner node Pak for hierarchical cache Hierarchy.
[2017.02.27-15.32.26:846][  0]LogDerivedDataCache: FDerivedDataBackendGraph:  CompressedPak pak cache file C:/Users/Frr/Documents/GitHub/SpaceMilkman/DerivedDataCache/Compressed.ddp not found, will not use a pak cache.
[2017.02.27-15.32.26:846][  0]LogDerivedDataCache: Unable to find inner node CompressedPak for hierarchical cache Hierarchy.
[2017.02.27-15.32.26:942][  0]LogDerivedDataCache:Display: Pak cache opened for reading ../../../Engine/DerivedDataCache/Compressed.ddp.
[2017.02.27-15.32.26:954][  0]LogDerivedDataCache: Using Local data cache path C:/Users/Frr/AppData/Local/UnrealEngine/Common/DerivedDataCache: Writable
[2017.02.27-15.32.27:685][  0]LogInit: Selected Device Profile: [Windows]
[2017.02.27-15.32.27:693][  0]LogContentStreaming: Texture pool size is 0.00 MB
[2017.02.27-15.32.28:257][  0]LogMeshUtilities: Using QuadricMeshReduction for automatic static mesh reduction
[2017.02.27-15.32.28:468][  0]LogSimplygon: Simplygon DLL not present - disabling.
[2017.02.27-15.32.28:524][  0]LogMeshUtilities: Using SimplygonSwarm for distributed automatic mesh merging
[2017.02.27-15.32.28:524][  0]LogMeshUtilities: No automatic skeletal mesh reduction module available
[2017.02.27-15.32.28:524][  0]LogMeshUtilities: No automatic mesh merging module available
[2017.02.27-15.32.32:174][  0]LogNetVersion: GetLocalNetworkVersion: CL: 3195953, ProjectName: spacemilkman, ProjectVersion: , EngineNetworkVersion: 2, GameNetworkVersion: 0, NetworkChecksum: 1253371032
[2017.02.27-15.32.32:333][  0]LogAssetRegistry: FAssetRegistry took 0.0205 seconds to start up
[2017.02.27-15.32.32:442][  0]LogPackageLocalizationCache: Processed 3 localized package path(s) for 2 prioritized culture(s) in 0.054746 seconds
[2017.02.27-15.32.32:448][  0]LogUObjectArray: 31946 objects as part of root set at end of initial load.
[2017.02.27-15.32.32:448][  0]LogUObjectAllocator: 6935840 out of 0 bytes used by permanent object pool.
[2017.02.27-15.32.32:448][  0]LogUObjectArray: CloseDisregardForGC: 0/0 objects in disregard for GC pool
[2017.02.27-15.32.32:499][  0]LogInit: WinSock: version 1.1 (2.2), MaxSocks=32767, MaxUdp=65467
[2017.02.27-15.32.33:847][  0]LogSlate: Using Freetype 2.6.0
[2017.02.27-15.32.33:936][  0]LogSlate: SlateFontCache - WITH_FREETYPE: 1, WITH_HARFBUZZ: 1
[2017.02.27-15.32.33:936][  0]LogSlate: SlateFontCache - WITH_FREETYPE: 1, WITH_HARFBUZZ: 1
[2017.02.27-15.32.55:265][  0]LogTcpMessaging: Initializing TcpMessaging bridge
[2017.02.27-15.32.55:325][  0]LogUdpMessaging: Initializing bridge on interface 0.0.0.0:0 to multicast group 230.0.0.1:6666.
[2017.02.27-15.32.56:199][  0]LogMaterial: Uniform references updated for custom material expression Custom.
[2017.02.27-15.32.56:893][  0]SourceControl: Info Source control is disabled
[2017.02.27-15.32.56:894][  0]SourceControl: Info Source control is disabled
[2017.02.27-15.32.57:042][  0]SourceControl: Info Source control is disabled
[2017.02.27-15.32.57:129][  0]SourceControl: Info Source control is disabled
[2017.02.27-15.32.59:557][  0]LogEngine: Initializing Engine...
[2017.02.27-15.32.59:832][  0]LogHMD: Failed to initialize OpenVR with code 108
[2017.02.27-15.33.00:609][  0]LogAIModule: Creating AISystem for world Untitled
[2017.02.27-15.33.00:633][  0]LogInit: XAudio2 using 'Speakers (Realtek High Definition Audio)' : 2 channels at 48 kHz using 32 bits per sample (channel mask 0x3)
[2017.02.27-15.33.00:646][  0]LogInit: FAudioDevice initialized.
[2017.02.27-15.33.00:671][  0]LogDerivedDataCache: Saved boot cache 0.02s 50MB C:/Users/Frr/AppData/Local/UnrealEngine/4.14/DerivedDataCache/Boot.ddc.
[2017.02.27-15.33.00:675][  0]LogInit: Texture streaming: Enabled
[2017.02.27-15.33.01:291][  0]LogInit: Transaction tracking system initialized
[2017.02.27-15.33.01:637][  0]BlueprintLog: New page: Editor Load
[2017.02.27-15.33.02:819][  0]LocalizationService: Info Localization service is disabled
[2017.02.27-15.33.03:740][  0]LogConsoleResponse:Display: 
[2017.02.27-15.33.05:373][  0]LogCook:Display: Max memory allowance for cook 16384mb min free memory 0mb
[2017.02.27-15.33.05:373][  0]LogCook:Display: Mobile HDR setting 1
[2017.02.27-15.33.05:659][  0]LogFileCache: Scanning file cache for directory 'C:/Users/Frr/Documents/GitHub/SpaceMilkman/Content/' took 0.01s
[2017.02.27-15.33.08:191][  0]SourceControl: Info Source control is disabled
[2017.02.27-15.33.08:191][  0]Cmd: MAP LOAD FILE="C:/Users/Frr/Documents/GitHub/SpaceMilkman/Content/My2DMap.umap" TEMPLATE=0 SHOWPROGRESS=1 FEATURELEVEL=3
[2017.02.27-15.33.08:192][  0]LightingResults: New page: Lighting Build
[2017.02.27-15.33.08:226][  0]MapCheck: New page: Map Check
[2017.02.27-15.33.08:226][  0]LightingResults: New page: Lighting Build
[2017.02.27-15.33.09:135][  0]LogAIModule: Creating AISystem for world My2DMap
[2017.02.27-15.33.09:220][  0]LogEditorServer: Finished looking for orphan Actors (0.000 secs)
[2017.02.27-15.33.09:221][  0]Cmd: MAP CHECKDEP NOCLEARLOG
[2017.02.27-15.33.09:272][  0]MapCheck: Info Map check complete: 0 Error(s), 0 Warning(s), took 50.962ms to complete.
[2017.02.27-15.33.09:272][  0]LogFileHelpers: Loading map 'My2DMap' took 1.081
[2017.02.27-15.33.09:937][  0]LogCollectionManager: Loaded 0 collections in 0.003388 seconds
[2017.02.27-15.33.10:039][  0]LogFileCache: Scanning file cache for directory 'C:/Users/Frr/Documents/GitHub/SpaceMilkman/Saved/Collections/' took 0.01s
[2017.02.27-15.33.10:039][  0]LogFileCache: Scanning file cache for directory 'C:/Users/Frr/Documents/GitHub/SpaceMilkman/Content/Developers/Frr/Collections/' took 0.01s
[2017.02.27-15.33.10:039][  0]LogFileCache: Scanning file cache for directory 'C:/Users/Frr/Documents/GitHub/SpaceMilkman/Content/Collections/' took 0.01s
[2017.02.27-15.33.10:039][  0]LogCollectionManager: Rebuilt the GUID cache for 0 collections in 0.000006 seconds
[2017.02.27-15.33.10:054][  0]LogContentBrowser: Native class hierarchy populated in 0.0149 seconds. Added 2190 classes and 428 folders.
[2017.02.27-15.33.10:104][  0]LogStats: UGameplayTagsManager::ConstructGameplayTagTree: Construct from data asset -  0.000 s
[2017.02.27-15.33.10:104][  0]LogStats: UGameplayTagsManager::ConstructGameplayTagTree: GameplayTagTreeChangedEvent.Broadcast -  0.000 s
[2017.02.27-15.33.10:104][  0]LogContentBrowser: Native class hierarchy updated for 'GameplayTags' in 0.0006 seconds. Added 13 classes and 0 folders.
[2017.02.27-15.33.10:155][  0]LogContentBrowser: Native class hierarchy updated for 'WidgetCarousel' in 0.0005 seconds. Added 0 classes and 0 folders.
[2017.02.27-15.33.13:032][  0]LogContentBrowser: Native class hierarchy updated for 'AddContentDialog' in 0.0009 seconds. Added 0 classes and 0 folders.
[2017.02.27-15.33.13:115][  0]LogContentBrowser: Native class hierarchy updated for 'SceneOutliner' in 0.0005 seconds. Added 1 classes and 2 folders.
[2017.02.27-15.33.13:283][  0]LogCrashTracker: Crashtracker disabled due to settings.
[2017.02.27-15.33.13:289][  0]LogUObjectGlobals:Warning: Failed to find object 'Class None.'
[2017.02.27-15.33.13:362][  0]LogContentBrowser: Native class hierarchy updated for 'HierarchicalLODOutliner' in 0.0005 seconds. Added 1 classes and 2 folders.
[2017.02.27-15.33.13:362][  0]LogLoad: (Engine Initialization) Total time: 59.97 seconds
[2017.02.27-15.33.13:362][  0]LogLoad: (Engine Initialization) Total Blueprint compile time: 0.38 seconds
[2017.02.27-15.33.13:362][  0]LogExternalProfiler: Found external profiler: VSPerf
[2017.02.27-15.33.13:362][  0]LogExternalProfiler: Using external profiler: VSPerf
[2017.02.27-15.33.13:372][  0]LogOcInput: OculusInput pre-init called
[2017.02.27-15.33.13:393][  0]LogContentStreaming: Texture pool size now 1000 MB
[2017.02.27-15.33.13:821][  1]LogRenderer: Reallocating scene render targets to support 652x424 NumSamples 1 (Frame:2).
[2017.02.27-15.33.13:827][  1]LogAssetRegistry: Asset discovery search completed in 41.5130 seconds
[2017.02.27-15.33.13:827][  1]LogCollectionManager: Rebuilt the object cache for 0 collections in 0.000001 seconds (found 0 objects)
[2017.02.27-15.33.13:827][  1]LogCollectionManager: Fixed up redirectors for 0 collections in 0.000020 seconds (updated 0 objects)
[2017.02.27-15.33.16:365][203]LogRenderer: Reallocating scene render targets to support 908x576 NumSamples 1 (Frame:205).
[2017.02.27-15.33.17:329][312]LogTemp: Repeting last play command: New Editor Window (PIE)
[2017.02.27-15.33.17:344][312]LogPlayLevel: PlayLevel: No blueprints needed recompiling
[2017.02.27-15.33.17:345][312]PIE: New page: PIE session: My2DMap (27 Feb 2017 15:33:17)
[2017.02.27-15.33.17:345][312]LogPlayLevel: Creating play world package: /Game/UEDPIE_0_My2DMap
[2017.02.27-15.33.17:348][312]LogPlayLevel: PIE: StaticDuplicateObject took: (0.002601s)
[2017.02.27-15.33.17:348][312]LogAIModule: Creating AISystem for world My2DMap
[2017.02.27-15.33.17:348][312]LogPlayLevel: PIE: World Init took: (0.000893s)
[2017.02.27-15.33.17:349][312]LogPlayLevel: PIE: Created PIE world by copying editor world from /Game/My2DMap.My2DMap to /Game/UEDPIE_0_My2DMap.My2DMap (0.003770s)
[2017.02.27-15.33.17:371][312]LogInit: XAudio2 using 'Speakers (Realtek High Definition Audio)' : 2 channels at 48 kHz using 32 bits per sample (channel mask 0x3)
[2017.02.27-15.33.17:381][312]LogInit: FAudioDevice initialized.
[2017.02.27-15.33.17:435][312]LogLoad: Game class is 'PaperGameMode_C'
[2017.02.27-15.33.17:437][312]LogWorld: Bringing World /Game/UEDPIE_0_My2DMap.My2DMap up for play (max tick rate 0) at 2017.02.27-15.33.17
[2017.02.27-15.33.17:438][312]LogWorld: Bringing up level for play took: 0.001668
[2017.02.27-15.33.17:472][312]LogContentBrowser: Native class hierarchy updated for 'MovieSceneCapture' in 0.0005 seconds. Added 11 classes and 0 folders.
[2017.02.27-15.33.17:479][312]PIE: Info Play in editor start time for /Game/UEDPIE_0_My2DMap 0.198
[2017.02.27-15.33.17:509][312]LogRenderer: Reallocating scene render targets to support 1292x756 NumSamples 1 (Frame:307).
[2017.02.27-15.33.19:902][577]LogSynthBenchmark:Display: FSynthBenchmark (V0.95):  requested WorkScale=5.00
[2017.02.27-15.33.19:902][577]LogSynthBenchmark:Display: ===============
[2017.02.27-15.33.19:902][577]LogSynthBenchmark:Display: Main Processor:
[2017.02.27-15.33.20:105][577]LogSynthBenchmark:Display:          ... 0.019428 s/Run 'RayIntersect'
[2017.02.27-15.33.20:105][577]LogSynthBenchmark:Display:          ... 0.021143 s/Run 'Fractal'
[2017.02.27-15.33.20:105][577]LogSynthBenchmark:Display: 
[2017.02.27-15.33.20:105][577]LogSynthBenchmark:Display:   CompiledTarget_x_Bits: 64
[2017.02.27-15.33.20:105][577]LogSynthBenchmark:Display:   UE_BUILD_SHIPPING: 0
[2017.02.27-15.33.20:105][577]LogSynthBenchmark:Display:   UE_BUILD_TEST: 0
[2017.02.27-15.33.20:105][577]LogSynthBenchmark:Display:   UE_BUILD_DEBUG: 0
[2017.02.27-15.33.20:105][577]LogSynthBenchmark:Display:   TotalPhysicalGBRam: 16
[2017.02.27-15.33.20:105][577]LogSynthBenchmark:Display:   NumberOfCores (physical): 4
[2017.02.27-15.33.20:105][577]LogSynthBenchmark:Display:   NumberOfCores (logical): 8
[2017.02.27-15.33.20:105][577]LogSynthBenchmark:Display:   CPU Perf Index 0: 131.8 (weight 1.00)
[2017.02.27-15.33.20:105][577]LogSynthBenchmark:Display:   CPU Perf Index 1: 135.3 (weight 1.50)
[2017.02.27-15.33.20:105][577]LogSynthBenchmark:Display:  
[2017.02.27-15.33.20:105][577]LogSynthBenchmark:Display: Graphics:
[2017.02.27-15.33.20:105][577]LogSynthBenchmark:Display:   Adapter Name: 'NVIDIA GeForce GTX 770'
[2017.02.27-15.33.20:105][577]LogSynthBenchmark:Display:   (On Optimus the name might be wrong, memory should be ok)
[2017.02.27-15.33.20:105][577]LogSynthBenchmark:Display:   Vendor Id: 0x10DE
[2017.02.27-15.33.20:105][577]LogSynthBenchmark:Display:   Device Id: 0x1184
[2017.02.27-15.33.20:105][577]LogSynthBenchmark:Display:   Device Revision: 0xA1
[2017.02.27-15.33.20:105][577]LogSynthBenchmark:Display:   GPU Memory: 1990/0/7920 MB
[2017.02.27-15.33.20:160][577]LogSynthBenchmark:Display:   GPU first test: 0.01s
[2017.02.27-15.33.20:160][577]LogSynthBenchmark:Display:          ... 2.200 s/GigaPix, Confidence=100% 'ALUHeavyNoise' (likely to be very inaccurate)
[2017.02.27-15.33.20:160][577]LogSynthBenchmark:Display:          ... 2.549 s/GigaPix, Confidence=100% 'TexHeavy' (likely to be very inaccurate)
[2017.02.27-15.33.20:160][577]LogSynthBenchmark:Display:          ... 1.936 s/GigaPix, Confidence=100% 'DepTexHeavy' (likely to be very inaccurate)
[2017.02.27-15.33.20:160][577]LogSynthBenchmark:Display:          ... 3.821 s/GigaPix, Confidence=81% 'FillOnly' (likely to be very inaccurate)
[2017.02.27-15.33.20:160][577]LogSynthBenchmark:Display:          ... 0.577 s/GigaPix, Confidence=100% 'Bandwidth' (likely to be very inaccurate)
[2017.02.27-15.33.20:160][577]LogSynthBenchmark:Display:          ... 24.129 s/GigaVert, Confidence=40% 'VertThroughPut1' (likely to be very inaccurate)
[2017.02.27-15.33.20:160][577]LogSynthBenchmark:Display:          ... 5.066 s/GigaVert, Confidence=100% 'VertThroughPut2' (likely to be very inaccurate)
[2017.02.27-15.33.20:228][577]LogSynthBenchmark:Display:   GPU second test: 0.03s
[2017.02.27-15.33.20:228][577]LogSynthBenchmark:Display:          ... 4.396 s/GigaPix, Confidence=100% 'ALUHeavyNoise' (likely to be inaccurate)
[2017.02.27-15.33.20:228][577]LogSynthBenchmark:Display:          ... 6.892 s/GigaPix, Confidence=100% 'TexHeavy' (likely to be inaccurate)
[2017.02.27-15.33.20:228][577]LogSynthBenchmark:Display:          ... 3.670 s/GigaPix, Confidence=100% 'DepTexHeavy' (likely to be inaccurate)
[2017.02.27-15.33.20:228][577]LogSynthBenchmark:Display:          ... 16.889 s/GigaPix, Confidence=100% 'FillOnly' (likely to be inaccurate)
[2017.02.27-15.33.20:228][577]LogSynthBenchmark:Display:          ... 0.976 s/GigaPix, Confidence=100% 'Bandwidth' (likely to be inaccurate)
[2017.02.27-15.33.20:228][577]LogSynthBenchmark:Display:          ... 1.946 s/GigaVert, Confidence=100% 'VertThroughPut1' (likely to be inaccurate)
[2017.02.27-15.33.20:228][577]LogSynthBenchmark:Display:          ... 3.436 s/GigaVert, Confidence=100% 'VertThroughPut2' (likely to be inaccurate)
[2017.02.27-15.33.21:614][577]LogSynthBenchmark:Display:   GPU third test: 1.34s
[2017.02.27-15.33.21:614][577]LogSynthBenchmark:Display:          ... 5.382 s/GigaPix, Confidence=100% 'ALUHeavyNoise'
[2017.02.27-15.33.21:614][577]LogSynthBenchmark:Display:          ... 9.144 s/GigaPix, Confidence=89% 'TexHeavy'
[2017.02.27-15.33.21:614][577]LogSynthBenchmark:Display:          ... 4.591 s/GigaPix, Confidence=100% 'DepTexHeavy'
[2017.02.27-15.33.21:614][577]LogSynthBenchmark:Display:          ... 29.308 s/GigaPix, Confidence=89% 'FillOnly'
[2017.02.27-15.33.21:614][577]LogSynthBenchmark:Display:          ... 1.175 s/GigaPix, Confidence=100% 'Bandwidth'
[2017.02.27-15.33.21:614][577]LogSynthBenchmark:Display:          ... 1.881 s/GigaVert, Confidence=100% 'VertThroughPut1'
[2017.02.27-15.33.21:614][577]LogSynthBenchmark:Display:          ... 3.623 s/GigaVert, Confidence=100% 'VertThroughPut2'
[2017.02.27-15.33.21:614][577]LogSynthBenchmark:Display:   GPU Final Results:
[2017.02.27-15.33.21:614][577]LogSynthBenchmark:Display:          ... 5.382 s/GigaPix, Confidence=100% 'ALUHeavyNoise'
[2017.02.27-15.33.21:614][577]LogSynthBenchmark:Display:          ... 9.144 s/GigaPix, Confidence=89% 'TexHeavy'
[2017.02.27-15.33.21:614][577]LogSynthBenchmark:Display:          ... 4.591 s/GigaPix, Confidence=100% 'DepTexHeavy'
[2017.02.27-15.33.21:614][577]LogSynthBenchmark:Display:          ... 29.308 s/GigaPix, Confidence=89% 'FillOnly'
[2017.02.27-15.33.21:614][577]LogSynthBenchmark:Display:          ... 1.175 s/GigaPix, Confidence=100% 'Bandwidth'
[2017.02.27-15.33.21:614][577]LogSynthBenchmark:Display:          ... 1.881 s/GigaVert, Confidence=100% 'VertThroughPut1'
[2017.02.27-15.33.21:614][577]LogSynthBenchmark:Display:          ... 3.623 s/GigaVert, Confidence=100% 'VertThroughPut2'
[2017.02.27-15.33.21:614][577]LogSynthBenchmark:Display: 
[2017.02.27-15.33.21:614][577]LogSynthBenchmark:Display:   GPU Perf Index 0: 117.0 (weight 1.00)
[2017.02.27-15.33.21:614][577]LogSynthBenchmark:Display:   GPU Perf Index 1: 122.8 (weight 0.10)
[2017.02.27-15.33.21:614][577]LogSynthBenchmark:Display:   GPU Perf Index 2: 119.3 (weight 0.10)
[2017.02.27-15.33.21:614][577]LogSynthBenchmark:Display:   GPU Perf Index 3: 115.1 (weight 3.00)
[2017.02.27-15.33.21:614][577]LogSynthBenchmark:Display:   GPU Perf Index 4: 109.6 (weight 1.00)
[2017.02.27-15.33.21:614][577]LogSynthBenchmark:Display:   GPU Perf Index 5: 122.4 (weight 0.00)
[2017.02.27-15.33.21:614][577]LogSynthBenchmark:Display:   GPU Perf Index 6: 205.0 (weight 0.00)
[2017.02.27-15.33.21:614][577]LogSynthBenchmark:Display:   CPUIndex: 133.9
[2017.02.27-15.33.21:614][577]LogSynthBenchmark:Display:   GPUIndex: 114.6
[2017.02.27-15.33.21:614][577]LogSynthBenchmark:Display: 
[2017.02.27-15.33.21:614][577]LogSynthBenchmark:Display:          ... Total Time: 1.711558 sec
[2017.02.27-15.34.00:310][150]LogCharacterMovement: MyCharacter_C_0 is stuck and failed to move! Velocity: X=600.00 Y=0.00 Z=0.00 Location: X=7126.33 Y=0.00 Z=168.18 Normal: X=0.00 Y=0.00 Z=-1.00 PenetrationDepth:1.652 Actor:2DLift4 Component:LiftSprite BoneName:None (0 other events since notify)
[2017.02.27-15.34.11:893][537]LogCharacterMovement: MyCharacter_C_0 is stuck and failed to move! Velocity: X=-600.00 Y=0.00 Z=0.00 Location: X=7392.02 Y=-0.00 Z=168.70 Normal: X=0.73 Y=0.00 Z=-0.69 PenetrationDepth:16.310 Actor:2DLift4 Component:LiftSprite BoneName:None (20 other events since notify)
[2017.02.27-15.34.17:577][108]LogContentBrowser: Native class hierarchy updated for 'BlueprintGraph' in 0.0010 seconds. Added 111 classes and 0 folders.
[2017.02.27-15.41.03:594][141]BlueprintLog: New page: Compile MyCharacter
[2017.02.27-15.41.04:926][219]LogTemp: Repeting last play command: New Editor Window (PIE)
[2017.02.27-15.41.04:938][219]LogPlayLevel: PlayLevel: No blueprints needed recompiling
[2017.02.27-15.41.04:938][219]PIE: New page: PIE session: My2DMap (27 Feb 2017 15:41:04)
[2017.02.27-15.41.04:938][219]LogPlayLevel: Creating play world package: /Game/UEDPIE_0_My2DMap
[2017.02.27-15.41.04:940][219]LogPlayLevel: PIE: StaticDuplicateObject took: (0.001897s)
[2017.02.27-15.41.04:940][219]LogAIModule: Creating AISystem for world My2DMap
[2017.02.27-15.41.04:941][219]LogPlayLevel: PIE: World Init took: (0.000544s)
[2017.02.27-15.41.04:941][219]LogPlayLevel: PIE: Created PIE world by copying editor world from /Game/My2DMap.My2DMap to /Game/UEDPIE_0_My2DMap.My2DMap (0.002645s)
[2017.02.27-15.41.04:983][219]LogInit: XAudio2 using 'Speakers (Realtek High Definition Audio)' : 2 channels at 48 kHz using 32 bits per sample (channel mask 0x3)
[2017.02.27-15.41.04:993][219]LogInit: FAudioDevice initialized.
[2017.02.27-15.41.05:030][219]LogLoad: Game class is 'PaperGameMode_C'
[2017.02.27-15.41.05:032][219]LogWorld: Bringing World /Game/UEDPIE_0_My2DMap.My2DMap up for play (max tick rate 0) at 2017.02.27-15.41.05
[2017.02.27-15.41.05:033][219]LogWorld: Bringing up level for play took: 0.001636
[2017.02.27-15.41.05:038][219]PIE: Info Play in editor start time for /Game/UEDPIE_0_My2DMap -0.256
[2017.02.27-15.41.24:958][411]LogAIModule: Creating AISystem for world Milk
[2017.02.27-15.41.26:902][411]Cmd: OBJ SAVEPACKAGE PACKAGE="/Game/Blueprints/MyCharacter" FILE="C:/Users/Frr/Documents/GitHub/SpaceMilkman/Content/Blueprints/MyCharacter.uasset" SILENT=true
[2017.02.27-15.41.27:188][411]LogSavePackage: Save=224.59ms
[2017.02.27-15.41.27:188][411]LogSavePackage: Moving 'C:/Users/Frr/Documents/GitHub/SpaceMilkman/Saved/MyCharacter362727494B9EC85FD63CE3949AE456B3.tmp' to 'C:/Users/Frr/Documents/GitHub/SpaceMilkman/Content/Blueprints/MyCharacter.uasset'
[2017.02.27-15.41.27:191][411]LogSavePackage:Display: Finished SavePackage C:/Users/Frr/Documents/GitHub/SpaceMilkman/Content/Blueprints/MyCharacter.uasset
[2017.02.27-15.41.27:230][411]Cmd: MAP LOAD FILE="C:/Users/Frr/Documents/GitHub/SpaceMilkman/Content/Milk.umap" TEMPLATE=0 SHOWPROGRESS=1 FEATURELEVEL=3
[2017.02.27-15.41.27:230][411]LightingResults: New page: Lighting Build
[2017.02.27-15.41.27:231][411]LoadErrors: New page: Loading map: Milk.umap
[2017.02.27-15.41.27:232][411]MapCheck: New page: Map Check
[2017.02.27-15.41.27:232][411]LightingResults: New page: Lighting Build
[2017.02.27-15.41.27:409][411]LogEditorServer: Finished looking for orphan Actors (0.000 secs)
[2017.02.27-15.41.27:432][411]Cmd: MAP CHECKDEP NOCLEARLOG
[2017.02.27-15.41.27:492][411]MapCheck: Info Map check complete: 0 Error(s), 0 Warning(s), took 59.924ms to complete.
[2017.02.27-15.41.27:492][411]LogFileHelpers: Loading map 'Milk' took 0.301
[2017.02.27-15.41.28:570][536]LogTemp: Repeting last play command: New Editor Window (PIE)
[2017.02.27-15.41.28:579][536]LogPlayLevel: PlayLevel: No blueprints needed recompiling
[2017.02.27-15.41.28:579][536]PIE: New page: PIE session: Milk (27 Feb 2017 15:41:28)
[2017.02.27-15.41.28:579][536]LogPlayLevel: Creating play world package: /Game/UEDPIE_0_Milk
[2017.02.27-15.41.28:582][536]LogPlayLevel: PIE: StaticDuplicateObject took: (0.002444s)
[2017.02.27-15.41.28:582][536]LogAIModule: Creating AISystem for world Milk
[2017.02.27-15.41.28:582][536]LogPlayLevel: PIE: World Init took: (0.000543s)
[2017.02.27-15.41.28:582][536]LogPlayLevel: PIE: Created PIE world by copying editor world from /Game/Milk.Milk to /Game/UEDPIE_0_Milk.Milk (0.003169s)
[2017.02.27-15.41.28:604][536]LogInit: XAudio2 using 'Speakers (Realtek High Definition Audio)' : 2 channels at 48 kHz using 32 bits per sample (channel mask 0x3)
[2017.02.27-15.41.28:612][536]LogInit: FAudioDevice initialized.
[2017.02.27-15.41.28:647][536]LogLoad: Game class is 'PaperGameMode_C'
[2017.02.27-15.41.28:650][536]LogWorld: Bringing World /Game/UEDPIE_0_Milk.Milk up for play (max tick rate 0) at 2017.02.27-15.41.28
[2017.02.27-15.41.28:650][536]LogWorld: Bringing up level for play took: 0.001862
[2017.02.27-15.41.28:655][536]PIE: Info Play in editor start time for /Game/UEDPIE_0_Milk -0.639
[2017.02.27-15.41.59:813][233]LogAIModule: Creating AISystem for world Main
[2017.02.27-15.41.59:831][233]Cmd: MAP LOAD FILE="C:/Users/Frr/Documents/GitHub/SpaceMilkman/Content/Main.umap" TEMPLATE=0 SHOWPROGRESS=1 FEATURELEVEL=3
[2017.02.27-15.41.59:831][233]LightingResults: New page: Lighting Build
[2017.02.27-15.41.59:832][233]LoadErrors: New page: Loading map: Main.umap
[2017.02.27-15.41.59:832][233]MapCheck: New page: Map Check
[2017.02.27-15.41.59:832][233]LightingResults: New page: Lighting Build
[2017.02.27-15.41.59:910][233]LogEditorServer: Finished looking for orphan Actors (0.000 secs)
[2017.02.27-15.41.59:926][233]Cmd: MAP CHECKDEP NOCLEARLOG
[2017.02.27-15.41.59:984][233]MapCheck: Info Map check complete: 0 Error(s), 0 Warning(s), took 57.184ms to complete.
[2017.02.27-15.41.59:984][233]LogFileHelpers: Loading map 'Main' took 0.154
[2017.02.27-15.42.01:139][370]LogTemp: Repeting last play command: New Editor Window (PIE)
[2017.02.27-15.42.01:184][370]LogBlueprintUserMessages: Early PlayInEditor Detection: Level '/Game/Main.Main:PersistentLevel' has LevelScriptBlueprint '/Game/Main.Main:PersistentLevel.Main' with GeneratedClass '/Game/Main.Main_C' with ClassGeneratedBy '/Game/Main.Main:PersistentLevel.Main'
[2017.02.27-15.42.01:184][370]LogPlayLevel: PlayLevel: No blueprints needed recompiling
[2017.02.27-15.42.01:184][370]PIE: New page: PIE session: Main (27 Feb 2017 15:42:01)
[2017.02.27-15.42.01:184][370]LogPlayLevel: Creating play world package: /Game/UEDPIE_0_Main
[2017.02.27-15.42.01:186][370]LogPlayLevel: PIE: StaticDuplicateObject took: (0.001543s)
[2017.02.27-15.42.01:186][370]LogAIModule: Creating AISystem for world Main
[2017.02.27-15.42.01:186][370]LogPlayLevel: PIE: World Init took: (0.000506s)
[2017.02.27-15.42.01:187][370]LogPlayLevel: PIE: Created PIE world by copying editor world from /Game/Main.Main to /Game/UEDPIE_0_Main.Main (0.002218s)
[2017.02.27-15.42.01:207][370]LogInit: XAudio2 using 'Speakers (Realtek High Definition Audio)' : 2 channels at 48 kHz using 32 bits per sample (channel mask 0x3)
[2017.02.27-15.42.01:215][370]LogInit: FAudioDevice initialized.
[2017.02.27-15.42.01:256][370]LogLoad: Game class is 'PaperGameMode_C'
[2017.02.27-15.42.01:258][370]LogWorld: Bringing World /Game/UEDPIE_0_Main.Main up for play (max tick rate 0) at 2017.02.27-15.42.01
[2017.02.27-15.42.01:258][370]LogWorld: Bringing up level for play took: 0.000747
[2017.02.27-15.42.01:312][370]PIE: Info Play in editor start time for /Game/UEDPIE_0_Main 0.017
[2017.02.27-15.42.01:312][370]LogBlueprintUserMessages: Late PlayInEditor Detection: Level '/Game/Main.Main:PersistentLevel' has LevelScriptBlueprint '/Game/Main.Main:PersistentLevel.Main' with GeneratedClass '/Game/Main.Main_C' with ClassGeneratedBy '/Game/Main.Main:PersistentLevel.Main'
[2017.02.27-15.42.04:260][712]LogNet: Browse: /Game/My2DMap
[2017.02.27-15.42.04:266][712]LogLoad: LoadMap: /Game/My2DMap
[2017.02.27-15.42.04:285][712]Cmd: MEM
[2017.02.27-15.42.04:464][712]LogMemory: Platform Memory Stats for Windows
[2017.02.27-15.42.04:464][712]LogMemory: Process Physical Memory: 1187.73 MB used, 1190.29 MB peak
[2017.02.27-15.42.04:464][712]LogMemory: Process Virtual Memory: 1509.07 MB used, 1572.86 MB peak
[2017.02.27-15.42.04:464][712]LogMemory: Physical Memory: 5112.95 MB used,  11238.20 MB free, 16351.14 MB total
[2017.02.27-15.42.04:464][712]LogMemory: Virtual Memory: 2221.09 MB used,  11238.20 MB free, 8388608.00 MB total
[2017.02.27-15.42.04:464][712]LogMemory: 
[2017.02.27-15.42.04:464][712]Allocator Stats for TBB: (not implemented)
[2017.02.27-15.42.04:880][712]LogAIModule: Creating AISystem for world My2DMap
[2017.02.27-15.42.04:880][712]LogLoad: Game class is 'PaperGameMode_C'
[2017.02.27-15.42.04:884][712]LogWorld: Bringing World /Game/UEDPIE_0_My2DMap.My2DMap up for play (max tick rate 0) at 2017.02.27-15.42.04
[2017.02.27-15.42.04:885][712]LogWorld: Bringing up level for play took: 0.003399
[2017.02.27-15.42.04:895][712]LogLoad: Took 0.629019 seconds to LoadMap(/Game/My2DMap)
[2017.02.27-15.42.08:631][157]LogBlueprintUserMessages: Early EndPlayMap Detection: Level '/Game/Main.Main:PersistentLevel' has LevelScriptBlueprint '/Game/Main.Main:PersistentLevel.Main' with GeneratedClass '/Game/Main.Main_C' with ClassGeneratedBy '/Game/Main.Main:PersistentLevel.Main'
[2017.02.27-15.42.08:672][157]LogBlueprintUserMessages: Late EndPlayMap Detection: Level '/Game/Main.Main:PersistentLevel' has LevelScriptBlueprint '/Game/Main.Main:PersistentLevel.Main' with GeneratedClass '/Game/Main.Main_C' with ClassGeneratedBy '/Game/Main.Main:PersistentLevel.Main'
[2017.02.27-15.42.10:980][422]Cmd: OBJ SAVEPACKAGE PACKAGE="/Game/Main" FILE="C:/Users/Frr/Documents/GitHub/SpaceMilkman/Content/Main.umap" SILENT=true AUTOSAVING=false KEEPDIRTY=false
[2017.02.27-15.42.11:101][422]LogSavePackage: Save=80.86ms
[2017.02.27-15.42.11:101][422]LogSavePackage: Moving 'C:/Users/Frr/Documents/GitHub/SpaceMilkman/Saved/Main9F8706234CD6412ABB575D8071BA7E73.tmp' to 'C:/Users/Frr/Documents/GitHub/SpaceMilkman/Content/Main.umap'
[2017.02.27-15.42.11:102][422]LogSavePackage:Display: Finished SavePackage C:/Users/Frr/Documents/GitHub/SpaceMilkman/Content/Main.umap
[2017.02.27-15.42.12:562][537]Cmd: QUIT_EDITOR
[2017.02.27-15.42.12:813][537]LogExit: Preparing to exit.
[2017.02.27-15.42.13:758][537]LogExit: Editor shut down
[2017.02.27-15.42.13:759][537]LogExit: Transaction tracking system shut down
[2017.02.27-15.42.14:645][537]LogObj: Freed 0b from 0 cluster array pools.
[2017.02.27-15.42.14:645][537]LogExit: Object subsystem successfully closed.
[2017.02.27-15.42.14:700][537]LogD3D11RHI: Shutdown
[2017.02.27-15.42.14:701][537]LogD3D11RHI: CleanupD3DDevice
[2017.02.27-15.42.14:821][537]LogD3D11RHI: ~FD3D11DynamicRHI
[2017.02.27-15.42.15:037][537]LogHttp:Display: Http module shutting down, but needs to wait on 1 outstanding Http requests:
[2017.02.27-15.42.15:037][537]LogHttp:Display: 	verb=[POST] url=[https://datarouter.ol.epicgames.com/datarouter/api/v1/public/data?SessionID=%7BA9FE195D-4A48-AECE-C01C-9EB9C3C8CA75%7D&AppID=UEEditor.Rocket.Release&AppVersion=4.14.3-3249277%2B%2B%2BUE4%2BRelease-4.14&UserID=7597a55b40c4b80579b6818b75e316b0%7C0a889d56fb784a13b4207d8153af110b%7C3bd33cd0-258e-4060-a0ea-4df990fc901c&AppEnvironment=datacollector-binary&UploadType=eteventstream] status=Processing
[2017.02.27-15.42.15:082][537]LogModuleManager: Shutting down and abandoning module BlueprintGraph (245)
[2017.02.27-15.42.15:082][537]LogModuleManager: Shutting down and abandoning module BlueprintProfiler (244)
[2017.02.27-15.42.15:082][537]LogModuleManager: Shutting down and abandoning module SynthBenchmark (243)
[2017.02.27-15.42.15:082][537]LogModuleManager: Shutting down and abandoning module MovieSceneCapture (242)
[2017.02.27-15.42.15:082][537]LogModuleManager: Shutting down and abandoning module HierarchicalLODOutliner (241)
[2017.02.27-15.42.15:094][537]LogModuleManager: Shutting down and abandoning module CrashTracker (240)
[2017.02.27-15.42.15:094][537]LogModuleManager: Shutting down and abandoning module SceneOutliner (239)
[2017.02.27-15.42.15:094][537]LogModuleManager: Shutting down and abandoning module WidgetCarousel (238)
[2017.02.27-15.42.15:094][537]LogModuleManager: Shutting down and abandoning module AddContentDialog (237)
[2017.02.27-15.42.15:111][537]LogDirectoryWatcher: A directory notification for 'F:/Program Files (x86)/Epic Games/4.14/FeaturePacks/' was aborted.
[2017.02.27-15.42.15:111][537]LogModuleManager: Shutting down and abandoning module GameplayTags (236)
[2017.02.27-15.42.15:111][537]LogModuleManager: Shutting down and abandoning module EditorWidgets (235)
[2017.02.27-15.42.15:111][537]LogModuleManager: Shutting down and abandoning module CollectionManager (234)
[2017.02.27-15.42.15:111][537]LogDirectoryWatcher: A directory notification for 'C:/Users/Frr/Documents/GitHub/SpaceMilkman/Content/Collections/' was aborted.
[2017.02.27-15.42.15:111][537]LogDirectoryWatcher: A directory notification for 'C:/Users/Frr/Documents/GitHub/SpaceMilkman/Content/Developers/Frr/Collections/' was aborted.
[2017.02.27-15.42.15:111][537]LogDirectoryWatcher: A directory notification for 'C:/Users/Frr/Documents/GitHub/SpaceMilkman/Saved/Collections/' was aborted.
[2017.02.27-15.42.15:112][537]LogModuleManager: Shutting down and abandoning module StatsViewer (233)
[2017.02.27-15.42.15:112][537]LogModuleManager: Shutting down and abandoning module FoliageEdit (232)
[2017.02.27-15.42.15:112][537]LogModuleManager: Shutting down and abandoning module LandscapeEditor (231)
[2017.02.27-15.42.15:128][537]LogModuleManager: Shutting down and abandoning module SceneDepthPickerMode (230)
[2017.02.27-15.42.15:128][537]LogModuleManager: Shutting down and abandoning module ActorPickerMode (229)
[2017.02.27-15.42.15:128][537]LogModuleManager: Shutting down and abandoning module GeometryMode (228)
[2017.02.27-15.42.15:128][537]LogModuleManager: Shutting down and abandoning module TextureAlignMode (227)
[2017.02.27-15.42.15:128][537]LogModuleManager: Shutting down and abandoning module BspMode (226)
[2017.02.27-15.42.15:128][537]LogModuleManager: Shutting down and abandoning module HardwareSurvey (225)
[2017.02.27-15.42.15:128][537]LogModuleManager: Shutting down and abandoning module SequenceRecorderSections (224)
[2017.02.27-15.42.15:129][537]LogModuleManager: Shutting down and abandoning module AutomationWorker (223)
[2017.02.27-15.42.15:129][537]LogModuleManager: Shutting down and abandoning module MatineeToLevelSequence (222)
[2017.02.27-15.42.15:129][537]LogModuleManager: Shutting down and abandoning module PlacementMode (221)
[2017.02.27-15.42.15:129][537]LogModuleManager: Shutting down and abandoning module LevelSequenceEditor (220)
[2017.02.27-15.42.15:129][537]LogModuleManager: Shutting down and abandoning module WmfMediaFactory (219)
[2017.02.27-15.42.15:129][537]LogModuleManager: Shutting down and abandoning module WmfMediaEditor (218)
[2017.02.27-15.42.15:129][537]LogModuleManager: Shutting down and abandoning module AvfMediaFactory (217)
[2017.02.27-15.42.15:129][537]LogModuleManager: Shutting down and abandoning module AvfMediaEditor (216)
[2017.02.27-15.42.15:129][537]LogModuleManager: Shutting down and abandoning module Media (215)
[2017.02.27-15.42.15:129][537]LogModuleManager: Shutting down and abandoning module AndroidMediaFactory (214)
[2017.02.27-15.42.15:129][537]LogModuleManager: Shutting down and abandoning module AndroidMediaEditor (213)
[2017.02.27-15.42.15:129][537]LogModuleManager: Shutting down and abandoning module CharacterAI (212)
[2017.02.27-15.42.15:129][537]LogModuleManager: Shutting down and abandoning module SequenceRecorder (211)
[2017.02.27-15.42.15:162][537]LogModuleManager: Shutting down and abandoning module AudioCapture (210)
[2017.02.27-15.42.15:162][537]LogModuleManager: Shutting down and abandoning module SmartSnapping (209)
[2017.02.27-15.42.15:162][537]LogModuleManager: Shutting down and abandoning module SessionServices (208)
[2017.02.27-15.42.15:162][537]LogModuleManager: Shutting down and abandoning module ViewportSnapping (207)
[2017.02.27-15.42.15:162][537]LogModuleManager: Shutting down and abandoning module ViewportInteraction (206)
[2017.02.27-15.42.15:162][537]LogModuleManager: Shutting down and abandoning module LogVisualizer (205)
[2017.02.27-15.42.15:162][537]LogModuleManager: Shutting down and abandoning module GameProjectGeneration (204)
[2017.02.27-15.42.15:185][537]LogModuleManager: Shutting down and abandoning module IntroTutorials (203)
[2017.02.27-15.42.15:185][537]LogModuleManager: Shutting down and abandoning module EditorLiveStreaming (202)
[2017.02.27-15.42.15:185][537]LogModuleManager: Shutting down and abandoning module IOSPlatformEditor (201)
[2017.02.27-15.42.15:185][537]LogModuleManager: Shutting down and abandoning module HTML5PlatformEditor (200)
[2017.02.27-15.42.15:185][537]LogModuleManager: Shutting down and abandoning module AndroidDeviceDetection (199)
[2017.02.27-15.42.15:318][537]LogModuleManager: Shutting down and abandoning module AndroidPlatformEditor (198)
[2017.02.27-15.42.15:318][537]LogModuleManager: Shutting down and abandoning module IOSRuntimeSettings (197)
[2017.02.27-15.42.15:318][537]LogModuleManager: Shutting down and abandoning module AndroidRuntimeSettings (196)
[2017.02.27-15.42.15:318][537]LogModuleManager: Shutting down and abandoning module InputBindingEditor (195)
[2017.02.27-15.42.15:318][537]LogModuleManager: Shutting down and abandoning module NiagaraEditor (194)
[2017.02.27-15.42.15:319][537]LogModuleManager: Shutting down and abandoning module MergeActors (193)
[2017.02.27-15.42.15:319][537]LogModuleManager: Shutting down and abandoning module SizeMap (192)
[2017.02.27-15.42.15:319][537]LogModuleManager: Shutting down and abandoning module TreeMap (191)
[2017.02.27-15.42.15:319][537]LogModuleManager: Shutting down and abandoning module ReferenceViewer (190)
[2017.02.27-15.42.15:319][537]LogModuleManager: Shutting down and abandoning module LocalizationService (189)
[2017.02.27-15.42.15:319][537]LogModuleManager: Shutting down and abandoning module LocalizationDashboard (188)
[2017.02.27-15.42.15:319][537]LogModuleManager: Shutting down and abandoning module HardwareTargeting (187)
[2017.02.27-15.42.15:320][537]LogModuleManager: Shutting down and abandoning module DeviceProfileEditor (186)
[2017.02.27-15.42.15:342][537]LogModuleManager: Shutting down and abandoning module UndoHistory (185)
[2017.02.27-15.42.15:342][537]LogModuleManager: Shutting down and abandoning module UserFeedback (184)
[2017.02.27-15.42.15:342][537]LogModuleManager: Shutting down and abandoning module XmlParser (183)
[2017.02.27-15.42.15:342][537]LogModuleManager: Shutting down and abandoning module Blutility (182)
[2017.02.27-15.42.15:342][537]LogModuleManager: Shutting down and abandoning module ProjectTargetPlatformEditor (181)
[2017.02.27-15.42.15:343][537]LogModuleManager: Shutting down and abandoning module ProjectSettingsViewer (180)
[2017.02.27-15.42.15:343][537]LogModuleManager: Shutting down and abandoning module EditorSettingsViewer (179)
[2017.02.27-15.42.15:343][537]LogModuleManager: Shutting down and abandoning module SettingsEditor (178)
[2017.02.27-15.42.15:343][537]LogModuleManager: Shutting down and abandoning module ProjectLauncher (177)
[2017.02.27-15.42.15:343][537]LogModuleManager: Shutting down and abandoning module SessionFrontend (176)
[2017.02.27-15.42.15:343][537]LogModuleManager: Shutting down and abandoning module ProfilerClient (175)
[2017.02.27-15.42.15:343][537]LogModuleManager: Shutting down and abandoning module TargetDeviceServices (174)
[2017.02.27-15.42.15:343][537]LogModuleManager: Shutting down and abandoning module DeviceManager (173)
[2017.02.27-15.42.15:383][537]LogModuleManager: Shutting down and abandoning module AutomationController (172)
[2017.02.27-15.42.15:383][537]LogModuleManager: Shutting down and abandoning module AutomationWindow (171)
[2017.02.27-15.42.15:383][537]LogModuleManager: Shutting down and abandoning module Layers (170)
[2017.02.27-15.42.15:412][537]LogModuleManager: Shutting down and abandoning module ComponentVisualizers (169)
[2017.02.27-15.42.15:412][537]LogModuleManager: Shutting down and abandoning module DetailCustomizations (168)
[2017.02.27-15.42.15:423][537]LogModuleManager: Shutting down and abandoning module PackagesDialog (167)
[2017.02.27-15.42.15:424][537]LogModuleManager: Shutting down and abandoning module AnimGraph (166)
[2017.02.27-15.42.15:424][537]LogModuleManager: Shutting down and abandoning module Persona (165)
[2017.02.27-15.42.15:424][537]LogModuleManager: Shutting down and abandoning module Kismet (164)
[2017.02.27-15.42.15:443][537]LogModuleManager: Shutting down and abandoning module GraphEditor (163)
[2017.02.27-15.42.15:443][537]LogModuleManager: Shutting down and abandoning module ClassViewer (162)
[2017.02.27-15.42.15:460][537]LogModuleManager: Shutting down and abandoning module Toolbox (161)
[2017.02.27-15.42.15:460][537]LogModuleManager: Shutting down and abandoning module ModuleUI (160)
[2017.02.27-15.42.15:460][537]LogModuleManager: Shutting down and abandoning module MovieSceneTools (159)
[2017.02.27-15.42.15:487][537]LogModuleManager: Shutting down and abandoning module OutputLog (158)
[2017.02.27-15.42.15:487][537]LogModuleManager: Shutting down and abandoning module GammaUI (157)
[2017.02.27-15.42.15:487][537]LogModuleManager: Shutting down and abandoning module Documentation (156)
[2017.02.27-15.42.15:487][537]LogModuleManager: Shutting down and abandoning module Niagara (155)
[2017.02.27-15.42.15:487][537]LogModuleManager: Shutting down and abandoning module StreamingPauseRendering (154)
[2017.02.27-15.42.15:487][537]LogModuleManager: Shutting down and abandoning module AnalyticsET (153)
[2017.02.27-15.42.15:487][537]LogModuleManager: Shutting down and abandoning module PortalServices (152)
[2017.02.27-15.42.15:487][537]LogModuleManager: Shutting down and abandoning module PortalRpc (151)
[2017.02.27-15.42.15:487][537]LogModuleManager: Shutting down and abandoning module MessagingRpc (150)
[2017.02.27-15.42.15:487][537]LogModuleManager: Shutting down and abandoning module GameplayDebugger (149)
[2017.02.27-15.42.15:501][537]LogModuleManager: Shutting down and abandoning module AITestSuite (148)
[2017.02.27-15.42.15:501][537]LogModuleManager: Shutting down and abandoning module AIModule (147)
[2017.02.27-15.42.15:501][537]LogModuleManager: Shutting down and abandoning module ProfilerService (146)
[2017.02.27-15.42.15:736][537]LogModuleManager: Shutting down and abandoning module TaskGraph (145)
[2017.02.27-15.42.15:768][537]LogModuleManager: Shutting down and abandoning module SlateRemote (144)
[2017.02.27-15.42.15:768][537]LogModuleManager: Shutting down and abandoning module SteamVRController (143)
[2017.02.27-15.42.15:768][537]LogModuleManager: Shutting down and abandoning module SteamVR (142)
[2017.02.27-15.42.15:768][537]LogModuleManager: Shutting down and abandoning module ProceduralMeshComponentEditor (141)
[2017.02.27-15.42.15:768][537]LogModuleManager: Shutting down and abandoning module ProceduralMeshComponent (140)
[2017.02.27-15.42.15:768][537]LogModuleManager: Shutting down and abandoning module OculusLibrary (139)
[2017.02.27-15.42.15:768][537]LogModuleManager: Shutting down and abandoning module OculusInput (138)
[2017.02.27-15.42.15:768][537]LogModuleManager: Shutting down and abandoning module MobilePatchingUtils (137)
[2017.02.27-15.42.15:768][537]LogModuleManager: Shutting down and abandoning module CustomMeshComponent (136)
[2017.02.27-15.42.15:768][537]LogModuleManager: Shutting down and abandoning module CableComponent (135)
[2017.02.27-15.42.15:768][537]LogModuleManager: Shutting down and abandoning module ArchVisCharacter (134)
[2017.02.27-15.42.15:768][537]LogModuleManager: Shutting down and abandoning module MediaPlayerEditor (132)
[2017.02.27-15.42.15:768][537]LogModuleManager: Shutting down and abandoning module HTML5Networking (131)
[2017.02.27-15.42.15:768][537]LogModuleManager: Shutting down and abandoning module GeometryCacheEd (130)
[2017.02.27-15.42.15:768][537]LogModuleManager: Shutting down and abandoning module GeometryCache (129)
[2017.02.27-15.42.15:768][537]LogModuleManager: Shutting down and abandoning module AlembicLibrary (128)
[2017.02.27-15.42.15:768][537]LogModuleManager: Shutting down and abandoning module AlembicImporter (127)
[2017.02.27-15.42.15:768][537]LogModuleManager: Shutting down and abandoning module SuperSearch (126)
[2017.02.27-15.42.15:768][537]LogModuleManager: Shutting down and abandoning module SuperSearchEditor (125)
[2017.02.27-15.42.15:768][537]LogModuleManager: Shutting down and abandoning module SpeedTreeImporter (124)
[2017.02.27-15.42.15:768][537]LogModuleManager: Shutting down and abandoning module PluginBrowser (123)
[2017.02.27-15.42.15:769][537]LogModuleManager: Shutting down and abandoning module MobileLauncherProfileWizard (122)
[2017.02.27-15.42.15:769][537]LogModuleManager: Shutting down and abandoning module EpicSurvey (121)
[2017.02.27-15.42.15:769][537]LogModuleManager: Shutting down and abandoning module DesktopPlatform (120)
[2017.02.27-15.42.15:769][537]LogModuleManager: Shutting down and abandoning module VisualStudioSourceCodeAccess (119)
[2017.02.27-15.42.15:769][537]LogModuleManager: Shutting down and abandoning module UObjectPlugin (118)
[2017.02.27-15.42.15:769][537]LogModuleManager: Shutting down and abandoning module SubversionSourceControl (117)
[2017.02.27-15.42.15:769][537]LogModuleManager: Shutting down and abandoning module PerforceSourceControl (116)
[2017.02.27-15.42.15:769][537]LogModuleManager: Shutting down and abandoning module SourceControl (115)
[2017.02.27-15.42.15:769][537]LogModuleManager: Shutting down and abandoning module GitSourceControl (114)
[2017.02.27-15.42.15:770][537]LogModuleManager: Shutting down and abandoning module LightPropagationVolumeEditor (113)
[2017.02.27-15.42.15:770][537]LogModuleManager: Shutting down and abandoning module PaperTiledImporter (112)
[2017.02.27-15.42.15:770][537]LogModuleManager: Shutting down and abandoning module PaperSpriteSheetImporter (111)
[2017.02.27-15.42.15:770][537]LogModuleManager: Shutting down and abandoning module MeshPaint (110)
[2017.02.27-15.42.15:770][537]LogModuleManager: Shutting down and abandoning module PixelInspectorModule (109)
[2017.02.27-15.42.15:770][537]LogModuleManager: Shutting down and abandoning module HotReload (108)
[2017.02.27-15.42.15:770][537]LogModuleManager: Shutting down and abandoning module MainFrame (107)
[2017.02.27-15.42.15:770][537]LogModuleManager: Shutting down and abandoning module LevelEditor (106)
[2017.02.27-15.42.15:787][537]LogModuleManager: Shutting down and abandoning module ContentBrowser (105)
[2017.02.27-15.42.15:788][537]LogModuleManager: Shutting down and abandoning module Paper2DEditor (104)
[2017.02.27-15.42.15:788][537]LogModuleManager: Shutting down and abandoning module UdpMessaging (103)
[2017.02.27-15.42.15:888][537]LogModuleManager: Shutting down and abandoning module TcpMessaging (102)
[2017.02.27-15.42.15:988][537]LogModuleManager: Shutting down and abandoning module LightPropagationVolumeRuntime (101)
[2017.02.27-15.42.15:988][537]LogModuleManager: Shutting down and abandoning module Paper2D (100)
[2017.02.27-15.42.15:988][537]LogModuleManager: Shutting down and abandoning module WindowsMoviePlayer (99)
[2017.02.27-15.42.15:988][537]LogModuleManager: Shutting down and abandoning module WmfMedia (98)
[2017.02.27-15.42.15:988][537]LogModuleManager: Shutting down and abandoning module MediaAssets (97)
[2017.02.27-15.42.15:988][537]LogModuleManager: Shutting down and abandoning module GameLiveStreaming (96)
[2017.02.27-15.42.15:988][537]LogModuleManager: Shutting down and abandoning module GameplayTagsEditor (95)
[2017.02.27-15.42.15:988][537]LogModuleManager: Shutting down and abandoning module VREditor (94)
[2017.02.27-15.42.15:988][537]LogModuleManager: Shutting down and abandoning module GameplayTasksEditor (93)
[2017.02.27-15.42.15:988][537]LogModuleManager: Shutting down and abandoning module BehaviorTreeEditor (92)
[2017.02.27-15.42.15:988][537]LogModuleManager: Shutting down and abandoning module FunctionalTesting (91)
[2017.02.27-15.42.15:988][537]LogModuleManager: Shutting down and abandoning module CollisionAnalyzer (90)
[2017.02.27-15.42.16:023][537]LogModuleManager: Shutting down and abandoning module Sequencer (89)
[2017.02.27-15.42.16:058][537]LogModuleManager: Shutting down and abandoning module WorkspaceMenuStructure (88)
[2017.02.27-15.42.16:058][537]LogModuleManager: Shutting down and abandoning module MessageLog (87)
[2017.02.27-15.42.16:058][537]LogModuleManager: Shutting down and abandoning module AssetTools (86)
[2017.02.27-15.42.16:058][537]LogModuleManager: Shutting down and abandoning module UMGEditor (85)
[2017.02.27-15.42.16:073][537]LogModuleManager: Shutting down and abandoning module UMG (84)
[2017.02.27-15.42.16:073][537]LogModuleManager: Shutting down and abandoning module SlateReflector (83)
[2017.02.27-15.42.16:073][537]LogModuleManager: Shutting down and abandoning module Slate (82)
[2017.02.27-15.42.16:073][537]LogModuleManager: Shutting down and abandoning module EditorStyle (81)
[2017.02.27-15.42.16:077][537]LogModuleManager: Shutting down and abandoning module SourceCodeAccess (80)
[2017.02.27-15.42.16:077][537]LogModuleManager: Shutting down and abandoning module HeadMountedDisplay (79)
[2017.02.27-15.42.16:077][537]LogModuleManager: Shutting down and abandoning module XAudio2 (78)
[2017.02.27-15.42.16:077][537]LogModuleManager: Shutting down and abandoning module Networking (76)
[2017.02.27-15.42.16:077][537]LogModuleManager: Shutting down and abandoning module Core (75)
[2017.02.27-15.42.16:077][537]LogModuleManager: Shutting down and abandoning module DirectoryWatcher (74)
[2017.02.27-15.42.16:077][537]LogDirectoryWatcher: A directory notification for '../../../Engine/Content/' was aborted.
[2017.02.27-15.42.16:077][537]LogDirectoryWatcher: A directory notification for 'C:/Users/Frr/Documents/GitHub/SpaceMilkman/Content/' was aborted.
[2017.02.27-15.42.16:077][537]LogDirectoryWatcher: A directory notification for '../../../Engine/Plugins/2D/Paper2D/Content/' was aborted.
[2017.02.27-15.42.16:077][537]LogModuleManager: Shutting down and abandoning module AssetRegistry (73)
[2017.02.27-15.42.16:180][537]LogModuleManager: Shutting down and abandoning module KismetCompiler (72)
[2017.02.27-15.42.16:180][537]LogModuleManager: Shutting down and abandoning module PhysXFormats (71)
[2017.02.27-15.42.16:180][537]LogModuleManager: Shutting down and abandoning module SimplygonSwarm (70)
[2017.02.27-15.42.16:180][537]LogModuleManager: Shutting down and abandoning module SimplygonMeshReduction (69)
[2017.02.27-15.42.16:180][537]LogModuleManager: Shutting down and abandoning module QuadricMeshReduction (68)
[2017.02.27-15.42.16:180][537]LogModuleManager: Shutting down and abandoning module PropertyEditor (67)
[2017.02.27-15.42.16:180][537]LogModuleManager: Shutting down and abandoning module MeshUtilities (66)
[2017.02.27-15.42.16:208][537]LogModuleManager: Shutting down and abandoning module DerivedDataCache (65)
[2017.02.27-15.42.16:223][537]LogDerivedDataCache: Shutdown
[2017.02.27-15.42.16:223][537]LogModuleManager: Shutting down and abandoning module VulkanShaderFormat (64)
[2017.02.27-15.42.16:223][537]LogModuleManager: Shutting down and abandoning module ShaderFormatOpenGL (63)
[2017.02.27-15.42.16:245][537]LogModuleManager: Shutting down and abandoning module ShaderFormatD3D (62)
[2017.02.27-15.42.16:246][537]LogModuleManager: Shutting down and abandoning module MetalShaderFormat (61)
[2017.02.27-15.42.16:246][537]LogModuleManager: Shutting down and abandoning module TextureFormatUncompressed (60)
[2017.02.27-15.42.16:246][537]LogModuleManager: Shutting down and abandoning module TextureFormatPVR (59)
[2017.02.27-15.42.16:246][537]LogModuleManager: Shutting down and abandoning module TextureFormatDXT (58)
[2017.02.27-15.42.16:246][537]LogModuleManager: Shutting down and abandoning module TextureFormatIntelISPCTexComp (57)
[2017.02.27-15.42.16:247][537]LogModuleManager: Shutting down and abandoning module ImageWrapper (56)
[2017.02.27-15.42.16:247][537]LogModuleManager: Shutting down and abandoning module TextureFormatASTC (55)
[2017.02.27-15.42.16:247][537]LogModuleManager: Shutting down and abandoning module TextureFormatAndroid (54)
[2017.02.27-15.42.16:247][537]LogModuleManager: Shutting down and abandoning module AudioFormatOpus (53)
[2017.02.27-15.42.16:247][537]LogModuleManager: Shutting down and abandoning module AudioFormatOgg (52)
[2017.02.27-15.42.16:247][537]LogModuleManager: Shutting down and abandoning module AudioFormatADPCM (51)
[2017.02.27-15.42.16:247][537]LogModuleManager: Shutting down and abandoning module LinuxTargetPlatform (50)
[2017.02.27-15.42.16:247][537]LogModuleManager: Shutting down and abandoning module LinuxServerTargetPlatform (49)
[2017.02.27-15.42.16:247][537]LogModuleManager: Shutting down and abandoning module LinuxNoEditorTargetPlatform (48)
[2017.02.27-15.42.16:247][537]LogModuleManager: Shutting down and abandoning module LinuxClientTargetPlatform (47)
[2017.02.27-15.42.16:247][537]LogModuleManager: Shutting down and abandoning module TVOSTargetPlatform (46)
[2017.02.27-15.42.16:247][537]LogModuleManager: Shutting down and abandoning module Messaging (45)
[2017.02.27-15.42.16:247][537]LogModuleManager: Shutting down and abandoning module IOSTargetPlatform (44)
[2017.02.27-15.42.16:247][537]LogModuleManager: Shutting down and abandoning module HTML5TargetPlatform (43)
[2017.02.27-15.42.16:247][537]LogModuleManager: Shutting down and abandoning module Android_PVRTCTargetPlatform (42)
[2017.02.27-15.42.16:247][537]LogModuleManager: Shutting down and abandoning module Android_MultiTargetPlatform (41)
[2017.02.27-15.42.16:247][537]LogModuleManager: Shutting down and abandoning module Android_ETC2TargetPlatform (40)
[2017.02.27-15.42.16:247][537]LogModuleManager: Shutting down and abandoning module Android_ETC1TargetPlatform (39)
[2017.02.27-15.42.16:247][537]LogModuleManager: Shutting down and abandoning module Android_DXTTargetPlatform (38)
[2017.02.27-15.42.16:247][537]LogModuleManager: Shutting down and abandoning module Android_ATCTargetPlatform (37)
[2017.02.27-15.42.16:247][537]LogModuleManager: Shutting down and abandoning module Android_ASTCTargetPlatform (36)
[2017.02.27-15.42.16:247][537]LogModuleManager: Shutting down and abandoning module AndroidTargetPlatform (35)
[2017.02.27-15.42.16:247][537]LogModuleManager: Shutting down and abandoning module WindowsTargetPlatform (34)
[2017.02.27-15.42.16:247][537]LogModuleManager: Shutting down and abandoning module WindowsServerTargetPlatform (33)
[2017.02.27-15.42.16:248][537]LogModuleManager: Shutting down and abandoning module WindowsNoEditorTargetPlatform (32)
[2017.02.27-15.42.16:248][537]LogModuleManager: Shutting down and abandoning module WindowsClientTargetPlatform (31)
[2017.02.27-15.42.16:248][537]LogModuleManager: Shutting down and abandoning module MacTargetPlatform (30)
[2017.02.27-15.42.16:248][537]LogModuleManager: Shutting down and abandoning module MacServerTargetPlatform (29)
[2017.02.27-15.42.16:248][537]LogModuleManager: Shutting down and abandoning module MacNoEditorTargetPlatform (28)
[2017.02.27-15.42.16:248][537]LogModuleManager: Shutting down and abandoning module MacClientTargetPlatform (27)
[2017.02.27-15.42.16:248][537]LogModuleManager: Shutting down and abandoning module AllDesktopTargetPlatform (26)
[2017.02.27-15.42.16:248][537]LogModuleManager: Shutting down and abandoning module TargetPlatform (25)
[2017.02.27-15.42.16:248][537]LogModuleManager: Shutting down and abandoning module InputCore (24)
[2017.02.27-15.42.16:248][537]LogModuleManager: Shutting down and abandoning module Settings (23)
[2017.02.27-15.42.16:248][537]LogModuleManager: Shutting down and abandoning module OculusRift (22)
[2017.02.27-15.42.16:248][537]LogModuleManager: Shutting down and abandoning module ExampleDeviceProfileSelector (21)
[2017.02.27-15.42.16:248][537]LogModuleManager: Shutting down and abandoning module OnlineBlueprintSupport (20)
[2017.02.27-15.42.16:248][537]LogModuleManager: Shutting down and abandoning module OnlineSubsystem (18)
[2017.02.27-15.42.16:249][537]LogOnline:Display: Unloading online subsystem: NULL
[2017.02.27-15.42.16:249][537]LogModuleManager: Shutting down and abandoning module SSL (17)
[2017.02.27-15.42.16:275][537]LogModuleManager: Shutting down and abandoning module HTTP (16)
[2017.02.27-15.42.16:275][537]LogModuleManager: Shutting down and abandoning module XMPP (15)
[2017.02.27-15.42.16:309][537]LogModuleManager: Shutting down and abandoning module TextureCompressor (14)
[2017.02.27-15.42.16:309][537]LogModuleManager: Shutting down and abandoning module ShaderCore (13)
[2017.02.27-15.42.16:309][537]LogModuleManager: Shutting down and abandoning module Landscape (12)
[2017.02.27-15.42.16:309][537]LogModuleManager: Shutting down and abandoning module SlateRHIRenderer (11)
[2017.02.27-15.42.16:330][537]LogModuleManager: Shutting down and abandoning module OpenGLDrv (10)
[2017.02.27-15.42.16:352][537]LogModuleManager: Shutting down and abandoning module D3D11RHI (9)
[2017.02.27-15.42.16:352][537]LogModuleManager: Shutting down and abandoning module AnimGraphRuntime (8)
[2017.02.27-15.42.16:365][537]LogModuleManager: Shutting down and abandoning module Renderer (7)
[2017.02.27-15.42.16:376][537]LogModuleManager: Shutting down and abandoning module Engine (6)
[2017.02.27-15.42.16:376][537]LogModuleManager: Shutting down and abandoning module CoreUObject (5)
[2017.02.27-15.42.16:376][537]LogModuleManager: Shutting down and abandoning module NetworkFile (4)
[2017.02.27-15.42.16:376][537]LogModuleManager: Shutting down and abandoning module StreamingFile (3)
[2017.02.27-15.42.16:377][537]LogModuleManager: Shutting down and abandoning module SandboxFile (2)
[2017.02.27-15.42.16:377][537]LogModuleManager: Shutting down and abandoning module PakFile (1)
[2017.02.27-15.42.16:404][537]LogExit: Exiting.
[2017.02.27-15.42.16:426][537]Log file closed, 02/27/17 15:42:16
