Log file open, 02/18/17 15:13:58
LogInit:Display: Running engine for game: SpaceMilkman
LogPlatformFile: Not using cached read wrapper
LogInit:Display: RandInit(-852418588) SRandInit(-852418588).
LogTaskGraph: Started task graph with 5 named threads and 8 total threads with 1 sets of task threads.
LogStats: Stats thread started at 0.072902
LogPluginManager: Loaded Plugin Paper2D, From F:/Program Files (x86)/Epic Games/4.14/Engine/Plugins/2D/Paper2D/Paper2D.uplugin
LogPluginManager: Loaded Plugin LightPropagationVolume, From F:/Program Files (x86)/Epic Games/4.14/Engine/Plugins/Blendables/LightPropagationVolume/LightPropagationVolume.uplugin
LogPluginManager: Loaded Plugin BlankPlugin, From F:/Program Files (x86)/Epic Games/4.14/Engine/Plugins/Developer/BlankPlugin/BlankPlugin.uplugin
LogPluginManager: Loaded Plugin CodeLiteSourceCodeAccess, From F:/Program Files (x86)/Epic Games/4.14/Engine/Plugins/Developer/CodeLiteSourceCodeAccess/CodeLiteSourceCodeAccess.uplugin
LogPluginManager: Loaded Plugin GitSourceControl, From F:/Program Files (x86)/Epic Games/4.14/Engine/Plugins/Developer/GitSourceControl/GitSourceControl.uplugin
LogPluginManager: Loaded Plugin KDevelopSourceCodeAccess, From F:/Program Files (x86)/Epic Games/4.14/Engine/Plugins/Developer/KDevelopSourceCodeAccess/KDevelopSourceCodeAccess.uplugin
LogPluginManager: Loaded Plugin NullSourceCodeAccess, From F:/Program Files (x86)/Epic Games/4.14/Engine/Plugins/Developer/NullSourceCodeAccess/NullSourceCodeAccess.uplugin
LogPluginManager: Loaded Plugin OneSkyLocalizationService, From F:/Program Files (x86)/Epic Games/4.14/Engine/Plugins/Developer/OneSkyLocalizationService/OneSkyLocalizationService.uplugin
LogPluginManager: Loaded Plugin PerforceSourceControl, From F:/Program Files (x86)/Epic Games/4.14/Engine/Plugins/Developer/PerforceSourceControl/PerforceSourceControl.uplugin
LogPluginManager: Loaded Plugin SubversionSourceControl, From F:/Program Files (x86)/Epic Games/4.14/Engine/Plugins/Developer/SubversionSourceControl/SubversionSourceControl.uplugin
LogPluginManager: Loaded Plugin UObjectPlugin, From F:/Program Files (x86)/Epic Games/4.14/Engine/Plugins/Developer/UObjectPlugin/UObjectPlugin.uplugin
LogPluginManager: Loaded Plugin VisualStudioSourceCodeAccess, From F:/Program Files (x86)/Epic Games/4.14/Engine/Plugins/Developer/VisualStudioSourceCodeAccess/VisualStudioSourceCodeAccess.uplugin
LogPluginManager: Loaded Plugin XCodeSourceCodeAccess, From F:/Program Files (x86)/Epic Games/4.14/Engine/Plugins/Developer/XCodeSourceCodeAccess/XCodeSourceCodeAccess.uplugin
LogPluginManager: Loaded Plugin AudioCapture, From F:/Program Files (x86)/Epic Games/4.14/Engine/Plugins/Editor/AudioCapture/AudioCapture.uplugin
LogPluginManager: Loaded Plugin EpicSurvey, From F:/Program Files (x86)/Epic Games/4.14/Engine/Plugins/Editor/EpicSurvey/EpicSurvey.uplugin
LogPluginManager: Loaded Plugin MacGraphicsSwitching, From F:/Program Files (x86)/Epic Games/4.14/Engine/Plugins/Editor/MacGraphicsSwitching/MacGraphicsSwitching.uplugin
LogPluginManager: Loaded Plugin MobileLauncherProfileWizard, From F:/Program Files (x86)/Epic Games/4.14/Engine/Plugins/Editor/MobileLauncherProfileWizard/MobileLauncherProfileWizard.uplugin
LogPluginManager: Loaded Plugin PluginBrowser, From F:/Program Files (x86)/Epic Games/4.14/Engine/Plugins/Editor/PluginBrowser/PluginBrowser.uplugin
LogPluginManager: Loaded Plugin SpeedTreeImporter, From F:/Program Files (x86)/Epic Games/4.14/Engine/Plugins/Editor/SpeedTreeImporter/SpeedTreeImporter.uplugin
LogPluginManager: Loaded Plugin SuperSearchEditor, From F:/Program Files (x86)/Epic Games/4.14/Engine/Plugins/Editor/SuperSearchEditor/SuperSearchEditor.uplugin
LogPluginManager: Loaded Plugin AlembicImporter, From F:/Program Files (x86)/Epic Games/4.14/Engine/Plugins/Experimental/AlembicImporter/AlembicImporter.uplugin
LogPluginManager: Loaded Plugin BlueprintStats, From F:/Program Files (x86)/Epic Games/4.14/Engine/Plugins/Experimental/BlueprintStats/BlueprintStats.uplugin
LogPluginManager: Loaded Plugin CharacterAI, From F:/Program Files (x86)/Epic Games/4.14/Engine/Plugins/Experimental/CharacterAI/CharacterAI.uplugin
LogPluginManager: Loaded Plugin CodeEditor, From F:/Program Files (x86)/Epic Games/4.14/Engine/Plugins/Experimental/CodeEditor/CodeEditor.uplugin
LogPluginManager: Loaded Plugin CodeView, From F:/Program Files (x86)/Epic Games/4.14/Engine/Plugins/Experimental/CodeView/CodeView.uplugin
LogPluginManager: Loaded Plugin HTML5Networking, From F:/Program Files (x86)/Epic Games/4.14/Engine/Plugins/Experimental/HTML5Networking/HTML5Networking.uplugin
LogPluginManager: Loaded Plugin OSVR, From F:/Program Files (x86)/Epic Games/4.14/Engine/Plugins/Experimental/OSVR/OSVR.uplugin
LogPluginManager: Loaded Plugin Phya, From F:/Program Files (x86)/Epic Games/4.14/Engine/Plugins/Experimental/Phya/Phya.uplugin
LogPluginManager: Loaded Plugin SignificanceManager, From F:/Program Files (x86)/Epic Games/4.14/Engine/Plugins/Experimental/SignificanceManager/SignificanceManager.uplugin
LogPluginManager: Loaded Plugin SimpleHMD, From F:/Program Files (x86)/Epic Games/4.14/Engine/Plugins/Experimental/SimpleHMD/SimpleHMD.uplugin
LogPluginManager: Loaded Plugin StereoPanorama, From F:/Program Files (x86)/Epic Games/4.14/Engine/Plugins/Experimental/StereoPanorama/StereoPanorama.uplugin
LogPluginManager: Loaded Plugin StructBox, From F:/Program Files (x86)/Epic Games/4.14/Engine/Plugins/Experimental/StructBox/StructBox.uplugin
LogPluginManager: Loaded Plugin AndroidMedia, From F:/Program Files (x86)/Epic Games/4.14/Engine/Plugins/Media/AndroidMedia/AndroidMedia.uplugin
LogPluginManager: Loaded Plugin AvfMedia, From F:/Program Files (x86)/Epic Games/4.14/Engine/Plugins/Media/AvfMedia/AvfMedia.uplugin
LogPluginManager: Loaded Plugin MediaPlayerEditor, From F:/Program Files (x86)/Epic Games/4.14/Engine/Plugins/Media/MediaPlayerEditor/MediaPlayerEditor.uplugin
LogPluginManager: Loaded Plugin WmfMedia, From F:/Program Files (x86)/Epic Games/4.14/Engine/Plugins/Media/WmfMedia/WmfMedia.uplugin
LogPluginManager: Loaded Plugin MessagingDebugger, From F:/Program Files (x86)/Epic Games/4.14/Engine/Plugins/Messaging/MessagingDebugger/MessagingDebugger.uplugin
LogPluginManager: Loaded Plugin TcpMessaging, From F:/Program Files (x86)/Epic Games/4.14/Engine/Plugins/Messaging/TcpMessaging/TcpMessaging.uplugin
LogPluginManager: Loaded Plugin UdpMessaging, From F:/Program Files (x86)/Epic Games/4.14/Engine/Plugins/Messaging/UdpMessaging/UdpMessaging.uplugin
LogPluginManager: Loaded Plugin LevelSequenceEditor, From F:/Program Files (x86)/Epic Games/4.14/Engine/Plugins/MovieScene/LevelSequenceEditor/LevelSequenceEditor.uplugin
LogPluginManager: Loaded Plugin MatineeToLevelSequence, From F:/Program Files (x86)/Epic Games/4.14/Engine/Plugins/MovieScene/MatineeToLevelSequence/MatineeToLevelSequence.uplugin
LogPluginManager: Loaded Plugin NetcodeUnitTest, From F:/Program Files (x86)/Epic Games/4.14/Engine/Plugins/NetcodeUnitTest/NetcodeUnitTest/NetcodeUnitTest.uplugin
LogPluginManager: Loaded Plugin NUTUnrealEngine4, From F:/Program Files (x86)/Epic Games/4.14/Engine/Plugins/NetcodeUnitTest/NUTUnrealEngine4/NUTUnrealEngine4.uplugin
LogPluginManager: Loaded Plugin OnlineSubsystemGameCircle, From F:/Program Files (x86)/Epic Games/4.14/Engine/Plugins/Online/Android/OnlineSubsystemGameCircle/OnlineSubsystemGameCircle.uplugin
LogPluginManager: Loaded Plugin OnlineSubsystemGooglePlay, From F:/Program Files (x86)/Epic Games/4.14/Engine/Plugins/Online/Android/OnlineSubsystemGooglePlay/OnlineSubsystemGooglePlay.uplugin
LogPluginManager: Loaded Plugin OnlineSubsystemIOS, From F:/Program Files (x86)/Epic Games/4.14/Engine/Plugins/Online/IOS/OnlineSubsystemIOS/OnlineSubsystemIOS.uplugin
LogPluginManager: Loaded Plugin OnlineFramework, From F:/Program Files (x86)/Epic Games/4.14/Engine/Plugins/Online/OnlineFramework/OnlineFramework.uplugin
LogPluginManager: Loaded Plugin OnlineSubsystem, From F:/Program Files (x86)/Epic Games/4.14/Engine/Plugins/Online/OnlineSubsystem/OnlineSubsystem.uplugin
LogPluginManager: Loaded Plugin OnlineSubsystemAmazon, From F:/Program Files (x86)/Epic Games/4.14/Engine/Plugins/Online/OnlineSubsystemAmazon/OnlineSubsystemAmazon.uplugin
LogPluginManager: Loaded Plugin OnlineSubsystemFacebook, From F:/Program Files (x86)/Epic Games/4.14/Engine/Plugins/Online/OnlineSubsystemFacebook/OnlineSubsystemFacebook.uplugin
LogPluginManager: Loaded Plugin OnlineSubsystemNull, From F:/Program Files (x86)/Epic Games/4.14/Engine/Plugins/Online/OnlineSubsystemNull/OnlineSubsystemNull.uplugin
LogPluginManager: Loaded Plugin OnlineSubsystemOculus, From F:/Program Files (x86)/Epic Games/4.14/Engine/Plugins/Online/OnlineSubsystemOculus/OnlineSubsystemOculus.uplugin
LogPluginManager: Loaded Plugin OnlineSubsystemSteam, From F:/Program Files (x86)/Epic Games/4.14/Engine/Plugins/Online/OnlineSubsystemSteam/OnlineSubsystemSteam.uplugin
LogPluginManager: Loaded Plugin OnlineSubsystemUtils, From F:/Program Files (x86)/Epic Games/4.14/Engine/Plugins/Online/OnlineSubsystemUtils/OnlineSubsystemUtils.uplugin
LogPluginManager: Loaded Plugin IOSTapJoy, From F:/Program Files (x86)/Epic Games/4.14/Engine/Plugins/Runtime/Advertising/IOSTapJoy/IOSTapJoy.uplugin
LogPluginManager: Loaded Plugin AnalyticsBlueprintLibrary, From F:/Program Files (x86)/Epic Games/4.14/Engine/Plugins/Runtime/Analytics/AnalyticsBlueprintLibrary/AnalyticsBlueprintLibrary.uplugin
LogPluginManager: Loaded Plugin AnalyticsMulticast, From F:/Program Files (x86)/Epic Games/4.14/Engine/Plugins/Runtime/Analytics/AnalyticsMulticast/AnalyticsMulticast.uplugin
LogPluginManager: Loaded Plugin Apsalar, From F:/Program Files (x86)/Epic Games/4.14/Engine/Plugins/Runtime/Analytics/Apsalar/Apsalar.uplugin
LogPluginManager: Loaded Plugin FileLogging, From F:/Program Files (x86)/Epic Games/4.14/Engine/Plugins/Runtime/Analytics/FileLogging/FileLogging.uplugin
LogPluginManager: Loaded Plugin Flurry, From F:/Program Files (x86)/Epic Games/4.14/Engine/Plugins/Runtime/Analytics/Flurry/Flurry.uplugin
LogPluginManager: Loaded Plugin AndroidDeviceProfileSelector, From F:/Program Files (x86)/Epic Games/4.14/Engine/Plugins/Runtime/AndroidDeviceProfileSelector/AndroidDeviceProfileSelector.uplugin
LogPluginManager: Loaded Plugin AndroidMoviePlayer, From F:/Program Files (x86)/Epic Games/4.14/Engine/Plugins/Runtime/AndroidMoviePlayer/AndroidMoviePlayer.uplugin
LogPluginManager: Loaded Plugin AppleMoviePlayer, From F:/Program Files (x86)/Epic Games/4.14/Engine/Plugins/Runtime/AppleMoviePlayer/AppleMoviePlayer.uplugin
LogPluginManager: Loaded Plugin ArchVisCharacter, From F:/Program Files (x86)/Epic Games/4.14/Engine/Plugins/Runtime/ArchVisCharacter/ArchVisCharacter.uplugin
LogPluginManager: Loaded Plugin CableComponent, From F:/Program Files (x86)/Epic Games/4.14/Engine/Plugins/Runtime/CableComponent/CableComponent.uplugin
LogPluginManager: Loaded Plugin CustomMeshComponent, From F:/Program Files (x86)/Epic Games/4.14/Engine/Plugins/Runtime/CustomMeshComponent/CustomMeshComponent.uplugin
LogPluginManager: Loaded Plugin ExampleDeviceProfileSelector, From F:/Program Files (x86)/Epic Games/4.14/Engine/Plugins/Runtime/ExampleDeviceProfileSelector/ExampleDeviceProfileSelector.uplugin
LogPluginManager: Loaded Plugin GearVR, From F:/Program Files (x86)/Epic Games/4.14/Engine/Plugins/Runtime/GearVR/GearVR.uplugin
LogPluginManager: Loaded Plugin GoogleVRController, From F:/Program Files (x86)/Epic Games/4.14/Engine/Plugins/Runtime/GoogleVR/GoogleVRController/GoogleVRController.uplugin
LogPluginManager: Loaded Plugin GoogleVRHMD, From F:/Program Files (x86)/Epic Games/4.14/Engine/Plugins/Runtime/GoogleVR/GoogleVRHMD/GoogleVRHMD.uplugin
LogPluginManager: Loaded Plugin IOSDeviceProfileSelector, From F:/Program Files (x86)/Epic Games/4.14/Engine/Plugins/Runtime/IOSDeviceProfileSelector/IOSDeviceProfileSelector.uplugin
LogPluginManager: Loaded Plugin LeapMotion, From F:/Program Files (x86)/Epic Games/4.14/Engine/Plugins/Runtime/LeapMotion/LeapMotion.uplugin
LogPluginManager: Loaded Plugin LinuxDeviceProfileSelector, From F:/Program Files (x86)/Epic Games/4.14/Engine/Plugins/Runtime/LinuxDeviceProfileSelector/LinuxDeviceProfileSelector.uplugin
LogPluginManager: Loaded Plugin MIDIDevice, From F:/Program Files (x86)/Epic Games/4.14/Engine/Plugins/Runtime/MIDIDevice/MIDIDevice.uplugin
LogPluginManager: Loaded Plugin MobilePatchingUtils, From F:/Program Files (x86)/Epic Games/4.14/Engine/Plugins/Runtime/MobilePatchingUtils/MobilePatchingUtils.uplugin
LogPluginManager: Loaded Plugin Ansel, From F:/Program Files (x86)/Epic Games/4.14/Engine/Plugins/Runtime/Nvidia/Ansel/Ansel.uplugin
LogPluginManager: Loaded Plugin OculusAudio, From F:/Program Files (x86)/Epic Games/4.14/Engine/Plugins/Runtime/OculusAudio/OculusAudio.uplugin
LogPluginManager: Loaded Plugin OculusInput, From F:/Program Files (x86)/Epic Games/4.14/Engine/Plugins/Runtime/OculusInput/OculusInput.uplugin
LogPluginManager: Loaded Plugin OculusLibrary, From F:/Program Files (x86)/Epic Games/4.14/Engine/Plugins/Runtime/OculusLibrary/OculusLibrary.uplugin
LogPluginManager: Loaded Plugin OculusRift, From F:/Program Files (x86)/Epic Games/4.14/Engine/Plugins/Runtime/OculusRift/OculusRift.uplugin
LogPluginManager: Loaded Plugin Oodle, From F:/Program Files (x86)/Epic Games/4.14/Engine/Plugins/Runtime/PacketHandlers/CompressionComponents/Oodle/Oodle.uplugin
LogPluginManager: Loaded Plugin ProceduralMeshComponent, From F:/Program Files (x86)/Epic Games/4.14/Engine/Plugins/Runtime/ProceduralMeshComponent/ProceduralMeshComponent.uplugin
LogPluginManager: Loaded Plugin SoundMod, From F:/Program Files (x86)/Epic Games/4.14/Engine/Plugins/Runtime/SoundMod/SoundMod.uplugin
LogPluginManager: Loaded Plugin SoundVisualizations, From F:/Program Files (x86)/Epic Games/4.14/Engine/Plugins/Runtime/SoundVisualizations/SoundVisualizations.uplugin
LogPluginManager: Loaded Plugin SteamController, From F:/Program Files (x86)/Epic Games/4.14/Engine/Plugins/Runtime/Steam/SteamController/SteamController.uplugin
LogPluginManager: Loaded Plugin SteamVR, From F:/Program Files (x86)/Epic Games/4.14/Engine/Plugins/Runtime/Steam/SteamVR/SteamVR.uplugin
LogPluginManager: Loaded Plugin WebBrowserWidget, From F:/Program Files (x86)/Epic Games/4.14/Engine/Plugins/Runtime/WebBrowserWidget/WebBrowserWidget.uplugin
LogPluginManager: Loaded Plugin WindowsDeviceProfileSelector, From F:/Program Files (x86)/Epic Games/4.14/Engine/Plugins/Runtime/WindowsDeviceProfileSelector/WindowsDeviceProfileSelector.uplugin
LogPluginManager: Loaded Plugin WindowsMoviePlayer, From F:/Program Files (x86)/Epic Games/4.14/Engine/Plugins/Runtime/WindowsMoviePlayer/WindowsMoviePlayer.uplugin
LogPluginManager: Loaded Plugin ScriptPlugin, From F:/Program Files (x86)/Epic Games/4.14/Engine/Plugins/ScriptPlugin/ScriptPlugin.uplugin
LogPluginManager: Loaded Plugin SlateRemote, From F:/Program Files (x86)/Epic Games/4.14/Engine/Plugins/Slate/SlateRemote/SlateRemote.uplugin
LogPluginManager: Loaded Plugin EditorTests, From F:/Program Files (x86)/Epic Games/4.14/Engine/Plugins/Tests/EditorTests/EditorTests.uplugin
LogPluginManager: Loaded Plugin FbxAutomationTestBuilder, From F:/Program Files (x86)/Epic Games/4.14/Engine/Plugins/Tests/FbxAutomationTestBuilder/FbxAutomationTestBuilder.uplugin
LogPluginManager: Loaded Plugin FunctionalTestingEditor, From F:/Program Files (x86)/Epic Games/4.14/Engine/Plugins/Tests/FunctionalTestingEditor/FunctionalTestingEditor.uplugin
LogPluginManager: Loaded Plugin RuntimeTests, From F:/Program Files (x86)/Epic Games/4.14/Engine/Plugins/Tests/RuntimeTests/RuntimeTests.uplugin
LogPluginManager: Loaded Plugin ScreenshotTools, From F:/Program Files (x86)/Epic Games/4.14/Engine/Plugins/Tests/ScreenshotTools/ScreenshotTools.uplugin
LogInit: Using libcurl 7.47.1
LogInit:  - built for x86_64-pc-win32
LogInit:  - supports SSL with OpenSSL/1.0.2g
LogInit:  - supports HTTP deflate (compression) using libz 1.2.8
LogInit:  - other features:
LogInit:      CURL_VERSION_SSL
LogInit:      CURL_VERSION_LIBZ
LogInit:      CURL_VERSION_IPV6
LogInit:      CURL_VERSION_ASYNCHDNS
LogInit:      CURL_VERSION_LARGEFILE
LogInit:      CURL_VERSION_IDN
LogInit:  CurlRequestOptions (configurable via config and command line):
LogInit:  - bVerifyPeer = false  - Libcurl will NOT verify peer certificate
LogInit:  - bUseHttpProxy = false  - Libcurl will NOT use HTTP proxy
LogInit:  - bDontReuseConnections = false  - Libcurl will reuse connections
LogInit:  - CertBundlePath = nullptr  - Libcurl will use whatever was configured at build time.
LogInit: Build: ++UE4+Release-4.14-CL-3249277
LogInit: Engine Version: 4.14.3-3249277+++UE4+Release-4.14
LogInit: Compatible Engine Version: 4.14.0-3195953+++UE4+Release-4.14
LogInit: Net CL: 3195953
LogDevObjectVersion: Number of dev versions registered: 13
LogDevObjectVersion:   Dev-Blueprints (B0D832E4-1F89-4F0D-ACCF-7EB736FD4AA2): 7
LogDevObjectVersion:   Dev-Build (E1C64328-A22C-4D53-A36C-8E866417BD8C): 0
LogDevObjectVersion:   Dev-Core (375EC13C-06E4-48FB-B500-84F0262A717E): 1
LogDevObjectVersion:   Dev-Editor (E4B068ED-F494-42E9-A231-DA0B2E46BB41): 8
LogDevObjectVersion:   Dev-Framework (CFFC743F-43B0-4480-9391-14DF171D2073): 17
LogDevObjectVersion:   Dev-Mobile (B02B49B5-BB20-44E9-A304-32B752E40360): 0
LogDevObjectVersion:   Dev-Networking (A4E4105C-59A1-49B5-A7C5-40C4547EDFEE): 0
LogDevObjectVersion:   Dev-Online (39C831C9-5AE6-47DC-9A44-9C173E1C8E7C): 0
LogDevObjectVersion:   Dev-Physics (78F01B33-EBEA-4F98-B9B4-84EACCB95AA2): 0
LogDevObjectVersion:   Dev-Platform (6631380F-2D4D-43E0-8009-CF276956A95A): 0
LogDevObjectVersion:   Dev-Rendering (12F88B9F-8875-4AFC-A67C-D90C383ABD29): 12
LogDevObjectVersion:   Dev-Sequencer (7B5AE74C-D270-4C10-A958-57980B212A5A): 1
LogDevObjectVersion:   Dev-VR (D7296918-1DD6-4BDD-9DE2-64A83CC13884): 0
LogInit: Compiled (64-bit): Jan  6 2017 10:49:43
LogInit: Compiled with Visual C++: 19.00.23026.00
LogInit: Build Configuration: Development
LogInit: Branch Name: ++UE4+Release-4.14
LogInit: Command line: -EpicPortal 
LogInit: Base directory: F:/Program Files (x86)/Epic Games/4.14/Engine/Binaries/Win64/
LogInit: Installed Engine Build: 1
LogInit: Presizing for max 8388607 objects, including 0 objects not considered by GC, pre-allocating 0 bytes for permanent pool.
LogInit: Object subsystem initialized
[2017.02.18-15.13.58:561][  0]LogInit: Selected Device Profile: [Windows]
[2017.02.18-15.13.58:561][  0]LogInit: Applying CVar settings loaded from the selected device profile: [Windows]
[2017.02.18-15.13.58:569][  0]LogInit: Computer: FRR-PC
[2017.02.18-15.13.58:569][  0]LogInit: User: Frr
[2017.02.18-15.13.58:569][  0]LogInit: CPU Page size=65536, Cores=4
[2017.02.18-15.13.58:569][  0]LogInit: High frequency timer resolution =3.429228 MHz
[2017.02.18-15.13.58:569][  0]LogMemory: Memory total: Physical=16.0GB (16GB approx)
[2017.02.18-15.13.58:569][  0]LogMemory: Platform Memory Stats for Windows
[2017.02.18-15.13.58:569][  0]LogMemory: Process Physical Memory: 265.90 MB used, 265.90 MB peak
[2017.02.18-15.13.58:569][  0]LogMemory: Process Virtual Memory: 265.52 MB used, 265.52 MB peak
[2017.02.18-15.13.58:569][  0]LogMemory: Physical Memory: 5383.36 MB used,  10967.79 MB free, 16351.14 MB total
[2017.02.18-15.13.58:569][  0]LogMemory: Virtual Memory: 664.37 MB used,  10967.79 MB free, 8388608.00 MB total
[2017.02.18-15.13.58:602][  0]LogTextLocalizationManager: No specific translations for ('en-GB') exist, so ('en') translations will be used.
[2017.02.18-15.13.59:159][  0]LogD3D11RHI: D3D11 adapters:
[2017.02.18-15.13.59:184][  0]LogD3D11RHI:    0. 'NVIDIA GeForce GTX 770' (Feature Level 11_0)
[2017.02.18-15.13.59:184][  0]LogD3D11RHI:       1989/0/7919 MB DedicatedVideo/DedicatedSystem/SharedSystem, Outputs:1, VendorId:0x10de
[2017.02.18-15.13.59:184][  0]LogD3D11RHI: Chosen D3D11 Adapter: 0
[2017.02.18-15.13.59:188][  0]LogD3D11RHI: Creating new Direct3DDevice
[2017.02.18-15.13.59:188][  0]LogD3D11RHI:     GPU DeviceId: 0x1184 (for the marketing name, search the web for "GPU Device Id")
[2017.02.18-15.13.59:188][  0]LogWindows: EnumDisplayDevices:
[2017.02.18-15.13.59:188][  0]LogWindows:    0. 'NVIDIA GeForce GTX 770' (P:1 D:1)
[2017.02.18-15.13.59:189][  0]LogWindows:    1. 'NVIDIA GeForce GTX 770' (P:0 D:0)
[2017.02.18-15.13.59:189][  0]LogWindows:    2. 'NVIDIA GeForce GTX 770' (P:0 D:0)
[2017.02.18-15.13.59:189][  0]LogWindows:    3. 'NVIDIA GeForce GTX 770' (P:0 D:0)
[2017.02.18-15.13.59:189][  0]LogWindows:    4. 'RDPDD Chained DD' (P:0 D:0)
[2017.02.18-15.13.59:189][  0]LogWindows:    5. 'RDP Encoder Mirror Driver' (P:0 D:0)
[2017.02.18-15.13.59:189][  0]LogWindows:    6. 'RDP Reflector Display Driver' (P:0 D:0)
[2017.02.18-15.13.59:189][  0]LogWindows: DebugString: GetVideoDriverDetailsInvalid PrimaryIsNotTheChoosenAdapter GetVideoDriverDetailsInvalid PrimaryIsNotTheChoosenAdapter GetVideoDriverDetailsInvalid PrimaryIsNotTheChoosenAdapter FoundDriverCount:4 
[2017.02.18-15.13.59:189][  0]LogD3D11RHI:     Adapter Name: NVIDIA GeForce GTX 770
[2017.02.18-15.13.59:189][  0]LogD3D11RHI:   Driver Version: 378.66 (internal:21.21.13.7866, unified:378.66)
[2017.02.18-15.13.59:189][  0]LogD3D11RHI:      Driver Date: 2-9-2017
[2017.02.18-15.13.59:189][  0]LogRHI: Texture pool is 1361 MB (70% of 1945 MB)
[2017.02.18-15.13.59:198][  0]LogD3D11RHI:Warning: Timestamp queries are currently disabled on this hardware due to instability. Realtime GPU stats will not be available. You can override this behaviour by setting r.NVIDIATimestampWorkaround to 0
[2017.02.18-15.13.59:198][  0]LogD3D11RHI: Async texture creation enabled
[2017.02.18-15.13.59:212][  0]LogD3D11RHI: GPU Timing Frequency: 1000.000000 (Debug: 2 2)
[2017.02.18-15.13.59:212][  0]LogShaderCompilers: Guid format shader working directory is 2 characters bigger than the processId version (C:/Users/Frr/Documents/GitHub/SpaceMilkman/Intermediate/Shaders/WorkingDirectory/8184/).
[2017.02.18-15.13.59:212][  0]LogShaderCompilers: Cleaned the shader compiler working directory 'C:/Users/Frr/AppData/Local/Temp/UnrealShaderWorkingDir/68AE31294E208CEF6376C8A4F7D498EE/'.
[2017.02.18-15.13.59:212][  0]LogShaderCompilers:Display: Using Local Shader Compiler.
[2017.02.18-15.14.00:229][  0]LogTemp:Display: Loaded TP AllDesktopTargetPlatform
[2017.02.18-15.14.00:280][  0]LogTemp:Display: Loaded TP MacClientTargetPlatform
[2017.02.18-15.14.00:332][  0]LogTemp:Display: Loaded TP MacNoEditorTargetPlatform
[2017.02.18-15.14.00:383][  0]LogTemp:Display: Loaded TP MacServerTargetPlatform
[2017.02.18-15.14.00:436][  0]LogTemp:Display: Loaded TP MacTargetPlatform
[2017.02.18-15.14.00:486][  0]LogTemp:Display: Loaded TP WindowsClientTargetPlatform
[2017.02.18-15.14.00:539][  0]LogTemp:Display: Loaded TP WindowsNoEditorTargetPlatform
[2017.02.18-15.14.00:597][  0]LogTemp:Display: Loaded TP WindowsServerTargetPlatform
[2017.02.18-15.14.00:640][  0]LogTemp:Display: Loaded TP WindowsTargetPlatform
[2017.02.18-15.14.00:694][  0]LogTemp:Display: Loaded TP AndroidTargetPlatform
[2017.02.18-15.14.00:742][  0]LogTemp:Display: Loaded TP Android_ASTCTargetPlatform
[2017.02.18-15.14.00:791][  0]LogTemp:Display: Loaded TP Android_ATCTargetPlatform
[2017.02.18-15.14.00:840][  0]LogTemp:Display: Loaded TP Android_DXTTargetPlatform
[2017.02.18-15.14.00:889][  0]LogTemp:Display: Loaded TP Android_ETC1TargetPlatform
[2017.02.18-15.14.00:938][  0]LogTemp:Display: Loaded TP Android_ETC2TargetPlatform
[2017.02.18-15.14.01:035][  0]LogTemp:Display: Loaded TP Android_MultiTargetPlatform
[2017.02.18-15.14.01:035][  0]LogTemp:Display: Loaded TP Android_PVRTCTargetPlatform
[2017.02.18-15.14.01:068][  0]LogTemp:Display: Loaded TP HTML5TargetPlatform
[2017.02.18-15.14.01:143][  0]LogTemp:Display: Loaded TP IOSTargetPlatform
[2017.02.18-15.14.01:172][  0]LogTemp:Display: Loaded TP TVOSTargetPlatform
[2017.02.18-15.14.01:222][  0]LogTemp:Display: Loaded TP LinuxClientTargetPlatform
[2017.02.18-15.14.01:271][  0]LogTemp:Display: Loaded TP LinuxNoEditorTargetPlatform
[2017.02.18-15.14.01:320][  0]LogTemp:Display: Loaded TP LinuxServerTargetPlatform
[2017.02.18-15.14.01:370][  0]LogTemp:Display: Loaded TP LinuxTargetPlatform
[2017.02.18-15.14.01:370][  0]LogTargetPlatformManager:Display: Building Assets For Windows
[2017.02.18-15.14.01:674][  0]LogDerivedDataCache:Display: Max Cache Size: 512 MB
[2017.02.18-15.14.01:718][  0]LogDerivedDataCache: Loaded boot cache 0.04s 50MB C:/Users/Frr/AppData/Local/UnrealEngine/4.14/DerivedDataCache/Boot.ddc.
[2017.02.18-15.14.01:718][  0]LogDerivedDataCache:Display: Loaded Boot cache: C:/Users/Frr/AppData/Local/UnrealEngine/4.14/DerivedDataCache/Boot.ddc
[2017.02.18-15.14.01:718][  0]LogDerivedDataCache: FDerivedDataBackendGraph:  Pak pak cache file C:/Users/Frr/Documents/GitHub/SpaceMilkman/DerivedDataCache/DDC.ddp not found, will not use a pak cache.
[2017.02.18-15.14.01:718][  0]LogDerivedDataCache: Unable to find inner node Pak for hierarchical cache Hierarchy.
[2017.02.18-15.14.01:718][  0]LogDerivedDataCache: FDerivedDataBackendGraph:  CompressedPak pak cache file C:/Users/Frr/Documents/GitHub/SpaceMilkman/DerivedDataCache/Compressed.ddp not found, will not use a pak cache.
[2017.02.18-15.14.01:718][  0]LogDerivedDataCache: Unable to find inner node CompressedPak for hierarchical cache Hierarchy.
[2017.02.18-15.14.01:740][  0]LogDerivedDataCache:Display: Pak cache opened for reading ../../../Engine/DerivedDataCache/Compressed.ddp.
[2017.02.18-15.14.01:751][  0]LogDerivedDataCache: Using Local data cache path C:/Users/Frr/AppData/Local/UnrealEngine/Common/DerivedDataCache: Writable
[2017.02.18-15.14.01:971][  0]LogInit: Selected Device Profile: [Windows]
[2017.02.18-15.14.01:974][  0]LogContentStreaming: Texture pool size is 0.00 MB
[2017.02.18-15.14.02:166][  0]LogMeshUtilities: Using QuadricMeshReduction for automatic static mesh reduction
[2017.02.18-15.14.02:203][  0]LogSimplygon: Simplygon DLL not present - disabling.
[2017.02.18-15.14.02:244][  0]LogMeshUtilities: Using SimplygonSwarm for distributed automatic mesh merging
[2017.02.18-15.14.02:244][  0]LogMeshUtilities: No automatic skeletal mesh reduction module available
[2017.02.18-15.14.02:244][  0]LogMeshUtilities: No automatic mesh merging module available
[2017.02.18-15.14.02:717][  0]LogNetVersion: GetLocalNetworkVersion: CL: 3195953, ProjectName: spacemilkman, ProjectVersion: , EngineNetworkVersion: 2, GameNetworkVersion: 0, NetworkChecksum: 1253371032
[2017.02.18-15.14.02:766][  0]LogAssetRegistry: FAssetRegistry took 0.0201 seconds to start up
[2017.02.18-15.14.02:801][  0]LogPackageLocalizationCache: Processed 3 localized package path(s) for 2 prioritized culture(s) in 0.020427 seconds
[2017.02.18-15.14.02:806][  0]LogUObjectArray: 31946 objects as part of root set at end of initial load.
[2017.02.18-15.14.02:806][  0]LogUObjectAllocator: 6935848 out of 0 bytes used by permanent object pool.
[2017.02.18-15.14.02:806][  0]LogUObjectArray: CloseDisregardForGC: 0/0 objects in disregard for GC pool
[2017.02.18-15.14.02:849][  0]LogInit: WinSock: version 1.1 (2.2), MaxSocks=32767, MaxUdp=65467
[2017.02.18-15.14.03:440][  0]LogSlate: Using Freetype 2.6.0
[2017.02.18-15.14.03:440][  0]LogSlate: SlateFontCache - WITH_FREETYPE: 1, WITH_HARFBUZZ: 1
[2017.02.18-15.14.03:440][  0]LogSlate: SlateFontCache - WITH_FREETYPE: 1, WITH_HARFBUZZ: 1
[2017.02.18-15.14.04:189][  0]LogTcpMessaging: Initializing TcpMessaging bridge
[2017.02.18-15.14.04:221][  0]LogUdpMessaging: Initializing bridge on interface 0.0.0.0:0 to multicast group 230.0.0.1:6666.
[2017.02.18-15.14.04:523][  0]LogMaterial: Uniform references updated for custom material expression Custom.
[2017.02.18-15.14.04:853][  0]SourceControl: Info Source control is disabled
[2017.02.18-15.14.04:854][  0]SourceControl: Info Source control is disabled
[2017.02.18-15.14.04:894][  0]SourceControl: Info Source control is disabled
[2017.02.18-15.14.04:932][  0]SourceControl: Info Source control is disabled
[2017.02.18-15.14.05:997][  0]LogEngine: Initializing Engine...
[2017.02.18-15.14.06:010][  0]LogHMD: Failed to initialize OpenVR with code 108
[2017.02.18-15.14.06:228][  0]LogAIModule: Creating AISystem for world Untitled
[2017.02.18-15.14.06:248][  0]LogInit: XAudio2 using 'Speakers (Realtek High Definition Audio)' : 2 channels at 48 kHz using 32 bits per sample (channel mask 0x3)
[2017.02.18-15.14.06:285][  0]LogInit: FAudioDevice initialized.
[2017.02.18-15.14.06:312][  0]LogDerivedDataCache: Saved boot cache 0.03s 50MB C:/Users/Frr/AppData/Local/UnrealEngine/4.14/DerivedDataCache/Boot.ddc.
[2017.02.18-15.14.06:316][  0]LogInit: Texture streaming: Enabled
[2017.02.18-15.14.06:457][  0]LogInit: Transaction tracking system initialized
[2017.02.18-15.14.06:732][  0]BlueprintLog: New page: Editor Load
[2017.02.18-15.14.07:425][  0]LocalizationService: Info Localization service is disabled
[2017.02.18-15.14.07:944][  0]LogConsoleResponse:Display: 
[2017.02.18-15.14.08:066][  0]LogCook:Display: Max memory allowance for cook 16384mb min free memory 0mb
[2017.02.18-15.14.08:066][  0]LogCook:Display: Mobile HDR setting 1
[2017.02.18-15.14.08:828][  0]LogFileCache: Scanning file cache for directory 'C:/Users/Frr/Documents/GitHub/SpaceMilkman/Content/' took 0.01s
[2017.02.18-15.14.08:828][  0]SourceControl: Info Source control is disabled
[2017.02.18-15.14.08:829][  0]Cmd: MAP LOAD FILE="C:/Users/Frr/Documents/GitHub/SpaceMilkman/Content/My2DMap.umap" TEMPLATE=0 SHOWPROGRESS=1 FEATURELEVEL=3
[2017.02.18-15.14.08:829][  0]LightingResults: New page: Lighting Build
[2017.02.18-15.14.08:862][  0]MapCheck: New page: Map Check
[2017.02.18-15.14.08:862][  0]LightingResults: New page: Lighting Build
[2017.02.18-15.14.09:127][  0]LogAIModule: Creating AISystem for world My2DMap
[2017.02.18-15.14.09:134][  0]LogEditorServer: Finished looking for orphan Actors (0.000 secs)
[2017.02.18-15.14.09:134][  0]Cmd: MAP CHECKDEP NOCLEARLOG
[2017.02.18-15.14.09:177][  0]MapCheck: Info Map check complete: 0 Error(s), 0 Warning(s), took 42.703ms to complete.
[2017.02.18-15.14.09:177][  0]LogFileHelpers: Loading map 'My2DMap' took 0.348
[2017.02.18-15.14.09:299][  0]LogCollectionManager: Loaded 0 collections in 0.002163 seconds
[2017.02.18-15.14.09:367][  0]LogFileCache: Scanning file cache for directory 'C:/Users/Frr/Documents/GitHub/SpaceMilkman/Saved/Collections/' took 0.01s
[2017.02.18-15.14.09:367][  0]LogFileCache: Scanning file cache for directory 'C:/Users/Frr/Documents/GitHub/SpaceMilkman/Content/Developers/Frr/Collections/' took 0.01s
[2017.02.18-15.14.09:367][  0]LogFileCache: Scanning file cache for directory 'C:/Users/Frr/Documents/GitHub/SpaceMilkman/Content/Collections/' took 0.01s
[2017.02.18-15.14.09:367][  0]LogCollectionManager: Rebuilt the GUID cache for 0 collections in 0.000002 seconds
[2017.02.18-15.14.09:375][  0]LogContentBrowser: Native class hierarchy populated in 0.0084 seconds. Added 2190 classes and 428 folders.
[2017.02.18-15.14.09:411][  0]LogStats: UGameplayTagsManager::ConstructGameplayTagTree: Construct from data asset -  0.000 s
[2017.02.18-15.14.09:411][  0]LogStats: UGameplayTagsManager::ConstructGameplayTagTree: GameplayTagTreeChangedEvent.Broadcast -  0.000 s
[2017.02.18-15.14.09:411][  0]LogContentBrowser: Native class hierarchy updated for 'GameplayTags' in 0.0005 seconds. Added 13 classes and 0 folders.
[2017.02.18-15.14.09:459][  0]LogContentBrowser: Native class hierarchy updated for 'WidgetCarousel' in 0.0004 seconds. Added 0 classes and 0 folders.
[2017.02.18-15.14.09:501][  0]LogContentBrowser: Native class hierarchy updated for 'AddContentDialog' in 0.0004 seconds. Added 0 classes and 0 folders.
[2017.02.18-15.14.09:537][  0]LogContentBrowser: Native class hierarchy updated for 'SceneOutliner' in 0.0005 seconds. Added 1 classes and 2 folders.
[2017.02.18-15.14.09:604][  0]LogCrashTracker: Crashtracker disabled due to settings.
[2017.02.18-15.14.09:608][  0]LogUObjectGlobals:Warning: Failed to find object 'Class None.'
[2017.02.18-15.14.09:664][  0]LogContentBrowser: Native class hierarchy updated for 'HierarchicalLODOutliner' in 0.0005 seconds. Added 1 classes and 2 folders.
[2017.02.18-15.14.09:664][  0]LogLoad: (Engine Initialization) Total time: 12.56 seconds
[2017.02.18-15.14.09:664][  0]LogLoad: (Engine Initialization) Total Blueprint compile time: 0.10 seconds
[2017.02.18-15.14.09:664][  0]LogExternalProfiler: Found external profiler: VSPerf
[2017.02.18-15.14.09:664][  0]LogExternalProfiler: Using external profiler: VSPerf
[2017.02.18-15.14.09:676][  0]LogOcInput: OculusInput pre-init called
[2017.02.18-15.14.09:696][  0]LogContentStreaming: Texture pool size now 1000 MB
[2017.02.18-15.14.09:803][  1]LogAssetRegistry: Asset discovery search completed in 7.0580 seconds
[2017.02.18-15.14.09:803][  1]LogCollectionManager: Rebuilt the object cache for 0 collections in 0.000001 seconds (found 0 objects)
[2017.02.18-15.14.09:803][  1]LogCollectionManager: Fixed up redirectors for 0 collections in 0.000016 seconds (updated 0 objects)
[2017.02.18-15.14.09:827][  2]LogRenderer: Reallocating scene render targets to support 636x404 NumSamples 1 (Frame:2).
[2017.02.18-15.14.21:946][419]LogTemp: Repeting last play command: New Editor Window (PIE)
[2017.02.18-15.14.21:954][419]LogPlayLevel: PlayLevel: No blueprints needed recompiling
[2017.02.18-15.14.21:955][419]PIE: New page: PIE session: My2DMap (18 Feb 2017 15:14:21)
[2017.02.18-15.14.21:955][419]LogPlayLevel: Creating play world package: /Game/UEDPIE_0_My2DMap
[2017.02.18-15.14.21:957][419]LogPlayLevel: PIE: StaticDuplicateObject took: (0.001937s)
[2017.02.18-15.14.21:957][419]LogAIModule: Creating AISystem for world My2DMap
[2017.02.18-15.14.21:957][419]LogPlayLevel: PIE: World Init took: (0.000558s)
[2017.02.18-15.14.21:957][419]LogPlayLevel: PIE: Created PIE world by copying editor world from /Game/My2DMap.My2DMap to /Game/UEDPIE_0_My2DMap.My2DMap (0.002678s)
[2017.02.18-15.14.21:975][419]LogInit: XAudio2 using 'Speakers (Realtek High Definition Audio)' : 2 channels at 48 kHz using 32 bits per sample (channel mask 0x3)
[2017.02.18-15.14.21:983][419]LogInit: FAudioDevice initialized.
[2017.02.18-15.14.22:037][419]LogLoad: Game class is 'PaperGameMode_C'
[2017.02.18-15.14.22:039][419]LogWorld: Bringing World /Game/UEDPIE_0_My2DMap.My2DMap up for play (max tick rate 0) at 2017.02.18-15.14.22
[2017.02.18-15.14.22:040][419]LogWorld: Bringing up level for play took: 0.001651
[2017.02.18-15.14.22:074][419]LogContentBrowser: Native class hierarchy updated for 'MovieSceneCapture' in 0.0005 seconds. Added 11 classes and 0 folders.
[2017.02.18-15.14.22:079][419]PIE: Info Play in editor start time for /Game/UEDPIE_0_My2DMap -0.586
[2017.02.18-15.14.22:101][419]LogRenderer: Reallocating scene render targets to support 1292x756 NumSamples 1 (Frame:1283).
[2017.02.18-15.14.36:522][131]LogAIModule: Creating AISystem for world Milk
[2017.02.18-15.14.36:540][131]Cmd: MAP LOAD FILE="C:/Users/Frr/Documents/GitHub/SpaceMilkman/Content/Milk.umap" TEMPLATE=0 SHOWPROGRESS=1 FEATURELEVEL=3
[2017.02.18-15.14.36:540][131]LightingResults: New page: Lighting Build
[2017.02.18-15.14.36:541][131]LoadErrors: New page: Loading map: Milk.umap
[2017.02.18-15.14.36:541][131]MapCheck: New page: Map Check
[2017.02.18-15.14.36:541][131]LightingResults: New page: Lighting Build
[2017.02.18-15.14.36:595][131]LogEditorServer: Finished looking for orphan Actors (0.000 secs)
[2017.02.18-15.14.36:614][131]Cmd: MAP CHECKDEP NOCLEARLOG
[2017.02.18-15.14.36:660][131]MapCheck: Info Map check complete: 0 Error(s), 0 Warning(s), took 45.54ms to complete.
[2017.02.18-15.14.36:660][131]LogFileHelpers: Loading map 'Milk' took 0.121
[2017.02.18-15.14.39:525][468]LogTemp: Repeting last play command: New Editor Window (PIE)
[2017.02.18-15.14.39:533][468]LogPlayLevel: PlayLevel: No blueprints needed recompiling
[2017.02.18-15.14.39:533][468]PIE: New page: PIE session: Milk (18 Feb 2017 15:14:39)
[2017.02.18-15.14.39:533][468]LogPlayLevel: Creating play world package: /Game/UEDPIE_0_Milk
[2017.02.18-15.14.39:536][468]LogPlayLevel: PIE: StaticDuplicateObject took: (0.002296s)
[2017.02.18-15.14.39:536][468]LogAIModule: Creating AISystem for world Milk
[2017.02.18-15.14.39:536][468]LogPlayLevel: PIE: World Init took: (0.000515s)
[2017.02.18-15.14.39:536][468]LogPlayLevel: PIE: Created PIE world by copying editor world from /Game/Milk.Milk to /Game/UEDPIE_0_Milk.Milk (0.003003s)
[2017.02.18-15.14.39:554][468]LogInit: XAudio2 using 'Speakers (Realtek High Definition Audio)' : 2 channels at 48 kHz using 32 bits per sample (channel mask 0x3)
[2017.02.18-15.14.39:562][468]LogInit: FAudioDevice initialized.
[2017.02.18-15.14.39:599][468]LogLoad: Game class is 'PaperGameMode_C'
[2017.02.18-15.14.39:602][468]LogWorld: Bringing World /Game/UEDPIE_0_Milk.Milk up for play (max tick rate 0) at 2017.02.18-15.14.39
[2017.02.18-15.14.39:602][468]LogWorld: Bringing up level for play took: 0.001814
[2017.02.18-15.14.39:607][468]PIE: Info Play in editor start time for /Game/UEDPIE_0_Milk 0.942
[2017.02.18-15.19.46:172][411]LogContentBrowser: Native class hierarchy updated for 'BlueprintGraph' in 0.0008 seconds. Added 111 classes and 0 folders.
[2017.02.18-15.19.53:596][176]BlueprintLog: New page: Compile MyCharacter
[2017.02.18-15.19.56:518][495]LogTemp: Repeting last play command: New Editor Window (PIE)
[2017.02.18-15.19.56:541][495]LogPlayLevel: PlayLevel: No blueprints needed recompiling
[2017.02.18-15.19.56:541][495]PIE: New page: PIE session: Milk (18 Feb 2017 15:19:56)
[2017.02.18-15.19.56:541][495]LogPlayLevel: Creating play world package: /Game/UEDPIE_0_Milk
[2017.02.18-15.19.56:545][495]LogPlayLevel: PIE: StaticDuplicateObject took: (0.003199s)
[2017.02.18-15.19.56:545][495]LogAIModule: Creating AISystem for world Milk
[2017.02.18-15.19.56:545][495]LogPlayLevel: PIE: World Init took: (0.000663s)
[2017.02.18-15.19.56:546][495]LogPlayLevel: PIE: Created PIE world by copying editor world from /Game/Milk.Milk to /Game/UEDPIE_0_Milk.Milk (0.004095s)
[2017.02.18-15.19.56:571][495]LogInit: XAudio2 using 'Speakers (Realtek High Definition Audio)' : 2 channels at 48 kHz using 32 bits per sample (channel mask 0x3)
[2017.02.18-15.19.56:580][495]LogInit: FAudioDevice initialized.
[2017.02.18-15.19.56:615][495]LogLoad: Game class is 'PaperGameMode_C'
[2017.02.18-15.19.56:617][495]LogWorld: Bringing World /Game/UEDPIE_0_Milk.Milk up for play (max tick rate 0) at 2017.02.18-15.19.56
[2017.02.18-15.19.56:617][495]LogWorld: Bringing up level for play took: 0.001825
[2017.02.18-15.19.56:621][495]PIE: Info Play in editor start time for /Game/UEDPIE_0_Milk -0.05
[2017.02.18-15.20.14:987][668]BlueprintLog: New page: Compile MyCharacter
[2017.02.18-15.20.15:582][709]Cmd: OBJ SAVEPACKAGE PACKAGE="/Game/Blueprints/MyCharacter" FILE="C:/Users/Frr/Documents/GitHub/SpaceMilkman/Content/Blueprints/MyCharacter.uasset" SILENT=true
[2017.02.18-15.20.15:679][709]LogSavePackage: Save=63.42ms
[2017.02.18-15.20.15:679][709]LogSavePackage: Moving 'C:/Users/Frr/Documents/GitHub/SpaceMilkman/Saved/MyCharacterEBF1802442DEB0ABC9AFDAB58FD6069D.tmp' to 'C:/Users/Frr/Documents/GitHub/SpaceMilkman/Content/Blueprints/MyCharacter.uasset'
[2017.02.18-15.20.15:681][709]LogSavePackage:Display: Finished SavePackage C:/Users/Frr/Documents/GitHub/SpaceMilkman/Content/Blueprints/MyCharacter.uasset
[2017.02.18-15.20.16:251][775]LogTemp: Repeting last play command: New Editor Window (PIE)
[2017.02.18-15.20.16:272][775]LogPlayLevel: PlayLevel: No blueprints needed recompiling
[2017.02.18-15.20.16:273][775]PIE: New page: PIE session: Milk (18 Feb 2017 15:20:16)
[2017.02.18-15.20.16:273][775]LogPlayLevel: Creating play world package: /Game/UEDPIE_0_Milk
[2017.02.18-15.20.16:278][775]LogPlayLevel: PIE: StaticDuplicateObject took: (0.004821s)
[2017.02.18-15.20.16:278][775]LogAIModule: Creating AISystem for world Milk
[2017.02.18-15.20.16:278][775]LogPlayLevel: PIE: World Init took: (0.000522s)
[2017.02.18-15.20.16:278][775]LogPlayLevel: PIE: Created PIE world by copying editor world from /Game/Milk.Milk to /Game/UEDPIE_0_Milk.Milk (0.005578s)
[2017.02.18-15.20.16:299][775]LogInit: XAudio2 using 'Speakers (Realtek High Definition Audio)' : 2 channels at 48 kHz using 32 bits per sample (channel mask 0x3)
[2017.02.18-15.20.16:308][775]LogInit: FAudioDevice initialized.
[2017.02.18-15.20.16:341][775]LogLoad: Game class is 'PaperGameMode_C'
[2017.02.18-15.20.16:344][775]LogWorld: Bringing World /Game/UEDPIE_0_Milk.Milk up for play (max tick rate 0) at 2017.02.18-15.20.16
[2017.02.18-15.20.16:344][775]LogWorld: Bringing up level for play took: 0.001803
[2017.02.18-15.20.16:348][775]PIE: Info Play in editor start time for /Game/UEDPIE_0_Milk -0.324
[2017.02.18-15.23.01:665][658]LogTemp: Repeting last play command: New Editor Window (PIE)
[2017.02.18-15.23.01:676][658]LogPlayLevel: PlayLevel: No blueprints needed recompiling
[2017.02.18-15.23.01:676][658]PIE: New page: PIE session: Milk (18 Feb 2017 15:23:01)
[2017.02.18-15.23.01:676][658]LogPlayLevel: Creating play world package: /Game/UEDPIE_0_Milk
[2017.02.18-15.23.01:679][658]LogPlayLevel: PIE: StaticDuplicateObject took: (0.002419s)
[2017.02.18-15.23.01:679][658]LogAIModule: Creating AISystem for world Milk
[2017.02.18-15.23.01:679][658]LogPlayLevel: PIE: World Init took: (0.000664s)
[2017.02.18-15.23.01:679][658]LogPlayLevel: PIE: Created PIE world by copying editor world from /Game/Milk.Milk to /Game/UEDPIE_0_Milk.Milk (0.003282s)
[2017.02.18-15.23.01:701][658]LogInit: XAudio2 using 'Speakers (Realtek High Definition Audio)' : 2 channels at 48 kHz using 32 bits per sample (channel mask 0x3)
[2017.02.18-15.23.01:708][658]LogInit: FAudioDevice initialized.
[2017.02.18-15.23.01:748][658]LogLoad: Game class is 'PaperGameMode_C'
[2017.02.18-15.23.01:751][658]LogWorld: Bringing World /Game/UEDPIE_0_Milk.Milk up for play (max tick rate 0) at 2017.02.18-15.23.01
[2017.02.18-15.23.01:751][658]LogWorld: Bringing up level for play took: 0.001836
[2017.02.18-15.23.01:756][658]PIE: Info Play in editor start time for /Game/UEDPIE_0_Milk 1.082
[2017.02.18-15.23.07:265][299]Cmd: TRANSACTION UNDO
[2017.02.18-15.23.07:265][299]LogEditorTransaction: Undo Set actor scale
[2017.02.18-15.23.07:669][334]Cmd: TRANSACTION UNDO
[2017.02.18-15.23.07:669][334]LogEditorTransaction: Undo Set actor scale
[2017.02.18-15.23.08:032][371]Cmd: TRANSACTION UNDO
[2017.02.18-15.23.08:032][371]LogEditorTransaction: Undo Clicking on Actors
[2017.02.18-15.25.54:674][595]LogFileHelpers: Editor autosave (incl. sublevels) for '/Game/Milk' took 0.015
[2017.02.18-15.28.18:034][654]LogTemp: Repeting last play command: New Editor Window (PIE)
[2017.02.18-15.28.18:044][654]LogPlayLevel: PlayLevel: No blueprints needed recompiling
[2017.02.18-15.28.18:045][654]PIE: New page: PIE session: Milk (18 Feb 2017 15:28:18)
[2017.02.18-15.28.18:045][654]LogPlayLevel: Creating play world package: /Game/UEDPIE_0_Milk
[2017.02.18-15.28.18:047][654]LogPlayLevel: PIE: StaticDuplicateObject took: (0.002554s)
[2017.02.18-15.28.18:048][654]LogAIModule: Creating AISystem for world Milk
[2017.02.18-15.28.18:048][654]LogPlayLevel: PIE: World Init took: (0.000616s)
[2017.02.18-15.28.18:048][654]LogPlayLevel: PIE: Created PIE world by copying editor world from /Game/Milk.Milk to /Game/UEDPIE_0_Milk.Milk (0.003379s)
[2017.02.18-15.28.18:069][654]LogInit: XAudio2 using 'Speakers (Realtek High Definition Audio)' : 2 channels at 48 kHz using 32 bits per sample (channel mask 0x3)
[2017.02.18-15.28.18:076][654]LogInit: FAudioDevice initialized.
[2017.02.18-15.28.18:117][654]LogLoad: Game class is 'PaperGameMode_C'
[2017.02.18-15.28.18:119][654]LogWorld: Bringing World /Game/UEDPIE_0_Milk.Milk up for play (max tick rate 0) at 2017.02.18-15.28.18
[2017.02.18-15.28.18:120][654]LogWorld: Bringing up level for play took: 0.001877
[2017.02.18-15.28.18:125][654]PIE: Info Play in editor start time for /Game/UEDPIE_0_Milk -0.557
[2017.02.18-15.36.48:538][563]LogFileHelpers: Editor autosave (incl. sublevels) for '/Game/Milk' took 0.019
[2017.02.18-15.46.49:226][365]LogFileHelpers: Editor autosave (incl. sublevels) for '/Game/Milk' took 0.021
[2017.02.18-15.56.49:904][167]LogFileHelpers: Editor autosave (incl. sublevels) for '/Game/Milk' took 0.016
[2017.02.18-16.06.50:596][969]LogFileHelpers: Editor autosave (incl. sublevels) for '/Game/Milk' took 0.019
[2017.02.18-16.10.02:363][669]Cmd: OBJ SAVEPACKAGE PACKAGE="/Game/Milk" FILE="C:/Users/Frr/Documents/GitHub/SpaceMilkman/Content/Milk.umap" SILENT=true AUTOSAVING=false KEEPDIRTY=false
[2017.02.18-16.10.02:441][669]LogSavePackage: Save=32.80ms
[2017.02.18-16.10.02:441][669]LogSavePackage: Moving 'C:/Users/Frr/Documents/GitHub/SpaceMilkman/Saved/Milk045003864F2B6EA5C8671D9FEF3A53E8.tmp' to 'C:/Users/Frr/Documents/GitHub/SpaceMilkman/Content/Milk.umap'
[2017.02.18-16.10.02:443][669]LogSavePackage:Display: Finished SavePackage C:/Users/Frr/Documents/GitHub/SpaceMilkman/Content/Milk.umap
[2017.02.18-16.11.43:707][408]Cmd: QUIT_EDITOR
[2017.02.18-16.11.43:757][408]LogExit: Preparing to exit.
[2017.02.18-16.11.44:573][408]LogExit: Editor shut down
[2017.02.18-16.11.44:573][408]LogExit: Transaction tracking system shut down
[2017.02.18-16.11.44:662][408]LogObj: Freed 0b from 0 cluster array pools.
[2017.02.18-16.11.44:662][408]LogExit: Object subsystem successfully closed.
[2017.02.18-16.11.44:676][408]LogD3D11RHI: Shutdown
[2017.02.18-16.11.44:676][408]LogD3D11RHI: CleanupD3DDevice
[2017.02.18-16.11.44:724][408]LogD3D11RHI: ~FD3D11DynamicRHI
[2017.02.18-16.11.44:730][408]LogHttp:Display: Http module shutting down, but needs to wait on 1 outstanding Http requests:
[2017.02.18-16.11.44:730][408]LogHttp:Display: 	verb=[POST] url=[https://datarouter.ol.epicgames.com/datarouter/api/v1/public/data?SessionID=%7BF7462B40-405E-83F7-B727-9789022EB9A9%7D&AppID=UEEditor.Rocket.Release&AppVersion=4.14.3-3249277%2B%2B%2BUE4%2BRelease-4.14&UserID=7597a55b40c4b80579b6818b75e316b0%7C0a889d56fb784a13b4207d8153af110b%7C3bd33cd0-258e-4060-a0ea-4df990fc901c&AppEnvironment=datacollector-binary&UploadType=eteventstream] status=Processing
[2017.02.18-16.11.44:751][408]LogModuleManager: Shutting down and abandoning module BlueprintGraph (244)
[2017.02.18-16.11.44:751][408]LogModuleManager: Shutting down and abandoning module BlueprintProfiler (243)
[2017.02.18-16.11.44:751][408]LogModuleManager: Shutting down and abandoning module MovieSceneCapture (242)
[2017.02.18-16.11.44:751][408]LogModuleManager: Shutting down and abandoning module HierarchicalLODOutliner (241)
[2017.02.18-16.11.44:751][408]LogModuleManager: Shutting down and abandoning module CrashTracker (240)
[2017.02.18-16.11.44:751][408]LogModuleManager: Shutting down and abandoning module SceneOutliner (239)
[2017.02.18-16.11.44:751][408]LogModuleManager: Shutting down and abandoning module WidgetCarousel (238)
[2017.02.18-16.11.44:751][408]LogModuleManager: Shutting down and abandoning module AddContentDialog (237)
[2017.02.18-16.11.44:751][408]LogDirectoryWatcher: A directory notification for 'F:/Program Files (x86)/Epic Games/4.14/FeaturePacks/' was aborted.
[2017.02.18-16.11.44:751][408]LogModuleManager: Shutting down and abandoning module GameplayTags (236)
[2017.02.18-16.11.44:751][408]LogModuleManager: Shutting down and abandoning module EditorWidgets (235)
[2017.02.18-16.11.44:751][408]LogModuleManager: Shutting down and abandoning module CollectionManager (234)
[2017.02.18-16.11.44:751][408]LogDirectoryWatcher: A directory notification for 'C:/Users/Frr/Documents/GitHub/SpaceMilkman/Content/Collections/' was aborted.
[2017.02.18-16.11.44:752][408]LogDirectoryWatcher: A directory notification for 'C:/Users/Frr/Documents/GitHub/SpaceMilkman/Content/Developers/Frr/Collections/' was aborted.
[2017.02.18-16.11.44:752][408]LogDirectoryWatcher: A directory notification for 'C:/Users/Frr/Documents/GitHub/SpaceMilkman/Saved/Collections/' was aborted.
[2017.02.18-16.11.44:752][408]LogModuleManager: Shutting down and abandoning module StatsViewer (233)
[2017.02.18-16.11.44:752][408]LogModuleManager: Shutting down and abandoning module FoliageEdit (232)
[2017.02.18-16.11.44:752][408]LogModuleManager: Shutting down and abandoning module LandscapeEditor (231)
[2017.02.18-16.11.44:752][408]LogModuleManager: Shutting down and abandoning module SceneDepthPickerMode (230)
[2017.02.18-16.11.44:752][408]LogModuleManager: Shutting down and abandoning module ActorPickerMode (229)
[2017.02.18-16.11.44:752][408]LogModuleManager: Shutting down and abandoning module GeometryMode (228)
[2017.02.18-16.11.44:752][408]LogModuleManager: Shutting down and abandoning module TextureAlignMode (227)
[2017.02.18-16.11.44:752][408]LogModuleManager: Shutting down and abandoning module BspMode (226)
[2017.02.18-16.11.44:752][408]LogModuleManager: Shutting down and abandoning module HardwareSurvey (225)
[2017.02.18-16.11.44:752][408]LogModuleManager: Shutting down and abandoning module SequenceRecorderSections (224)
[2017.02.18-16.11.44:752][408]LogModuleManager: Shutting down and abandoning module AutomationWorker (223)
[2017.02.18-16.11.44:752][408]LogModuleManager: Shutting down and abandoning module MatineeToLevelSequence (222)
[2017.02.18-16.11.44:752][408]LogModuleManager: Shutting down and abandoning module PlacementMode (221)
[2017.02.18-16.11.44:752][408]LogModuleManager: Shutting down and abandoning module LevelSequenceEditor (220)
[2017.02.18-16.11.44:752][408]LogModuleManager: Shutting down and abandoning module WmfMediaFactory (219)
[2017.02.18-16.11.44:752][408]LogModuleManager: Shutting down and abandoning module WmfMediaEditor (218)
[2017.02.18-16.11.44:752][408]LogModuleManager: Shutting down and abandoning module AvfMediaFactory (217)
[2017.02.18-16.11.44:752][408]LogModuleManager: Shutting down and abandoning module AvfMediaEditor (216)
[2017.02.18-16.11.44:752][408]LogModuleManager: Shutting down and abandoning module Media (215)
[2017.02.18-16.11.44:752][408]LogModuleManager: Shutting down and abandoning module AndroidMediaFactory (214)
[2017.02.18-16.11.44:752][408]LogModuleManager: Shutting down and abandoning module AndroidMediaEditor (213)
[2017.02.18-16.11.44:752][408]LogModuleManager: Shutting down and abandoning module CharacterAI (212)
[2017.02.18-16.11.44:752][408]LogModuleManager: Shutting down and abandoning module SequenceRecorder (211)
[2017.02.18-16.11.44:752][408]LogModuleManager: Shutting down and abandoning module AudioCapture (210)
[2017.02.18-16.11.44:752][408]LogModuleManager: Shutting down and abandoning module SmartSnapping (209)
[2017.02.18-16.11.44:752][408]LogModuleManager: Shutting down and abandoning module SessionServices (208)
[2017.02.18-16.11.44:752][408]LogModuleManager: Shutting down and abandoning module ViewportSnapping (207)
[2017.02.18-16.11.44:752][408]LogModuleManager: Shutting down and abandoning module ViewportInteraction (206)
[2017.02.18-16.11.44:752][408]LogModuleManager: Shutting down and abandoning module LogVisualizer (205)
[2017.02.18-16.11.44:752][408]LogModuleManager: Shutting down and abandoning module GameProjectGeneration (204)
[2017.02.18-16.11.44:752][408]LogModuleManager: Shutting down and abandoning module IntroTutorials (203)
[2017.02.18-16.11.44:752][408]LogModuleManager: Shutting down and abandoning module EditorLiveStreaming (202)
[2017.02.18-16.11.44:752][408]LogModuleManager: Shutting down and abandoning module IOSPlatformEditor (201)
[2017.02.18-16.11.44:752][408]LogModuleManager: Shutting down and abandoning module HTML5PlatformEditor (200)
[2017.02.18-16.11.44:752][408]LogModuleManager: Shutting down and abandoning module AndroidDeviceDetection (199)
[2017.02.18-16.11.44:919][408]LogModuleManager: Shutting down and abandoning module AndroidPlatformEditor (198)
[2017.02.18-16.11.44:919][408]LogModuleManager: Shutting down and abandoning module IOSRuntimeSettings (197)
[2017.02.18-16.11.44:919][408]LogModuleManager: Shutting down and abandoning module AndroidRuntimeSettings (196)
[2017.02.18-16.11.44:919][408]LogModuleManager: Shutting down and abandoning module InputBindingEditor (195)
[2017.02.18-16.11.44:919][408]LogModuleManager: Shutting down and abandoning module NiagaraEditor (194)
[2017.02.18-16.11.44:920][408]LogModuleManager: Shutting down and abandoning module MergeActors (193)
[2017.02.18-16.11.44:920][408]LogModuleManager: Shutting down and abandoning module SizeMap (192)
[2017.02.18-16.11.44:920][408]LogModuleManager: Shutting down and abandoning module TreeMap (191)
[2017.02.18-16.11.44:920][408]LogModuleManager: Shutting down and abandoning module ReferenceViewer (190)
[2017.02.18-16.11.44:920][408]LogModuleManager: Shutting down and abandoning module LocalizationService (189)
[2017.02.18-16.11.44:920][408]LogModuleManager: Shutting down and abandoning module LocalizationDashboard (188)
[2017.02.18-16.11.44:920][408]LogModuleManager: Shutting down and abandoning module HardwareTargeting (187)
[2017.02.18-16.11.44:920][408]LogModuleManager: Shutting down and abandoning module DeviceProfileEditor (186)
[2017.02.18-16.11.44:920][408]LogModuleManager: Shutting down and abandoning module UndoHistory (185)
[2017.02.18-16.11.44:920][408]LogModuleManager: Shutting down and abandoning module UserFeedback (184)
[2017.02.18-16.11.44:920][408]LogModuleManager: Shutting down and abandoning module XmlParser (183)
[2017.02.18-16.11.44:920][408]LogModuleManager: Shutting down and abandoning module Blutility (182)
[2017.02.18-16.11.44:920][408]LogModuleManager: Shutting down and abandoning module ProjectTargetPlatformEditor (181)
[2017.02.18-16.11.44:920][408]LogModuleManager: Shutting down and abandoning module ProjectSettingsViewer (180)
[2017.02.18-16.11.44:920][408]LogModuleManager: Shutting down and abandoning module EditorSettingsViewer (179)
[2017.02.18-16.11.44:920][408]LogModuleManager: Shutting down and abandoning module SettingsEditor (178)
[2017.02.18-16.11.44:920][408]LogModuleManager: Shutting down and abandoning module ProjectLauncher (177)
[2017.02.18-16.11.44:920][408]LogModuleManager: Shutting down and abandoning module SessionFrontend (176)
[2017.02.18-16.11.44:920][408]LogModuleManager: Shutting down and abandoning module ProfilerClient (175)
[2017.02.18-16.11.44:920][408]LogModuleManager: Shutting down and abandoning module TargetDeviceServices (174)
[2017.02.18-16.11.44:920][408]LogModuleManager: Shutting down and abandoning module DeviceManager (173)
[2017.02.18-16.11.44:961][408]LogModuleManager: Shutting down and abandoning module AutomationController (172)
[2017.02.18-16.11.44:961][408]LogModuleManager: Shutting down and abandoning module AutomationWindow (171)
[2017.02.18-16.11.44:961][408]LogModuleManager: Shutting down and abandoning module Layers (170)
[2017.02.18-16.11.44:961][408]LogModuleManager: Shutting down and abandoning module ComponentVisualizers (169)
[2017.02.18-16.11.44:961][408]LogModuleManager: Shutting down and abandoning module DetailCustomizations (168)
[2017.02.18-16.11.44:961][408]LogModuleManager: Shutting down and abandoning module PackagesDialog (167)
[2017.02.18-16.11.44:961][408]LogModuleManager: Shutting down and abandoning module AnimGraph (166)
[2017.02.18-16.11.44:961][408]LogModuleManager: Shutting down and abandoning module Persona (165)
[2017.02.18-16.11.44:961][408]LogModuleManager: Shutting down and abandoning module Kismet (164)
[2017.02.18-16.11.44:971][408]LogModuleManager: Shutting down and abandoning module GraphEditor (163)
[2017.02.18-16.11.44:971][408]LogModuleManager: Shutting down and abandoning module ClassViewer (162)
[2017.02.18-16.11.44:971][408]LogModuleManager: Shutting down and abandoning module Toolbox (161)
[2017.02.18-16.11.44:971][408]LogModuleManager: Shutting down and abandoning module ModuleUI (160)
[2017.02.18-16.11.44:971][408]LogModuleManager: Shutting down and abandoning module MovieSceneTools (159)
[2017.02.18-16.11.44:971][408]LogModuleManager: Shutting down and abandoning module OutputLog (158)
[2017.02.18-16.11.44:971][408]LogModuleManager: Shutting down and abandoning module GammaUI (157)
[2017.02.18-16.11.44:971][408]LogModuleManager: Shutting down and abandoning module Documentation (156)
[2017.02.18-16.11.44:971][408]LogModuleManager: Shutting down and abandoning module Niagara (155)
[2017.02.18-16.11.44:971][408]LogModuleManager: Shutting down and abandoning module StreamingPauseRendering (154)
[2017.02.18-16.11.44:971][408]LogModuleManager: Shutting down and abandoning module AnalyticsET (153)
[2017.02.18-16.11.44:971][408]LogModuleManager: Shutting down and abandoning module PortalServices (152)
[2017.02.18-16.11.44:971][408]LogModuleManager: Shutting down and abandoning module PortalRpc (151)
[2017.02.18-16.11.44:971][408]LogModuleManager: Shutting down and abandoning module MessagingRpc (150)
[2017.02.18-16.11.44:971][408]LogModuleManager: Shutting down and abandoning module GameplayDebugger (149)
[2017.02.18-16.11.44:971][408]LogModuleManager: Shutting down and abandoning module AITestSuite (148)
[2017.02.18-16.11.44:971][408]LogModuleManager: Shutting down and abandoning module AIModule (147)
[2017.02.18-16.11.44:971][408]LogModuleManager: Shutting down and abandoning module ProfilerService (146)
[2017.02.18-16.11.45:214][408]LogModuleManager: Shutting down and abandoning module TaskGraph (145)
[2017.02.18-16.11.45:214][408]LogModuleManager: Shutting down and abandoning module SlateRemote (144)
[2017.02.18-16.11.45:214][408]LogModuleManager: Shutting down and abandoning module SteamVRController (143)
[2017.02.18-16.11.45:214][408]LogModuleManager: Shutting down and abandoning module SteamVR (142)
[2017.02.18-16.11.45:214][408]LogModuleManager: Shutting down and abandoning module ProceduralMeshComponentEditor (141)
[2017.02.18-16.11.45:214][408]LogModuleManager: Shutting down and abandoning module ProceduralMeshComponent (140)
[2017.02.18-16.11.45:214][408]LogModuleManager: Shutting down and abandoning module OculusLibrary (139)
[2017.02.18-16.11.45:214][408]LogModuleManager: Shutting down and abandoning module OculusInput (138)
[2017.02.18-16.11.45:214][408]LogModuleManager: Shutting down and abandoning module MobilePatchingUtils (137)
[2017.02.18-16.11.45:215][408]LogModuleManager: Shutting down and abandoning module CustomMeshComponent (136)
[2017.02.18-16.11.45:215][408]LogModuleManager: Shutting down and abandoning module CableComponent (135)
[2017.02.18-16.11.45:215][408]LogModuleManager: Shutting down and abandoning module ArchVisCharacter (134)
[2017.02.18-16.11.45:215][408]LogModuleManager: Shutting down and abandoning module MediaPlayerEditor (132)
[2017.02.18-16.11.45:215][408]LogModuleManager: Shutting down and abandoning module HTML5Networking (131)
[2017.02.18-16.11.45:215][408]LogModuleManager: Shutting down and abandoning module GeometryCacheEd (130)
[2017.02.18-16.11.45:215][408]LogModuleManager: Shutting down and abandoning module GeometryCache (129)
[2017.02.18-16.11.45:215][408]LogModuleManager: Shutting down and abandoning module AlembicLibrary (128)
[2017.02.18-16.11.45:215][408]LogModuleManager: Shutting down and abandoning module AlembicImporter (127)
[2017.02.18-16.11.45:215][408]LogModuleManager: Shutting down and abandoning module SuperSearch (126)
[2017.02.18-16.11.45:215][408]LogModuleManager: Shutting down and abandoning module SuperSearchEditor (125)
[2017.02.18-16.11.45:215][408]LogModuleManager: Shutting down and abandoning module SpeedTreeImporter (124)
[2017.02.18-16.11.45:215][408]LogModuleManager: Shutting down and abandoning module PluginBrowser (123)
[2017.02.18-16.11.45:215][408]LogModuleManager: Shutting down and abandoning module MobileLauncherProfileWizard (122)
[2017.02.18-16.11.45:215][408]LogModuleManager: Shutting down and abandoning module EpicSurvey (121)
[2017.02.18-16.11.45:215][408]LogModuleManager: Shutting down and abandoning module DesktopPlatform (120)
[2017.02.18-16.11.45:215][408]LogModuleManager: Shutting down and abandoning module VisualStudioSourceCodeAccess (119)
[2017.02.18-16.11.45:215][408]LogModuleManager: Shutting down and abandoning module UObjectPlugin (118)
[2017.02.18-16.11.45:215][408]LogModuleManager: Shutting down and abandoning module SubversionSourceControl (117)
[2017.02.18-16.11.45:215][408]LogModuleManager: Shutting down and abandoning module PerforceSourceControl (116)
[2017.02.18-16.11.45:215][408]LogModuleManager: Shutting down and abandoning module SourceControl (115)
[2017.02.18-16.11.45:215][408]LogModuleManager: Shutting down and abandoning module GitSourceControl (114)
[2017.02.18-16.11.45:215][408]LogModuleManager: Shutting down and abandoning module LightPropagationVolumeEditor (113)
[2017.02.18-16.11.45:215][408]LogModuleManager: Shutting down and abandoning module PaperTiledImporter (112)
[2017.02.18-16.11.45:215][408]LogModuleManager: Shutting down and abandoning module PaperSpriteSheetImporter (111)
[2017.02.18-16.11.45:215][408]LogModuleManager: Shutting down and abandoning module MeshPaint (110)
[2017.02.18-16.11.45:215][408]LogModuleManager: Shutting down and abandoning module PixelInspectorModule (109)
[2017.02.18-16.11.45:215][408]LogModuleManager: Shutting down and abandoning module HotReload (108)
[2017.02.18-16.11.45:216][408]LogModuleManager: Shutting down and abandoning module MainFrame (107)
[2017.02.18-16.11.45:216][408]LogModuleManager: Shutting down and abandoning module LevelEditor (106)
[2017.02.18-16.11.45:217][408]LogModuleManager: Shutting down and abandoning module ContentBrowser (105)
[2017.02.18-16.11.45:218][408]LogModuleManager: Shutting down and abandoning module Paper2DEditor (104)
[2017.02.18-16.11.45:218][408]LogModuleManager: Shutting down and abandoning module UdpMessaging (103)
[2017.02.18-16.11.45:318][408]LogModuleManager: Shutting down and abandoning module TcpMessaging (102)
[2017.02.18-16.11.45:418][408]LogModuleManager: Shutting down and abandoning module LightPropagationVolumeRuntime (101)
[2017.02.18-16.11.45:418][408]LogModuleManager: Shutting down and abandoning module Paper2D (100)
[2017.02.18-16.11.45:418][408]LogModuleManager: Shutting down and abandoning module WindowsMoviePlayer (99)
[2017.02.18-16.11.45:418][408]LogModuleManager: Shutting down and abandoning module WmfMedia (98)
[2017.02.18-16.11.45:418][408]LogModuleManager: Shutting down and abandoning module MediaAssets (97)
[2017.02.18-16.11.45:418][408]LogModuleManager: Shutting down and abandoning module GameLiveStreaming (96)
[2017.02.18-16.11.45:418][408]LogModuleManager: Shutting down and abandoning module GameplayTagsEditor (95)
[2017.02.18-16.11.45:418][408]LogModuleManager: Shutting down and abandoning module VREditor (94)
[2017.02.18-16.11.45:418][408]LogModuleManager: Shutting down and abandoning module GameplayTasksEditor (93)
[2017.02.18-16.11.45:418][408]LogModuleManager: Shutting down and abandoning module BehaviorTreeEditor (92)
[2017.02.18-16.11.45:418][408]LogModuleManager: Shutting down and abandoning module FunctionalTesting (91)
[2017.02.18-16.11.45:418][408]LogModuleManager: Shutting down and abandoning module CollisionAnalyzer (90)
[2017.02.18-16.11.45:418][408]LogModuleManager: Shutting down and abandoning module Sequencer (89)
[2017.02.18-16.11.45:418][408]LogModuleManager: Shutting down and abandoning module WorkspaceMenuStructure (88)
[2017.02.18-16.11.45:418][408]LogModuleManager: Shutting down and abandoning module MessageLog (87)
[2017.02.18-16.11.45:418][408]LogModuleManager: Shutting down and abandoning module AssetTools (86)
[2017.02.18-16.11.45:418][408]LogModuleManager: Shutting down and abandoning module UMGEditor (85)
[2017.02.18-16.11.45:418][408]LogModuleManager: Shutting down and abandoning module UMG (84)
[2017.02.18-16.11.45:418][408]LogModuleManager: Shutting down and abandoning module SlateReflector (83)
[2017.02.18-16.11.45:418][408]LogModuleManager: Shutting down and abandoning module Slate (82)
[2017.02.18-16.11.45:418][408]LogModuleManager: Shutting down and abandoning module EditorStyle (81)
[2017.02.18-16.11.45:420][408]LogModuleManager: Shutting down and abandoning module SourceCodeAccess (80)
[2017.02.18-16.11.45:420][408]LogModuleManager: Shutting down and abandoning module HeadMountedDisplay (79)
[2017.02.18-16.11.45:420][408]LogModuleManager: Shutting down and abandoning module XAudio2 (78)
[2017.02.18-16.11.45:420][408]LogModuleManager: Shutting down and abandoning module Networking (76)
[2017.02.18-16.11.45:420][408]LogModuleManager: Shutting down and abandoning module Core (75)
[2017.02.18-16.11.45:420][408]LogModuleManager: Shutting down and abandoning module DirectoryWatcher (74)
[2017.02.18-16.11.45:420][408]LogDirectoryWatcher: A directory notification for '../../../Engine/Content/' was aborted.
[2017.02.18-16.11.45:420][408]LogDirectoryWatcher: A directory notification for 'C:/Users/Frr/Documents/GitHub/SpaceMilkman/Content/' was aborted.
[2017.02.18-16.11.45:420][408]LogDirectoryWatcher: A directory notification for '../../../Engine/Plugins/2D/Paper2D/Content/' was aborted.
[2017.02.18-16.11.45:421][408]LogModuleManager: Shutting down and abandoning module AssetRegistry (73)
[2017.02.18-16.11.45:533][408]LogModuleManager: Shutting down and abandoning module KismetCompiler (72)
[2017.02.18-16.11.45:533][408]LogModuleManager: Shutting down and abandoning module PhysXFormats (71)
[2017.02.18-16.11.45:533][408]LogModuleManager: Shutting down and abandoning module SimplygonSwarm (70)
[2017.02.18-16.11.45:533][408]LogModuleManager: Shutting down and abandoning module SimplygonMeshReduction (69)
[2017.02.18-16.11.45:533][408]LogModuleManager: Shutting down and abandoning module QuadricMeshReduction (68)
[2017.02.18-16.11.45:533][408]LogModuleManager: Shutting down and abandoning module PropertyEditor (67)
[2017.02.18-16.11.45:533][408]LogModuleManager: Shutting down and abandoning module MeshUtilities (66)
[2017.02.18-16.11.45:533][408]LogModuleManager: Shutting down and abandoning module DerivedDataCache (65)
[2017.02.18-16.11.45:611][408]LogDerivedDataCache: Shutdown
[2017.02.18-16.11.45:611][408]LogModuleManager: Shutting down and abandoning module VulkanShaderFormat (64)
[2017.02.18-16.11.45:611][408]LogModuleManager: Shutting down and abandoning module ShaderFormatOpenGL (63)
[2017.02.18-16.11.45:611][408]LogModuleManager: Shutting down and abandoning module ShaderFormatD3D (62)
[2017.02.18-16.11.45:611][408]LogModuleManager: Shutting down and abandoning module MetalShaderFormat (61)
[2017.02.18-16.11.45:612][408]LogModuleManager: Shutting down and abandoning module TextureFormatUncompressed (60)
[2017.02.18-16.11.45:612][408]LogModuleManager: Shutting down and abandoning module TextureFormatPVR (59)
[2017.02.18-16.11.45:612][408]LogModuleManager: Shutting down and abandoning module TextureFormatDXT (58)
[2017.02.18-16.11.45:612][408]LogModuleManager: Shutting down and abandoning module TextureFormatIntelISPCTexComp (57)
[2017.02.18-16.11.45:612][408]LogModuleManager: Shutting down and abandoning module ImageWrapper (56)
[2017.02.18-16.11.45:612][408]LogModuleManager: Shutting down and abandoning module TextureFormatASTC (55)
[2017.02.18-16.11.45:612][408]LogModuleManager: Shutting down and abandoning module TextureFormatAndroid (54)
[2017.02.18-16.11.45:612][408]LogModuleManager: Shutting down and abandoning module AudioFormatOpus (53)
[2017.02.18-16.11.45:612][408]LogModuleManager: Shutting down and abandoning module AudioFormatOgg (52)
[2017.02.18-16.11.45:612][408]LogModuleManager: Shutting down and abandoning module AudioFormatADPCM (51)
[2017.02.18-16.11.45:612][408]LogModuleManager: Shutting down and abandoning module LinuxTargetPlatform (50)
[2017.02.18-16.11.45:612][408]LogModuleManager: Shutting down and abandoning module LinuxServerTargetPlatform (49)
[2017.02.18-16.11.45:612][408]LogModuleManager: Shutting down and abandoning module LinuxNoEditorTargetPlatform (48)
[2017.02.18-16.11.45:612][408]LogModuleManager: Shutting down and abandoning module LinuxClientTargetPlatform (47)
[2017.02.18-16.11.45:612][408]LogModuleManager: Shutting down and abandoning module TVOSTargetPlatform (46)
[2017.02.18-16.11.45:612][408]LogModuleManager: Shutting down and abandoning module Messaging (45)
[2017.02.18-16.11.45:612][408]LogModuleManager: Shutting down and abandoning module IOSTargetPlatform (44)
[2017.02.18-16.11.45:612][408]LogModuleManager: Shutting down and abandoning module HTML5TargetPlatform (43)
[2017.02.18-16.11.45:612][408]LogModuleManager: Shutting down and abandoning module Android_PVRTCTargetPlatform (42)
[2017.02.18-16.11.45:612][408]LogModuleManager: Shutting down and abandoning module Android_MultiTargetPlatform (41)
[2017.02.18-16.11.45:612][408]LogModuleManager: Shutting down and abandoning module Android_ETC2TargetPlatform (40)
[2017.02.18-16.11.45:612][408]LogModuleManager: Shutting down and abandoning module Android_ETC1TargetPlatform (39)
[2017.02.18-16.11.45:612][408]LogModuleManager: Shutting down and abandoning module Android_DXTTargetPlatform (38)
[2017.02.18-16.11.45:612][408]LogModuleManager: Shutting down and abandoning module Android_ATCTargetPlatform (37)
[2017.02.18-16.11.45:612][408]LogModuleManager: Shutting down and abandoning module Android_ASTCTargetPlatform (36)
[2017.02.18-16.11.45:612][408]LogModuleManager: Shutting down and abandoning module AndroidTargetPlatform (35)
[2017.02.18-16.11.45:612][408]LogModuleManager: Shutting down and abandoning module WindowsTargetPlatform (34)
[2017.02.18-16.11.45:612][408]LogModuleManager: Shutting down and abandoning module WindowsServerTargetPlatform (33)
[2017.02.18-16.11.45:612][408]LogModuleManager: Shutting down and abandoning module WindowsNoEditorTargetPlatform (32)
[2017.02.18-16.11.45:612][408]LogModuleManager: Shutting down and abandoning module WindowsClientTargetPlatform (31)
[2017.02.18-16.11.45:612][408]LogModuleManager: Shutting down and abandoning module MacTargetPlatform (30)
[2017.02.18-16.11.45:612][408]LogModuleManager: Shutting down and abandoning module MacServerTargetPlatform (29)
[2017.02.18-16.11.45:612][408]LogModuleManager: Shutting down and abandoning module MacNoEditorTargetPlatform (28)
[2017.02.18-16.11.45:612][408]LogModuleManager: Shutting down and abandoning module MacClientTargetPlatform (27)
[2017.02.18-16.11.45:612][408]LogModuleManager: Shutting down and abandoning module AllDesktopTargetPlatform (26)
[2017.02.18-16.11.45:612][408]LogModuleManager: Shutting down and abandoning module TargetPlatform (25)
[2017.02.18-16.11.45:612][408]LogModuleManager: Shutting down and abandoning module InputCore (24)
[2017.02.18-16.11.45:612][408]LogModuleManager: Shutting down and abandoning module Settings (23)
[2017.02.18-16.11.45:612][408]LogModuleManager: Shutting down and abandoning module OculusRift (22)
[2017.02.18-16.11.45:612][408]LogModuleManager: Shutting down and abandoning module ExampleDeviceProfileSelector (21)
[2017.02.18-16.11.45:612][408]LogModuleManager: Shutting down and abandoning module OnlineBlueprintSupport (20)
[2017.02.18-16.11.45:612][408]LogModuleManager: Shutting down and abandoning module OnlineSubsystem (18)
[2017.02.18-16.11.45:612][408]LogOnline:Display: Unloading online subsystem: NULL
[2017.02.18-16.11.45:612][408]LogModuleManager: Shutting down and abandoning module SSL (17)
[2017.02.18-16.11.45:613][408]LogModuleManager: Shutting down and abandoning module HTTP (16)
[2017.02.18-16.11.45:613][408]LogModuleManager: Shutting down and abandoning module XMPP (15)
[2017.02.18-16.11.45:613][408]LogModuleManager: Shutting down and abandoning module TextureCompressor (14)
[2017.02.18-16.11.45:613][408]LogModuleManager: Shutting down and abandoning module ShaderCore (13)
[2017.02.18-16.11.45:613][408]LogModuleManager: Shutting down and abandoning module Landscape (12)
[2017.02.18-16.11.45:613][408]LogModuleManager: Shutting down and abandoning module SlateRHIRenderer (11)
[2017.02.18-16.11.45:614][408]LogModuleManager: Shutting down and abandoning module OpenGLDrv (10)
[2017.02.18-16.11.45:614][408]LogModuleManager: Shutting down and abandoning module D3D11RHI (9)
[2017.02.18-16.11.45:614][408]LogModuleManager: Shutting down and abandoning module AnimGraphRuntime (8)
[2017.02.18-16.11.45:614][408]LogModuleManager: Shutting down and abandoning module Renderer (7)
[2017.02.18-16.11.45:614][408]LogModuleManager: Shutting down and abandoning module Engine (6)
[2017.02.18-16.11.45:614][408]LogModuleManager: Shutting down and abandoning module CoreUObject (5)
[2017.02.18-16.11.45:614][408]LogModuleManager: Shutting down and abandoning module NetworkFile (4)
[2017.02.18-16.11.45:614][408]LogModuleManager: Shutting down and abandoning module StreamingFile (3)
[2017.02.18-16.11.45:614][408]LogModuleManager: Shutting down and abandoning module SandboxFile (2)
[2017.02.18-16.11.45:614][408]LogModuleManager: Shutting down and abandoning module PakFile (1)
[2017.02.18-16.11.45:616][408]LogExit: Exiting.
[2017.02.18-16.11.45:617][408]Log file closed, 02/18/17 16:11:45
